{"/Users/kevinwang/Documents/Project/20-Project/t2/JobQuest_Navigator_CAA/JNv3/apps/frontend-react/src/App.js": {"path":"/Users/kevinwang/Documents/Project/20-Project/t2/JobQuest_Navigator_CAA/JNv3/apps/frontend-react/src/App.js","statementMap":{"0":{"start":{"line":41,"column":2},"end":{"line":173,"column":4}}},"fnMap":{"0":{"name":"App","decl":{"start":{"line":40,"column":9},"end":{"line":40,"column":12}},"loc":{"start":{"line":40,"column":15},"end":{"line":174,"column":1}},"line":40}},"branchMap":{},"s":{"0":3},"f":{"0":3},"b":{},"_coverageSchema":"1a1c01bbd47fc00a2c39e90264f33305004495a9","hash":"08188d4d2f0ae96b0926e928a71916e0c6c56179"}
,"/Users/kevinwang/Documents/Project/20-Project/t2/JobQuest_Navigator_CAA/JNv3/apps/frontend-react/src/apolloClient.js": {"path":"/Users/kevinwang/Documents/Project/20-Project/t2/JobQuest_Navigator_CAA/JNv3/apps/frontend-react/src/apolloClient.js","statementMap":{"0":{"start":{"line":15,"column":27},"end":{"line":25,"column":1}},"1":{"start":{"line":17,"column":21},"end":{"line":17,"column":70}},"2":{"start":{"line":19,"column":2},"end":{"line":24,"column":3}},"3":{"start":{"line":20,"column":4},"end":{"line":20,"column":80}},"4":{"start":{"line":23,"column":4},"end":{"line":23,"column":23}},"5":{"start":{"line":27,"column":17},"end":{"line":29,"column":2}},"6":{"start":{"line":32,"column":17},"end":{"line":47,"column":2}},"7":{"start":{"line":35,"column":16},"end":{"line":36,"column":60}},"8":{"start":{"line":39,"column":2},"end":{"line":46,"column":3}},"9":{"start":{"line":50,"column":18},"end":{"line":58,"column":2}},"10":{"start":{"line":51,"column":2},"end":{"line":57,"column":5}},"11":{"start":{"line":53,"column":4},"end":{"line":55,"column":5}},"12":{"start":{"line":54,"column":6},"end":{"line":54,"column":56}},"13":{"start":{"line":56,"column":4},"end":{"line":56,"column":20}},"14":{"start":{"line":61,"column":15},"end":{"line":94,"column":2}},"15":{"start":{"line":74,"column":14},"end":{"line":74,"column":30}}},"fnMap":{"0":{"name":"(anonymous_0)","decl":{"start":{"line":15,"column":27},"end":{"line":15,"column":28}},"loc":{"start":{"line":15,"column":33},"end":{"line":25,"column":1}},"line":15},"1":{"name":"(anonymous_1)","decl":{"start":{"line":32,"column":28},"end":{"line":32,"column":29}},"loc":{"start":{"line":32,"column":48},"end":{"line":47,"column":1}},"line":32},"2":{"name":"(anonymous_2)","decl":{"start":{"line":50,"column":33},"end":{"line":50,"column":34}},"loc":{"start":{"line":50,"column":57},"end":{"line":58,"column":1}},"line":50},"3":{"name":"(anonymous_3)","decl":{"start":{"line":51,"column":32},"end":{"line":51,"column":33}},"loc":{"start":{"line":51,"column":44},"end":{"line":57,"column":3}},"line":51},"4":{"name":"(anonymous_4)","decl":{"start":{"line":73,"column":12},"end":{"line":73,"column":13}},"loc":{"start":{"line":73,"column":43},"end":{"line":75,"column":13}},"line":73}},"branchMap":{"0":{"loc":{"start":{"line":19,"column":2},"end":{"line":24,"column":3}},"type":"if","locations":[{"start":{"line":19,"column":2},"end":{"line":24,"column":3}},{"start":{"line":21,"column":9},"end":{"line":24,"column":3}}],"line":19},"1":{"loc":{"start":{"line":20,"column":11},"end":{"line":20,"column":79}},"type":"binary-expr","locations":[{"start":{"line":20,"column":11},"end":{"line":20,"column":44}},{"start":{"line":20,"column":48},"end":{"line":20,"column":79}}],"line":20},"2":{"loc":{"start":{"line":35,"column":16},"end":{"line":36,"column":60}},"type":"binary-expr","locations":[{"start":{"line":35,"column":16},"end":{"line":35,"column":61}},{"start":{"line":36,"column":16},"end":{"line":36,"column":60}}],"line":35},"3":{"loc":{"start":{"line":42,"column":21},"end":{"line":42,"column":51}},"type":"cond-expr","locations":[{"start":{"line":42,"column":29},"end":{"line":42,"column":46}},{"start":{"line":42,"column":49},"end":{"line":42,"column":51}}],"line":42},"4":{"loc":{"start":{"line":53,"column":4},"end":{"line":55,"column":5}},"type":"if","locations":[{"start":{"line":53,"column":4},"end":{"line":55,"column":5}},{"start":{},"end":{}}],"line":53},"5":{"loc":{"start":{"line":73,"column":18},"end":{"line":73,"column":31}},"type":"default-arg","locations":[{"start":{"line":73,"column":29},"end":{"line":73,"column":31}}],"line":73}},"s":{"0":3,"1":3,"2":3,"3":0,"4":3,"5":3,"6":3,"7":0,"8":0,"9":3,"10":0,"11":0,"12":0,"13":0,"14":3,"15":0},"f":{"0":3,"1":0,"2":0,"3":0,"4":0},"b":{"0":[0,3],"1":[0,0],"2":[0,0],"3":[0,0],"4":[0,0],"5":[0]},"_coverageSchema":"1a1c01bbd47fc00a2c39e90264f33305004495a9","hash":"03edec06251169cf004962c78cc3cdb3377effeb"}
,"/Users/kevinwang/Documents/Project/20-Project/t2/JobQuest_Navigator_CAA/JNv3/apps/frontend-react/src/index.js": {"path":"/Users/kevinwang/Documents/Project/20-Project/t2/JobQuest_Navigator_CAA/JNv3/apps/frontend-react/src/index.js","statementMap":{"0":{"start":{"line":9,"column":0},"end":{"line":21,"column":3}},"1":{"start":{"line":11,"column":2},"end":{"line":20,"column":3}},"2":{"start":{"line":17,"column":4},"end":{"line":17,"column":69}},"3":{"start":{"line":18,"column":4},"end":{"line":18,"column":27}},"4":{"start":{"line":19,"column":4},"end":{"line":19,"column":17}},"5":{"start":{"line":24,"column":0},"end":{"line":33,"column":3}},"6":{"start":{"line":25,"column":2},"end":{"line":32,"column":3}},"7":{"start":{"line":29,"column":4},"end":{"line":29,"column":82}},"8":{"start":{"line":30,"column":4},"end":{"line":30,"column":27}},"9":{"start":{"line":31,"column":4},"end":{"line":31,"column":17}},"10":{"start":{"line":35,"column":13},"end":{"line":35,"column":65}},"11":{"start":{"line":36,"column":0},"end":{"line":40,"column":2}},"12":{"start":{"line":45,"column":0},"end":{"line":45,"column":39}},"13":{"start":{"line":50,"column":0},"end":{"line":50,"column":18}}},"fnMap":{"0":{"name":"(anonymous_0)","decl":{"start":{"line":9,"column":33},"end":{"line":9,"column":34}},"loc":{"start":{"line":9,"column":44},"end":{"line":21,"column":1}},"line":9},"1":{"name":"(anonymous_1)","decl":{"start":{"line":24,"column":46},"end":{"line":24,"column":47}},"loc":{"start":{"line":24,"column":57},"end":{"line":33,"column":1}},"line":24}},"branchMap":{"0":{"loc":{"start":{"line":11,"column":2},"end":{"line":20,"column":3}},"type":"if","locations":[{"start":{"line":11,"column":2},"end":{"line":20,"column":3}},{"start":{},"end":{}}],"line":11},"1":{"loc":{"start":{"line":11,"column":6},"end":{"line":16,"column":3}},"type":"binary-expr","locations":[{"start":{"line":11,"column":6},"end":{"line":11,"column":20}},{"start":{"line":12,"column":4},"end":{"line":12,"column":50}},{"start":{"line":13,"column":4},"end":{"line":13,"column":47}},{"start":{"line":14,"column":4},"end":{"line":14,"column":55}},{"start":{"line":15,"column":4},"end":{"line":15,"column":52}}],"line":11},"2":{"loc":{"start":{"line":25,"column":2},"end":{"line":32,"column":3}},"type":"if","locations":[{"start":{"line":25,"column":2},"end":{"line":32,"column":3}},{"start":{},"end":{}}],"line":25},"3":{"loc":{"start":{"line":25,"column":6},"end":{"line":28,"column":3}},"type":"binary-expr","locations":[{"start":{"line":25,"column":6},"end":{"line":25,"column":25}},{"start":{"line":26,"column":4},"end":{"line":26,"column":54}},{"start":{"line":27,"column":4},"end":{"line":27,"column":51}}],"line":25}},"s":{"0":0,"1":0,"2":0,"3":0,"4":0,"5":0,"6":0,"7":0,"8":0,"9":0,"10":0,"11":0,"12":0,"13":0},"f":{"0":0,"1":0},"b":{"0":[0,0],"1":[0,0,0,0,0],"2":[0,0],"3":[0,0,0]}}
,"/Users/kevinwang/Documents/Project/20-Project/t2/JobQuest_Navigator_CAA/JNv3/apps/frontend-react/src/reportWebVitals.js": {"path":"/Users/kevinwang/Documents/Project/20-Project/t2/JobQuest_Navigator_CAA/JNv3/apps/frontend-react/src/reportWebVitals.js","statementMap":{"0":{"start":{"line":1,"column":24},"end":{"line":11,"column":1}},"1":{"start":{"line":2,"column":2},"end":{"line":10,"column":3}},"2":{"start":{"line":3,"column":4},"end":{"line":9,"column":7}},"3":{"start":{"line":4,"column":6},"end":{"line":4,"column":26}},"4":{"start":{"line":5,"column":6},"end":{"line":5,"column":26}},"5":{"start":{"line":6,"column":6},"end":{"line":6,"column":26}},"6":{"start":{"line":7,"column":6},"end":{"line":7,"column":26}},"7":{"start":{"line":8,"column":6},"end":{"line":8,"column":27}}},"fnMap":{"0":{"name":"(anonymous_0)","decl":{"start":{"line":1,"column":24},"end":{"line":1,"column":25}},"loc":{"start":{"line":1,"column":41},"end":{"line":11,"column":1}},"line":1},"1":{"name":"(anonymous_1)","decl":{"start":{"line":3,"column":30},"end":{"line":3,"column":31}},"loc":{"start":{"line":3,"column":79},"end":{"line":9,"column":5}},"line":3}},"branchMap":{"0":{"loc":{"start":{"line":2,"column":2},"end":{"line":10,"column":3}},"type":"if","locations":[{"start":{"line":2,"column":2},"end":{"line":10,"column":3}},{"start":{},"end":{}}],"line":2},"1":{"loc":{"start":{"line":2,"column":6},"end":{"line":2,"column":52}},"type":"binary-expr","locations":[{"start":{"line":2,"column":6},"end":{"line":2,"column":17}},{"start":{"line":2,"column":21},"end":{"line":2,"column":52}}],"line":2}},"s":{"0":0,"1":0,"2":0,"3":0,"4":0,"5":0,"6":0,"7":0},"f":{"0":0,"1":0},"b":{"0":[0,0],"1":[0,0]}}
,"/Users/kevinwang/Documents/Project/20-Project/t2/JobQuest_Navigator_CAA/JNv3/apps/frontend-react/src/service-worker.js": {"path":"/Users/kevinwang/Documents/Project/20-Project/t2/JobQuest_Navigator_CAA/JNv3/apps/frontend-react/src/service-worker.js","statementMap":{"0":{"start":{"line":16,"column":0},"end":{"line":16,"column":15}},"1":{"start":{"line":22,"column":0},"end":{"line":22,"column":37}},"2":{"start":{"line":27,"column":28},"end":{"line":27,"column":58}},"3":{"start":{"line":28,"column":0},"end":{"line":47,"column":2}},"4":{"start":{"line":32,"column":4},"end":{"line":34,"column":5}},"5":{"start":{"line":33,"column":6},"end":{"line":33,"column":19}},"6":{"start":{"line":36,"column":4},"end":{"line":38,"column":5}},"7":{"start":{"line":37,"column":6},"end":{"line":37,"column":19}},"8":{"start":{"line":40,"column":4},"end":{"line":42,"column":5}},"9":{"start":{"line":41,"column":6},"end":{"line":41,"column":19}},"10":{"start":{"line":44,"column":4},"end":{"line":44,"column":16}},"11":{"start":{"line":51,"column":0},"end":{"line":62,"column":2}},"12":{"start":{"line":53,"column":15},"end":{"line":53,"column":83}},"13":{"start":{"line":66,"column":0},"end":{"line":70,"column":3}},"14":{"start":{"line":67,"column":2},"end":{"line":69,"column":3}},"15":{"start":{"line":68,"column":4},"end":{"line":68,"column":23}}},"fnMap":{"0":{"name":"(anonymous_0)","decl":{"start":{"line":30,"column":2},"end":{"line":30,"column":3}},"loc":{"start":{"line":30,"column":24},"end":{"line":45,"column":3}},"line":30},"1":{"name":"(anonymous_1)","decl":{"start":{"line":53,"column":2},"end":{"line":53,"column":3}},"loc":{"start":{"line":53,"column":15},"end":{"line":53,"column":83}},"line":53},"2":{"name":"(anonymous_2)","decl":{"start":{"line":66,"column":33},"end":{"line":66,"column":34}},"loc":{"start":{"line":66,"column":44},"end":{"line":70,"column":1}},"line":66}},"branchMap":{"0":{"loc":{"start":{"line":32,"column":4},"end":{"line":34,"column":5}},"type":"if","locations":[{"start":{"line":32,"column":4},"end":{"line":34,"column":5}},{"start":{},"end":{}}],"line":32},"1":{"loc":{"start":{"line":36,"column":4},"end":{"line":38,"column":5}},"type":"if","locations":[{"start":{"line":36,"column":4},"end":{"line":38,"column":5}},{"start":{},"end":{}}],"line":36},"2":{"loc":{"start":{"line":40,"column":4},"end":{"line":42,"column":5}},"type":"if","locations":[{"start":{"line":40,"column":4},"end":{"line":42,"column":5}},{"start":{},"end":{}}],"line":40},"3":{"loc":{"start":{"line":53,"column":15},"end":{"line":53,"column":83}},"type":"binary-expr","locations":[{"start":{"line":53,"column":15},"end":{"line":53,"column":50}},{"start":{"line":53,"column":54},"end":{"line":53,"column":83}}],"line":53},"4":{"loc":{"start":{"line":67,"column":2},"end":{"line":69,"column":3}},"type":"if","locations":[{"start":{"line":67,"column":2},"end":{"line":69,"column":3}},{"start":{},"end":{}}],"line":67},"5":{"loc":{"start":{"line":67,"column":6},"end":{"line":67,"column":54}},"type":"binary-expr","locations":[{"start":{"line":67,"column":6},"end":{"line":67,"column":16}},{"start":{"line":67,"column":20},"end":{"line":67,"column":54}}],"line":67}},"s":{"0":0,"1":0,"2":0,"3":0,"4":0,"5":0,"6":0,"7":0,"8":0,"9":0,"10":0,"11":0,"12":0,"13":0,"14":0,"15":0},"f":{"0":0,"1":0,"2":0},"b":{"0":[0,0],"1":[0,0],"2":[0,0],"3":[0,0],"4":[0,0],"5":[0,0]}}
,"/Users/kevinwang/Documents/Project/20-Project/t2/JobQuest_Navigator_CAA/JNv3/apps/frontend-react/src/serviceWorkerRegistration.js": {"path":"/Users/kevinwang/Documents/Project/20-Project/t2/JobQuest_Navigator_CAA/JNv3/apps/frontend-react/src/serviceWorkerRegistration.js","statementMap":{"0":{"start":{"line":13,"column":20},"end":{"line":19,"column":1}},"1":{"start":{"line":22,"column":2},"end":{"line":52,"column":3}},"2":{"start":{"line":24,"column":22},"end":{"line":24,"column":75}},"3":{"start":{"line":25,"column":4},"end":{"line":30,"column":5}},"4":{"start":{"line":29,"column":6},"end":{"line":29,"column":13}},"5":{"start":{"line":32,"column":4},"end":{"line":51,"column":7}},"6":{"start":{"line":33,"column":20},"end":{"line":33,"column":65}},"7":{"start":{"line":35,"column":6},"end":{"line":50,"column":7}},"8":{"start":{"line":37,"column":8},"end":{"line":37,"column":47}},"9":{"start":{"line":41,"column":8},"end":{"line":46,"column":11}},"10":{"start":{"line":42,"column":10},"end":{"line":45,"column":12}},"11":{"start":{"line":49,"column":8},"end":{"line":49,"column":39}},"12":{"start":{"line":56,"column":2},"end":{"line":96,"column":7}},"13":{"start":{"line":59,"column":6},"end":{"line":92,"column":8}},"14":{"start":{"line":60,"column":33},"end":{"line":60,"column":56}},"15":{"start":{"line":61,"column":8},"end":{"line":63,"column":9}},"16":{"start":{"line":62,"column":10},"end":{"line":62,"column":17}},"17":{"start":{"line":64,"column":8},"end":{"line":91,"column":10}},"18":{"start":{"line":65,"column":10},"end":{"line":90,"column":11}},"19":{"start":{"line":66,"column":12},"end":{"line":89,"column":13}},"20":{"start":{"line":70,"column":14},"end":{"line":73,"column":16}},"21":{"start":{"line":76,"column":14},"end":{"line":78,"column":15}},"22":{"start":{"line":77,"column":16},"end":{"line":77,"column":46}},"23":{"start":{"line":83,"column":14},"end":{"line":83,"column":64}},"24":{"start":{"line":86,"column":14},"end":{"line":88,"column":15}},"25":{"start":{"line":87,"column":16},"end":{"line":87,"column":47}},"26":{"start":{"line":95,"column":6},"end":{"line":95,"column":72}},"27":{"start":{"line":101,"column":2},"end":{"line":124,"column":7}},"28":{"start":{"line":106,"column":26},"end":{"line":106,"column":62}},"29":{"start":{"line":107,"column":6},"end":{"line":120,"column":7}},"30":{"start":{"line":112,"column":8},"end":{"line":116,"column":11}},"31":{"start":{"line":113,"column":10},"end":{"line":115,"column":13}},"32":{"start":{"line":114,"column":12},"end":{"line":114,"column":37}},"33":{"start":{"line":119,"column":8},"end":{"line":119,"column":39}},"34":{"start":{"line":123,"column":6},"end":{"line":123,"column":83}},"35":{"start":{"line":128,"column":2},"end":{"line":136,"column":3}},"36":{"start":{"line":129,"column":4},"end":{"line":135,"column":9}},"37":{"start":{"line":131,"column":8},"end":{"line":131,"column":34}},"38":{"start":{"line":134,"column":8},"end":{"line":134,"column":37}}},"fnMap":{"0":{"name":"register","decl":{"start":{"line":21,"column":16},"end":{"line":21,"column":24}},"loc":{"start":{"line":21,"column":33},"end":{"line":53,"column":1}},"line":21},"1":{"name":"(anonymous_1)","decl":{"start":{"line":32,"column":36},"end":{"line":32,"column":37}},"loc":{"start":{"line":32,"column":42},"end":{"line":51,"column":5}},"line":32},"2":{"name":"(anonymous_2)","decl":{"start":{"line":41,"column":43},"end":{"line":41,"column":44}},"loc":{"start":{"line":41,"column":49},"end":{"line":46,"column":9}},"line":41},"3":{"name":"registerValidSW","decl":{"start":{"line":55,"column":9},"end":{"line":55,"column":24}},"loc":{"start":{"line":55,"column":40},"end":{"line":97,"column":1}},"line":55},"4":{"name":"(anonymous_4)","decl":{"start":{"line":58,"column":10},"end":{"line":58,"column":11}},"loc":{"start":{"line":58,"column":28},"end":{"line":93,"column":5}},"line":58},"5":{"name":"(anonymous_5)","decl":{"start":{"line":59,"column":35},"end":{"line":59,"column":36}},"loc":{"start":{"line":59,"column":41},"end":{"line":92,"column":7}},"line":59},"6":{"name":"(anonymous_6)","decl":{"start":{"line":64,"column":41},"end":{"line":64,"column":42}},"loc":{"start":{"line":64,"column":47},"end":{"line":91,"column":9}},"line":64},"7":{"name":"(anonymous_7)","decl":{"start":{"line":94,"column":11},"end":{"line":94,"column":12}},"loc":{"start":{"line":94,"column":22},"end":{"line":96,"column":5}},"line":94},"8":{"name":"checkValidServiceWorker","decl":{"start":{"line":99,"column":9},"end":{"line":99,"column":32}},"loc":{"start":{"line":99,"column":48},"end":{"line":125,"column":1}},"line":99},"9":{"name":"(anonymous_9)","decl":{"start":{"line":104,"column":10},"end":{"line":104,"column":11}},"loc":{"start":{"line":104,"column":24},"end":{"line":121,"column":5}},"line":104},"10":{"name":"(anonymous_10)","decl":{"start":{"line":112,"column":43},"end":{"line":112,"column":44}},"loc":{"start":{"line":112,"column":61},"end":{"line":116,"column":9}},"line":112},"11":{"name":"(anonymous_11)","decl":{"start":{"line":113,"column":41},"end":{"line":113,"column":42}},"loc":{"start":{"line":113,"column":47},"end":{"line":115,"column":11}},"line":113},"12":{"name":"(anonymous_12)","decl":{"start":{"line":122,"column":11},"end":{"line":122,"column":12}},"loc":{"start":{"line":122,"column":17},"end":{"line":124,"column":5}},"line":122},"13":{"name":"unregister","decl":{"start":{"line":127,"column":16},"end":{"line":127,"column":26}},"loc":{"start":{"line":127,"column":29},"end":{"line":137,"column":1}},"line":127},"14":{"name":"(anonymous_14)","decl":{"start":{"line":130,"column":12},"end":{"line":130,"column":13}},"loc":{"start":{"line":130,"column":30},"end":{"line":132,"column":7}},"line":130},"15":{"name":"(anonymous_15)","decl":{"start":{"line":133,"column":13},"end":{"line":133,"column":14}},"loc":{"start":{"line":133,"column":24},"end":{"line":135,"column":7}},"line":133}},"branchMap":{"0":{"loc":{"start":{"line":14,"column":2},"end":{"line":18,"column":92}},"type":"binary-expr","locations":[{"start":{"line":14,"column":2},"end":{"line":14,"column":42}},{"start":{"line":16,"column":4},"end":{"line":16,"column":40}},{"start":{"line":18,"column":4},"end":{"line":18,"column":92}}],"line":14},"1":{"loc":{"start":{"line":22,"column":2},"end":{"line":52,"column":3}},"type":"if","locations":[{"start":{"line":22,"column":2},"end":{"line":52,"column":3}},{"start":{},"end":{}}],"line":22},"2":{"loc":{"start":{"line":22,"column":6},"end":{"line":22,"column":75}},"type":"binary-expr","locations":[{"start":{"line":22,"column":6},"end":{"line":22,"column":43}},{"start":{"line":22,"column":47},"end":{"line":22,"column":75}}],"line":22},"3":{"loc":{"start":{"line":25,"column":4},"end":{"line":30,"column":5}},"type":"if","locations":[{"start":{"line":25,"column":4},"end":{"line":30,"column":5}},{"start":{},"end":{}}],"line":25},"4":{"loc":{"start":{"line":35,"column":6},"end":{"line":50,"column":7}},"type":"if","locations":[{"start":{"line":35,"column":6},"end":{"line":50,"column":7}},{"start":{"line":47,"column":13},"end":{"line":50,"column":7}}],"line":35},"5":{"loc":{"start":{"line":61,"column":8},"end":{"line":63,"column":9}},"type":"if","locations":[{"start":{"line":61,"column":8},"end":{"line":63,"column":9}},{"start":{},"end":{}}],"line":61},"6":{"loc":{"start":{"line":65,"column":10},"end":{"line":90,"column":11}},"type":"if","locations":[{"start":{"line":65,"column":10},"end":{"line":90,"column":11}},{"start":{},"end":{}}],"line":65},"7":{"loc":{"start":{"line":66,"column":12},"end":{"line":89,"column":13}},"type":"if","locations":[{"start":{"line":66,"column":12},"end":{"line":89,"column":13}},{"start":{"line":79,"column":19},"end":{"line":89,"column":13}}],"line":66},"8":{"loc":{"start":{"line":76,"column":14},"end":{"line":78,"column":15}},"type":"if","locations":[{"start":{"line":76,"column":14},"end":{"line":78,"column":15}},{"start":{},"end":{}}],"line":76},"9":{"loc":{"start":{"line":76,"column":18},"end":{"line":76,"column":43}},"type":"binary-expr","locations":[{"start":{"line":76,"column":18},"end":{"line":76,"column":24}},{"start":{"line":76,"column":28},"end":{"line":76,"column":43}}],"line":76},"10":{"loc":{"start":{"line":86,"column":14},"end":{"line":88,"column":15}},"type":"if","locations":[{"start":{"line":86,"column":14},"end":{"line":88,"column":15}},{"start":{},"end":{}}],"line":86},"11":{"loc":{"start":{"line":86,"column":18},"end":{"line":86,"column":44}},"type":"binary-expr","locations":[{"start":{"line":86,"column":18},"end":{"line":86,"column":24}},{"start":{"line":86,"column":28},"end":{"line":86,"column":44}}],"line":86},"12":{"loc":{"start":{"line":107,"column":6},"end":{"line":120,"column":7}},"type":"if","locations":[{"start":{"line":107,"column":6},"end":{"line":120,"column":7}},{"start":{"line":117,"column":13},"end":{"line":120,"column":7}}],"line":107},"13":{"loc":{"start":{"line":108,"column":8},"end":{"line":109,"column":73}},"type":"binary-expr","locations":[{"start":{"line":108,"column":8},"end":{"line":108,"column":31}},{"start":{"line":109,"column":9},"end":{"line":109,"column":28}},{"start":{"line":109,"column":32},"end":{"line":109,"column":72}}],"line":108},"14":{"loc":{"start":{"line":128,"column":2},"end":{"line":136,"column":3}},"type":"if","locations":[{"start":{"line":128,"column":2},"end":{"line":136,"column":3}},{"start":{},"end":{}}],"line":128}},"s":{"0":0,"1":0,"2":0,"3":0,"4":0,"5":0,"6":0,"7":0,"8":0,"9":0,"10":0,"11":0,"12":0,"13":0,"14":0,"15":0,"16":0,"17":0,"18":0,"19":0,"20":0,"21":0,"22":0,"23":0,"24":0,"25":0,"26":0,"27":0,"28":0,"29":0,"30":0,"31":0,"32":0,"33":0,"34":0,"35":0,"36":0,"37":0,"38":0},"f":{"0":0,"1":0,"2":0,"3":0,"4":0,"5":0,"6":0,"7":0,"8":0,"9":0,"10":0,"11":0,"12":0,"13":0,"14":0,"15":0},"b":{"0":[0,0,0],"1":[0,0],"2":[0,0],"3":[0,0],"4":[0,0],"5":[0,0],"6":[0,0],"7":[0,0],"8":[0,0],"9":[0,0],"10":[0,0],"11":[0,0],"12":[0,0],"13":[0,0,0],"14":[0,0]}}
,"/Users/kevinwang/Documents/Project/20-Project/t2/JobQuest_Navigator_CAA/JNv3/apps/frontend-react/src/components/BottomNavigation.jsx": {"path":"/Users/kevinwang/Documents/Project/20-Project/t2/JobQuest_Navigator_CAA/JNv3/apps/frontend-react/src/components/BottomNavigation.jsx","statementMap":{"0":{"start":{"line":11,"column":25},"end":{"line":43,"column":1}},"1":{"start":{"line":12,"column":19},"end":{"line":12,"column":32}},"2":{"start":{"line":13,"column":23},"end":{"line":13,"column":38}},"3":{"start":{"line":14,"column":47},"end":{"line":14,"column":62}},"4":{"start":{"line":17,"column":2},"end":{"line":19,"column":3}},"5":{"start":{"line":18,"column":4},"end":{"line":18,"column":16}},"6":{"start":{"line":21,"column":19},"end":{"line":21,"column":38}},"7":{"start":{"line":23,"column":2},"end":{"line":42,"column":4}},"8":{"start":{"line":27,"column":10},"end":{"line":38,"column":17}}},"fnMap":{"0":{"name":"(anonymous_0)","decl":{"start":{"line":11,"column":25},"end":{"line":11,"column":26}},"loc":{"start":{"line":11,"column":31},"end":{"line":43,"column":1}},"line":11},"1":{"name":"(anonymous_1)","decl":{"start":{"line":26,"column":22},"end":{"line":26,"column":23}},"loc":{"start":{"line":27,"column":10},"end":{"line":38,"column":17}},"line":27}},"branchMap":{"0":{"loc":{"start":{"line":17,"column":2},"end":{"line":19,"column":3}},"type":"if","locations":[{"start":{"line":17,"column":2},"end":{"line":19,"column":3}},{"start":{},"end":{}}],"line":17},"1":{"loc":{"start":{"line":17,"column":6},"end":{"line":17,"column":33}},"type":"binary-expr","locations":[{"start":{"line":17,"column":6},"end":{"line":17,"column":15}},{"start":{"line":17,"column":19},"end":{"line":17,"column":33}}],"line":17},"2":{"loc":{"start":{"line":30,"column":42},"end":{"line":30,"column":71}},"type":"cond-expr","locations":[{"start":{"line":30,"column":58},"end":{"line":30,"column":66}},{"start":{"line":30,"column":69},"end":{"line":30,"column":71}}],"line":30},"3":{"loc":{"start":{"line":32,"column":26},"end":{"line":32,"column":60}},"type":"cond-expr","locations":[{"start":{"line":32,"column":42},"end":{"line":32,"column":48}},{"start":{"line":32,"column":51},"end":{"line":32,"column":60}}],"line":32}},"s":{"0":1,"1":0,"2":0,"3":0,"4":0,"5":0,"6":0,"7":0,"8":0},"f":{"0":0,"1":0},"b":{"0":[0,0],"1":[0,0],"2":[0,0],"3":[0,0]},"_coverageSchema":"1a1c01bbd47fc00a2c39e90264f33305004495a9","hash":"d7cfbb74f3418b723f230df66a6771a698c47637"}
,"/Users/kevinwang/Documents/Project/20-Project/t2/JobQuest_Navigator_CAA/JNv3/apps/frontend-react/src/components/ErrorBoundary.jsx": {"path":"/Users/kevinwang/Documents/Project/20-Project/t2/JobQuest_Navigator_CAA/JNv3/apps/frontend-react/src/components/ErrorBoundary.jsx","statementMap":{"0":{"start":{"line":5,"column":4},"end":{"line":5,"column":17}},"1":{"start":{"line":6,"column":4},"end":{"line":6,"column":67}},"2":{"start":{"line":11,"column":4},"end":{"line":11,"column":30}},"3":{"start":{"line":17,"column":6},"end":{"line":19,"column":54}},"4":{"start":{"line":21,"column":4},"end":{"line":30,"column":5}},"5":{"start":{"line":22,"column":6},"end":{"line":22,"column":74}},"6":{"start":{"line":24,"column":6},"end":{"line":28,"column":9}},"7":{"start":{"line":29,"column":6},"end":{"line":29,"column":13}},"8":{"start":{"line":33,"column":4},"end":{"line":33,"column":82}},"9":{"start":{"line":34,"column":4},"end":{"line":37,"column":7}},"10":{"start":{"line":41,"column":4},"end":{"line":75,"column":5}},"11":{"start":{"line":43,"column":6},"end":{"line":74,"column":8}},"12":{"start":{"line":60,"column":27},"end":{"line":60,"column":51}},"13":{"start":{"line":78,"column":4},"end":{"line":78,"column":31}}},"fnMap":{"0":{"name":"(anonymous_0)","decl":{"start":{"line":4,"column":2},"end":{"line":4,"column":3}},"loc":{"start":{"line":4,"column":21},"end":{"line":7,"column":3}},"line":4},"1":{"name":"(anonymous_1)","decl":{"start":{"line":9,"column":2},"end":{"line":9,"column":3}},"loc":{"start":{"line":9,"column":41},"end":{"line":12,"column":3}},"line":9},"2":{"name":"(anonymous_2)","decl":{"start":{"line":14,"column":2},"end":{"line":14,"column":3}},"loc":{"start":{"line":14,"column":38},"end":{"line":38,"column":3}},"line":14},"3":{"name":"(anonymous_3)","decl":{"start":{"line":40,"column":2},"end":{"line":40,"column":3}},"loc":{"start":{"line":40,"column":11},"end":{"line":79,"column":3}},"line":40},"4":{"name":"(anonymous_4)","decl":{"start":{"line":60,"column":21},"end":{"line":60,"column":22}},"loc":{"start":{"line":60,"column":27},"end":{"line":60,"column":51}},"line":60}},"branchMap":{"0":{"loc":{"start":{"line":17,"column":6},"end":{"line":19,"column":54}},"type":"binary-expr","locations":[{"start":{"line":17,"column":6},"end":{"line":17,"column":51}},{"start":{"line":18,"column":6},"end":{"line":18,"column":48}},{"start":{"line":19,"column":6},"end":{"line":19,"column":54}}],"line":17},"1":{"loc":{"start":{"line":21,"column":4},"end":{"line":30,"column":5}},"type":"if","locations":[{"start":{"line":21,"column":4},"end":{"line":30,"column":5}},{"start":{},"end":{}}],"line":21},"2":{"loc":{"start":{"line":41,"column":4},"end":{"line":75,"column":5}},"type":"if","locations":[{"start":{"line":41,"column":4},"end":{"line":75,"column":5}},{"start":{},"end":{}}],"line":41},"3":{"loc":{"start":{"line":41,"column":8},"end":{"line":41,"column":47}},"type":"binary-expr","locations":[{"start":{"line":41,"column":8},"end":{"line":41,"column":27}},{"start":{"line":41,"column":31},"end":{"line":41,"column":47}}],"line":41},"4":{"loc":{"start":{"line":55,"column":18},"end":{"line":55,"column":65}},"type":"binary-expr","locations":[{"start":{"line":55,"column":18},"end":{"line":55,"column":34}},{"start":{"line":55,"column":38},"end":{"line":55,"column":65}}],"line":55}},"s":{"0":3,"1":2,"2":2,"3":0,"4":0,"5":0,"6":0,"7":0,"8":0,"9":0,"10":4,"11":0,"12":0,"13":4},"f":{"0":3,"1":2,"2":0,"3":4,"4":0},"b":{"0":[0,0,0],"1":[0,0],"2":[0,4],"3":[4,2],"4":[0,0]},"_coverageSchema":"1a1c01bbd47fc00a2c39e90264f33305004495a9","hash":"0f734b65fc6b91b06e9b87d4f25e50e659195a76"}
,"/Users/kevinwang/Documents/Project/20-Project/t2/JobQuest_Navigator_CAA/JNv3/apps/frontend-react/src/components/HamburgerMenu.jsx": {"path":"/Users/kevinwang/Documents/Project/20-Project/t2/JobQuest_Navigator_CAA/JNv3/apps/frontend-react/src/components/HamburgerMenu.jsx","statementMap":{"0":{"start":{"line":12,"column":22},"end":{"line":176,"column":1}},"1":{"start":{"line":13,"column":27},"end":{"line":13,"column":36}},"2":{"start":{"line":14,"column":79},"end":{"line":14,"column":94}},"3":{"start":{"line":15,"column":23},"end":{"line":15,"column":38}},"4":{"start":{"line":19,"column":2},"end":{"line":21,"column":3}},"5":{"start":{"line":20,"column":4},"end":{"line":20,"column":16}},"6":{"start":{"line":23,"column":20},"end":{"line":23,"column":38}},"7":{"start":{"line":25,"column":23},"end":{"line":28,"column":3}},"8":{"start":{"line":26,"column":4},"end":{"line":26,"column":19}},"9":{"start":{"line":27,"column":4},"end":{"line":27,"column":16}},"10":{"start":{"line":30,"column":26},"end":{"line":32,"column":3}},"11":{"start":{"line":31,"column":4},"end":{"line":31,"column":16}},"12":{"start":{"line":34,"column":2},"end":{"line":175,"column":4}},"13":{"start":{"line":42,"column":54},"end":{"line":42,"column":73}},"14":{"start":{"line":101,"column":12},"end":{"line":121,"column":18}},"15":{"start":{"line":105,"column":18},"end":{"line":118,"column":25}}},"fnMap":{"0":{"name":"(anonymous_0)","decl":{"start":{"line":12,"column":22},"end":{"line":12,"column":23}},"loc":{"start":{"line":12,"column":28},"end":{"line":176,"column":1}},"line":12},"1":{"name":"(anonymous_1)","decl":{"start":{"line":25,"column":23},"end":{"line":25,"column":24}},"loc":{"start":{"line":25,"column":35},"end":{"line":28,"column":3}},"line":25},"2":{"name":"(anonymous_2)","decl":{"start":{"line":30,"column":26},"end":{"line":30,"column":27}},"loc":{"start":{"line":30,"column":32},"end":{"line":32,"column":3}},"line":30},"3":{"name":"(anonymous_3)","decl":{"start":{"line":42,"column":47},"end":{"line":42,"column":48}},"loc":{"start":{"line":42,"column":54},"end":{"line":42,"column":73}},"line":42},"4":{"name":"(anonymous_4)","decl":{"start":{"line":100,"column":25},"end":{"line":100,"column":26}},"loc":{"start":{"line":101,"column":12},"end":{"line":121,"column":18}},"line":101},"5":{"name":"(anonymous_5)","decl":{"start":{"line":104,"column":36},"end":{"line":104,"column":37}},"loc":{"start":{"line":105,"column":18},"end":{"line":118,"column":25}},"line":105}},"branchMap":{"0":{"loc":{"start":{"line":19,"column":2},"end":{"line":21,"column":3}},"type":"if","locations":[{"start":{"line":19,"column":2},"end":{"line":21,"column":3}},{"start":{},"end":{}}],"line":19},"1":{"loc":{"start":{"line":19,"column":6},"end":{"line":19,"column":39}},"type":"binary-expr","locations":[{"start":{"line":19,"column":6},"end":{"line":19,"column":15}},{"start":{"line":19,"column":19},"end":{"line":19,"column":30}},{"start":{"line":19,"column":34},"end":{"line":19,"column":39}}],"line":19},"2":{"loc":{"start":{"line":64,"column":9},"end":{"line":80,"column":9}},"type":"binary-expr","locations":[{"start":{"line":64,"column":9},"end":{"line":64,"column":13}},{"start":{"line":65,"column":10},"end":{"line":79,"column":16}}],"line":64},"3":{"loc":{"start":{"line":68,"column":17},"end":{"line":72,"column":17}},"type":"cond-expr","locations":[{"start":{"line":69,"column":18},"end":{"line":69,"column":66}},{"start":{"line":71,"column":18},"end":{"line":71,"column":81}}],"line":68},"4":{"loc":{"start":{"line":71,"column":25},"end":{"line":71,"column":73}},"type":"binary-expr","locations":[{"start":{"line":71,"column":25},"end":{"line":71,"column":46}},{"start":{"line":71,"column":50},"end":{"line":71,"column":66}},{"start":{"line":71,"column":70},"end":{"line":71,"column":73}}],"line":71},"5":{"loc":{"start":{"line":75,"column":49},"end":{"line":75,"column":94}},"type":"binary-expr","locations":[{"start":{"line":75,"column":49},"end":{"line":75,"column":64}},{"start":{"line":75,"column":68},"end":{"line":75,"column":84}},{"start":{"line":75,"column":88},"end":{"line":75,"column":94}}],"line":75},"6":{"loc":{"start":{"line":125,"column":11},"end":{"line":171,"column":11}},"type":"binary-expr","locations":[{"start":{"line":125,"column":11},"end":{"line":125,"column":15}},{"start":{"line":126,"column":12},"end":{"line":170,"column":18}}],"line":125}},"s":{"0":2,"1":0,"2":0,"3":0,"4":0,"5":0,"6":0,"7":0,"8":0,"9":0,"10":0,"11":0,"12":0,"13":0,"14":0,"15":0},"f":{"0":0,"1":0,"2":0,"3":0,"4":0,"5":0},"b":{"0":[0,0],"1":[0,0,0],"2":[0,0],"3":[0,0],"4":[0,0,0],"5":[0,0,0],"6":[0,0]},"_coverageSchema":"1a1c01bbd47fc00a2c39e90264f33305004495a9","hash":"03aa14477eb901bfa6ca0a5caaded1d9081fff37"}
,"/Users/kevinwang/Documents/Project/20-Project/t2/JobQuest_Navigator_CAA/JNv3/apps/frontend-react/src/components/MobileLayout.jsx": {"path":"/Users/kevinwang/Documents/Project/20-Project/t2/JobQuest_Navigator_CAA/JNv3/apps/frontend-react/src/components/MobileLayout.jsx","statementMap":{"0":{"start":{"line":13,"column":21},"end":{"line":66,"column":1}},"1":{"start":{"line":20,"column":45},"end":{"line":20,"column":60}},"2":{"start":{"line":21,"column":49},"end":{"line":21,"column":64}},"3":{"start":{"line":24,"column":27},"end":{"line":24,"column":75}},"4":{"start":{"line":27,"column":24},"end":{"line":34,"column":29}},"5":{"start":{"line":36,"column":2},"end":{"line":43,"column":3}},"6":{"start":{"line":38,"column":4},"end":{"line":42,"column":6}},"7":{"start":{"line":45,"column":2},"end":{"line":65,"column":4}},"8":{"start":{"line":68,"column":0},"end":{"line":74,"column":2}}},"fnMap":{"0":{"name":"(anonymous_0)","decl":{"start":{"line":13,"column":21},"end":{"line":13,"column":22}},"loc":{"start":{"line":19,"column":6},"end":{"line":66,"column":1}},"line":19}},"branchMap":{"0":{"loc":{"start":{"line":15,"column":2},"end":{"line":15,"column":22}},"type":"default-arg","locations":[{"start":{"line":15,"column":18},"end":{"line":15,"column":22}}],"line":15},"1":{"loc":{"start":{"line":16,"column":2},"end":{"line":16,"column":20}},"type":"default-arg","locations":[{"start":{"line":16,"column":15},"end":{"line":16,"column":20}}],"line":16},"2":{"loc":{"start":{"line":17,"column":2},"end":{"line":17,"column":16}},"type":"default-arg","locations":[{"start":{"line":17,"column":14},"end":{"line":17,"column":16}}],"line":17},"3":{"loc":{"start":{"line":18,"column":2},"end":{"line":18,"column":16}},"type":"default-arg","locations":[{"start":{"line":18,"column":12},"end":{"line":18,"column":16}}],"line":18},"4":{"loc":{"start":{"line":24,"column":27},"end":{"line":24,"column":75}},"type":"binary-expr","locations":[{"start":{"line":24,"column":27},"end":{"line":24,"column":40}},{"start":{"line":24,"column":44},"end":{"line":24,"column":63}},{"start":{"line":24,"column":67},"end":{"line":24,"column":75}}],"line":24},"5":{"loc":{"start":{"line":30,"column":4},"end":{"line":30,"column":50}},"type":"cond-expr","locations":[{"start":{"line":30,"column":17},"end":{"line":30,"column":45}},{"start":{"line":30,"column":48},"end":{"line":30,"column":50}}],"line":30},"6":{"loc":{"start":{"line":31,"column":4},"end":{"line":31,"column":43}},"type":"cond-expr","locations":[{"start":{"line":31,"column":14},"end":{"line":31,"column":38}},{"start":{"line":31,"column":41},"end":{"line":31,"column":43}}],"line":31},"7":{"loc":{"start":{"line":32,"column":4},"end":{"line":32,"column":60}},"type":"cond-expr","locations":[{"start":{"line":32,"column":23},"end":{"line":32,"column":55}},{"start":{"line":32,"column":58},"end":{"line":32,"column":60}}],"line":32},"8":{"loc":{"start":{"line":36,"column":2},"end":{"line":43,"column":3}},"type":"if","locations":[{"start":{"line":36,"column":2},"end":{"line":43,"column":3}},{"start":{},"end":{}}],"line":36},"9":{"loc":{"start":{"line":58,"column":7},"end":{"line":63,"column":7}},"type":"binary-expr","locations":[{"start":{"line":58,"column":7},"end":{"line":58,"column":23}},{"start":{"line":59,"column":8},"end":{"line":62,"column":11}}],"line":58}},"s":{"0":1,"1":0,"2":0,"3":0,"4":0,"5":0,"6":0,"7":0,"8":1},"f":{"0":0},"b":{"0":[0],"1":[0],"2":[0],"3":[0],"4":[0,0,0],"5":[0,0],"6":[0,0],"7":[0,0],"8":[0,0],"9":[0,0]},"_coverageSchema":"1a1c01bbd47fc00a2c39e90264f33305004495a9","hash":"0c9e1777276ee188e8268f520ac2e3e8cf55321a"}
,"/Users/kevinwang/Documents/Project/20-Project/t2/JobQuest_Navigator_CAA/JNv3/apps/frontend-react/src/components/NavBar.jsx": {"path":"/Users/kevinwang/Documents/Project/20-Project/t2/JobQuest_Navigator_CAA/JNv3/apps/frontend-react/src/components/NavBar.jsx","statementMap":{"0":{"start":{"line":10,"column":15},"end":{"line":290,"column":1}},"1":{"start":{"line":11,"column":19},"end":{"line":11,"column":32}},"2":{"start":{"line":12,"column":19},"end":{"line":12,"column":32}},"3":{"start":{"line":13,"column":44},"end":{"line":13,"column":53}},"4":{"start":{"line":14,"column":23},"end":{"line":14,"column":38}},"5":{"start":{"line":15,"column":25},"end":{"line":15,"column":40}},"6":{"start":{"line":16,"column":46},"end":{"line":16,"column":60}},"7":{"start":{"line":17,"column":21},"end":{"line":17,"column":33}},"8":{"start":{"line":20,"column":2},"end":{"line":26,"column":9}},"9":{"start":{"line":21,"column":4},"end":{"line":25,"column":6}},"10":{"start":{"line":22,"column":6},"end":{"line":24,"column":7}},"11":{"start":{"line":23,"column":8},"end":{"line":23,"column":41}},"12":{"start":{"line":29,"column":2},"end":{"line":31,"column":3}},"13":{"start":{"line":30,"column":4},"end":{"line":30,"column":16}},"14":{"start":{"line":34,"column":27},"end":{"line":70,"column":3}},"15":{"start":{"line":72,"column":23},"end":{"line":75,"column":3}},"16":{"start":{"line":73,"column":4},"end":{"line":73,"column":19}},"17":{"start":{"line":74,"column":4},"end":{"line":74,"column":23}},"18":{"start":{"line":77,"column":31},"end":{"line":79,"column":3}},"19":{"start":{"line":78,"column":4},"end":{"line":78,"column":69}},"20":{"start":{"line":81,"column":27},"end":{"line":88,"column":3}},"21":{"start":{"line":83,"column":4},"end":{"line":86,"column":5}},"22":{"start":{"line":84,"column":6},"end":{"line":84,"column":39}},"23":{"start":{"line":85,"column":6},"end":{"line":85,"column":32}},"24":{"start":{"line":87,"column":4},"end":{"line":87,"column":32}},"25":{"start":{"line":90,"column":27},"end":{"line":99,"column":3}},"26":{"start":{"line":92,"column":4},"end":{"line":94,"column":5}},"27":{"start":{"line":93,"column":6},"end":{"line":93,"column":39}},"28":{"start":{"line":95,"column":4},"end":{"line":98,"column":12}},"29":{"start":{"line":96,"column":6},"end":{"line":96,"column":30}},"30":{"start":{"line":97,"column":6},"end":{"line":97,"column":32}},"31":{"start":{"line":101,"column":35},"end":{"line":107,"column":3}},"32":{"start":{"line":103,"column":4},"end":{"line":106,"column":5}},"33":{"start":{"line":104,"column":6},"end":{"line":104,"column":39}},"34":{"start":{"line":105,"column":6},"end":{"line":105,"column":32}},"35":{"start":{"line":109,"column":30},"end":{"line":116,"column":3}},"36":{"start":{"line":111,"column":4},"end":{"line":114,"column":5}},"37":{"start":{"line":112,"column":6},"end":{"line":112,"column":39}},"38":{"start":{"line":113,"column":6},"end":{"line":113,"column":32}},"39":{"start":{"line":115,"column":4},"end":{"line":115,"column":28}},"40":{"start":{"line":118,"column":24},"end":{"line":120,"column":3}},"41":{"start":{"line":119,"column":4},"end":{"line":119,"column":69}},"42":{"start":{"line":119,"column":36},"end":{"line":119,"column":67}},"43":{"start":{"line":122,"column":2},"end":{"line":289,"column":4}},"44":{"start":{"line":161,"column":14},"end":{"line":200,"column":20}},"45":{"start":{"line":164,"column":36},"end":{"line":164,"column":57}},"46":{"start":{"line":169,"column":33},"end":{"line":169,"column":58}},"47":{"start":{"line":185,"column":24},"end":{"line":195,"column":31}},"48":{"start":{"line":206,"column":34},"end":{"line":206,"column":58}},"49":{"start":{"line":211,"column":31},"end":{"line":211,"column":59}}},"fnMap":{"0":{"name":"(anonymous_0)","decl":{"start":{"line":10,"column":15},"end":{"line":10,"column":16}},"loc":{"start":{"line":10,"column":21},"end":{"line":290,"column":1}},"line":10},"1":{"name":"(anonymous_1)","decl":{"start":{"line":20,"column":12},"end":{"line":20,"column":13}},"loc":{"start":{"line":20,"column":18},"end":{"line":26,"column":3}},"line":20},"2":{"name":"(anonymous_2)","decl":{"start":{"line":21,"column":11},"end":{"line":21,"column":12}},"loc":{"start":{"line":21,"column":17},"end":{"line":25,"column":5}},"line":21},"3":{"name":"(anonymous_3)","decl":{"start":{"line":72,"column":23},"end":{"line":72,"column":24}},"loc":{"start":{"line":72,"column":35},"end":{"line":75,"column":3}},"line":72},"4":{"name":"(anonymous_4)","decl":{"start":{"line":77,"column":31},"end":{"line":77,"column":32}},"loc":{"start":{"line":77,"column":45},"end":{"line":79,"column":3}},"line":77},"5":{"name":"(anonymous_5)","decl":{"start":{"line":81,"column":27},"end":{"line":81,"column":28}},"loc":{"start":{"line":81,"column":41},"end":{"line":88,"column":3}},"line":81},"6":{"name":"(anonymous_6)","decl":{"start":{"line":90,"column":27},"end":{"line":90,"column":28}},"loc":{"start":{"line":90,"column":33},"end":{"line":99,"column":3}},"line":90},"7":{"name":"(anonymous_7)","decl":{"start":{"line":95,"column":36},"end":{"line":95,"column":37}},"loc":{"start":{"line":95,"column":42},"end":{"line":98,"column":5}},"line":95},"8":{"name":"(anonymous_8)","decl":{"start":{"line":101,"column":35},"end":{"line":101,"column":36}},"loc":{"start":{"line":101,"column":41},"end":{"line":107,"column":3}},"line":101},"9":{"name":"(anonymous_9)","decl":{"start":{"line":109,"column":30},"end":{"line":109,"column":31}},"loc":{"start":{"line":109,"column":36},"end":{"line":116,"column":3}},"line":109},"10":{"name":"(anonymous_10)","decl":{"start":{"line":118,"column":24},"end":{"line":118,"column":25}},"loc":{"start":{"line":118,"column":35},"end":{"line":120,"column":3}},"line":118},"11":{"name":"(anonymous_11)","decl":{"start":{"line":119,"column":28},"end":{"line":119,"column":29}},"loc":{"start":{"line":119,"column":36},"end":{"line":119,"column":67}},"line":119},"12":{"name":"(anonymous_12)","decl":{"start":{"line":160,"column":50},"end":{"line":160,"column":51}},"loc":{"start":{"line":161,"column":14},"end":{"line":200,"column":20}},"line":161},"13":{"name":"(anonymous_13)","decl":{"start":{"line":164,"column":30},"end":{"line":164,"column":31}},"loc":{"start":{"line":164,"column":36},"end":{"line":164,"column":57}},"line":164},"14":{"name":"(anonymous_14)","decl":{"start":{"line":169,"column":27},"end":{"line":169,"column":28}},"loc":{"start":{"line":169,"column":33},"end":{"line":169,"column":58}},"line":169},"15":{"name":"(anonymous_15)","decl":{"start":{"line":184,"column":39},"end":{"line":184,"column":40}},"loc":{"start":{"line":185,"column":24},"end":{"line":195,"column":31}},"line":185},"16":{"name":"(anonymous_16)","decl":{"start":{"line":206,"column":28},"end":{"line":206,"column":29}},"loc":{"start":{"line":206,"column":34},"end":{"line":206,"column":58}},"line":206},"17":{"name":"(anonymous_17)","decl":{"start":{"line":211,"column":25},"end":{"line":211,"column":26}},"loc":{"start":{"line":211,"column":31},"end":{"line":211,"column":59}},"line":211}},"branchMap":{"0":{"loc":{"start":{"line":22,"column":6},"end":{"line":24,"column":7}},"type":"if","locations":[{"start":{"line":22,"column":6},"end":{"line":24,"column":7}},{"start":{},"end":{}}],"line":22},"1":{"loc":{"start":{"line":29,"column":2},"end":{"line":31,"column":3}},"type":"if","locations":[{"start":{"line":29,"column":2},"end":{"line":31,"column":3}},{"start":{},"end":{}}],"line":29},"2":{"loc":{"start":{"line":29,"column":6},"end":{"line":29,"column":71}},"type":"binary-expr","locations":[{"start":{"line":29,"column":6},"end":{"line":29,"column":36}},{"start":{"line":29,"column":40},"end":{"line":29,"column":71}}],"line":29},"3":{"loc":{"start":{"line":78,"column":22},"end":{"line":78,"column":67}},"type":"cond-expr","locations":[{"start":{"line":78,"column":52},"end":{"line":78,"column":56}},{"start":{"line":78,"column":59},"end":{"line":78,"column":67}}],"line":78},"4":{"loc":{"start":{"line":83,"column":4},"end":{"line":86,"column":5}},"type":"if","locations":[{"start":{"line":83,"column":4},"end":{"line":86,"column":5}},{"start":{},"end":{}}],"line":83},"5":{"loc":{"start":{"line":92,"column":4},"end":{"line":94,"column":5}},"type":"if","locations":[{"start":{"line":92,"column":4},"end":{"line":94,"column":5}},{"start":{},"end":{}}],"line":92},"6":{"loc":{"start":{"line":103,"column":4},"end":{"line":106,"column":5}},"type":"if","locations":[{"start":{"line":103,"column":4},"end":{"line":106,"column":5}},{"start":{},"end":{}}],"line":103},"7":{"loc":{"start":{"line":111,"column":4},"end":{"line":114,"column":5}},"type":"if","locations":[{"start":{"line":111,"column":4},"end":{"line":114,"column":5}},{"start":{},"end":{}}],"line":111},"8":{"loc":{"start":{"line":124,"column":32},"end":{"line":124,"column":64}},"type":"cond-expr","locations":[{"start":{"line":124,"column":43},"end":{"line":124,"column":59}},{"start":{"line":124,"column":62},"end":{"line":124,"column":64}}],"line":124},"9":{"loc":{"start":{"line":128,"column":13},"end":{"line":140,"column":13}},"type":"binary-expr","locations":[{"start":{"line":128,"column":13},"end":{"line":128,"column":21}},{"start":{"line":128,"column":25},"end":{"line":128,"column":40}},{"start":{"line":129,"column":14},"end":{"line":139,"column":23}}],"line":128},"10":{"loc":{"start":{"line":145,"column":45},"end":{"line":145,"column":79}},"type":"cond-expr","locations":[{"start":{"line":145,"column":56},"end":{"line":145,"column":74}},{"start":{"line":145,"column":77},"end":{"line":145,"column":79}}],"line":145},"11":{"loc":{"start":{"line":149,"column":11},"end":{"line":282,"column":9}},"type":"cond-expr","locations":[{"start":{"line":150,"column":12},"end":{"line":276,"column":16}},{"start":{"line":278,"column":10},"end":{"line":281,"column":16}}],"line":149},"12":{"loc":{"start":{"line":150,"column":42},"end":{"line":150,"column":71}},"type":"cond-expr","locations":[{"start":{"line":150,"column":53},"end":{"line":150,"column":66}},{"start":{"line":150,"column":69},"end":{"line":150,"column":71}}],"line":150},"13":{"loc":{"start":{"line":154,"column":39},"end":{"line":154,"column":89}},"type":"cond-expr","locations":[{"start":{"line":154,"column":76},"end":{"line":154,"column":84}},{"start":{"line":154,"column":87},"end":{"line":154,"column":89}}],"line":154},"14":{"loc":{"start":{"line":168,"column":53},"end":{"line":168,"column":89}},"type":"cond-expr","locations":[{"start":{"line":168,"column":76},"end":{"line":168,"column":84}},{"start":{"line":168,"column":87},"end":{"line":168,"column":89}}],"line":168},"15":{"loc":{"start":{"line":177,"column":17},"end":{"line":199,"column":17}},"type":"binary-expr","locations":[{"start":{"line":177,"column":17},"end":{"line":177,"column":39}},{"start":{"line":178,"column":18},"end":{"line":198,"column":24}}],"line":177},"16":{"loc":{"start":{"line":188,"column":61},"end":{"line":188,"column":108}},"type":"cond-expr","locations":[{"start":{"line":188,"column":95},"end":{"line":188,"column":103}},{"start":{"line":188,"column":106},"end":{"line":188,"column":108}}],"line":188},"17":{"loc":{"start":{"line":214,"column":19},"end":{"line":218,"column":19}},"type":"cond-expr","locations":[{"start":{"line":215,"column":20},"end":{"line":215,"column":68}},{"start":{"line":217,"column":20},"end":{"line":217,"column":83}}],"line":214},"18":{"loc":{"start":{"line":217,"column":27},"end":{"line":217,"column":75}},"type":"binary-expr","locations":[{"start":{"line":217,"column":27},"end":{"line":217,"column":48}},{"start":{"line":217,"column":52},"end":{"line":217,"column":68}},{"start":{"line":217,"column":72},"end":{"line":217,"column":75}}],"line":217},"19":{"loc":{"start":{"line":220,"column":45},"end":{"line":220,"column":74}},"type":"binary-expr","locations":[{"start":{"line":220,"column":45},"end":{"line":220,"column":61}},{"start":{"line":220,"column":65},"end":{"line":220,"column":74}}],"line":220},"20":{"loc":{"start":{"line":226,"column":15},"end":{"line":260,"column":15}},"type":"binary-expr","locations":[{"start":{"line":226,"column":15},"end":{"line":226,"column":40}},{"start":{"line":227,"column":16},"end":{"line":259,"column":22}}],"line":226},"21":{"loc":{"start":{"line":235,"column":61},"end":{"line":235,"column":106}},"type":"binary-expr","locations":[{"start":{"line":235,"column":61},"end":{"line":235,"column":76}},{"start":{"line":235,"column":80},"end":{"line":235,"column":96}},{"start":{"line":235,"column":100},"end":{"line":235,"column":106}}],"line":235},"22":{"loc":{"start":{"line":242,"column":57},"end":{"line":242,"column":105}},"type":"cond-expr","locations":[{"start":{"line":242,"column":92},"end":{"line":242,"column":100}},{"start":{"line":242,"column":103},"end":{"line":242,"column":105}}],"line":242},"23":{"loc":{"start":{"line":249,"column":57},"end":{"line":249,"column":106}},"type":"cond-expr","locations":[{"start":{"line":249,"column":93},"end":{"line":249,"column":101}},{"start":{"line":249,"column":104},"end":{"line":249,"column":106}}],"line":249},"24":{"loc":{"start":{"line":263,"column":13},"end":{"line":275,"column":13}},"type":"binary-expr","locations":[{"start":{"line":263,"column":13},"end":{"line":263,"column":21}},{"start":{"line":264,"column":14},"end":{"line":274,"column":20}}],"line":263},"25":{"loc":{"start":{"line":265,"column":17},"end":{"line":273,"column":17}},"type":"binary-expr","locations":[{"start":{"line":265,"column":17},"end":{"line":265,"column":21}},{"start":{"line":266,"column":18},"end":{"line":272,"column":25}}],"line":265},"26":{"loc":{"start":{"line":267,"column":21},"end":{"line":271,"column":21}},"type":"cond-expr","locations":[{"start":{"line":268,"column":22},"end":{"line":268,"column":70}},{"start":{"line":270,"column":22},"end":{"line":270,"column":85}}],"line":267},"27":{"loc":{"start":{"line":270,"column":29},"end":{"line":270,"column":77}},"type":"binary-expr","locations":[{"start":{"line":270,"column":29},"end":{"line":270,"column":50}},{"start":{"line":270,"column":54},"end":{"line":270,"column":70}},{"start":{"line":270,"column":74},"end":{"line":270,"column":77}}],"line":270}},"s":{"0":2,"1":9,"2":8,"3":8,"4":8,"5":0,"6":0,"7":0,"8":0,"9":0,"10":0,"11":0,"12":0,"13":0,"14":0,"15":0,"16":0,"17":0,"18":0,"19":0,"20":0,"21":0,"22":0,"23":0,"24":0,"25":0,"26":0,"27":0,"28":0,"29":0,"30":0,"31":0,"32":0,"33":0,"34":0,"35":0,"36":0,"37":0,"38":0,"39":0,"40":0,"41":0,"42":0,"43":0,"44":0,"45":0,"46":0,"47":0,"48":0,"49":0},"f":{"0":9,"1":0,"2":0,"3":0,"4":0,"5":0,"6":0,"7":0,"8":0,"9":0,"10":0,"11":0,"12":0,"13":0,"14":0,"15":0,"16":0,"17":0},"b":{"0":[0,0],"1":[0,0],"2":[0,0],"3":[0,0],"4":[0,0],"5":[0,0],"6":[0,0],"7":[0,0],"8":[0,0],"9":[0,0,0],"10":[0,0],"11":[0,0],"12":[0,0],"13":[0,0],"14":[0,0],"15":[0,0],"16":[0,0],"17":[0,0],"18":[0,0,0],"19":[0,0],"20":[0,0],"21":[0,0,0],"22":[0,0],"23":[0,0],"24":[0,0],"25":[0,0],"26":[0,0],"27":[0,0,0]},"_coverageSchema":"1a1c01bbd47fc00a2c39e90264f33305004495a9","hash":"f2f82ce333265c5e6a91ed5d6f08aca61257aace"}
,"/Users/kevinwang/Documents/Project/20-Project/t2/JobQuest_Navigator_CAA/JNv3/apps/frontend-react/src/components/PDFUploadComponent.jsx": {"path":"/Users/kevinwang/Documents/Project/20-Project/t2/JobQuest_Navigator_CAA/JNv3/apps/frontend-react/src/components/PDFUploadComponent.jsx","statementMap":{"0":{"start":{"line":6,"column":36},"end":{"line":17,"column":1}},"1":{"start":{"line":19,"column":36},"end":{"line":28,"column":1}},"2":{"start":{"line":30,"column":27},"end":{"line":312,"column":1}},"3":{"start":{"line":31,"column":42},"end":{"line":31,"column":56}},"4":{"start":{"line":32,"column":36},"end":{"line":32,"column":51}},"5":{"start":{"line":33,"column":38},"end":{"line":33,"column":53}},"6":{"start":{"line":34,"column":50},"end":{"line":34,"column":64}},"7":{"start":{"line":35,"column":28},"end":{"line":35,"column":42}},"8":{"start":{"line":36,"column":32},"end":{"line":36,"column":46}},"9":{"start":{"line":37,"column":28},"end":{"line":37,"column":40}},"10":{"start":{"line":38,"column":23},"end":{"line":38,"column":35}},"11":{"start":{"line":40,"column":33},"end":{"line":40,"column":73}},"12":{"start":{"line":41,"column":31},"end":{"line":41,"column":71}},"13":{"start":{"line":43,"column":27},"end":{"line":68,"column":3}},"14":{"start":{"line":44,"column":17},"end":{"line":44,"column":38}},"15":{"start":{"line":45,"column":4},"end":{"line":67,"column":5}},"16":{"start":{"line":47,"column":6},"end":{"line":50,"column":7}},"17":{"start":{"line":48,"column":8},"end":{"line":48,"column":51}},"18":{"start":{"line":49,"column":8},"end":{"line":49,"column":15}},"19":{"start":{"line":53,"column":22},"end":{"line":53,"column":38}},"20":{"start":{"line":54,"column":6},"end":{"line":57,"column":7}},"21":{"start":{"line":55,"column":8},"end":{"line":55,"column":54}},"22":{"start":{"line":56,"column":8},"end":{"line":56,"column":15}},"23":{"start":{"line":59,"column":6},"end":{"line":59,"column":28}},"24":{"start":{"line":60,"column":6},"end":{"line":60,"column":21}},"25":{"start":{"line":63,"column":6},"end":{"line":66,"column":7}},"26":{"start":{"line":64,"column":25},"end":{"line":64,"column":54}},"27":{"start":{"line":65,"column":8},"end":{"line":65,"column":39}},"28":{"start":{"line":70,"column":27},"end":{"line":78,"column":3}},"29":{"start":{"line":71,"column":4},"end":{"line":71,"column":26}},"30":{"start":{"line":72,"column":4},"end":{"line":72,"column":30}},"31":{"start":{"line":73,"column":4},"end":{"line":73,"column":19}},"32":{"start":{"line":74,"column":4},"end":{"line":74,"column":21}},"33":{"start":{"line":75,"column":4},"end":{"line":77,"column":5}},"34":{"start":{"line":76,"column":6},"end":{"line":76,"column":38}},"35":{"start":{"line":80,"column":30},"end":{"line":91,"column":3}},"36":{"start":{"line":81,"column":4},"end":{"line":90,"column":7}},"37":{"start":{"line":82,"column":21},"end":{"line":82,"column":37}},"38":{"start":{"line":83,"column":6},"end":{"line":83,"column":33}},"39":{"start":{"line":84,"column":6},"end":{"line":88,"column":8}},"40":{"start":{"line":86,"column":29},"end":{"line":86,"column":56}},"41":{"start":{"line":87,"column":8},"end":{"line":87,"column":30}},"42":{"start":{"line":89,"column":6},"end":{"line":89,"column":48}},"43":{"start":{"line":89,"column":34},"end":{"line":89,"column":47}},"44":{"start":{"line":93,"column":23},"end":{"line":142,"column":3}},"45":{"start":{"line":94,"column":4},"end":{"line":97,"column":5}},"46":{"start":{"line":95,"column":6},"end":{"line":95,"column":58}},"47":{"start":{"line":96,"column":6},"end":{"line":96,"column":13}},"48":{"start":{"line":99,"column":4},"end":{"line":99,"column":23}},"49":{"start":{"line":100,"column":4},"end":{"line":100,"column":19}},"50":{"start":{"line":101,"column":4},"end":{"line":101,"column":21}},"51":{"start":{"line":103,"column":4},"end":{"line":141,"column":5}},"52":{"start":{"line":105,"column":23},"end":{"line":105,"column":62}},"53":{"start":{"line":108,"column":23},"end":{"line":117,"column":8}},"54":{"start":{"line":119,"column":21},"end":{"line":119,"column":42}},"55":{"start":{"line":121,"column":6},"end":{"line":135,"column":7}},"56":{"start":{"line":122,"column":8},"end":{"line":122,"column":45}},"57":{"start":{"line":123,"column":8},"end":{"line":123,"column":89}},"58":{"start":{"line":126,"column":8},"end":{"line":132,"column":9}},"59":{"start":{"line":127,"column":10},"end":{"line":131,"column":13}},"60":{"start":{"line":134,"column":8},"end":{"line":134,"column":63}},"61":{"start":{"line":137,"column":6},"end":{"line":137,"column":42}},"62":{"start":{"line":138,"column":6},"end":{"line":138,"column":69}},"63":{"start":{"line":140,"column":6},"end":{"line":140,"column":26}},"64":{"start":{"line":144,"column":27},"end":{"line":182,"column":3}},"65":{"start":{"line":145,"column":4},"end":{"line":148,"column":5}},"66":{"start":{"line":146,"column":6},"end":{"line":146,"column":47}},"67":{"start":{"line":147,"column":6},"end":{"line":147,"column":13}},"68":{"start":{"line":150,"column":4},"end":{"line":150,"column":24}},"69":{"start":{"line":151,"column":4},"end":{"line":151,"column":19}},"70":{"start":{"line":153,"column":4},"end":{"line":181,"column":5}},"71":{"start":{"line":154,"column":23},"end":{"line":158,"column":8}},"72":{"start":{"line":160,"column":21},"end":{"line":160,"column":42}},"73":{"start":{"line":162,"column":6},"end":{"line":175,"column":7}},"74":{"start":{"line":163,"column":8},"end":{"line":163,"column":132}},"75":{"start":{"line":166,"column":8},"end":{"line":172,"column":9}},"76":{"start":{"line":167,"column":10},"end":{"line":171,"column":13}},"77":{"start":{"line":174,"column":8},"end":{"line":174,"column":67}},"78":{"start":{"line":177,"column":6},"end":{"line":177,"column":46}},"79":{"start":{"line":178,"column":6},"end":{"line":178,"column":73}},"80":{"start":{"line":180,"column":6},"end":{"line":180,"column":27}},"81":{"start":{"line":184,"column":25},"end":{"line":190,"column":3}},"82":{"start":{"line":185,"column":4},"end":{"line":185,"column":38}},"83":{"start":{"line":185,"column":21},"end":{"line":185,"column":38}},"84":{"start":{"line":186,"column":14},"end":{"line":186,"column":18}},"85":{"start":{"line":187,"column":18},"end":{"line":187,"column":45}},"86":{"start":{"line":188,"column":14},"end":{"line":188,"column":55}},"87":{"start":{"line":189,"column":4},"end":{"line":189,"column":76}},"88":{"start":{"line":192,"column":2},"end":{"line":311,"column":4}},"89":{"start":{"line":218,"column":27},"end":{"line":218,"column":51}},"90":{"start":{"line":238,"column":27},"end":{"line":238,"column":56}}},"fnMap":{"0":{"name":"(anonymous_0)","decl":{"start":{"line":30,"column":27},"end":{"line":30,"column":28}},"loc":{"start":{"line":30,"column":70},"end":{"line":312,"column":1}},"line":30},"1":{"name":"(anonymous_1)","decl":{"start":{"line":43,"column":27},"end":{"line":43,"column":28}},"loc":{"start":{"line":43,"column":38},"end":{"line":68,"column":3}},"line":43},"2":{"name":"(anonymous_2)","decl":{"start":{"line":70,"column":27},"end":{"line":70,"column":28}},"loc":{"start":{"line":70,"column":33},"end":{"line":78,"column":3}},"line":70},"3":{"name":"(anonymous_3)","decl":{"start":{"line":80,"column":30},"end":{"line":80,"column":31}},"loc":{"start":{"line":80,"column":40},"end":{"line":91,"column":3}},"line":80},"4":{"name":"(anonymous_4)","decl":{"start":{"line":81,"column":23},"end":{"line":81,"column":24}},"loc":{"start":{"line":81,"column":44},"end":{"line":90,"column":5}},"line":81},"5":{"name":"(anonymous_5)","decl":{"start":{"line":84,"column":22},"end":{"line":84,"column":23}},"loc":{"start":{"line":84,"column":28},"end":{"line":88,"column":7}},"line":84},"6":{"name":"(anonymous_6)","decl":{"start":{"line":89,"column":23},"end":{"line":89,"column":24}},"loc":{"start":{"line":89,"column":34},"end":{"line":89,"column":47}},"line":89},"7":{"name":"(anonymous_7)","decl":{"start":{"line":93,"column":23},"end":{"line":93,"column":24}},"loc":{"start":{"line":93,"column":35},"end":{"line":142,"column":3}},"line":93},"8":{"name":"(anonymous_8)","decl":{"start":{"line":144,"column":27},"end":{"line":144,"column":28}},"loc":{"start":{"line":144,"column":39},"end":{"line":182,"column":3}},"line":144},"9":{"name":"(anonymous_9)","decl":{"start":{"line":184,"column":25},"end":{"line":184,"column":26}},"loc":{"start":{"line":184,"column":36},"end":{"line":190,"column":3}},"line":184},"10":{"name":"(anonymous_10)","decl":{"start":{"line":218,"column":20},"end":{"line":218,"column":21}},"loc":{"start":{"line":218,"column":27},"end":{"line":218,"column":51}},"line":218},"11":{"name":"(anonymous_11)","decl":{"start":{"line":238,"column":21},"end":{"line":238,"column":22}},"loc":{"start":{"line":238,"column":27},"end":{"line":238,"column":56}},"line":238}},"branchMap":{"0":{"loc":{"start":{"line":45,"column":4},"end":{"line":67,"column":5}},"type":"if","locations":[{"start":{"line":45,"column":4},"end":{"line":67,"column":5}},{"start":{},"end":{}}],"line":45},"1":{"loc":{"start":{"line":47,"column":6},"end":{"line":50,"column":7}},"type":"if","locations":[{"start":{"line":47,"column":6},"end":{"line":50,"column":7}},{"start":{},"end":{}}],"line":47},"2":{"loc":{"start":{"line":54,"column":6},"end":{"line":57,"column":7}},"type":"if","locations":[{"start":{"line":54,"column":6},"end":{"line":57,"column":7}},{"start":{},"end":{}}],"line":54},"3":{"loc":{"start":{"line":63,"column":6},"end":{"line":66,"column":7}},"type":"if","locations":[{"start":{"line":63,"column":6},"end":{"line":66,"column":7}},{"start":{},"end":{}}],"line":63},"4":{"loc":{"start":{"line":75,"column":4},"end":{"line":77,"column":5}},"type":"if","locations":[{"start":{"line":75,"column":4},"end":{"line":77,"column":5}},{"start":{},"end":{}}],"line":75},"5":{"loc":{"start":{"line":94,"column":4},"end":{"line":97,"column":5}},"type":"if","locations":[{"start":{"line":94,"column":4},"end":{"line":97,"column":5}},{"start":{},"end":{}}],"line":94},"6":{"loc":{"start":{"line":94,"column":8},"end":{"line":94,"column":38}},"type":"binary-expr","locations":[{"start":{"line":94,"column":8},"end":{"line":94,"column":21}},{"start":{"line":94,"column":25},"end":{"line":94,"column":38}}],"line":94},"7":{"loc":{"start":{"line":121,"column":6},"end":{"line":135,"column":7}},"type":"if","locations":[{"start":{"line":121,"column":6},"end":{"line":135,"column":7}},{"start":{"line":133,"column":13},"end":{"line":135,"column":7}}],"line":121},"8":{"loc":{"start":{"line":126,"column":8},"end":{"line":132,"column":9}},"type":"if","locations":[{"start":{"line":126,"column":8},"end":{"line":132,"column":9}},{"start":{},"end":{}}],"line":126},"9":{"loc":{"start":{"line":134,"column":17},"end":{"line":134,"column":61}},"type":"binary-expr","locations":[{"start":{"line":134,"column":17},"end":{"line":134,"column":42}},{"start":{"line":134,"column":46},"end":{"line":134,"column":61}}],"line":134},"10":{"loc":{"start":{"line":138,"column":36},"end":{"line":138,"column":66}},"type":"binary-expr","locations":[{"start":{"line":138,"column":36},"end":{"line":138,"column":47}},{"start":{"line":138,"column":51},"end":{"line":138,"column":66}}],"line":138},"11":{"loc":{"start":{"line":145,"column":4},"end":{"line":148,"column":5}},"type":"if","locations":[{"start":{"line":145,"column":4},"end":{"line":148,"column":5}},{"start":{},"end":{}}],"line":145},"12":{"loc":{"start":{"line":162,"column":6},"end":{"line":175,"column":7}},"type":"if","locations":[{"start":{"line":162,"column":6},"end":{"line":175,"column":7}},{"start":{"line":173,"column":13},"end":{"line":175,"column":7}}],"line":162},"13":{"loc":{"start":{"line":163,"column":52},"end":{"line":163,"column":94}},"type":"binary-expr","locations":[{"start":{"line":163,"column":52},"end":{"line":163,"column":85}},{"start":{"line":163,"column":89},"end":{"line":163,"column":94}}],"line":163},"14":{"loc":{"start":{"line":166,"column":8},"end":{"line":172,"column":9}},"type":"if","locations":[{"start":{"line":166,"column":8},"end":{"line":172,"column":9}},{"start":{},"end":{}}],"line":166},"15":{"loc":{"start":{"line":174,"column":17},"end":{"line":174,"column":65}},"type":"binary-expr","locations":[{"start":{"line":174,"column":17},"end":{"line":174,"column":42}},{"start":{"line":174,"column":46},"end":{"line":174,"column":65}}],"line":174},"16":{"loc":{"start":{"line":178,"column":40},"end":{"line":178,"column":70}},"type":"binary-expr","locations":[{"start":{"line":178,"column":40},"end":{"line":178,"column":51}},{"start":{"line":178,"column":55},"end":{"line":178,"column":70}}],"line":178},"17":{"loc":{"start":{"line":185,"column":4},"end":{"line":185,"column":38}},"type":"if","locations":[{"start":{"line":185,"column":4},"end":{"line":185,"column":38}},{"start":{},"end":{}}],"line":185},"18":{"loc":{"start":{"line":200,"column":7},"end":{"line":204,"column":7}},"type":"binary-expr","locations":[{"start":{"line":200,"column":7},"end":{"line":200,"column":12}},{"start":{"line":201,"column":8},"end":{"line":203,"column":14}}],"line":200},"19":{"loc":{"start":{"line":206,"column":7},"end":{"line":210,"column":7}},"type":"binary-expr","locations":[{"start":{"line":206,"column":7},"end":{"line":206,"column":14}},{"start":{"line":207,"column":8},"end":{"line":209,"column":14}}],"line":206},"20":{"loc":{"start":{"line":220,"column":20},"end":{"line":220,"column":43}},"type":"binary-expr","locations":[{"start":{"line":220,"column":20},"end":{"line":220,"column":29}},{"start":{"line":220,"column":33},"end":{"line":220,"column":43}}],"line":220},"21":{"loc":{"start":{"line":232,"column":20},"end":{"line":232,"column":43}},"type":"binary-expr","locations":[{"start":{"line":232,"column":20},"end":{"line":232,"column":29}},{"start":{"line":232,"column":33},"end":{"line":232,"column":43}}],"line":232},"22":{"loc":{"start":{"line":235,"column":9},"end":{"line":272,"column":9}},"type":"cond-expr","locations":[{"start":{"line":236,"column":10},"end":{"line":251,"column":16}},{"start":{"line":253,"column":10},"end":{"line":271,"column":16}}],"line":235},"23":{"loc":{"start":{"line":267,"column":24},"end":{"line":267,"column":47}},"type":"binary-expr","locations":[{"start":{"line":267,"column":24},"end":{"line":267,"column":33}},{"start":{"line":267,"column":37},"end":{"line":267,"column":47}}],"line":267},"24":{"loc":{"start":{"line":277,"column":9},"end":{"line":298,"column":9}},"type":"cond-expr","locations":[{"start":{"line":278,"column":10},"end":{"line":284,"column":19}},{"start":{"line":286,"column":10},"end":{"line":297,"column":16}}],"line":277},"25":{"loc":{"start":{"line":281,"column":22},"end":{"line":281,"column":65}},"type":"binary-expr","locations":[{"start":{"line":281,"column":22},"end":{"line":281,"column":35}},{"start":{"line":281,"column":39},"end":{"line":281,"column":52}},{"start":{"line":281,"column":56},"end":{"line":281,"column":65}}],"line":281},"26":{"loc":{"start":{"line":283,"column":13},"end":{"line":283,"column":54}},"type":"cond-expr","locations":[{"start":{"line":283,"column":25},"end":{"line":283,"column":39}},{"start":{"line":283,"column":42},"end":{"line":283,"column":54}}],"line":283},"27":{"loc":{"start":{"line":295,"column":15},"end":{"line":295,"column":71}},"type":"cond-expr","locations":[{"start":{"line":295,"column":28},"end":{"line":295,"column":47}},{"start":{"line":295,"column":50},"end":{"line":295,"column":71}}],"line":295},"28":{"loc":{"start":{"line":302,"column":7},"end":{"line":309,"column":7}},"type":"binary-expr","locations":[{"start":{"line":302,"column":8},"end":{"line":302,"column":17}},{"start":{"line":302,"column":21},"end":{"line":302,"column":31}},{"start":{"line":303,"column":8},"end":{"line":308,"column":14}}],"line":302},"29":{"loc":{"start":{"line":306,"column":13},"end":{"line":306,"column":78}},"type":"cond-expr","locations":[{"start":{"line":306,"column":25},"end":{"line":306,"column":48}},{"start":{"line":306,"column":51},"end":{"line":306,"column":78}}],"line":306}},"s":{"0":1,"1":1,"2":1,"3":0,"4":0,"5":0,"6":0,"7":0,"8":0,"9":0,"10":0,"11":0,"12":0,"13":0,"14":0,"15":0,"16":0,"17":0,"18":0,"19":0,"20":0,"21":0,"22":0,"23":0,"24":0,"25":0,"26":0,"27":0,"28":0,"29":0,"30":0,"31":0,"32":0,"33":0,"34":0,"35":0,"36":0,"37":0,"38":0,"39":0,"40":0,"41":0,"42":0,"43":0,"44":0,"45":0,"46":0,"47":0,"48":0,"49":0,"50":0,"51":0,"52":0,"53":0,"54":0,"55":0,"56":0,"57":0,"58":0,"59":0,"60":0,"61":0,"62":0,"63":0,"64":0,"65":0,"66":0,"67":0,"68":0,"69":0,"70":0,"71":0,"72":0,"73":0,"74":0,"75":0,"76":0,"77":0,"78":0,"79":0,"80":0,"81":0,"82":0,"83":0,"84":0,"85":0,"86":0,"87":0,"88":0,"89":0,"90":0},"f":{"0":0,"1":0,"2":0,"3":0,"4":0,"5":0,"6":0,"7":0,"8":0,"9":0,"10":0,"11":0},"b":{"0":[0,0],"1":[0,0],"2":[0,0],"3":[0,0],"4":[0,0],"5":[0,0],"6":[0,0],"7":[0,0],"8":[0,0],"9":[0,0],"10":[0,0],"11":[0,0],"12":[0,0],"13":[0,0],"14":[0,0],"15":[0,0],"16":[0,0],"17":[0,0],"18":[0,0],"19":[0,0],"20":[0,0],"21":[0,0],"22":[0,0],"23":[0,0],"24":[0,0],"25":[0,0,0],"26":[0,0],"27":[0,0],"28":[0,0,0],"29":[0,0]},"_coverageSchema":"1a1c01bbd47fc00a2c39e90264f33305004495a9","hash":"54bb86420ebcdb268c6ce84b9e1cfb352ca864b9"}
,"/Users/kevinwang/Documents/Project/20-Project/t2/JobQuest_Navigator_CAA/JNv3/apps/frontend-react/src/components/ProtectedRoute.jsx": {"path":"/Users/kevinwang/Documents/Project/20-Project/t2/JobQuest_Navigator_CAA/JNv3/apps/frontend-react/src/components/ProtectedRoute.jsx","statementMap":{"0":{"start":{"line":10,"column":23},"end":{"line":35,"column":1}},"1":{"start":{"line":11,"column":39},"end":{"line":11,"column":48}},"2":{"start":{"line":12,"column":19},"end":{"line":12,"column":32}},"3":{"start":{"line":15,"column":2},"end":{"line":26,"column":3}},"4":{"start":{"line":16,"column":4},"end":{"line":25,"column":6}},"5":{"start":{"line":29,"column":2},"end":{"line":31,"column":3}},"6":{"start":{"line":30,"column":4},"end":{"line":30,"column":71}},"7":{"start":{"line":34,"column":2},"end":{"line":34,"column":18}}},"fnMap":{"0":{"name":"(anonymous_0)","decl":{"start":{"line":10,"column":23},"end":{"line":10,"column":24}},"loc":{"start":{"line":10,"column":41},"end":{"line":35,"column":1}},"line":10}},"branchMap":{"0":{"loc":{"start":{"line":15,"column":2},"end":{"line":26,"column":3}},"type":"if","locations":[{"start":{"line":15,"column":2},"end":{"line":26,"column":3}},{"start":{},"end":{}}],"line":15},"1":{"loc":{"start":{"line":29,"column":2},"end":{"line":31,"column":3}},"type":"if","locations":[{"start":{"line":29,"column":2},"end":{"line":31,"column":3}},{"start":{},"end":{}}],"line":29}},"s":{"0":1,"1":0,"2":0,"3":0,"4":0,"5":0,"6":0,"7":0},"f":{"0":0},"b":{"0":[0,0],"1":[0,0]},"_coverageSchema":"1a1c01bbd47fc00a2c39e90264f33305004495a9","hash":"670028c4c3b2acac4c9791e9dca4f30e377ad2b5"}
,"/Users/kevinwang/Documents/Project/20-Project/t2/JobQuest_Navigator_CAA/JNv3/apps/frontend-react/src/components/Toast.jsx": {"path":"/Users/kevinwang/Documents/Project/20-Project/t2/JobQuest_Navigator_CAA/JNv3/apps/frontend-react/src/components/Toast.jsx","statementMap":{"0":{"start":{"line":4,"column":14},"end":{"line":55,"column":1}},"1":{"start":{"line":5,"column":36},"end":{"line":5,"column":50}},"2":{"start":{"line":7,"column":2},"end":{"line":16,"column":26}},"3":{"start":{"line":8,"column":18},"end":{"line":13,"column":16}},"4":{"start":{"line":9,"column":6},"end":{"line":9,"column":26}},"5":{"start":{"line":10,"column":6},"end":{"line":12,"column":7}},"6":{"start":{"line":11,"column":8},"end":{"line":11,"column":33}},"7":{"start":{"line":15,"column":4},"end":{"line":15,"column":37}},"8":{"start":{"line":15,"column":17},"end":{"line":15,"column":36}},"9":{"start":{"line":18,"column":2},"end":{"line":20,"column":3}},"10":{"start":{"line":19,"column":4},"end":{"line":19,"column":16}},"11":{"start":{"line":22,"column":18},"end":{"line":34,"column":3}},"12":{"start":{"line":23,"column":4},"end":{"line":33,"column":5}},"13":{"start":{"line":25,"column":8},"end":{"line":25,"column":19}},"14":{"start":{"line":27,"column":8},"end":{"line":27,"column":19}},"15":{"start":{"line":29,"column":8},"end":{"line":29,"column":20}},"16":{"start":{"line":32,"column":8},"end":{"line":32,"column":20}},"17":{"start":{"line":36,"column":2},"end":{"line":54,"column":4}},"18":{"start":{"line":44,"column":12},"end":{"line":44,"column":32}},"19":{"start":{"line":45,"column":12},"end":{"line":47,"column":13}},"20":{"start":{"line":46,"column":14},"end":{"line":46,"column":39}}},"fnMap":{"0":{"name":"(anonymous_0)","decl":{"start":{"line":4,"column":14},"end":{"line":4,"column":15}},"loc":{"start":{"line":4,"column":72},"end":{"line":55,"column":1}},"line":4},"1":{"name":"(anonymous_1)","decl":{"start":{"line":7,"column":12},"end":{"line":7,"column":13}},"loc":{"start":{"line":7,"column":18},"end":{"line":16,"column":3}},"line":7},"2":{"name":"(anonymous_2)","decl":{"start":{"line":8,"column":29},"end":{"line":8,"column":30}},"loc":{"start":{"line":8,"column":35},"end":{"line":13,"column":5}},"line":8},"3":{"name":"(anonymous_3)","decl":{"start":{"line":15,"column":11},"end":{"line":15,"column":12}},"loc":{"start":{"line":15,"column":17},"end":{"line":15,"column":36}},"line":15},"4":{"name":"(anonymous_4)","decl":{"start":{"line":22,"column":18},"end":{"line":22,"column":19}},"loc":{"start":{"line":22,"column":24},"end":{"line":34,"column":3}},"line":22},"5":{"name":"(anonymous_5)","decl":{"start":{"line":43,"column":19},"end":{"line":43,"column":20}},"loc":{"start":{"line":43,"column":25},"end":{"line":48,"column":11}},"line":43}},"branchMap":{"0":{"loc":{"start":{"line":4,"column":26},"end":{"line":4,"column":39}},"type":"default-arg","locations":[{"start":{"line":4,"column":33},"end":{"line":4,"column":39}}],"line":4},"1":{"loc":{"start":{"line":4,"column":41},"end":{"line":4,"column":56}},"type":"default-arg","locations":[{"start":{"line":4,"column":52},"end":{"line":4,"column":56}}],"line":4},"2":{"loc":{"start":{"line":10,"column":6},"end":{"line":12,"column":7}},"type":"if","locations":[{"start":{"line":10,"column":6},"end":{"line":12,"column":7}},{"start":{},"end":{}}],"line":10},"3":{"loc":{"start":{"line":18,"column":2},"end":{"line":20,"column":3}},"type":"if","locations":[{"start":{"line":18,"column":2},"end":{"line":20,"column":3}},{"start":{},"end":{}}],"line":18},"4":{"loc":{"start":{"line":23,"column":4},"end":{"line":33,"column":5}},"type":"switch","locations":[{"start":{"line":24,"column":6},"end":{"line":25,"column":19}},{"start":{"line":26,"column":6},"end":{"line":27,"column":19}},{"start":{"line":28,"column":6},"end":{"line":29,"column":20}},{"start":{"line":30,"column":6},"end":{"line":30,"column":18}},{"start":{"line":31,"column":6},"end":{"line":32,"column":20}}],"line":23},"5":{"loc":{"start":{"line":37,"column":43},"end":{"line":37,"column":87}},"type":"cond-expr","locations":[{"start":{"line":37,"column":55},"end":{"line":37,"column":70}},{"start":{"line":37,"column":73},"end":{"line":37,"column":87}}],"line":37},"6":{"loc":{"start":{"line":45,"column":12},"end":{"line":47,"column":13}},"type":"if","locations":[{"start":{"line":45,"column":12},"end":{"line":47,"column":13}},{"start":{},"end":{}}],"line":45}},"s":{"0":3,"1":0,"2":0,"3":0,"4":0,"5":0,"6":0,"7":0,"8":0,"9":0,"10":0,"11":0,"12":0,"13":0,"14":0,"15":0,"16":0,"17":0,"18":0,"19":0,"20":0},"f":{"0":0,"1":0,"2":0,"3":0,"4":0,"5":0},"b":{"0":[0],"1":[0],"2":[0,0],"3":[0,0],"4":[0,0,0,0,0],"5":[0,0],"6":[0,0]},"_coverageSchema":"1a1c01bbd47fc00a2c39e90264f33305004495a9","hash":"b329f2d0d1a2317ad8d590508513ab297ffc4401"}
,"/Users/kevinwang/Documents/Project/20-Project/t2/JobQuest_Navigator_CAA/JNv3/apps/frontend-react/src/components/skills/CertificationCard.jsx": {"path":"/Users/kevinwang/Documents/Project/20-Project/t2/JobQuest_Navigator_CAA/JNv3/apps/frontend-react/src/components/skills/CertificationCard.jsx","statementMap":{"0":{"start":{"line":4,"column":26},"end":{"line":220,"column":1}},"1":{"start":{"line":5,"column":38},"end":{"line":5,"column":53}},"2":{"start":{"line":6,"column":28},"end":{"line":6,"column":45}},"3":{"start":{"line":8,"column":24},"end":{"line":16,"column":3}},"4":{"start":{"line":9,"column":22},"end":{"line":14,"column":5}},"5":{"start":{"line":15,"column":4},"end":{"line":15,"column":53}},"6":{"start":{"line":18,"column":25},"end":{"line":24,"column":3}},"7":{"start":{"line":19,"column":4},"end":{"line":19,"column":53}},"8":{"start":{"line":19,"column":40},"end":{"line":19,"column":53}},"9":{"start":{"line":20,"column":23},"end":{"line":20,"column":62}},"10":{"start":{"line":21,"column":18},"end":{"line":21,"column":28}},"11":{"start":{"line":22,"column":28},"end":{"line":22,"column":83}},"12":{"start":{"line":23,"column":4},"end":{"line":23,"column":56}},"13":{"start":{"line":26,"column":21},"end":{"line":26,"column":60}},"14":{"start":{"line":28,"column":2},"end":{"line":219,"column":4}},"15":{"start":{"line":79,"column":27},"end":{"line":79,"column":52}},"16":{"start":{"line":113,"column":31},"end":{"line":113,"column":76}},"17":{"start":{"line":121,"column":31},"end":{"line":121,"column":61}},"18":{"start":{"line":200,"column":23},"end":{"line":200,"column":49}}},"fnMap":{"0":{"name":"(anonymous_0)","decl":{"start":{"line":4,"column":26},"end":{"line":4,"column":27}},"loc":{"start":{"line":4,"column":86},"end":{"line":220,"column":1}},"line":4},"1":{"name":"(anonymous_1)","decl":{"start":{"line":8,"column":24},"end":{"line":8,"column":25}},"loc":{"start":{"line":8,"column":36},"end":{"line":16,"column":3}},"line":8},"2":{"name":"(anonymous_2)","decl":{"start":{"line":18,"column":25},"end":{"line":18,"column":26}},"loc":{"start":{"line":18,"column":31},"end":{"line":24,"column":3}},"line":18},"3":{"name":"(anonymous_3)","decl":{"start":{"line":79,"column":21},"end":{"line":79,"column":22}},"loc":{"start":{"line":79,"column":27},"end":{"line":79,"column":52}},"line":79},"4":{"name":"(anonymous_4)","decl":{"start":{"line":113,"column":25},"end":{"line":113,"column":26}},"loc":{"start":{"line":113,"column":31},"end":{"line":113,"column":76}},"line":113},"5":{"name":"(anonymous_5)","decl":{"start":{"line":121,"column":25},"end":{"line":121,"column":26}},"loc":{"start":{"line":121,"column":31},"end":{"line":121,"column":61}},"line":121},"6":{"name":"(anonymous_6)","decl":{"start":{"line":200,"column":17},"end":{"line":200,"column":18}},"loc":{"start":{"line":200,"column":23},"end":{"line":200,"column":49}},"line":200}},"branchMap":{"0":{"loc":{"start":{"line":15,"column":11},"end":{"line":15,"column":52}},"type":"binary-expr","locations":[{"start":{"line":15,"column":11},"end":{"line":15,"column":28}},{"start":{"line":15,"column":32},"end":{"line":15,"column":52}}],"line":15},"1":{"loc":{"start":{"line":19,"column":4},"end":{"line":19,"column":53}},"type":"if","locations":[{"start":{"line":19,"column":4},"end":{"line":19,"column":53}},{"start":{},"end":{}}],"line":19},"2":{"loc":{"start":{"line":23,"column":11},"end":{"line":23,"column":55}},"type":"binary-expr","locations":[{"start":{"line":23,"column":11},"end":{"line":23,"column":32}},{"start":{"line":23,"column":36},"end":{"line":23,"column":55}}],"line":23},"3":{"loc":{"start":{"line":29,"column":42},"end":{"line":29,"column":70}},"type":"cond-expr","locations":[{"start":{"line":29,"column":55},"end":{"line":29,"column":65}},{"start":{"line":29,"column":68},"end":{"line":29,"column":70}}],"line":29},"4":{"loc":{"start":{"line":34,"column":15},"end":{"line":34,"column":74}},"type":"binary-expr","locations":[{"start":{"line":34,"column":15},"end":{"line":34,"column":34}},{"start":{"line":34,"column":38},"end":{"line":34,"column":74}}],"line":34},"5":{"loc":{"start":{"line":45,"column":15},"end":{"line":49,"column":15}},"type":"binary-expr","locations":[{"start":{"line":45,"column":15},"end":{"line":45,"column":44}},{"start":{"line":46,"column":16},"end":{"line":48,"column":23}}],"line":45},"6":{"loc":{"start":{"line":51,"column":15},"end":{"line":55,"column":15}},"type":"binary-expr","locations":[{"start":{"line":51,"column":15},"end":{"line":51,"column":31}},{"start":{"line":52,"column":16},"end":{"line":54,"column":23}}],"line":51},"7":{"loc":{"start":{"line":63,"column":17},"end":{"line":63,"column":70}},"type":"binary-expr","locatio
[...]
umn":48}},"type":"default-arg","locations":[{"start":{"line":160,"column":46},"end":{"line":160,"column":48}}],"line":160},"7":{"loc":{"start":{"line":170,"column":31},"end":{"line":170,"column":43}},"type":"default-arg","locations":[{"start":{"line":170,"column":41},"end":{"line":170,"column":43}}],"line":170},"8":{"loc":{"start":{"line":180,"column":22},"end":{"line":180,"column":34}},"type":"default-arg","locations":[{"start":{"line":180,"column":32},"end":{"line":180,"column":34}}],"line":180},"9":{"loc":{"start":{"line":202,"column":26},"end":{"line":202,"column":46}},"type":"default-arg","locations":[{"start":{"line":202,"column":44},"end":{"line":202,"column":46}}],"line":202},"10":{"loc":{"start":{"line":215,"column":4},"end":{"line":224,"column":5}},"type":"if","locations":[{"start":{"line":215,"column":4},"end":{"line":224,"column":5}},{"start":{},"end":{}}],"line":215},"11":{"loc":{"start":{"line":234,"column":4},"end":{"line":243,"column":5}},"type":"if","locations":[{"start":{"line":234,"column":4},"end":{"line":243,"column":5}},{"start":{},"end":{}}],"line":234},"12":{"loc":{"start":{"line":253,"column":4},"end":{"line":259,"column":5}},"type":"if","locations":[{"start":{"line":253,"column":4},"end":{"line":259,"column":5}},{"start":{},"end":{}}],"line":253},"13":{"loc":{"start":{"line":280,"column":15},"end":{"line":280,"column":51}},"type":"cond-expr","locations":[{"start":{"line":280,"column":33},"end":{"line":280,"column":42}},{"start":{"line":280,"column":45},"end":{"line":280,"column":51}}],"line":280},"14":{"loc":{"start":{"line":305,"column":18},"end":{"line":305,"column":35}},"type":"default-arg","locations":[{"start":{"line":305,"column":31},"end":{"line":305,"column":35}}],"line":305},"15":{"loc":{"start":{"line":307,"column":34},"end":{"line":307,"column":65}},"type":"cond-expr","locations":[{"start":{"line":307,"column":47},"end":{"line":307,"column":56}},{"start":{"line":307,"column":59},"end":{"line":307,"column":65}}],"line":307},"16":{"loc":{"start":{"line":315,"column":15},"end":{"line":315,"column":51}},"type":"cond-expr","locations":[{"start":{"line":315,"column":33},"end":{"line":315,"column":42}},{"start":{"line":315,"column":45},"end":{"line":315,"column":51}}],"line":315}},"s":{"0":3,"1":3,"2":3,"3":3,"4":0,"5":0,"6":0,"7":0,"8":0,"9":0,"10":0,"11":0,"12":0,"13":0,"14":0,"15":0,"16":0,"17":0,"18":0,"19":0,"20":0,"21":0,"22":0,"23":0,"24":0,"25":0,"26":0,"27":0,"28":0,"29":0,"30":0,"31":0,"32":0,"33":0,"34":0,"35":0,"36":0,"37":0,"38":0,"39":0,"40":0,"41":0,"42":0,"43":0,"44":0,"45":0,"46":0,"47":0,"48":0,"49":0,"50":0,"51":0,"52":0,"53":0,"54":0,"55":0,"56":0,"57":0,"58":0,"59":0,"60":0,"61":0,"62":0,"63":0,"64":0,"65":0,"66":0,"67":0,"68":0,"69":0,"70":0,"71":0,"72":0,"73":0,"74":0,"75":0,"76":0,"77":0,"78":0,"79":0,"80":0,"81":0,"82":0,"83":0,"84":0,"85":0,"86":0,"87":0,"88":0,"89":0,"90":0,"91":0,"92":0,"93":0,"94":0,"95":0,"96":0,"97":0,"98":0,"99":0},"f":{"0":3,"1":0,"2":0,"3":0,"4":0,"5":0,"6":0,"7":0,"8":0,"9":0,"10":0,"11":0,"12":0,"13":0,"14":0,"15":0,"16":0,"17":0},"b":{"0":[0],"1":[0,0],"2":[0,0],"3":[0,0],"4":[0,0],"5":[0],"6":[0],"7":[0],"8":[0],"9":[0],"10":[0,0],"11":[0,0],"12":[0,0],"13":[0,0],"14":[0],"15":[0,0],"16":[0,0]},"_coverageSchema":"1a1c01bbd47fc00a2c39e90264f33305004495a9","hash":"165fa36f50c9980276c9fceb52fad8cd2dacdc3b"}
,"/Users/kevinwang/Documents/Project/20-Project/t2/JobQuest_Navigator_CAA/JNv3/apps/frontend-react/src/services/unifiedUserService.js": {"path":"/Users/kevinwang/Documents/Project/20-Project/t2/JobQuest_Navigator_CAA/JNv3/apps/frontend-react/src/services/unifiedUserService.js","statementMap":{"0":{"start":{"line":11,"column":4},"end":{"line":11,"column":45}},"1":{"start":{"line":12,"column":4},"end":{"line":12,"column":46}},"2":{"start":{"line":13,"column":4},"end":{"line":13,"column":72}},"3":{"start":{"line":15,"column":4},"end":{"line":15,"column":86}},"4":{"start":{"line":22,"column":4},"end":{"line":69,"column":5}},"5":{"start":{"line":23,"column":6},"end":{"line":49,"column":7}},"6":{"start":{"line":24,"column":8},"end":{"line":24,"column":69}},"7":{"start":{"line":25,"column":23},"end":{"line":25,"column":67}},"8":{"start":{"line":26,"column":8},"end":{"line":26,"column":66}},"9":{"start":{"line":27,"column":8},"end":{"line":27,"column":22}},"10":{"start":{"line":29,"column":8},"end":{"line":29,"column":87}},"11":{"start":{"line":31,"column":8},"end":{"line":48,"column":9}},"12":{"start":{"line":32,"column":25},"end":{"line":32,"column":70}},"13":{"start":{"line":33,"column":10},"end":{"line":33,"column":74}},"14":{"start":{"line":34,"column":10},"end":{"line":34,"column":24}},"15":{"start":{"line":36,"column":10},"end":{"line":36,"column":88}},"16":{"start":{"line":39,"column":10},"end":{"line":39,"column":70}},"17":{"start":{"line":40,"column":10},"end":{"line":47,"column":12}},"18":{"start":{"line":52,"column":6},"end":{"line":68,"column":7}},"19":{"start":{"line":53,"column":8},"end":{"line":53,"column":74}},"20":{"start":{"line":54,"column":8},"end":{"line":54,"column":61}},"21":{"start":{"line":56,"column":8},"end":{"line":56,"column":60}},"22":{"start":{"line":59,"column":8},"end":{"line":59,"column":59}},"23":{"start":{"line":60,"column":8},"end":{"line":67,"column":10}},"24":{"start":{"line":76,"column":4},"end":{"line":123,"column":5}},"25":{"start":{"line":77,"column":6},"end":{"line":103,"column":7}},"26":{"start":{"line":78,"column":8},"end":{"line":78,"column":66}},"27":{"start":{"line":79,"column":23},"end":{"line":79,"column":67}},"28":{"start":{"line":80,"column":8},"end":{"line":80,"column":65}},"29":{"start":{"line":81,"column":8},"end":{"line":81,"column":22}},"30":{"start":{"line":83,"column":8},"end":{"line":83,"column":84}},"31":{"start":{"line":85,"column":8},"end":{"line":102,"column":9}},"32":{"start":{"line":86,"column":25},"end":{"line":86,"column":70}},"33":{"start":{"line":87,"column":10},"end":{"line":87,"column":73}},"34":{"start":{"line":88,"column":10},"end":{"line":88,"column":24}},"35":{"start":{"line":90,"column":10},"end":{"line":90,"column":88}},"36":{"start":{"line":93,"column":10},"end":{"line":93,"column":63}},"37":{"start":{"line":94,"column":10},"end":{"line":101,"column":12}},"38":{"start":{"line":106,"column":6},"end":{"line":122,"column":7}},"39":{"start":{"line":107,"column":8},"end":{"line":107,"column":67}},"40":{"start":{"line":108,"column":8},"end":{"line":108,"column":61}},"41":{"start":{"line":110,"column":8},"end":{"line":110,"column":53}},"42":{"start":{"line":113,"column":8},"end":{"line":113,"column":52}},"43":{"start":{"line":114,"column":8},"end":{"line":121,"column":10}},"44":{"start":{"line":130,"column":4},"end":{"line":160,"column":5}},"45":{"start":{"line":131,"column":6},"end":{"line":151,"column":7}},"46":{"start":{"line":132,"column":8},"end":{"line":132,"column":74}},"47":{"start":{"line":133,"column":21},"end":{"line":133,"column":63}},"48":{"start":{"line":134,"column":8},"end":{"line":134,"column":71}},"49":{"start":{"line":135,"column":8},"end":{"line":135,"column":20}},"50":{"start":{"line":137,"column":8},"end":{"line":137,"column":93}},"51":{"start":{"line":139,"column":8},"end":{"line":150,"column":9}},"52":{"start":{"line":140,"column":23},"end":{"line":140,"column":66}},"53":{"start":{"line":141,"column":10},"end":{"line":141,"column":79}},"54":{"start":{"line":142,"column":10},"end":{"line":142,"column":22}},"55":{"start":{"line":144,"column":10},"end":{"line":144,"column":88}},"56":{"start":{"line":147,"column":27},"end":{"line":147,"column":64}},"57":{"start":{"line":148,"column":10},"end":{"line":148,"column":49}},"58":{"start":{"line":149,"column":10},"end":{"line":149,"column":26}},"59":{"start":{"line":153,"column":6},"end":{"line":159,"column":7}},"60":{"start":{"line":154,"column":8},"end":{"line":154,"column":59}},"61":{"start":{"line":156,"column":8},"end":{"line":156,"column":62}},"62":{"start":{"line":157,"column":25},"end":{"line":157,"column":62}},"63":{"start":{"line":158,"column":8},"end":{"line":158,"column":24}},"64":{"start":{"line":167,"column":4},"end":{"line":187,"column":5}},"65":{"start":{"line":168,"column":6},"end":{"line":184,"column":7}},"66":{"start":{"line":169,"column":8},"end":{"line":169,"column":70}},"67":{"start":{"line":170,"column":23},"end":{"line":170,"column":75}},"68":{"start":{"line":171,"column":8},"end":{"line":171,"column":66}},"69":{"start":{"line":172,"column":8},"end":{"line":172,"column":22}},"70":{"start":{"line":174,"column":8},"end":{"line":174,"column":92}},"71":{"start":{"line":176,"column":8},"end":{"line":183,"column":9}},"72":{"start":{"line":177,"column":25},"end":{"line":177,"column":78}},"73":{"start":{"line":178,"column":10},"end":{"line":178,"column":74}},"74":{"start":{"line":179,"column":10},"end":{"line":179,"column":24}},"75":{"start":{"line":181,"column":10},"end":{"line":181,"column":88}},"76":{"start":{"line":182,"column":10},"end":{"line":182,"column":128}},"77":{"start":{"line":186,"column":6},"end":{"line":186,"column":67}},"78":{"start":{"line":195,"column":20},"end":{"line":195,"column":22}},"79":{"start":{"line":197,"column":4},"end":{"line":204,"column":5}},"80":{"start":{"line":198,"column":6},"end":{"line":203,"column":7}},"81":{"start":{"line":199,"column":23},"end":{"line":199,"column":57}},"82":{"start":{"line":200,"column":8},"end":{"line":200,"column":53}},"83":{"start":{"line":202,"column":8},"end":{"line":202,"column":54}},"84":{"start":{"line":206,"column":4},"end":{"line":211,"column":5}},"85":{"start":{"line":207,"column":6},"end":{"line":207,"column":42}},"86":{"start":{"line":208,"column":6},"end":{"line":208,"column":67}},"87":{"start":{"line":210,"column":6},"end":{"line":210,"column":49}},"88":{"start":{"line":213,"column":4},"end":{"line":213,"column":55}},"89":{"start":{"line":214,"column":4},"end":{"line":214,"column":38}},"90":{"start":{"line":221,"column":4},"end":{"line":227,"column":5}},"91":{"start":{"line":222,"column":6},"end":{"line":226,"column":7}},"92":{"start":{"line":223,"column":8},"end":{"line":223,"column":60}},"93":{"start":{"line":225,"column":8},"end":{"line":225,"column":77}},"94":{"start":{"line":230,"column":4},"end":{"line":230,"column":64}},"95":{"start":{"line":237,"column":4},"end":{"line":241,"column":5}},"96":{"start":{"line":238,"column":6},"end":{"line":238,"column":51}},"97":{"start":{"line":240,"column":6},"end":{"line":240,"column":52}},"98":{"start":{"line":248,"column":4},"end":{"line":252,"column":5}},"99":{"start":{"line":249,"column":6},"end":{"line":249,"column":44}},"100":{"start":{"line":251,"column":6},"end":{"line":251,"column":45}},"101":{"start":{"line":259,"column":4},"end":{"line":263,"column":5}},"102":{"start":{"line":260,"column":6},"end":{"line":260,"column":43}},"103":{"start":{"line":262,"column":6},"end":{"line":262,"column":44}},"104":{"start":{"line":270,"column":4},"end":{"line":276,"column":5}},"105":{"start":{"line":271,"column":6},"end":{"line":275,"column":7}},"106":{"start":{"line":272,"column":8},"end":{"line":272,"column":56}},"107":{"start":{"line":274,"column":8},"end":{"line":274,"column":70}},"108":{"start":{"line":279,"column":4},"end":{"line":285,"column":6}},"109":{"start":{"line":293,"column":4},"end":{"line":298,"column":5}},"110":{"start":{"line":294,"column":6},"end":{"line":294,"column":69}},"111":{"start":{"line":296,"column":6},"end":{"line":296,"column":56}},"112":{"start":{"line":297,"column":6},"end":{"line":297,"column":18}},"113":{"start":{"line":305,"column":20},"end":{"line":309,"column":5}},"114":{"start":{"line":312,"column":4},"end":{"line":317,"column":5}},"115":{"start":{"line":313,"column":6},"end":{"line":313,"column":49}},"116":{"start":{"line":314,"column":6},"end":{"line":314,"column":29}},"117":{"start":{"line":316,"column":6},"end":{"line":316,"column":73}},"118":{"start":{"line":320,"column":4},"end":{"line":325,"column":5}},"119":{"start":{"line":321,"column":6},"end":{"line":321,"column":50}},"120":{"start":{"line":322,"column":6},"end":{"line":322,"column":26}},"121":{"start":{"line":324,"column":6},"end":{"line":324,"column":70}},"122":{"start":{"line":327,"column":4},"end":{"line":327,"column":19}},"123":{"start":{"line":334,"column":4},"end":{"line":334,"column":33}},"124":{"start":{"line":335,"column":4},"end":{"line":335,"column":88}},"125":{"start":{"line":342,"column":4},"end":{"line":350,"column":6}}},"fnMap":{"0":{"name":"(anonymous_0)","decl":{"start":{"line":10,"column":2},"end":{"line":10,"column":3}},"loc":{"start":{"line":10,"column":16},"end":{"line":16,"column":3}},"line":10},"1":{"name":"(anonymous_1)","decl":{"start":{"line":21,"column":2},"end":{"line":21,"column":3}},"loc":{"start":{"line":21,"column":27},"end":{"line":70,"column":3}},"line":21},"2":{"name":"(anonymous_2)","decl":{"start":{"line":75,"column":2},"end":{"line":75,"column":3}},"loc":{"start":{"line":75,"column":27},"end":{"line":124,"column":3}},"line":75},"3":{"name":"(anonymous_3)","decl":{"start":{"line":129,"column":2},"end":{"line":129,"column":3}},"loc":{"start":{"line":129,"column":25},"end":{"line":161,"column":3}},"line":129},"4":{"name":"(anonymous_4)","decl":{"start":{"line":166,"column":2},"end":{"line":166,"column":3}},"loc":{"start":{"line":166,"column":35},"end":{"line":188,"column":3}},"line":166},"5":{"name":"(anonymous_5)","decl":{"start":{"line":193,"column":2},"end":{"line":193,"column":3}},"loc":{"start":{"line":193,"column":17},"end":{"line":215,"column":3}},"line":193},"6":{"name":"(anonymous_6)","decl":{"start":{"line":220,"column":2},"end":{"line":220,"column":3}},"loc":{"start":{"line":220,"column":27},"end":{"line":231,"column":3}},"line":220},"7":{"name":"(anonymous_7)","decl":{"start":{"line":236,"column":2},"end":{"line":236,"column":3}},"loc":{"start":{"line":236,"column":20},"end":{"line":242,"column":3}},"line":236},"8":{"name":"(anonymous_8)","decl":{"start":{"line":247,"column":2},"end":{"line":247,"column":3}},"loc":{"start":{"line":247,"column":13},"end":{"line":253,"column":3}},"line":247},"9":{"name":"(anonymous_9)","decl":{"start":{"line":258,"column":2},"end":{"line":258,"column":3}},"loc":{"start":{"line":258,"column":12},"end":{"line":264,"column":3}},"line":258},"10":{"name":"(anonymous_10)","decl":{"start":{"line":269,"column":2},"end":{"line":269,"column":3}},"loc":{"start":{"line":269,"column":23},"end":{"line":286,"column":3}},"line":269},"11":{"name":"(anonymous_11)","decl":{"start":{"line":291,"column":2},"end":{"line":291,"column":3}},"loc":{"start":{"line":291,"column":37},"end":{"line":299,"column":3}},"line":291},"12":{"name":"(anonymous_12)","decl":{"start":{"line":304,"column":2},"end":{"line":304,"column":3}},"loc":{"start":{"line":304,"column":22},"end":{"line":328,"column":3}},"line":304},"13":{"name":"(anonymous_13)","decl":{"start":{"line":333,"column":2},"end":{"line":333,"column":3}},"loc":{"start":{"line":333,"column":37},"end":{"line":336,"column":3}},"line":333},"14":{"name":"(anonymous_14)","decl":{"start":{"line":341,"column":2},"end":{"line":341,"column":3}},"loc":{"start":{"line":341,"column":21},"end":{"line":351,"column":3}},"line":341}},"branchMap":{"0":{"loc":{"start":{"line":22,"column":4},"end":{"line":69,"column":5}},"type":"if","locations":[{"start":{"line":22,"column":4},"end":{"line":69,"column":5}},{"start":{"line":50,"column":11},"end":{"line":69,"column":5}}],"line":22},"1":{"loc":{"start":{"line":76,"column":4},"end":{"line":123,"column":5}},"type":"if","locations":[{"start":{"line":76,"column":4},"end":{"line":123,"column":5}},{"start":{"line":104,"column":11},"end":{"line":123,"column":5}}],"line":76},"2":{"loc":{"start":{"line":130,"column":4},"end":{"line":160,"column":5}},"type":"if","locations":[{"start":{"line":130,"column":4},"end":{"line":160,"column":5}},{"start":{"line":152,"column":11},"end":{"line":160,"column":5}}],"line":130},"3":{"loc":{"start":{"line":167,"column":4},"end":{"line":187,"column":5}},"type":"if","locations":[{"start":{"line":167,"column":4},"end":{"line":187,"column":5}},{"start":{"line":185,"column":11},"end":{"line":187,"column":5}}],"line":167},"4":{"loc":{"start":{"line":197,"column":4},"end":{"line":204,"column":5}},"type":"if","locations":[{"start":{"line":197,"column":4},"end":{"line":204,"column":5}},{"start":{},"end":{}}],"line":197},"5":{"loc":{"start":{"line":221,"column":4},"end":{"line":227,"column":5}},"type":"if","locations":[{"start":{"line":221,"column":4},"end":{"line":227,"column":5}},{"start":{},"end":{}}],"line":221},"6":{"loc":{"start":{"line":230,"column":11},"end":{"line":230,"column":63}},"type":"binary-expr","locations":[{"start":{"line":230,"column":11},"end":{"line":230,"column":18}},{"start":{"line":230,"column":22},"end":{"line":230,"column":43}},{"start":{"line":230,"column":47},"end":{"line":230,"column":63}}],"line":230},"7":{"loc":{"start":{"line":237,"column":4},"end":{"line":241,"column":5}},"type":"if","locations":[{"start":{"line":237,"column":4},"end":{"line":241,"column":5}},{"start":{"line":239,"column":11},"end":{"line":241,"column":5}}],"line":237},"8":{"loc":{"start":{"line":248,"column":4},"end":{"line":252,"column":5}},"type":"if","locations":[{"start":{"line":248,"column":4},"end":{"line":252,"column":5}},{"start":{"line":250,"column":11},"end":{"line":252,"column":5}}],"line":248},"9":{"loc":{"start":{"line":259,"column":4},"end":{"line":263,"column":5}},"type":"if","locations":[{"start":{"line":259,"column":4},"end":{"line":263,"column":5}},{"start":{"line":261,"column":11},"end":{"line":263,"column":5}}],"line":259},"10":{"loc":{"start":{"line":270,"column":4},"end":{"line":276,"column":5}},"type":"if","locations":[{"start":{"line":270,"column":4},"end":{"line":276,"column":5}},{"start":{},"end":{}}],"line":270},"11":{"loc":{"start":{"line":308,"column":15},"end":{"line":308,"column":51}},"type":"cond-expr","locations":[{"start":{"line":308,"column":33},"end":{"line":308,"column":42}},{"start":{"line":308,"column":45},"end":{"line":308,"column":51}}],"line":308},"12":{"loc":{"start":{"line":333,"column":18},"end":{"line":333,"column":35}},"type":"default-arg","locations":[{"start":{"line":333,"column":31},"end":{"line":333,"column":35}}],"line":333},"13":{"loc":{"start":{"line":335,"column":34},"end":{"line":335,"column":65}},"type":"cond-expr","locations":[{"start":{"line":335,"column":47},"end":{"line":335,"column":56}},{"start":{"line":335,"column":59},"end":{"line":335,"column":65}}],"line":335},"14":{"loc":{"start":{"line":343,"column":15},"end":{"line":343,"column":51}},"type":"cond-expr","locations":[{"start":{"line":343,"column":33},"end":{"line":343,"column":42}},{"start":{"line":343,"column":45},"end":{"line":343,"column":51}}],"line":343}},"s":{"0":3,"1":3,"2":3,"3":3,"4":0,"5":0,"6":0,"7":0,"8":0,"9":0,"10":0,"11":0,"12":0,"13":0,"14":0,"15":0,"16":0,"17":0,"18":0,"19":0,"20":0,"21":0,"22":0,"23":0,"24":0,"25":0,"26":0,"27":0,"28":0,"29":0,"30":0,"31":0,"32":0,"33":0,"34":0,"35":0,"36":0,"37":0,"38":0,"39":0,"40":0,"41":0,"42":0,"43":0,"44":0,"45":0,"46":0,"47":0,"48":0,"49":0,"50":0,"51":0,"52":0,"53":0,"54":0,"55":0,"56":0,"57":0,"58":0,"59":0,"60":0,"61":0,"62":0,"63":0,"64":0,"65":0,"66":0,"67":0,"68":0,"69":0,"70":0,"71":0,"72":0,"73":0,"74":0,"75":0,"76":0,"77":0,"78":0,"79":0,"80":0,"81":0,"82":0,"83":0,"84":0,"85":0,"86":0,"87":0,"88":0,"89":0,"90":0,"91":0,"92":0,"93":0,"94":0,"95":0,"96":0,"97":0,"98":0,"99":0,"100":0,"101":0,"102":0,"103":0,"104":0,"105":0,"106":0,"107":0,"108":0,"109":0,"110":0,"111":0,"112":0,"113":0,"114":0,"115":0,"116":0,"117":0,"118":0,"119":0,"120":0,"121":0,"122":0,"123":0,"124":0,"125":0},"f":{"0":3,"1":0,"2":0,"3":0,"4":0,"5":0,"6":0,"7":0,"8":0,"9":0,"10":0,"11":0,"12":0,"13":0,"14":0},"b":{"0":[0,0],"1":[0,0],"2":[0,0],"3":[0,0],"4":[0,0],"5":[0,0],"6":[0,0,0],"7":[0,0],"8":[0,0],"9":[0,0],"10":[0,0],"11":[0,0],"12":[0],"13":[0,0],"14":[0,0]},"_coverageSchema":"1a1c01bbd47fc00a2c39e90264f33305004495a9","hash":"19bb8906768609734afcdf048f2434768f249272"}
}
