TN:
SF:src/App.js
FN:40,App
FNF:1
FNH:0
FNDA:0,App
DA:41,0
LF:1
LH:0
BRF:0
BRH:0
end_of_record
TN:
SF:src/apolloClient.js
FN:15,(anonymous_0)
FN:32,(anonymous_1)
FN:50,(anonymous_2)
FN:51,(anonymous_3)
FN:73,(anonymous_4)
FNF:5
FNH:0
FNDA:0,(anonymous_0)
FNDA:0,(anonymous_1)
FNDA:0,(anonymous_2)
FNDA:0,(anonymous_3)
FNDA:0,(anonymous_4)
DA:15,0
DA:17,0
DA:19,0
DA:20,0
DA:23,0
DA:27,0
DA:32,0
DA:35,0
DA:39,0
DA:50,0
DA:51,0
DA:53,0
DA:54,0
DA:56,0
DA:61,0
DA:74,0
LF:16
LH:0
BRDA:19,0,0,0
BRDA:19,0,1,0
BRDA:20,1,0,0
BRDA:20,1,1,0
BRDA:35,2,0,0
BRDA:35,2,1,0
BRDA:42,3,0,0
BRDA:42,3,1,0
BRDA:53,4,0,0
BRDA:53,4,1,0
BRDA:73,5,0,0
BRF:11
BRH:0
end_of_record
TN:
SF:src/index.js
FN:9,(anonymous_0)
FN:24,(anonymous_1)
FNF:2
FNH:0
FNDA:0,(anonymous_0)
FNDA:0,(anonymous_1)
DA:9,0
DA:11,0
DA:17,0
DA:18,0
DA:19,0
DA:24,0
DA:25,0
DA:29,0
DA:30,0
DA:31,0
DA:35,0
DA:36,0
DA:45,0
DA:50,0
LF:14
LH:0
BRDA:11,0,0,0
BRDA:11,0,1,0
BRDA:11,1,0,0
BRDA:11,1,1,0
BRDA:11,1,2,0
BRDA:11,1,3,0
BRDA:11,1,4,0
BRDA:25,2,0,0
BRDA:25,2,1,0
BRDA:25,3,0,0
BRDA:25,3,1,0
BRDA:25,3,2,0
BRF:12
BRH:0
end_of_record
TN:
SF:src/reportWebVitals.js
FN:1,(anonymous_0)
FN:3,(anonymous_1)
FNF:2
FNH:0
FNDA:0,(anonymous_0)
FNDA:0,(anonymous_1)
DA:1,0
DA:2,0
DA:3,0
DA:4,0
DA:5,0
DA:6,0
DA:7,0
DA:8,0
LF:8
LH:0
BRDA:2,0,0,0
BRDA:2,0,1,0
BRDA:2,1,0,0
BRDA:2,1,1,0
BRF:4
BRH:0
end_of_record
TN:
SF:src/service-worker.js
FN:30,(anonymous_0)
FN:53,(anonymous_1)
FN:66,(anonymous_2)
FNF:3
FNH:0
FNDA:0,(anonymous_0)
FNDA:0,(anonymous_1)
FNDA:0,(anonymous_2)
DA:16,0
DA:22,0
DA:27,0
DA:28,0
DA:32,0
DA:33,0
DA:36,0
DA:37,0
DA:40,0
DA:41,0
DA:44,0
DA:51,0
DA:53,0
DA:66,0
DA:67,0
DA:68,0
LF:16
LH:0
BRDA:32,0,0,0
BRDA:32,0,1,0
BRDA:36,1,0,0
BRDA:36,1,1,0
BRDA:40,2,0,0
BRDA:40,2,1,0
BRDA:53,3,0,0
BRDA:53,3,1,0
BRDA:67,4,0,0
BRDA:67,4,1,0
BRDA:67,5,0,0
BRDA:67,5,1,0
BRF:12
BRH:0
end_of_record
TN:
SF:src/serviceWorkerRegistration.js
FN:21,register
FN:32,(anonymous_1)
FN:41,(anonymous_2)
FN:55,registerValidSW
FN:58,(anonymous_4)
FN:59,(anonymous_5)
FN:64,(anonymous_6)
FN:94,(anonymous_7)
FN:99,checkValidServiceWorker
FN:104,(anonymous_9)
FN:112,(anonymous_10)
FN:113,(anonymous_11)
FN:122,(anonymous_12)
FN:127,unregister
FN:130,(anonymous_14)
FN:133,(anonymous_15)
FNF:16
FNH:0
FNDA:0,register
FNDA:0,(anonymous_1)
FNDA:0,(anonymous_2)
FNDA:0,registerValidSW
FNDA:0,(anonymous_4)
FNDA:0,(anonymous_5)
FNDA:0,(anonymous_6)
FNDA:0,(anonymous_7)
FNDA:0,checkValidServiceWorker
FNDA:0,(anonymous_9)
FNDA:0,(anonymous_10)
FNDA:0,(anonymous_11)
FNDA:0,(anonymous_12)
FNDA:0,unregister
FNDA:0,(anonymous_14)
FNDA:0,(anonymous_15)
DA:13,0
DA:22,0
DA:24,0
DA:25,0
DA:29,0
DA:32,0
DA:33,0
DA:35,0
DA:37,0
DA:41,0
DA:42,0
DA:49,0
DA:56,0
DA:59,0
DA:60,0
DA:61,0
DA:62,0
DA:64,0
DA:65,0
DA:66,0
DA:70,0
DA:76,0
DA:77,0
DA:83,0
DA:86,0
DA:87,0
DA:95,0
DA:101,0
DA:106,0
DA:107,0
DA:112,0
DA:113,0
DA:114,0
DA:119,0
DA:123,0
DA:128,0
DA:129,0
DA:131,0
DA:134,0
LF:39
LH:0
BRDA:14,0,0,0
BRDA:14,0,1,0
BRDA:14,0,2,0
BRDA:22,1,0,0
BRDA:22,1,1,0
BRDA:22,2,0,0
BRDA:22,2,1,0
BRDA:25,3,0,0
BRDA:25,3,1,0
BRDA:35,4,0,0
BRDA:35,4,1,0
BRDA:61,5,0,0
BRDA:61,5,1,0
BRDA:65,6,0,0
BRDA:65,6,1,0
BRDA:66,7,0,0
BRDA:66,7,1,0
BRDA:76,8,0,0
BRDA:76,8,1,0
BRDA:76,9,0,0
BRDA:76,9,1,0
BRDA:86,10,0,0
BRDA:86,10,1,0
BRDA:86,11,0,0
BRDA:86,11,1,0
BRDA:107,12,0,0
BRDA:107,12,1,0
BRDA:108,13,0,0
BRDA:108,13,1,0
BRDA:108,13,2,0
BRDA:128,14,0,0
BRDA:128,14,1,0
BRF:32
BRH:0
end_of_record
TN:
SF:src/components/AuthDebug.jsx
FN:5,(anonymous_0)
FN:8,(anonymous_1)
FN:16,(anonymous_2)
FNF:3
FNH:0
FNDA:0,(anonymous_0)
FNDA:0,(anonymous_1)
FNDA:0,(anonymous_2)
DA:5,0
DA:6,0
DA:8,0
DA:9,0
DA:10,0
DA:11,0
DA:12,0
DA:13,0
DA:16,0
DA:17,0
DA:18,0
DA:19,0
DA:20,0
DA:22,0
DA:26,0
LF:15
LH:0
BRDA:39,0,0,0
BRDA:39,0,1,0
BRDA:40,1,0,0
BRDA:40,1,1,0
BRDA:41,2,0,0
BRDA:41,2,1,0
BRDA:41,3,0,0
BRDA:41,3,1,0
BRF:8
BRH:0
end_of_record
TN:
SF:src/components/BottomNavigation.jsx
FN:11,(anonymous_0)
FN:26,(anonymous_1)
FNF:2
FNH:0
FNDA:0,(anonymous_0)
FNDA:0,(anonymous_1)
DA:11,0
DA:12,0
DA:13,0
DA:14,0
DA:17,0
DA:18,0
DA:21,0
DA:23,0
DA:27,0
LF:9
LH:0
BRDA:17,0,0,0
BRDA:17,0,1,0
BRDA:17,1,0,0
BRDA:17,1,1,0
BRDA:30,2,0,0
BRDA:30,2,1,0
BRDA:32,3,0,0
BRDA:32,3,1,0
BRF:8
BRH:0
end_of_record
TN:
SF:src/components/ErrorBoundary.jsx
FN:4,(anonymous_0)
FN:9,(anonymous_1)
FN:14,(anonymous_2)
FN:40,(anonymous_3)
FN:60,(anonymous_4)
FNF:5
FNH:0
FNDA:0,(anonymous_0)
FNDA:0,(anonymous_1)
FNDA:0,(anonymous_2)
FNDA:0,(anonymous_3)
FNDA:0,(anonymous_4)
DA:5,0
DA:6,0
DA:11,0
DA:17,0
DA:21,0
DA:22,0
DA:24,0
DA:29,0
DA:33,0
DA:34,0
DA:41,0
DA:43,0
DA:60,0
DA:78,0
LF:14
LH:0
BRDA:17,0,0,0
BRDA:17,0,1,0
BRDA:17,0,2,0
BRDA:21,1,0,0
BRDA:21,1,1,0
BRDA:41,2,0,0
BRDA:41,2,1,0
BRDA:41,3,0,0
BRDA:41,3,1,0
BRDA:55,4,0,0
BRDA:55,4,1,0
BRF:11
BRH:0
end_of_record
TN:
SF:src/components/HamburgerMenu.jsx
FN:12,(anonymous_0)
FN:24,(anonymous_1)
FN:29,(anonymous_2)
FN:41,(anonymous_3)
FN:99,(anonymous_4)
FN:103,(anonymous_5)
FNF:6
FNH:0
FNDA:0,(anonymous_0)
FNDA:0,(anonymous_1)
FNDA:0,(anonymous_2)
FNDA:0,(anonymous_3)
FNDA:0,(anonymous_4)
FNDA:0,(anonymous_5)
DA:12,0
DA:13,0
DA:14,0
DA:15,0
DA:18,0
DA:19,0
DA:22,0
DA:24,0
DA:25,0
DA:26,0
DA:29,0
DA:30,0
DA:33,0
DA:41,0
DA:100,0
DA:104,0
LF:16
LH:0
BRDA:18,0,0,0
BRDA:18,0,1,0
BRDA:18,1,0,0
BRDA:18,1,1,0
BRDA:63,2,0,0
BRDA:63,2,1,0
BRDA:67,3,0,0
BRDA:67,3,1,0
BRDA:70,4,0,0
BRDA:70,4,1,0
BRDA:70,4,2,0
BRDA:74,5,0,0
BRDA:74,5,1,0
BRDA:74,5,2,0
BRDA:124,6,0,0
BRDA:124,6,1,0
BRF:16
BRH:0
end_of_record
TN:
SF:src/components/MobileLayout.jsx
FN:13,(anonymous_0)
FNF:1
FNH:0
FNDA:0,(anonymous_0)
DA:13,0
DA:20,0
DA:21,0
DA:24,0
DA:27,0
DA:36,0
DA:38,0
DA:45,0
DA:68,0
LF:9
LH:0
BRDA:15,0,0,0
BRDA:16,1,0,0
BRDA:17,2,0,0
BRDA:18,3,0,0
BRDA:24,4,0,0
BRDA:24,4,1,0
BRDA:24,4,2,0
BRDA:30,5,0,0
BRDA:30,5,1,0
BRDA:31,6,0,0
BRDA:31,6,1,0
BRDA:32,7,0,0
BRDA:32,7,1,0
BRDA:36,8,0,0
BRDA:36,8,1,0
BRDA:58,9,0,0
BRDA:58,9,1,0
BRF:17
BRH:0
end_of_record
TN:
SF:src/components/ProtectedRoute.jsx
FN:10,(anonymous_0)
FNF:1
FNH:0
FNDA:0,(anonymous_0)
DA:10,0
DA:11,0
DA:12,0
DA:15,0
DA:16,0
DA:29,0
DA:30,0
DA:34,0
LF:8
LH:0
BRDA:15,0,0,0
BRDA:15,0,1,0
BRDA:29,1,0,0
BRDA:29,1,1,0
BRF:4
BRH:0
end_of_record
TN:
SF:src/components/Toast.jsx
FN:4,(anonymous_0)
FN:7,(anonymous_1)
FN:8,(anonymous_2)
FN:15,(anonymous_3)
FN:22,(anonymous_4)
FN:43,(anonymous_5)
FNF:6
FNH:0
FNDA:0,(anonymous_0)
FNDA:0,(anonymous_1)
FNDA:0,(anonymous_2)
FNDA:0,(anonymous_3)
FNDA:0,(anonymous_4)
FNDA:0,(anonymous_5)
DA:4,0
DA:5,0
DA:7,0
DA:8,0
DA:9,0
DA:10,0
DA:11,0
DA:15,0
DA:18,0
DA:19,0
DA:22,0
DA:23,0
DA:25,0
DA:27,0
DA:29,0
DA:32,0
DA:36,0
DA:44,0
DA:45,0
DA:46,0
LF:20
LH:0
BRDA:4,0,0,0
BRDA:4,1,0,0
BRDA:10,2,0,0
BRDA:10,2,1,0
BRDA:18,3,0,0
BRDA:18,3,1,0
BRDA:23,4,0,0
BRDA:23,4,1,0
BRDA:23,4,2,0
BRDA:23,4,3,0
BRDA:23,4,4,0
BRDA:37,5,0,0
BRDA:37,5,1,0
BRDA:45,6,0,0
BRDA:45,6,1,0
BRF:15
BRH:0
end_of_record
TN:
SF:src/context/AuthContext.jsx
FN:12,(anonymous_0)
FN:20,(anonymous_1)
FN:32,(anonymous_2)
FN:33,(anonymous_3)
FN:105,(anonymous_4)
FN:148,(anonymous_5)
FN:173,(anonymous_6)
FN:196,(anonymous_7)
FN:220,(anonymous_8)
FN:233,(anonymous_9)
FNF:10
FNH:0
FNDA:0,(anonymous_0)
FNDA:0,(anonymous_1)
FNDA:0,(anonymous_2)
FNDA:0,(anonymous_3)
FNDA:0,(anonymous_4)
FNDA:0,(anonymous_5)
FNDA:0,(anonymous_6)
FNDA:0,(anonymous_7)
FNDA:0,(anonymous_8)
FNDA:0,(anonymous_9)
DA:10,0
DA:12,0
DA:13,0
DA:14,0
DA:15,0
DA:17,0
DA:20,0
DA:21,0
DA:22,0
DA:23,0
DA:26,0
DA:29,0
DA:32,0
DA:33,0
DA:34,0
DA:36,0
DA:37,0
DA:38,0
DA:52,0
DA:53,0
DA:54,0
DA:57,0
DA:58,0
DA:60,0
DA:61,0
DA:64,0
DA:65,0
DA:66,0
DA:67,0
DA:68,0
DA:69,0
DA:70,0
DA:72,0
DA:74,0
DA:75,0
DA:76,0
DA:77,0
DA:78,0
DA:80,0
DA:82,0
DA:83,0
DA:87,0
DA:88,0
DA:91,0
DA:92,0
DA:93,0
DA:95,0
DA:99,0
DA:105,0
DA:106,0
DA:107,0
DA:110,0
DA:111,0
DA:112,0
DA:114,0
DA:115,0
DA:116,0
DA:117,0
DA:118,0
DA:120,0
DA:121,0
DA:125,0
DA:127,0
DA:128,0
DA:129,0
DA:130,0
DA:131,0
DA:133,0
DA:134,0
DA:138,0
DA:139,0
DA:141,0
DA:148,0
DA:149,0
DA:150,0
DA:151,0
DA:153,0
DA:154,0
DA:155,0
DA:156,0
DA:157,0
DA:159,0
DA:160,0
DA:163,0
DA:164,0
DA:166,0
DA:173,0
DA:174,0
DA:175,0
DA:178,0
DA:179,0
DA:180,0
DA:182,0
DA:185,0
DA:187,0
DA:188,0
DA:189,0
DA:196,0
DA:197,0
DA:198,0
DA:199,0
DA:201,0
DA:202,0
DA:203,0
DA:204,0
DA:206,0
DA:207,0
DA:210,0
DA:211,0
DA:213,0
DA:220,0
DA:221,0
DA:222,0
DA:223,0
DA:225,0
DA:226,0
DA:233,0
DA:234,0
DA:235,0
DA:236,0
DA:237,0
DA:238,0
DA:240,0
DA:242,0
DA:243,0
DA:247,0
DA:263,0
LF:127
LH:0
BRDA:14,0,0,0
BRDA:14,0,1,0
BRDA:26,1,0,0
BRDA:26,1,1,0
BRDA:36,2,0,0
BRDA:36,2,1,0
BRDA:64,3,0,0
BRDA:64,3,1,0
BRDA:67,4,0,0
BRDA:67,4,1,0
BRDA:75,5,0,0
BRDA:75,5,1,0
BRDA:110,6,0,0
BRDA:110,6,1,0
BRDA:114,7,0,0
BRDA:114,7,1,0
BRDA:127,8,0,0
BRDA:127,8,1,0
BRDA:153,9,0,0
BRDA:153,9,1,0
BRDA:178,10,0,0
BRDA:178,10,1,0
BRDA:201,11,0,0
BRDA:201,11,1,0
BRDA:236,12,0,0
BRDA:236,12,1,0
BRF:26
BRH:0
end_of_record
TN:
SF:src/context/JobContext.jsx
FN:7,(anonymous_0)
FN:25,(anonymous_1)
FN:26,(anonymous_2)
FN:81,(anonymous_3)
FN:93,(anonymous_4)
FN:105,(anonymous_5)
FN:111,(anonymous_6)
FN:115,(anonymous_7)
FN:116,(anonymous_8)
FN:128,(anonymous_9)
FN:132,(anonymous_10)
FN:133,(anonymous_11)
FN:145,(anonymous_12)
FN:149,(anonymous_13)
FN:150,(anonymous_14)
FNF:15
FNH:0
FNDA:0,(anonymous_0)
FNDA:0,(anonymous_1)
FNDA:0,(anonymous_2)
FNDA:0,(anonymous_3)
FNDA:0,(anonymous_4)
FNDA:0,(anonymous_5)
FNDA:0,(anonymous_6)
FNDA:0,(anonymous_7)
FNDA:0,(anonymous_8)
FNDA:0,(anonymous_9)
FNDA:0,(anonymous_10)
FNDA:0,(anonymous_11)
FNDA:0,(anonymous_12)
FNDA:0,(anonymous_13)
FNDA:0,(anonymous_14)
DA:5,0
DA:7,0
DA:8,0
DA:9,0
DA:10,0
DA:20,0
DA:21,0
DA:22,0
DA:23,0
DA:25,0
DA:26,0
DA:27,0
DA:28,0
DA:30,0
DA:32,0
DA:33,0
DA:34,0
DA:35,0
DA:36,0
DA:37,0
DA:42,0
DA:47,0
DA:53,0
DA:55,0
DA:56,0
DA:57,0
DA:58,0
DA:60,0
DA:61,0
DA:64,0
DA:65,0
DA:68,0
DA:69,0
DA:70,0
DA:71,0
DA:74,0
DA:77,0
DA:81,0
DA:82,0
DA:83,0
DA:85,0
DA:86,0
DA:92,0
DA:93,0
DA:94,0
DA:97,0
DA:98,0
DA:101,0
DA:105,0
DA:106,0
DA:107,0
DA:111,0
DA:112,0
DA:113,0
DA:115,0
DA:116,0
DA:117,0
DA:120,0
DA:122,0
DA:123,0
DA:128,0
DA:129,0
DA:130,0
DA:132,0
DA:133,0
DA:134,0
DA:137,0
DA:139,0
DA:140,0
DA:145,0
DA:146,0
DA:147,0
DA:149,0
DA:150,0
DA:151,0
DA:154,0
DA:156,0
DA:157,0
DA:161,0
DA:186,0
LF:80
LH:0
BRDA:32,0,0,0
BRDA:32,0,1,0
BRDA:55,1,0,0
BRDA:55,1,1,0
BRDA:55,2,0,0
BRDA:55,2,1,0
BRDA:57,3,0,0
BRDA:57,3,1,0
BRDA:58,4,0,0
BRDA:58,4,1,0
BRDA:81,5,0,0
BRDA:92,6,0,0
BRDA:92,6,1,0
BRDA:92,7,0,0
BRDA:92,7,1,0
BRDA:111,8,0,0
BRDA:117,9,0,0
BRDA:117,9,1,0
BRDA:134,10,0,0
BRDA:134,10,1,0
BRDA:151,11,0,0
BRDA:151,11,1,0
BRF:22
BRH:0
end_of_record
TN:
SF:src/context/ToastContext.jsx
FN:6,(anonymous_0)
FN:14,(anonymous_1)
FN:17,(anonymous_2)
FN:21,(anonymous_3)
FN:24,(anonymous_4)
FN:31,(anonymous_5)
FN:32,(anonymous_6)
FN:32,(anonymous_7)
FN:35,(anonymous_8)
FN:36,(anonymous_9)
FN:37,(anonymous_10)
FN:38,(anonymous_11)
FN:55,(anonymous_12)
FN:61,(anonymous_13)
FNF:14
FNH:0
FNDA:0,(anonymous_0)
FNDA:0,(anonymous_1)
FNDA:0,(anonymous_2)
FNDA:0,(anonymous_3)
FNDA:0,(anonymous_4)
FNDA:0,(anonymous_5)
FNDA:0,(anonymous_6)
FNDA:0,(anonymous_7)
FNDA:0,(anonymous_8)
FNDA:0,(anonymous_9)
FNDA:0,(anonymous_10)
FNDA:0,(anonymous_11)
FNDA:0,(anonymous_12)
FNDA:0,(anonymous_13)
DA:4,0
DA:6,0
DA:7,0
DA:8,0
DA:9,0
DA:11,0
DA:14,0
DA:15,0
DA:17,0
DA:18,0
DA:19,0
DA:21,0
DA:24,0
DA:25,0
DA:28,0
DA:31,0
DA:32,0
DA:35,0
DA:36,0
DA:37,0
DA:38,0
DA:40,0
DA:49,0
DA:56,0
DA:61,0
LF:25
LH:0
BRDA:8,0,0,0
BRDA:8,0,1,0
BRDA:17,1,0,0
BRDA:17,2,0,0
BRF:4
BRH:0
end_of_record
TN:
SF:src/graphql/mutations.js
FNF:0
FNH:0
DA:14,0
DA:22,0
DA:30,0
DA:40,0
DA:59,0
DA:114,0
DA:134,0
DA:148,0
DA:171,0
DA:194,0
DA:238,0
DA:282,0
DA:291,0
DA:338,0
DA:385,0
DA:394,0
LF:16
LH:0
BRF:0
BRH:0
end_of_record
TN:
SF:src/graphql/queries.js
FNF:0
FNH:0
DA:14,0
DA:85,0
DA:158,0
DA:201,0
DA:225,0
DA:249,0
DA:289,0
DA:302,0
DA:315,0
DA:328,0
DA:345,0
DA:362,0
DA:388,0
DA:413,0
DA:435,0
DA:447,0
DA:463,0
DA:489,0
DA:525,0
LF:19
LH:0
BRF:0
BRH:0
end_of_record
TN:
SF:src/hooks/index.js
FNF:0
FNH:0
LF:0
LH:0
BRF:0
BRH:0
end_of_record
TN:
SF:src/hooks/useApplications.js
FN:9,(anonymous_0)
FN:20,(anonymous_1)
FN:42,(anonymous_2)
FN:67,(anonymous_3)
FN:88,(anonymous_4)
FN:111,(anonymous_5)
FN:118,(anonymous_6)
FN:123,(anonymous_7)
FN:128,(anonymous_8)
FN:129,(anonymous_9)
FN:134,(anonymous_10)
FN:153,(anonymous_11)
FN:164,(anonymous_12)
FN:165,(anonymous_13)
FN:180,(anonymous_14)
FN:191,(anonymous_15)
FN:192,(anonymous_16)
FN:210,(anonymous_17)
FN:218,(anonymous_18)
FN:219,(anonymous_19)
FN:232,(anonymous_20)
FN:240,(anonymous_21)
FN:240,(anonymous_22)
FN:241,(anonymous_23)
FN:254,(anonymous_24)
FN:263,(anonymous_25)
FN:280,(anonymous_26)
FN:281,(anonymous_27)
FN:285,(anonymous_28)
FN:286,(anonymous_29)
FN:290,(anonymous_30)
FN:291,(anonymous_31)
FN:295,(anonymous_32)
FN:307,(anonymous_33)
FN:347,(anonymous_34)
FN:348,(anonymous_35)
FNF:36
FNH:0
FNDA:0,(anonymous_0)
FNDA:0,(anonymous_1)
FNDA:0,(anonymous_2)
FNDA:0,(anonymous_3)
FNDA:0,(anonymous_4)
FNDA:0,(anonymous_5)
FNDA:0,(anonymous_6)
FNDA:0,(anonymous_7)
FNDA:0,(anonymous_8)
FNDA:0,(anonymous_9)
FNDA:0,(anonymous_10)
FNDA:0,(anonymous_11)
FNDA:0,(anonymous_12)
FNDA:0,(anonymous_13)
FNDA:0,(anonymous_14)
FNDA:0,(anonymous_15)
FNDA:0,(anonymous_16)
FNDA:0,(anonymous_17)
FNDA:0,(anonymous_18)
FNDA:0,(anonymous_19)
FNDA:0,(anonymous_20)
FNDA:0,(anonymous_21)
FNDA:0,(anonymous_22)
FNDA:0,(anonymous_23)
FNDA:0,(anonymous_24)
FNDA:0,(anonymous_25)
FNDA:0,(anonymous_26)
FNDA:0,(anonymous_27)
FNDA:0,(anonymous_28)
FNDA:0,(anonymous_29)
FNDA:0,(anonymous_30)
FNDA:0,(anonymous_31)
FNDA:0,(anonymous_32)
FNDA:0,(anonymous_33)
FNDA:0,(anonymous_34)
FNDA:0,(anonymous_35)
DA:9,0
DA:10,0
DA:11,0
DA:12,0
DA:13,0
DA:14,0
DA:15,0
DA:16,0
DA:17,0
DA:20,0
DA:21,0
DA:22,0
DA:23,0
DA:25,0
DA:32,0
DA:34,0
DA:36,0
DA:37,0
DA:39,0
DA:42,0
DA:44,0
DA:45,0
DA:48,0
DA:49,0
DA:50,0
DA:53,0
DA:55,0
DA:57,0
DA:58,0
DA:59,0
DA:60,0
DA:62,0
DA:67,0
DA:68,0
DA:69,0
DA:70,0
DA:72,0
DA:78,0
DA:80,0
DA:82,0
DA:83,0
DA:85,0
DA:88,0
DA:90,0
DA:93,0
DA:94,0
DA:97,0
DA:99,0
DA:101,0
DA:102,0
DA:103,0
DA:104,0
DA:106,0
DA:111,0
DA:112,0
DA:114,0
DA:118,0
DA:119,0
DA:123,0
DA:124,0
DA:128,0
DA:129,0
DA:130,0
DA:134,0
DA:135,0
DA:136,0
DA:137,0
DA:139,0
DA:140,0
DA:141,0
DA:142,0
DA:144,0
DA:145,0
DA:146,0
DA:148,0
DA:153,0
DA:154,0
DA:155,0
DA:156,0
DA:158,0
DA:159,0
DA:161,0
DA:162,0
DA:164,0
DA:165,0
DA:166,0
DA:168,0
DA:171,0
DA:172,0
DA:173,0
DA:175,0
DA:180,0
DA:181,0
DA:182,0
DA:183,0
DA:185,0
DA:186,0
DA:188,0
DA:189,0
DA:191,0
DA:192,0
DA:193,0
DA:196,0
DA:198,0
DA:201,0
DA:202,0
DA:203,0
DA:205,0
DA:210,0
DA:211,0
DA:212,0
DA:213,0
DA:215,0
DA:216,0
DA:218,0
DA:219,0
DA:220,0
DA:222,0
DA:225,0
DA:226,0
DA:227,0
DA:232,0
DA:233,0
DA:234,0
DA:235,0
DA:237,0
DA:238,0
DA:240,0
DA:241,0
DA:242,0
DA:244,0
DA:247,0
DA:248,0
DA:249,0
DA:254,0
DA:255,0
DA:259,0
DA:263,0
DA:264,0
DA:265,0
DA:266,0
DA:267,0
DA:268,0
DA:270,0
DA:271,0
DA:280,0
DA:281,0
DA:285,0
DA:286,0
DA:290,0
DA:291,0
DA:295,0
DA:296,0
DA:297,0
DA:301,0
DA:302,0
DA:303,0
DA:304,0
DA:307,0
DA:308,0
DA:309,0
DA:312,0
DA:347,0
DA:348,0
LF:164
LH:0
BRDA:9,0,0,0
BRDA:20,1,0,0
BRDA:20,2,0,0
BRDA:36,3,0,0
BRDA:36,3,1,0
BRDA:36,4,0,0
BRDA:36,4,1,0
BRDA:37,5,0,0
BRDA:37,5,1,0
BRDA:44,6,0,0
BRDA:44,6,1,0
BRDA:67,7,0,0
BRDA:67,8,0,0
BRDA:82,9,0,0
BRDA:82,9,1,0
BRDA:82,10,0,0
BRDA:82,10,1,0
BRDA:83,11,0,0
BRDA:83,11,1,0
BRDA:90,12,0,0
BRDA:90,12,1,0
BRDA:112,13,0,0
BRDA:112,13,1,0
BRDA:112,14,0,0
BRDA:112,14,1,0
BRDA:158,15,0,0
BRDA:158,15,1,0
BRDA:161,16,0,0
BRDA:161,16,1,0
BRDA:168,17,0,0
BRDA:168,17,1,0
BRDA:188,18,0,0
BRDA:188,18,1,0
BRDA:193,19,0,0
BRDA:193,19,1,0
BRDA:198,20,0,0
BRDA:198,20,1,0
BRDA:210,21,0,0
BRDA:215,22,0,0
BRDA:215,22,1,0
BRDA:222,23,0,0
BRDA:222,23,1,0
BRDA:237,24,0,0
BRDA:237,24,1,0
BRDA:244,25,0,0
BRDA:244,25,1,0
BRDA:303,26,0,0
BRDA:303,26,1,0
BRDA:303,26,2,0
BRDA:304,27,0,0
BRDA:304,27,1,0
BRDA:304,27,2,0
BRDA:308,28,0,0
BRDA:308,28,1,0
BRF:54
BRH:0
end_of_record
TN:
SF:src/hooks/useAuth.js
FN:10,(anonymous_0)
FN:16,(anonymous_1)
FN:44,(anonymous_2)
FN:72,(anonymous_3)
FN:92,(anonymous_4)
FN:120,(anonymous_5)
FN:148,(anonymous_6)
FN:174,(anonymous_7)
FN:190,(anonymous_8)
FN:209,(anonymous_9)
FN:226,(anonymous_10)
FN:238,(anonymous_11)
FN:248,(anonymous_12)
FN:291,(anonymous_13)
FN:292,(anonymous_14)
FNF:15
FNH:0
FNDA:0,(anonymous_0)
FNDA:0,(anonymous_1)
FNDA:0,(anonymous_2)
FNDA:0,(anonymous_3)
FNDA:0,(anonymous_4)
FNDA:0,(anonymous_5)
FNDA:0,(anonymous_6)
FNDA:0,(anonymous_7)
FNDA:0,(anonymous_8)
FNDA:0,(anonymous_9)
FNDA:0,(anonymous_10)
FNDA:0,(anonymous_11)
FNDA:0,(anonymous_12)
FNDA:0,(anonymous_13)
FNDA:0,(anonymous_14)
DA:10,0
DA:11,0
DA:12,0
DA:13,0
DA:16,0
DA:17,0
DA:18,0
DA:19,0
DA:21,0
DA:22,0
DA:24,0
DA:25,0
DA:26,0
DA:28,0
DA:29,0
DA:30,0
DA:31,0
DA:34,0
DA:35,0
DA:36,0
DA:37,0
DA:39,0
DA:44,0
DA:45,0
DA:46,0
DA:47,0
DA:49,0
DA:50,0
DA:52,0
DA:53,0
DA:54,0
DA:56,0
DA:57,0
DA:58,0
DA:59,0
DA:62,0
DA:63,0
DA:64,0
DA:65,0
DA:67,0
DA:72,0
DA:73,0
DA:74,0
DA:75,0
DA:77,0
DA:78,0
DA:79,0
DA:80,0
DA:82,0
DA:83,0
DA:84,0
DA:85,0
DA:87,0
DA:92,0
DA:93,0
DA:94,0
DA:95,0
DA:97,0
DA:98,0
DA:100,0
DA:101,0
DA:102,0
DA:104,0
DA:105,0
DA:106,0
DA:107,0
DA:110,0
DA:111,0
DA:112,0
DA:113,0
DA:115,0
DA:120,0
DA:121,0
DA:122,0
DA:123,0
DA:125,0
DA:126,0
DA:128,0
DA:129,0
DA:130,0
DA:132,0
DA:133,0
DA:134,0
DA:135,0
DA:138,0
DA:139,0
DA:140,0
DA:141,0
DA:143,0
DA:148,0
DA:149,0
DA:150,0
DA:151,0
DA:153,0
DA:154,0
DA:156,0
DA:157,0
DA:158,0
DA:160,0
DA:161,0
DA:164,0
DA:165,0
DA:166,0
DA:167,0
DA:169,0
DA:174,0
DA:175,0
DA:176,0
DA:177,0
DA:179,0
DA:180,0
DA:181,0
DA:182,0
DA:184,0
DA:185,0
DA:190,0
DA:191,0
DA:192,0
DA:193,0
DA:194,0
DA:195,0
DA:197,0
DA:198,0
DA:209,0
DA:210,0
DA:211,0
DA:212,0
DA:213,0
DA:214,0
DA:216,0
DA:217,0
DA:226,0
DA:227,0
DA:228,0
DA:232,0
DA:233,0
DA:234,0
DA:235,0
DA:238,0
DA:239,0
DA:248,0
DA:249,0
DA:252,0
DA:256,0
DA:262,0
DA:291,0
DA:292,0
LF:147
LH:0
BRDA:24,0,0,0
BRDA:24,0,1,0
BRDA:28,1,0,0
BRDA:28,1,1,0
BRDA:34,2,0,0
BRDA:34,2,1,0
BRDA:52,3,0,0
BRDA:52,3,1,0
BRDA:56,4,0,0
BRDA:56,4,1,0
BRDA:62,5,0,0
BRDA:62,5,1,0
BRDA:82,6,0,0
BRDA:82,6,1,0
BRDA:100,7,0,0
BRDA:100,7,1,0
BRDA:104,8,0,0
BRDA:104,8,1,0
BRDA:110,9,0,0
BRDA:110,9,1,0
BRDA:128,10,0,0
BRDA:128,10,1,0
BRDA:132,11,0,0
BRDA:132,11,1,0
BRDA:138,12,0,0
BRDA:138,12,1,0
BRDA:156,13,0,0
BRDA:156,13,1,0
BRDA:164,14,0,0
BRDA:164,14,1,0
BRDA:177,15,0,0
BRDA:177,15,1,0
BRDA:181,16,0,0
BRDA:181,16,1,0
BRDA:226,17,0,0
BRDA:227,18,0,0
BRDA:227,18,1,0
BRDA:235,19,0,0
BRDA:235,19,1,0
BRDA:238,20,0,0
BRDA:238,20,1,0
BRDA:249,21,0,0
BRDA:249,21,1,0
BRDA:256,22,0,0
BRDA:256,22,1,0
BRDA:256,22,2,0
BRDA:256,22,3,0
BRDA:256,22,4,0
BRDA:256,22,5,0
BRDA:257,23,0,0
BRDA:257,23,1,0
BRDA:257,24,0,0
BRDA:257,24,1,0
BRF:53
BRH:0
end_of_record
TN:
SF:src/hooks/useJobs.js
FN:9,(anonymous_0)
FN:18,(anonymous_1)
FN:40,(anonymous_2)
FN:50,(anonymous_3)
FN:73,(anonymous_4)
FN:80,(anonymous_5)
FN:85,(anonymous_6)
FN:86,(anonymous_7)
FN:91,(anonymous_8)
FN:107,(anonymous_9)
FN:126,(anonymous_10)
FN:152,(anonymous_11)
FN:158,(anonymous_12)
FN:159,(anonymous_13)
FN:174,(anonymous_14)
FN:180,(anonymous_15)
FN:181,(anonymous_16)
FN:196,(anonymous_17)
FN:202,(anonymous_18)
FN:203,(anonymous_19)
FN:218,(anonymous_20)
FN:227,(anonymous_21)
FN:236,(anonymous_22)
FN:245,(anonymous_23)
FN:266,(anonymous_24)
FN:304,(anonymous_25)
FN:305,(anonymous_26)
FNF:27
FNH:0
FNDA:0,(anonymous_0)
FNDA:0,(anonymous_1)
FNDA:0,(anonymous_2)
FNDA:0,(anonymous_3)
FNDA:0,(anonymous_4)
FNDA:0,(anonymous_5)
FNDA:0,(anonymous_6)
FNDA:0,(anonymous_7)
FNDA:0,(anonymous_8)
FNDA:0,(anonymous_9)
FNDA:0,(anonymous_10)
FNDA:0,(anonymous_11)
FNDA:0,(anonymous_12)
FNDA:0,(anonymous_13)
FNDA:0,(anonymous_14)
FNDA:0,(anonymous_15)
FNDA:0,(anonymous_16)
FNDA:0,(anonymous_17)
FNDA:0,(anonymous_18)
FNDA:0,(anonymous_19)
FNDA:0,(anonymous_20)
FNDA:0,(anonymous_21)
FNDA:0,(anonymous_22)
FNDA:0,(anonymous_23)
FNDA:0,(anonymous_24)
FNDA:0,(anonymous_25)
FNDA:0,(anonymous_26)
DA:9,0
DA:10,0
DA:11,0
DA:12,0
DA:13,0
DA:14,0
DA:15,0
DA:18,0
DA:19,0
DA:20,0
DA:21,0
DA:23,0
DA:30,0
DA:32,0
DA:34,0
DA:35,0
DA:37,0
DA:40,0
DA:42,0
DA:43,0
DA:44,0
DA:46,0
DA:47,0
DA:48,0
DA:50,0
DA:52,0
DA:53,0
DA:56,0
DA:57,0
DA:58,0
DA:61,0
DA:63,0
DA:64,0
DA:65,0
DA:66,0
DA:68,0
DA:73,0
DA:74,0
DA:76,0
DA:80,0
DA:81,0
DA:85,0
DA:86,0
DA:87,0
DA:91,0
DA:92,0
DA:102,0
DA:103,0
DA:107,0
DA:108,0
DA:109,0
DA:110,0
DA:112,0
DA:113,0
DA:114,0
DA:115,0
DA:117,0
DA:118,0
DA:119,0
DA:121,0
DA:126,0
DA:127,0
DA:128,0
DA:129,0
DA:131,0
DA:132,0
DA:134,0
DA:135,0
DA:137,0
DA:138,0
DA:140,0
DA:143,0
DA:144,0
DA:145,0
DA:147,0
DA:152,0
DA:153,0
DA:154,0
DA:155,0
DA:158,0
DA:159,0
DA:160,0
DA:164,0
DA:165,0
DA:167,0
DA:168,0
DA:169,0
DA:174,0
DA:175,0
DA:176,0
DA:177,0
DA:180,0
DA:181,0
DA:182,0
DA:186,0
DA:187,0
DA:189,0
DA:190,0
DA:191,0
DA:196,0
DA:197,0
DA:198,0
DA:199,0
DA:202,0
DA:203,0
DA:204,0
DA:208,0
DA:209,0
DA:211,0
DA:212,0
DA:213,0
DA:218,0
DA:219,0
DA:223,0
DA:227,0
DA:228,0
DA:232,0
DA:236,0
DA:237,0
DA:241,0
DA:245,0
DA:246,0
DA:247,0
DA:248,0
DA:249,0
DA:250,0
DA:252,0
DA:253,0
DA:266,0
DA:267,0
DA:271,0
DA:272,0
DA:273,0
DA:275,0
DA:304,0
DA:305,0
LF:136
LH:0
BRDA:9,0,0,0
BRDA:18,1,0,0
BRDA:18,2,0,0
BRDA:34,3,0,0
BRDA:34,3,1,0
BRDA:34,4,0,0
BRDA:34,4,1,0
BRDA:35,5,0,0
BRDA:35,5,1,0
BRDA:42,6,0,0
BRDA:42,6,1,0
BRDA:44,7,0,0
BRDA:44,7,1,0
BRDA:47,8,0,0
BRDA:47,8,1,0
BRDA:74,9,0,0
BRDA:74,9,1,0
BRDA:74,10,0,0
BRDA:74,10,1,0
BRDA:134,11,0,0
BRDA:134,11,1,0
BRDA:140,12,0,0
BRDA:140,12,1,0
BRDA:152,13,0,0
BRDA:160,14,0,0
BRDA:160,14,1,0
BRDA:182,15,0,0
BRDA:182,15,1,0
BRDA:196,16,0,0
BRDA:204,17,0,0
BRDA:204,17,1,0
BRDA:218,18,0,0
BRDA:227,19,0,0
BRDA:236,20,0,0
BRDA:272,21,0,0
BRDA:272,21,1,0
BRDA:273,22,0,0
BRDA:273,22,1,0
BRF:38
BRH:0
end_of_record
TN:
SF:src/hooks/useMobileMenu.js
FN:8,(anonymous_0)
FN:18,(anonymous_1)
FN:23,(anonymous_2)
FN:42,(anonymous_3)
FN:43,(anonymous_4)
FN:58,(anonymous_5)
FN:64,(anonymous_6)
FN:76,(anonymous_7)
FN:84,(anonymous_8)
FN:85,(anonymous_9)
FN:88,(anonymous_10)
FN:92,(anonymous_11)
FN:97,(anonymous_12)
FN:98,(anonymous_13)
FN:101,(anonymous_14)
FN:105,(anonymous_15)
FN:110,(anonymous_16)
FN:111,(anonymous_17)
FN:119,(anonymous_18)
FN:125,(anonymous_19)
FN:132,(anonymous_20)
FN:171,(anonymous_21)
FN:206,(anonymous_22)
FNF:23
FNH:0
FNDA:0,(anonymous_0)
FNDA:0,(anonymous_1)
FNDA:0,(anonymous_2)
FNDA:0,(anonymous_3)
FNDA:0,(anonymous_4)
FNDA:0,(anonymous_5)
FNDA:0,(anonymous_6)
FNDA:0,(anonymous_7)
FNDA:0,(anonymous_8)
FNDA:0,(anonymous_9)
FNDA:0,(anonymous_10)
FNDA:0,(anonymous_11)
FNDA:0,(anonymous_12)
FNDA:0,(anonymous_13)
FNDA:0,(anonymous_14)
FNDA:0,(anonymous_15)
FNDA:0,(anonymous_16)
FNDA:0,(anonymous_17)
FNDA:0,(anonymous_18)
FNDA:0,(anonymous_19)
FNDA:0,(anonymous_20)
FNDA:0,(anonymous_21)
FNDA:0,(anonymous_22)
DA:8,0
DA:9,0
DA:12,0
DA:13,0
DA:14,0
DA:15,0
DA:18,0
DA:19,0
DA:23,0
DA:24,0
DA:26,0
DA:27,0
DA:28,0
DA:29,0
DA:30,0
DA:31,0
DA:32,0
DA:33,0
DA:34,0
DA:35,0
DA:37,0
DA:42,0
DA:43,0
DA:44,0
DA:47,0
DA:48,0
DA:50,0
DA:53,0
DA:56,0
DA:58,0
DA:59,0
DA:64,0
DA:65,0
DA:66,0
DA:67,0
DA:68,0
DA:70,0
DA:71,0
DA:72,0
DA:76,0
DA:77,0
DA:78,0
DA:79,0
DA:84,0
DA:85,0
DA:88,0
DA:89,0
DA:92,0
DA:93,0
DA:97,0
DA:98,0
DA:101,0
DA:102,0
DA:105,0
DA:106,0
DA:110,0
DA:111,0
DA:112,0
DA:113,0
DA:117,0
DA:119,0
DA:120,0
DA:125,0
DA:126,0
DA:127,0
DA:132,0
DA:171,0
DA:206,0
DA:207,0
DA:208,0
DA:211,0
LF:71
LH:0
BRDA:26,0,0,0
BRDA:26,0,1,0
BRDA:28,1,0,0
BRDA:28,1,1,0
BRDA:28,2,0,0
BRDA:28,2,1,0
BRDA:28,2,2,0
BRDA:30,3,0,0
BRDA:30,3,1,0
BRDA:30,4,0,0
BRDA:30,4,1,0
BRDA:32,5,0,0
BRDA:32,5,1,0
BRDA:32,6,0,0
BRDA:32,6,1,0
BRDA:34,7,0,0
BRDA:34,7,1,0
BRDA:34,8,0,0
BRDA:34,8,1,0
BRDA:47,9,0,0
BRDA:47,9,1,0
BRDA:47,10,0,0
BRDA:47,10,1,0
BRDA:65,11,0,0
BRDA:65,11,1,0
BRDA:112,12,0,0
BRDA:112,12,1,0
BRDA:112,13,0,0
BRDA:112,13,1,0
BRDA:126,14,0,0
BRDA:126,14,1,0
BRDA:208,15,0,0
BRDA:208,15,1,0
BRF:33
BRH:0
end_of_record
TN:
SF:src/hooks/useResponsive.js
FN:7,(anonymous_0)
FN:28,(anonymous_1)
FN:29,(anonymous_2)
FN:58,(anonymous_3)
FN:72,(anonymous_4)
FN:81,(anonymous_5)
FN:87,(anonymous_6)
FN:94,(anonymous_7)
FN:102,(anonymous_8)
FN:107,(anonymous_9)
FN:112,(anonymous_10)
FN:128,(anonymous_11)
FNF:12
FNH:0
FNDA:0,(anonymous_0)
FNDA:0,(anonymous_1)
FNDA:0,(anonymous_2)
FNDA:0,(anonymous_3)
FNDA:0,(anonymous_4)
FNDA:0,(anonymous_5)
FNDA:0,(anonymous_6)
FNDA:0,(anonymous_7)
FNDA:0,(anonymous_8)
FNDA:0,(anonymous_9)
FNDA:0,(anonymous_10)
FNDA:0,(anonymous_11)
DA:7,0
DA:9,0
DA:18,0
DA:24,0
DA:25,0
DA:28,0
DA:29,0
DA:30,0
DA:31,0
DA:33,0
DA:36,0
DA:37,0
DA:38,0
DA:39,0
DA:40,0
DA:41,0
DA:43,0
DA:47,0
DA:51,0
DA:54,0
DA:55,0
DA:58,0
DA:59,0
DA:60,0
DA:65,0
DA:66,0
DA:67,0
DA:68,0
DA:69,0
DA:72,0
DA:73,0
DA:81,0
DA:82,0
DA:83,0
DA:87,0
DA:88,0
DA:89,0
DA:90,0
DA:94,0
DA:95,0
DA:96,0
DA:97,0
DA:98,0
DA:102,0
DA:103,0
DA:107,0
DA:108,0
DA:112,0
DA:113,0
DA:115,0
DA:117,0
DA:119,0
DA:121,0
DA:123,0
DA:128,0
DA:129,0
DA:131,0
DA:132,0
DA:133,0
DA:134,0
DA:135,0
DA:136,0
DA:137,0
DA:139,0
DA:142,0
LF:65
LH:0
BRDA:19,0,0,0
BRDA:19,0,1,0
BRDA:20,1,0,0
BRDA:20,1,1,0
BRDA:36,2,0,0
BRDA:36,2,1,0
BRDA:38,3,0,0
BRDA:38,3,1,0
BRDA:40,4,0,0
BRDA:40,4,1,0
BRDA:47,5,0,0
BRDA:47,5,1,0
BRDA:67,6,0,0
BRDA:67,6,1,0
BRDA:74,7,0,0
BRDA:74,7,1,0
BRDA:74,7,2,0
BRDA:82,8,0,0
BRDA:82,8,1,0
BRDA:87,9,0,0
BRDA:87,10,0,0
BRDA:87,11,0,0
BRDA:88,12,0,0
BRDA:88,12,1,0
BRDA:89,13,0,0
BRDA:89,13,1,0
BRDA:95,14,0,0
BRDA:95,14,1,0
BRDA:96,15,0,0
BRDA:96,15,1,0
BRDA:97,16,0,0
BRDA:97,16,1,0
BRDA:102,17,0,0
BRDA:102,18,0,0
BRDA:103,19,0,0
BRDA:103,19,1,0
BRDA:107,20,0,0
BRDA:107,21,0,0
BRDA:108,22,0,0
BRDA:108,22,1,0
BRDA:113,23,0,0
BRDA:113,23,1,0
BRDA:113,23,2,0
BRDA:113,23,3,0
BRDA:113,23,4,0
BRDA:128,24,0,0
BRDA:131,25,0,0
BRDA:131,25,1,0
BRDA:132,26,0,0
BRDA:132,26,1,0
BRDA:133,27,0,0
BRDA:133,27,1,0
BRDA:134,28,0,0
BRDA:134,28,1,0
BRDA:135,29,0,0
BRDA:135,29,1,0
BRDA:136,30,0,0
BRDA:136,30,1,0
BRDA:137,31,0,0
BRDA:137,31,1,0
BRF:60
BRH:0
end_of_record
TN:
SF:src/pages/AISuggestions.jsx
FN:7,(anonymous_0)
FN:18,(anonymous_1)
FN:24,(anonymous_2)
FN:45,(anonymous_3)
FN:56,(anonymous_4)
FN:65,(anonymous_5)
FN:75,(anonymous_6)
FN:89,(anonymous_7)
FN:95,(anonymous_8)
FN:95,(anonymous_9)
FN:106,(anonymous_10)
FN:111,(anonymous_11)
FN:111,(anonymous_12)
FN:120,(anonymous_13)
FN:127,(anonymous_14)
FN:140,(anonymous_15)
FN:144,(anonymous_16)
FN:181,(anonymous_17)
FN:184,(anonymous_18)
FN:217,(anonymous_19)
FN:223,(anonymous_20)
FN:246,(anonymous_21)
FN:275,(anonymous_22)
FN:286,(anonymous_23)
FN:305,(anonymous_24)
FN:311,(anonymous_25)
FN:345,(anonymous_26)
FN:365,(anonymous_27)
FN:375,(anonymous_28)
FN:393,(anonymous_29)
FN:400,(anonymous_30)
FN:407,(anonymous_31)
FNF:32
FNH:0
FNDA:0,(anonymous_0)
FNDA:0,(anonymous_1)
FNDA:0,(anonymous_2)
FNDA:0,(anonymous_3)
FNDA:0,(anonymous_4)
FNDA:0,(anonymous_5)
FNDA:0,(anonymous_6)
FNDA:0,(anonymous_7)
FNDA:0,(anonymous_8)
FNDA:0,(anonymous_9)
FNDA:0,(anonymous_10)
FNDA:0,(anonymous_11)
FNDA:0,(anonymous_12)
FNDA:0,(anonymous_13)
FNDA:0,(anonymous_14)
FNDA:0,(anonymous_15)
FNDA:0,(anonymous_16)
FNDA:0,(anonymous_17)
FNDA:0,(anonymous_18)
FNDA:0,(anonymous_19)
FNDA:0,(anonymous_20)
FNDA:0,(anonymous_21)
FNDA:0,(anonymous_22)
FNDA:0,(anonymous_23)
FNDA:0,(anonymous_24)
FNDA:0,(anonymous_25)
FNDA:0,(anonymous_26)
FNDA:0,(anonymous_27)
FNDA:0,(anonymous_28)
FNDA:0,(anonymous_29)
FNDA:0,(anonymous_30)
FNDA:0,(anonymous_31)
DA:7,0
DA:8,0
DA:9,0
DA:10,0
DA:11,0
DA:12,0
DA:13,0
DA:14,0
DA:15,0
DA:16,0
DA:18,0
DA:19,0
DA:20,0
DA:24,0
DA:25,0
DA:26,0
DA:28,0
DA:29,0
DA:36,0
DA:37,0
DA:38,0
DA:40,0
DA:41,0
DA:44,0
DA:45,0
DA:46,0
DA:49,0
DA:50,0
DA:52,0
DA:56,0
DA:57,0
DA:58,0
DA:59,0
DA:62,0
DA:63,0
DA:64,0
DA:65,0
DA:66,0
DA:68,0
DA:69,0
DA:71,0
DA:75,0
DA:76,0
DA:77,0
DA:78,0
DA:79,0
DA:80,0
DA:82,0
DA:83,0
DA:85,0
DA:89,0
DA:90,0
DA:91,0
DA:92,0
DA:95,0
DA:96,0
DA:101,0
DA:102,0
DA:106,0
DA:107,0
DA:108,0
DA:111,0
DA:112,0
DA:120,0
DA:122,0
DA:123,0
DA:127,0
DA:128,0
DA:137,0
DA:140,0
DA:141,0
DA:144,0
DA:145,0
DA:146,0
DA:147,0
DA:150,0
DA:151,0
DA:161,0
DA:181,0
DA:185,0
DA:217,0
DA:223,0
DA:247,0
DA:276,0
DA:287,0
DA:305,0
DA:311,0
DA:346,0
DA:366,0
DA:376,0
DA:393,0
DA:400,0
DA:407,0
LF:93
LH:0
BRDA:19,0,0,0
BRDA:19,0,1,0
BRDA:36,1,0,0
BRDA:36,1,1,0
BRDA:37,2,0,0
BRDA:37,2,1,0
BRDA:40,3,0,0
BRDA:40,3,1,0
BRDA:40,3,2,0
BRDA:44,4,0,0
BRDA:44,4,1,0
BRDA:44,5,0,0
BRDA:44,5,1,0
BRDA:45,6,0,0
BRDA:45,6,1,0
BRDA:57,7,0,0
BRDA:57,7,1,0
BRDA:65,8,0,0
BRDA:65,8,1,0
BRDA:91,9,0,0
BRDA:91,9,1,0
BRDA:91,10,0,0
BRDA:91,10,1,0
BRDA:96,11,0,0
BRDA:96,11,1,0
BRDA:112,12,0,0
BRDA:112,12,1,0
BRDA:115,13,0,0
BRDA:115,13,1,0
BRDA:116,14,0,0
BRDA:116,14,1,0
BRDA:137,15,0,0
BRDA:137,15,1,0
BRDA:145,16,0,0
BRDA:145,16,1,0
BRDA:146,17,0,0
BRDA:146,17,1,0
BRDA:150,18,0,0
BRDA:150,18,1,0
BRDA:168,19,0,0
BRDA:168,19,1,0
BRDA:175,20,0,0
BRDA:175,20,1,0
BRDA:180,21,0,0
BRDA:180,21,1,0
BRDA:186,22,0,0
BRDA:186,22,1,0
BRDA:186,23,0,0
BRDA:186,23,1,0
BRDA:194,24,0,0
BRDA:194,24,1,0
BRDA:216,25,0,0
BRDA:216,25,1,0
BRDA:222,26,0,0
BRDA:222,26,1,0
BRDA:231,27,0,0
BRDA:231,27,1,0
BRDA:240,28,0,0
BRDA:240,28,1,0
BRDA:245,29,0,0
BRDA:245,29,1,0
BRDA:267,30,0,0
BRDA:267,30,1,0
BRDA:271,31,0,0
BRDA:271,31,1,0
BRDA:282,32,0,0
BRDA:282,32,1,0
BRDA:301,33,0,0
BRDA:301,33,1,0
BRDA:330,34,0,0
BRDA:330,34,1,0
BRDA:339,35,0,0
BRDA:339,35,1,0
BRDA:344,36,0,0
BRDA:344,36,1,0
BRDA:371,37,0,0
BRDA:371,37,1,0
BRDA:386,38,0,0
BRDA:386,38,1,0
BRDA:387,39,0,0
BRDA:387,39,1,0
BRDA:397,40,0,0
BRDA:397,40,1,0
BRF:83
BRH:0
end_of_record
TN:
SF:src/pages/ApplicationHistory.jsx
FN:7,(anonymous_0)
FN:17,(anonymous_1)
FN:23,(anonymous_2)
FN:39,(anonymous_3)
FN:46,(anonymous_4)
FN:46,(anonymous_5)
FN:55,(anonymous_6)
FN:60,(anonymous_7)
FN:68,(anonymous_8)
FN:68,(anonymous_9)
FN:84,(anonymous_10)
FN:89,(anonymous_11)
FN:96,(anonymous_12)
FN:127,(anonymous_13)
FN:133,(anonymous_14)
FN:143,(anonymous_15)
FN:169,(anonymous_16)
FN:172,(anonymous_17)
FN:180,(anonymous_18)
FN:208,(anonymous_19)
FN:216,(anonymous_20)
FNF:21
FNH:0
FNDA:0,(anonymous_0)
FNDA:0,(anonymous_1)
FNDA:0,(anonymous_2)
FNDA:0,(anonymous_3)
FNDA:0,(anonymous_4)
FNDA:0,(anonymous_5)
FNDA:0,(anonymous_6)
FNDA:0,(anonymous_7)
FNDA:0,(anonymous_8)
FNDA:0,(anonymous_9)
FNDA:0,(anonymous_10)
FNDA:0,(anonymous_11)
FNDA:0,(anonymous_12)
FNDA:0,(anonymous_13)
FNDA:0,(anonymous_14)
FNDA:0,(anonymous_15)
FNDA:0,(anonymous_16)
FNDA:0,(anonymous_17)
FNDA:0,(anonymous_18)
FNDA:0,(anonymous_19)
FNDA:0,(anonymous_20)
DA:7,0
DA:8,0
DA:9,0
DA:10,0
DA:11,0
DA:12,0
DA:13,0
DA:14,0
DA:15,0
DA:17,0
DA:18,0
DA:19,0
DA:23,0
DA:24,0
DA:25,0
DA:27,0
DA:28,0
DA:29,0
DA:30,0
DA:32,0
DA:33,0
DA:35,0
DA:39,0
DA:40,0
DA:42,0
DA:43,0
DA:46,0
DA:47,0
DA:50,0
DA:51,0
DA:55,0
DA:56,0
DA:57,0
DA:58,0
DA:60,0
DA:61,0
DA:63,0
DA:68,0
DA:69,0
DA:78,0
DA:79,0
DA:84,0
DA:85,0
DA:88,0
DA:90,0
DA:91,0
DA:94,0
DA:97,0
DA:99,0
DA:101,0
DA:103,0
DA:105,0
DA:109,0
DA:110,0
DA:117,0
DA:127,0
DA:133,0
DA:143,0
DA:170,0
DA:172,0
DA:180,0
DA:208,0
DA:217,0
LF:63
LH:0
BRDA:18,0,0,0
BRDA:18,0,1,0
BRDA:29,1,0,0
BRDA:29,1,1,0
BRDA:47,2,0,0
BRDA:47,2,1,0
BRDA:57,3,0,0
BRDA:57,3,1,0
BRDA:61,4,0,0
BRDA:61,4,1,0
BRDA:69,5,0,0
BRDA:69,5,1,0
BRDA:90,6,0,0
BRDA:90,6,1,0
BRDA:91,7,0,0
BRDA:91,7,1,0
BRDA:91,7,2,0
BRDA:94,8,0,0
BRDA:94,8,1,0
BRDA:97,9,0,0
BRDA:97,9,1,0
BRDA:97,9,2,0
BRDA:97,9,3,0
BRDA:101,10,0,0
BRDA:101,10,1,0
BRDA:101,11,0,0
BRDA:101,11,1,0
BRDA:109,12,0,0
BRDA:109,12,1,0
BRDA:153,13,0,0
BRDA:153,13,1,0
BRDA:160,14,0,0
BRDA:160,14,1,0
BRDA:162,15,0,0
BRDA:162,15,1,0
BRDA:164,16,0,0
BRDA:164,16,1,0
BRDA:173,17,0,0
BRDA:173,17,1,0
BRDA:174,18,0,0
BRDA:174,18,1,0
BRDA:175,19,0,0
BRDA:175,19,1,0
BRDA:214,20,0,0
BRDA:214,20,1,0
BRDA:226,21,0,0
BRDA:226,21,1,0
BRF:47
BRH:0
end_of_record
TN:
SF:src/pages/AuthTest.jsx
FN:5,(anonymous_0)
FN:9,(anonymous_1)
FN:14,(anonymous_2)
FN:25,(anonymous_3)
FN:30,(anonymous_4)
FN:39,(anonymous_5)
FN:48,(anonymous_6)
FN:72,(anonymous_7)
FN:81,(anonymous_8)
FNF:9
FNH:0
FNDA:0,(anonymous_0)
FNDA:0,(anonymous_1)
FNDA:0,(anonymous_2)
FNDA:0,(anonymous_3)
FNDA:0,(anonymous_4)
FNDA:0,(anonymous_5)
FNDA:0,(anonymous_6)
FNDA:0,(anonymous_7)
FNDA:0,(anonymous_8)
DA:5,0
DA:6,0
DA:7,0
DA:9,0
DA:10,0
DA:11,0
DA:12,0
DA:14,0
DA:25,0
DA:26,0
DA:27,0
DA:28,0
DA:30,0
DA:39,0
DA:48,0
DA:49,0
DA:50,0
DA:61,0
DA:70,0
DA:72,0
DA:81,0
DA:90,0
LF:22
LH:0
BRDA:18,0,0,0
BRDA:18,0,1,0
BRDA:96,1,0,0
BRDA:96,1,1,0
BRDA:97,2,0,0
BRDA:97,2,1,0
BRDA:98,3,0,0
BRDA:98,3,1,0
BRF:8
BRH:0
end_of_record
TN:
SF:src/pages/CompanyProfile.jsx
FN:8,(anonymous_0)
FN:21,(anonymous_1)
FN:22,(anonymous_2)
FN:123,(anonymous_3)
FN:142,(anonymous_4)
FN:147,(anonymous_5)
FN:164,(anonymous_6)
FN:220,(anonymous_7)
FN:232,(anonymous_8)
FN:238,(anonymous_9)
FN:244,(anonymous_10)
FN:250,(anonymous_11)
FN:336,(anonymous_12)
FN:373,(anonymous_13)
FN:390,(anonymous_14)
FN:410,(anonymous_15)
FNF:16
FNH:0
FNDA:0,(anonymous_0)
FNDA:0,(anonymous_1)
FNDA:0,(anonymous_2)
FNDA:0,(anonymous_3)
FNDA:0,(anonymous_4)
FNDA:0,(anonymous_5)
FNDA:0,(anonymous_6)
FNDA:0,(anonymous_7)
FNDA:0,(anonymous_8)
FNDA:0,(anonymous_9)
FNDA:0,(anonymous_10)
FNDA:0,(anonymous_11)
FNDA:0,(anonymous_12)
FNDA:0,(anonymous_13)
FNDA:0,(anonymous_14)
FNDA:0,(anonymous_15)
DA:8,0
DA:9,0
DA:10,0
DA:11,0
DA:12,0
DA:13,0
DA:14,0
DA:15,0
DA:16,0
DA:17,0
DA:18,0
DA:19,0
DA:21,0
DA:22,0
DA:23,0
DA:24,0
DA:26,0
DA:28,0
DA:41,0
DA:44,0
DA:66,0
DA:69,0
DA:81,0
DA:84,0
DA:93,0
DA:96,0
DA:107,0
DA:110,0
DA:111,0
DA:112,0
DA:114,0
DA:118,0
DA:119,0
DA:123,0
DA:124,0
DA:125,0
DA:126,0
DA:129,0
DA:130,0
DA:131,0
DA:132,0
DA:133,0
DA:135,0
DA:136,0
DA:138,0
DA:142,0
DA:143,0
DA:145,0
DA:146,0
DA:147,0
DA:149,0
DA:150,0
DA:154,0
DA:155,0
DA:158,0
DA:159,0
DA:164,0
DA:172,0
DA:220,0
DA:232,0
DA:238,0
DA:244,0
DA:250,0
DA:337,0
DA:374,0
DA:390,0
DA:411,0
LF:67
LH:0
BRDA:118,0,0,0
BRDA:118,0,1,0
BRDA:124,1,0,0
BRDA:124,1,1,0
BRDA:143,2,0,0
BRDA:143,2,1,0
BRDA:154,3,0,0
BRDA:154,3,1,0
BRDA:158,4,0,0
BRDA:158,4,1,0
BRDA:158,5,0,0
BRDA:158,5,1,0
BRDA:175,6,0,0
BRDA:175,6,1,0
BRDA:183,7,0,0
BRDA:183,7,1,0
BRDA:198,8,0,0
BRDA:198,8,1,0
BRDA:200,9,0,0
BRDA:200,9,1,0
BRDA:206,10,0,0
BRDA:206,10,1,0
BRDA:214,11,0,0
BRDA:214,11,1,0
BRDA:219,12,0,0
BRDA:219,12,1,0
BRDA:231,13,0,0
BRDA:231,13,1,0
BRDA:237,14,0,0
BRDA:237,14,1,0
BRDA:243,15,0,0
BRDA:243,15,1,0
BRDA:249,16,0,0
BRDA:249,16,1,0
BRDA:258,17,0,0
BRDA:258,17,1,0
BRDA:267,18,0,0
BRDA:267,18,1,0
BRDA:267,18,2,0
BRDA:271,19,0,0
BRDA:271,19,1,0
BRDA:275,20,0,0
BRDA:275,20,1,0
BRDA:279,21,0,0
BRDA:279,21,1,0
BRDA:285,22,0,0
BRDA:285,22,1,0
BRDA:287,23,0,0
BRDA:287,23,1,0
BRDA:309,24,0,0
BRDA:309,24,1,0
BRDA:316,25,0,0
BRDA:316,25,1,0
BRDA:323,26,0,0
BRDA:323,26,1,0
BRDA:332,27,0,0
BRDA:332,27,1,0
BRDA:341,28,0,0
BRDA:341,28,1,0
BRDA:354,29,0,0
BRDA:354,29,1,0
BRDA:360,30,0,0
BRDA:360,30,1,0
BRDA:368,31,0,0
BRDA:368,31,1,0
BRDA:372,32,0,0
BRDA:372,32,1,0
BRDA:377,33,0,0
BRDA:377,33,1,0
BRDA:377,33,2,0
BRDA:379,34,0,0
BRDA:379,34,1,0
BRDA:383,35,0,0
BRDA:383,35,1,0
BRDA:383,35,2,0
BRDA:405,36,0,0
BRDA:405,36,1,0
BRDA:409,37,0,0
BRDA:409,37,1,0
BRDA:418,38,0,0
BRDA:418,38,1,0
BRDA:425,39,0,0
BRDA:425,39,1,0
BRF:83
BRH:0
end_of_record
TN:
SF:src/pages/CompanySearch.jsx
FN:6,(anonymous_0)
FN:27,(anonymous_1)
FN:31,(anonymous_2)
FN:70,(anonymous_3)
FN:115,(anonymous_4)
FN:125,(anonymous_5)
FN:145,(anonymous_6)
FN:148,(anonymous_7)
FN:162,(anonymous_8)
FN:172,(anonymous_9)
FN:178,(anonymous_10)
FN:178,(anonymous_11)
FN:186,(anonymous_12)
FN:198,(anonymous_13)
FN:200,(anonymous_14)
FN:223,(anonymous_15)
FN:229,(anonymous_16)
FN:235,(anonymous_17)
FN:250,(anonymous_18)
FN:269,(anonymous_19)
FN:296,(anonymous_20)
FN:303,(anonymous_21)
FN:323,(anonymous_22)
FN:368,(anonymous_23)
FN:375,(anonymous_24)
FN:382,(anonymous_25)
FN:402,(anonymous_26)
FN:520,(anonymous_27)
FNF:28
FNH:0
FNDA:0,(anonymous_0)
FNDA:0,(anonymous_1)
FNDA:0,(anonymous_2)
FNDA:0,(anonymous_3)
FNDA:0,(anonymous_4)
FNDA:0,(anonymous_5)
FNDA:0,(anonymous_6)
FNDA:0,(anonymous_7)
FNDA:0,(anonymous_8)
FNDA:0,(anonymous_9)
FNDA:0,(anonymous_10)
FNDA:0,(anonymous_11)
FNDA:0,(anonymous_12)
FNDA:0,(anonymous_13)
FNDA:0,(anonymous_14)
FNDA:0,(anonymous_15)
FNDA:0,(anonymous_16)
FNDA:0,(anonymous_17)
FNDA:0,(anonymous_18)
FNDA:0,(anonymous_19)
FNDA:0,(anonymous_20)
FNDA:0,(anonymous_21)
FNDA:0,(anonymous_22)
FNDA:0,(anonymous_23)
FNDA:0,(anonymous_24)
FNDA:0,(anonymous_25)
FNDA:0,(anonymous_26)
FNDA:0,(anonymous_27)
DA:6,0
DA:7,0
DA:8,0
DA:9,0
DA:10,0
DA:11,0
DA:12,0
DA:13,0
DA:14,0
DA:15,0
DA:16,0
DA:17,0
DA:27,0
DA:28,0
DA:31,0
DA:32,0
DA:33,0
DA:35,0
DA:61,0
DA:63,0
DA:64,0
DA:66,0
DA:70,0
DA:71,0
DA:72,0
DA:74,0
DA:75,0
DA:77,0
DA:79,0
DA:106,0
DA:108,0
DA:109,0
DA:111,0
DA:115,0
DA:116,0
DA:118,0
DA:125,0
DA:126,0
DA:127,0
DA:138,0
DA:140,0
DA:141,0
DA:145,0
DA:146,0
DA:148,0
DA:150,0
DA:151,0
DA:152,0
DA:156,0
DA:162,0
DA:163,0
DA:165,0
DA:167,0
DA:168,0
DA:172,0
DA:173,0
DA:174,0
DA:177,0
DA:178,0
DA:179,0
DA:181,0
DA:182,0
DA:186,0
DA:187,0
DA:190,0
DA:191,0
DA:192,0
DA:195,0
DA:198,0
DA:199,0
DA:200,0
DA:206,0
DA:223,0
DA:229,0
DA:235,0
DA:250,0
DA:270,0
DA:296,0
DA:303,0
DA:324,0
DA:368,0
DA:375,0
DA:382,0
DA:402,0
DA:521,0
LF:85
LH:0
BRDA:72,0,0,0
BRDA:72,0,1,0
BRDA:150,1,0,0
BRDA:150,1,1,0
BRDA:173,2,0,0
BRDA:173,2,1,0
BRDA:190,3,0,0
BRDA:190,3,1,0
BRDA:213,4,0,0
BRDA:213,4,1,0
BRDA:222,5,0,0
BRDA:222,5,1,0
BRDA:228,6,0,0
BRDA:228,6,1,0
BRDA:234,7,0,0
BRDA:234,7,1,0
BRDA:243,8,0,0
BRDA:243,8,1,0
BRDA:257,9,0,0
BRDA:257,9,1,0
BRDA:259,10,0,0
BRDA:259,10,1,0
BRDA:265,11,0,0
BRDA:265,11,1,0
BRDA:276,12,0,0
BRDA:276,12,1,0
BRDA:300,13,0,0
BRDA:300,13,1,0
BRDA:317,14,0,0
BRDA:317,14,1,0
BRDA:319,15,0,0
BRDA:319,15,1,0
BRDA:321,16,0,0
BRDA:321,16,1,0
BRDA:330,17,0,0
BRDA:330,17,1,0
BRDA:336,18,0,0
BRDA:336,18,1,0
BRDA:351,19,0,0
BRDA:351,19,1,0
BRDA:357,20,0,0
BRDA:357,20,1,0
BRDA:372,21,0,0
BRDA:372,21,1,0
BRDA:412,22,0,0
BRDA:412,22,1,0
BRF:46
BRH:0
end_of_record
TN:
SF:src/pages/CreateJob.jsx
FN:29,(anonymous_0)
FN:50,(anonymous_1)
FN:52,(anonymous_2)
FN:58,(anonymous_3)
FN:330,(anonymous_4)
FNF:5
FNH:0
FNDA:0,(anonymous_0)
FNDA:0,(anonymous_1)
FNDA:0,(anonymous_2)
FNDA:0,(anonymous_3)
FNDA:0,(anonymous_4)
DA:7,0
DA:29,0
DA:30,0
DA:31,0
DA:48,0
DA:50,0
DA:51,0
DA:52,0
DA:58,0
DA:59,0
DA:61,0
DA:62,0
DA:83,0
DA:85,0
DA:87,0
DA:90,0
DA:94,0
DA:330,0
LF:18
LH:0
BRDA:69,0,0,0
BRDA:69,0,1,0
BRDA:70,1,0,0
BRDA:70,1,1,0
BRDA:71,2,0,0
BRDA:71,2,1,0
BRDA:72,3,0,0
BRDA:72,3,1,0
BRDA:77,4,0,0
BRDA:77,4,1,0
BRDA:83,5,0,0
BRDA:83,5,1,0
BRDA:340,6,0,0
BRDA:340,6,1,0
BRDA:344,7,0,0
BRDA:344,7,1,0
BRF:16
BRH:0
end_of_record
TN:
SF:src/pages/Dashboard.jsx
FN:9,(anonymous_0)
FN:22,(anonymous_1)
FN:23,(anonymous_2)
FN:153,(anonymous_3)
FN:192,(anonymous_4)
FN:223,(anonymous_5)
FNF:6
FNH:0
FNDA:0,(anonymous_0)
FNDA:0,(anonymous_1)
FNDA:0,(anonymous_2)
FNDA:0,(anonymous_3)
FNDA:0,(anonymous_4)
FNDA:0,(anonymous_5)
DA:9,0
DA:10,0
DA:11,0
DA:12,0
DA:13,0
DA:14,0
DA:15,0
DA:22,0
DA:23,0
DA:24,0
DA:26,0
DA:27,0
DA:30,0
DA:31,0
DA:34,0
DA:42,0
DA:43,0
DA:45,0
DA:49,0
DA:52,0
DA:61,0
DA:68,0
DA:154,0
DA:193,0
DA:224,0
LF:25
LH:0
BRDA:24,0,0,0
BRDA:24,0,1,0
BRDA:31,1,0,0
BRDA:31,1,1,0
BRDA:31,1,2,0
BRDA:70,2,0,0
BRDA:70,2,1,0
BRDA:75,3,0,0
BRDA:75,3,1,0
BRDA:78,4,0,0
BRDA:78,4,1,0
BRDA:78,4,2,0
BRDA:82,5,0,0
BRDA:82,5,1,0
BRDA:86,6,0,0
BRDA:86,6,1,0
BRDA:95,7,0,0
BRDA:95,7,1,0
BRDA:103,8,0,0
BRDA:103,8,1,0
BRDA:143,9,0,0
BRDA:143,9,1,0
BRDA:181,10,0,0
BRDA:181,10,1,0
BRDA:186,11,0,0
BRDA:186,11,1,0
BRDA:190,12,0,0
BRDA:190,12,1,0
BRDA:195,13,0,0
BRDA:195,13,1,0
BRDA:196,14,0,0
BRDA:196,14,1,0
BRDA:198,15,0,0
BRDA:198,15,1,0
BRDA:199,16,0,0
BRDA:199,16,1,0
BRDA:226,17,0,0
BRDA:226,17,1,0
BRDA:227,18,0,0
BRDA:227,18,1,0
BRDA:228,19,0,0
BRDA:228,19,1,0
BRDA:229,20,0,0
BRDA:229,20,1,0
BRF:44
BRH:0
end_of_record
TN:
SF:src/pages/EditJob.jsx
FN:6,(anonymous_0)
FN:29,(anonymous_1)
FN:33,(anonymous_2)
FN:69,(anonymous_3)
FN:71,(anonymous_4)
FN:77,(anonymous_5)
FN:353,(anonymous_6)
FNF:7
FNH:0
FNDA:0,(anonymous_0)
FNDA:0,(anonymous_1)
FNDA:0,(anonymous_2)
FNDA:0,(anonymous_3)
FNDA:0,(anonymous_4)
FNDA:0,(anonymous_5)
FNDA:0,(anonymous_6)
DA:6,0
DA:7,0
DA:8,0
DA:9,0
DA:10,0
DA:11,0
DA:12,0
DA:29,0
DA:30,0
DA:33,0
DA:34,0
DA:35,0
DA:36,0
DA:39,0
DA:41,0
DA:42,0
DA:59,0
DA:62,0
DA:63,0
DA:65,0
DA:69,0
DA:70,0
DA:71,0
DA:77,0
DA:78,0
DA:79,0
DA:80,0
DA:82,0
DA:84,0
DA:85,0
DA:87,0
DA:88,0
DA:90,0
DA:91,0
DA:95,0
DA:98,0
DA:100,0
DA:101,0
DA:103,0
DA:107,0
DA:108,0
DA:115,0
DA:353,0
LF:43
LH:0
BRDA:41,0,0,0
BRDA:41,0,1,0
BRDA:43,1,0,0
BRDA:43,1,1,0
BRDA:44,2,0,0
BRDA:44,2,1,0
BRDA:45,3,0,0
BRDA:45,3,1,0
BRDA:45,3,2,0
BRDA:46,4,0,0
BRDA:46,4,1,0
BRDA:47,5,0,0
BRDA:47,5,1,0
BRDA:48,6,0,0
BRDA:48,6,1,0
BRDA:49,7,0,0
BRDA:49,7,1,0
BRDA:49,7,2,0
BRDA:50,8,0,0
BRDA:50,8,1,0
BRDA:50,8,2,0
BRDA:51,9,0,0
BRDA:51,9,1,0
BRDA:51,9,2,0
BRDA:52,10,0,0
BRDA:52,10,1,0
BRDA:52,10,2,0
BRDA:53,11,0,0
BRDA:53,11,1,0
BRDA:53,11,2,0
BRDA:54,12,0,0
BRDA:54,12,1,0
BRDA:54,12,2,0
BRDA:55,13,0,0
BRDA:55,13,1,0
BRDA:55,13,2,0
BRDA:56,14,0,0
BRDA:56,14,1,0
BRDA:56,14,2,0
BRDA:84,15,0,0
BRDA:84,15,1,0
BRDA:87,16,0,0
BRDA:87,16,1,0
BRDA:90,17,0,0
BRDA:90,17,1,0
BRDA:101,18,0,0
BRDA:101,18,1,0
BRDA:107,19,0,0
BRDA:107,19,1,0
BRDA:123,20,0,0
BRDA:123,20,1,0
BRDA:363,21,0,0
BRDA:363,21,1,0
BRF:53
BRH:0
end_of_record
TN:
SF:src/pages/InterviewPrep.jsx
FN:6,(anonymous_0)
FN:16,(anonymous_1)
FN:22,(anonymous_2)
FN:28,(anonymous_3)
FN:144,(anonymous_4)
FN:198,(anonymous_5)
FN:202,(anonymous_6)
FN:230,(anonymous_7)
FN:236,(anonymous_8)
FN:248,(anonymous_9)
FN:254,(anonymous_10)
FN:260,(anonymous_11)
FN:266,(anonymous_12)
FN:272,(anonymous_13)
FN:278,(anonymous_14)
FN:287,(anonymous_15)
FN:288,(anonymous_16)
FN:315,(anonymous_17)
FN:321,(anonymous_18)
FN:327,(anonymous_19)
FN:347,(anonymous_20)
FN:348,(anonymous_21)
FNF:22
FNH:0
FNDA:0,(anonymous_0)
FNDA:0,(anonymous_1)
FNDA:0,(anonymous_2)
FNDA:0,(anonymous_3)
FNDA:0,(anonymous_4)
FNDA:0,(anonymous_5)
FNDA:0,(anonymous_6)
FNDA:0,(anonymous_7)
FNDA:0,(anonymous_8)
FNDA:0,(anonymous_9)
FNDA:0,(anonymous_10)
FNDA:0,(anonymous_11)
FNDA:0,(anonymous_12)
FNDA:0,(anonymous_13)
FNDA:0,(anonymous_14)
FNDA:0,(anonymous_15)
FNDA:0,(anonymous_16)
FNDA:0,(anonymous_17)
FNDA:0,(anonymous_18)
FNDA:0,(anonymous_19)
FNDA:0,(anonymous_20)
FNDA:0,(anonymous_21)
DA:6,0
DA:7,0
DA:8,0
DA:9,0
DA:10,0
DA:11,0
DA:12,0
DA:13,0
DA:14,0
DA:16,0
DA:17,0
DA:18,0
DA:22,0
DA:23,0
DA:24,0
DA:28,0
DA:29,0
DA:30,0
DA:32,0
DA:135,0
DA:137,0
DA:138,0
DA:140,0
DA:144,0
DA:145,0
DA:147,0
DA:191,0
DA:193,0
DA:194,0
DA:198,0
DA:199,0
DA:200,0
DA:201,0
DA:202,0
DA:203,0
DA:205,0
DA:206,0
DA:208,0
DA:213,0
DA:230,0
DA:236,0
DA:248,0
DA:254,0
DA:260,0
DA:266,0
DA:272,0
DA:278,0
DA:287,0
DA:289,0
DA:315,0
DA:321,0
DA:327,0
DA:347,0
DA:349,0
LF:54
LH:0
BRDA:17,0,0,0
BRDA:17,0,1,0
BRDA:23,1,0,0
BRDA:23,1,1,0
BRDA:23,2,0,0
BRDA:23,2,1,0
BRDA:220,3,0,0
BRDA:220,3,1,0
BRDA:229,4,0,0
BRDA:229,4,1,0
BRDA:235,5,0,0
BRDA:235,5,1,0
BRDA:243,6,0,0
BRDA:243,6,1,0
BRDA:247,7,0,0
BRDA:247,7,1,0
BRDA:253,8,0,0
BRDA:253,8,1,0
BRDA:259,9,0,0
BRDA:259,9,1,0
BRDA:265,10,0,0
BRDA:265,10,1,0
BRDA:271,11,0,0
BRDA:271,11,1,0
BRDA:277,12,0,0
BRDA:277,12,1,0
BRDA:285,13,0,0
BRDA:285,13,1,0
BRDA:292,14,0,0
BRDA:292,14,1,0
BRDA:309,15,0,0
BRDA:309,15,1,0
BRDA:314,16,0,0
BRDA:314,16,1,0
BRDA:320,17,0,0
BRDA:320,17,1,0
BRDA:326,18,0,0
BRDA:326,18,1,0
BRDA:333,19,0,0
BRDA:333,19,1,0
BRDA:339,20,0,0
BRDA:339,20,1,0
BRDA:339,21,0,0
BRDA:339,21,1,0
BRDA:339,22,0,0
BRDA:339,22,1,0
BRDA:345,23,0,0
BRDA:345,23,1,0
BRDA:352,24,0,0
BRDA:352,24,1,0
BRDA:359,25,0,0
BRDA:359,25,1,0
BRDA:366,26,0,0
BRDA:366,26,1,0
BRDA:376,27,0,0
BRDA:376,27,1,0
BRDA:376,28,0,0
BRDA:376,28,1,0
BRDA:377,29,0,0
BRDA:377,29,1,0
BRDA:377,30,0,0
BRDA:377,30,1,0
BRF:62
BRH:0
end_of_record
TN:
SF:src/pages/InterviewPrep_old.jsx
FN:6,(anonymous_0)
FN:16,(anonymous_1)
FN:22,(anonymous_2)
FN:28,(anonymous_3)
FN:144,(anonymous_4)
FN:198,(anonymous_5)
FN:202,(anonymous_6)
FN:230,(anonymous_7)
FN:236,(anonymous_8)
FN:248,(anonymous_9)
FN:254,(anonymous_10)
FN:260,(anonymous_11)
FN:266,(anonymous_12)
FN:272,(anonymous_13)
FN:278,(anonymous_14)
FN:287,(anonymous_15)
FN:288,(anonymous_16)
FN:315,(anonymous_17)
FN:321,(anonymous_18)
FN:327,(anonymous_19)
FN:347,(anonymous_20)
FN:348,(anonymous_21)
FNF:22
FNH:0
FNDA:0,(anonymous_0)
FNDA:0,(anonymous_1)
FNDA:0,(anonymous_2)
FNDA:0,(anonymous_3)
FNDA:0,(anonymous_4)
FNDA:0,(anonymous_5)
FNDA:0,(anonymous_6)
FNDA:0,(anonymous_7)
FNDA:0,(anonymous_8)
FNDA:0,(anonymous_9)
FNDA:0,(anonymous_10)
FNDA:0,(anonymous_11)
FNDA:0,(anonymous_12)
FNDA:0,(anonymous_13)
FNDA:0,(anonymous_14)
FNDA:0,(anonymous_15)
FNDA:0,(anonymous_16)
FNDA:0,(anonymous_17)
FNDA:0,(anonymous_18)
FNDA:0,(anonymous_19)
FNDA:0,(anonymous_20)
FNDA:0,(anonymous_21)
DA:6,0
DA:7,0
DA:8,0
DA:9,0
DA:10,0
DA:11,0
DA:12,0
DA:13,0
DA:14,0
DA:16,0
DA:17,0
DA:18,0
DA:22,0
DA:23,0
DA:24,0
DA:28,0
DA:29,0
DA:30,0
DA:32,0
DA:135,0
DA:137,0
DA:138,0
DA:140,0
DA:144,0
DA:145,0
DA:147,0
DA:191,0
DA:193,0
DA:194,0
DA:198,0
DA:199,0
DA:200,0
DA:201,0
DA:202,0
DA:203,0
DA:205,0
DA:206,0
DA:208,0
DA:213,0
DA:230,0
DA:236,0
DA:248,0
DA:254,0
DA:260,0
DA:266,0
DA:272,0
DA:278,0
DA:287,0
DA:289,0
DA:315,0
DA:321,0
DA:327,0
DA:347,0
DA:349,0
LF:54
LH:0
BRDA:17,0,0,0
BRDA:17,0,1,0
BRDA:23,1,0,0
BRDA:23,1,1,0
BRDA:23,2,0,0
BRDA:23,2,1,0
BRDA:220,3,0,0
BRDA:220,3,1,0
BRDA:229,4,0,0
BRDA:229,4,1,0
BRDA:235,5,0,0
BRDA:235,5,1,0
BRDA:243,6,0,0
BRDA:243,6,1,0
BRDA:247,7,0,0
BRDA:247,7,1,0
BRDA:253,8,0,0
BRDA:253,8,1,0
BRDA:259,9,0,0
BRDA:259,9,1,0
BRDA:265,10,0,0
BRDA:265,10,1,0
BRDA:271,11,0,0
BRDA:271,11,1,0
BRDA:277,12,0,0
BRDA:277,12,1,0
BRDA:285,13,0,0
BRDA:285,13,1,0
BRDA:292,14,0,0
BRDA:292,14,1,0
BRDA:309,15,0,0
BRDA:309,15,1,0
BRDA:314,16,0,0
BRDA:314,16,1,0
BRDA:320,17,0,0
BRDA:320,17,1,0
BRDA:326,18,0,0
BRDA:326,18,1,0
BRDA:333,19,0,0
BRDA:333,19,1,0
BRDA:339,20,0,0
BRDA:339,20,1,0
BRDA:339,21,0,0
BRDA:339,21,1,0
BRDA:339,22,0,0
BRDA:339,22,1,0
BRDA:345,23,0,0
BRDA:345,23,1,0
BRDA:352,24,0,0
BRDA:352,24,1,0
BRDA:359,25,0,0
BRDA:359,25,1,0
BRDA:366,26,0,0
BRDA:366,26,1,0
BRDA:376,27,0,0
BRDA:376,27,1,0
BRDA:376,28,0,0
BRDA:376,28,1,0
BRDA:377,29,0,0
BRDA:377,29,1,0
BRDA:377,30,0,0
BRDA:377,30,1,0
BRF:62
BRH:0
end_of_record
TN:
SF:src/pages/JobApplicationForm.jsx
FN:9,(anonymous_0)
FN:27,(anonymous_1)
FN:28,(anonymous_2)
FN:37,(anonymous_3)
FN:42,(anonymous_4)
FN:53,(anonymous_5)
FN:55,(anonymous_6)
FN:61,(anonymous_7)
FN:79,(anonymous_8)
FN:106,(anonymous_9)
FN:190,(anonymous_10)
FNF:11
FNH:0
FNDA:0,(anonymous_0)
FNDA:0,(anonymous_1)
FNDA:0,(anonymous_2)
FNDA:0,(anonymous_3)
FNDA:0,(anonymous_4)
FNDA:0,(anonymous_5)
FNDA:0,(anonymous_6)
FNDA:0,(anonymous_7)
FNDA:0,(anonymous_8)
FNDA:0,(anonymous_9)
FNDA:0,(anonymous_10)
DA:9,0
DA:10,0
DA:11,0
DA:12,0
DA:13,0
DA:15,0
DA:16,0
DA:17,0
DA:18,0
DA:19,0
DA:21,0
DA:27,0
DA:28,0
DA:29,0
DA:30,0
DA:31,0
DA:32,0
DA:33,0
DA:34,0
DA:36,0
DA:37,0
DA:40,0
DA:41,0
DA:42,0
DA:44,0
DA:48,0
DA:49,0
DA:53,0
DA:54,0
DA:55,0
DA:61,0
DA:62,0
DA:64,0
DA:66,0
DA:67,0
DA:68,0
DA:70,0
DA:75,0
DA:77,0
DA:78,0
DA:79,0
DA:80,0
DA:83,0
DA:86,0
DA:87,0
DA:89,0
DA:93,0
DA:94,0
DA:101,0
DA:102,0
DA:106,0
DA:112,0
DA:190,0
LF:53
LH:0
BRDA:32,0,0,0
BRDA:32,0,1,0
BRDA:48,1,0,0
BRDA:48,1,1,0
BRDA:64,2,0,0
BRDA:64,2,1,0
BRDA:77,3,0,0
BRDA:77,3,1,0
BRDA:83,4,0,0
BRDA:83,4,1,0
BRDA:93,5,0,0
BRDA:93,5,1,0
BRDA:101,6,0,0
BRDA:101,6,1,0
BRDA:101,7,0,0
BRDA:101,7,1,0
BRDA:117,8,0,0
BRDA:117,8,1,0
BRDA:121,9,0,0
BRDA:121,9,1,0
BRDA:123,10,0,0
BRDA:123,10,1,0
BRDA:123,10,2,0
BRDA:130,11,0,0
BRDA:130,11,1,0
BRDA:131,12,0,0
BRDA:131,12,1,0
BRDA:138,13,0,0
BRDA:138,13,1,0
BRDA:146,14,0,0
BRDA:146,14,1,0
BRDA:156,15,0,0
BRDA:156,15,1,0
BRDA:200,16,0,0
BRDA:200,16,1,0
BRF:35
BRH:0
end_of_record
TN:
SF:src/pages/JobDetails.jsx
FN:7,(anonymous_0)
FN:17,(anonymous_1)
FN:18,(anonymous_2)
FN:32,(anonymous_3)
FN:37,(anonymous_4)
FN:48,(anonymous_5)
FN:72,(anonymous_6)
FN:88,(anonymous_7)
FN:97,(anonymous_8)
FN:106,(anonymous_9)
FN:172,(anonymous_10)
FN:178,(anonymous_11)
FN:184,(anonymous_12)
FN:190,(anonymous_13)
FN:282,(anonymous_14)
FNF:15
FNH:0
FNDA:0,(anonymous_0)
FNDA:0,(anonymous_1)
FNDA:0,(anonymous_2)
FNDA:0,(anonymous_3)
FNDA:0,(anonymous_4)
FNDA:0,(anonymous_5)
FNDA:0,(anonymous_6)
FNDA:0,(anonymous_7)
FNDA:0,(anonymous_8)
FNDA:0,(anonymous_9)
FNDA:0,(anonymous_10)
FNDA:0,(anonymous_11)
FNDA:0,(anonymous_12)
FNDA:0,(anonymous_13)
FNDA:0,(anonymous_14)
DA:7,0
DA:8,0
DA:9,0
DA:10,0
DA:11,0
DA:12,0
DA:13,0
DA:14,0
DA:15,0
DA:17,0
DA:18,0
DA:19,0
DA:20,0
DA:22,0
DA:24,0
DA:26,0
DA:27,0
DA:28,0
DA:29,0
DA:31,0
DA:32,0
DA:35,0
DA:36,0
DA:37,0
DA:39,0
DA:43,0
DA:44,0
DA:48,0
DA:49,0
DA:50,0
DA:52,0
DA:54,0
DA:55,0
DA:56,0
DA:60,0
DA:61,0
DA:62,0
DA:66,0
DA:68,0
DA:72,0
DA:73,0
DA:76,0
DA:77,0
DA:84,0
DA:85,0
DA:88,0
DA:93,0
DA:94,0
DA:97,0
DA:102,0
DA:106,0
DA:172,0
DA:178,0
DA:184,0
DA:190,0
DA:283,0
LF:56
LH:0
BRDA:26,0,0,0
BRDA:26,0,1,0
BRDA:29,1,0,0
BRDA:29,1,1,0
BRDA:43,2,0,0
BRDA:43,2,1,0
BRDA:52,3,0,0
BRDA:52,3,1,0
BRDA:55,4,0,0
BRDA:55,4,1,0
BRDA:61,5,0,0
BRDA:61,5,1,0
BRDA:76,6,0,0
BRDA:76,6,1,0
BRDA:84,7,0,0
BRDA:84,7,1,0
BRDA:93,8,0,0
BRDA:93,8,1,0
BRDA:120,9,0,0
BRDA:120,9,1,0
BRDA:120,9,2,0
BRDA:127,10,0,0
BRDA:127,10,1,0
BRDA:127,11,0,0
BRDA:127,11,1,0
BRDA:133,12,0,0
BRDA:133,12,1,0
BRDA:143,13,0,0
BRDA:143,13,1,0
BRDA:146,14,0,0
BRDA:146,14,1,0
BRDA:148,15,0,0
BRDA:148,15,1,0
BRDA:151,16,0,0
BRDA:151,16,1,0
BRDA:151,17,0,0
BRDA:151,17,1,0
BRDA:169,18,0,0
BRDA:169,18,1,0
BRDA:175,19,0,0
BRDA:175,19,1,0
BRDA:181,20,0,0
BRDA:181,20,1,0
BRDA:187,21,0,0
BRDA:187,21,1,0
BRDA:193,22,0,0
BRDA:193,22,1,0
BRDA:193,22,2,0
BRDA:197,23,0,0
BRDA:197,23,1,0
BRDA:197,24,0,0
BRDA:197,24,1,0
BRDA:199,25,0,0
BRDA:199,25,1,0
BRDA:201,26,0,0
BRDA:201,26,1,0
BRDA:204,27,0,0
BRDA:204,27,1,0
BRDA:204,27,2,0
BRDA:205,28,0,0
BRDA:205,28,1,0
BRDA:205,28,2,0
BRDA:209,29,0,0
BRDA:209,29,1,0
BRDA:212,30,0,0
BRDA:212,30,1,0
BRDA:215,31,0,0
BRDA:215,31,1,0
BRDA:221,32,0,0
BRDA:221,32,1,0
BRDA:243,33,0,0
BRDA:243,33,1,0
BRDA:254,34,0,0
BRDA:254,34,1,0
BRDA:266,35,0,0
BRDA:266,35,1,0
BRDA:278,36,0,0
BRDA:278,36,1,0
BRDA:278,36,2,0
BRDA:285,37,0,0
BRDA:285,37,1,0
BRDA:285,37,2,0
BRDA:287,38,0,0
BRDA:287,38,1,0
BRDA:288,39,0,0
BRDA:288,39,1,0
BRDA:307,40,0,0
BRDA:307,40,1,0
BRDA:307,40,2,0
BRDA:308,41,0,0
BRDA:308,41,1,0
BRDA:314,42,0,0
BRDA:314,42,1,0
BRDA:320,43,0,0
BRDA:320,43,1,0
BRDA:326,44,0,0
BRDA:326,44,1,0
BRDA:332,45,0,0
BRDA:332,45,1,0
BRDA:357,46,0,0
BRDA:357,46,1,0
BRDA:357,46,2,0
BRDA:359,47,0,0
BRDA:359,47,1,0
BRDA:371,48,0,0
BRDA:371,48,1,0
BRDA:386,49,0,0
BRDA:386,49,1,0
BRDA:387,50,0,0
BRDA:387,50,1,0
BRF:110
BRH:0
end_of_record
TN:
SF:src/pages/JobListings.jsx
FN:7,(anonymous_0)
FN:49,(anonymous_1)
FN:50,(anonymous_2)
FN:57,(anonymous_3)
FN:64,(anonymous_4)
FN:83,(anonymous_5)
FN:90,(anonymous_6)
FN:96,(anonymous_7)
FN:100,(anonymous_8)
FN:105,(anonymous_9)
FN:111,(anonymous_10)
FN:121,(anonymous_11)
FN:130,(anonymous_12)
FN:160,(anonymous_13)
FN:181,(anonymous_14)
FN:194,(anonymous_15)
FN:204,(anonymous_16)
FN:208,(anonymous_17)
FN:262,(anonymous_18)
FN:296,(anonymous_19)
FN:300,(anonymous_20)
FN:309,(anonymous_21)
FN:313,(anonymous_22)
FN:329,(anonymous_23)
FN:377,(anonymous_24)
FN:393,(anonymous_25)
FNF:26
FNH:0
FNDA:0,(anonymous_0)
FNDA:0,(anonymous_1)
FNDA:0,(anonymous_2)
FNDA:0,(anonymous_3)
FNDA:0,(anonymous_4)
FNDA:0,(anonymous_5)
FNDA:0,(anonymous_6)
FNDA:0,(anonymous_7)
FNDA:0,(anonymous_8)
FNDA:0,(anonymous_9)
FNDA:0,(anonymous_10)
FNDA:0,(anonymous_11)
FNDA:0,(anonymous_12)
FNDA:0,(anonymous_13)
FNDA:0,(anonymous_14)
FNDA:0,(anonymous_15)
FNDA:0,(anonymous_16)
FNDA:0,(anonymous_17)
FNDA:0,(anonymous_18)
FNDA:0,(anonymous_19)
FNDA:0,(anonymous_20)
FNDA:0,(anonymous_21)
FNDA:0,(anonymous_22)
FNDA:0,(anonymous_23)
FNDA:0,(anonymous_24)
FNDA:0,(anonymous_25)
DA:7,0
DA:8,0
DA:11,0
DA:12,0
DA:13,0
DA:14,0
DA:17,0
DA:20,0
DA:44,0
DA:46,0
DA:49,0
DA:50,0
DA:51,0
DA:52,0
DA:56,0
DA:57,0
DA:58,0
DA:64,0
DA:66,0
DA:68,0
DA:79,0
DA:83,0
DA:84,0
DA:85,0
DA:90,0
DA:91,0
DA:92,0
DA:96,0
DA:97,0
DA:100,0
DA:101,0
DA:102,0
DA:105,0
DA:106,0
DA:107,0
DA:108,0
DA:109,0
DA:111,0
DA:112,0
DA:115,0
DA:118,0
DA:119,0
DA:121,0
DA:122,0
DA:125,0
DA:130,0
DA:131,0
DA:132,0
DA:135,0
DA:160,0
DA:181,0
DA:194,0
DA:205,0
DA:208,0
DA:262,0
DA:296,0
DA:300,0
DA:310,0
DA:313,0
DA:329,0
DA:377,0
DA:394,0
DA:395,0
LF:63
LH:0
BRDA:51,0,0,0
BRDA:51,0,1,0
BRDA:51,1,0,0
BRDA:51,1,1,0
BRDA:91,2,0,0
BRDA:91,2,1,0
BRDA:107,3,0,0
BRDA:107,3,1,0
BRDA:109,4,0,0
BRDA:109,4,1,0
BRDA:112,5,0,0
BRDA:112,5,1,0
BRDA:119,6,0,0
BRDA:119,6,1,0
BRDA:122,7,0,0
BRDA:122,7,1,0
BRDA:131,8,0,0
BRDA:131,8,1,0
BRDA:131,9,0,0
BRDA:131,9,1,0
BRDA:196,10,0,0
BRDA:196,10,1,0
BRDA:202,11,0,0
BRDA:202,11,1,0
BRDA:225,12,0,0
BRDA:225,12,1,0
BRDA:253,13,0,0
BRDA:253,13,1,0
BRDA:273,14,0,0
BRDA:273,14,1,0
BRDA:278,15,0,0
BRDA:278,15,1,0
BRDA:280,16,0,0
BRDA:280,16,1,0
BRDA:285,17,0,0
BRDA:285,17,1,0
BRDA:318,18,0,0
BRDA:318,18,1,0
BRDA:322,19,0,0
BRDA:322,19,1,0
BRDA:328,20,0,0
BRDA:328,20,1,0
BRDA:330,21,0,0
BRDA:330,21,1,0
BRDA:332,22,0,0
BRDA:332,22,1,0
BRDA:341,23,0,0
BRDA:341,23,1,0
BRDA:347,24,0,0
BRDA:347,24,1,0
BRDA:347,24,2,0
BRDA:350,25,0,0
BRDA:350,25,1,0
BRDA:352,26,0,0
BRDA:352,26,1,0
BRDA:360,27,0,0
BRDA:360,27,1,0
BRDA:363,28,0,0
BRDA:363,28,1,0
BRDA:366,29,0,0
BRDA:366,29,1,0
BRDA:366,29,2,0
BRDA:376,30,0,0
BRDA:376,30,1,0
BRDA:380,31,0,0
BRDA:380,31,1,0
BRDA:413,32,0,0
BRDA:413,32,1,0
BRDA:420,33,0,0
BRDA:420,33,1,0
BRF:70
BRH:0
end_of_record
TN:
SF:src/pages/LearningPaths.jsx
FN:7,(anonymous_0)
FN:14,(anonymous_1)
FN:91,(anonymous_2)
FN:99,(anonymous_3)
FN:103,(anonymous_4)
FN:134,(anonymous_5)
FN:140,(anonymous_6)
FN:146,(anonymous_7)
FN:156,(anonymous_8)
FN:196,(anonymous_9)
FN:207,(anonymous_10)
FN:214,(anonymous_11)
FNF:12
FNH:0
FNDA:0,(anonymous_0)
FNDA:0,(anonymous_1)
FNDA:0,(anonymous_2)
FNDA:0,(anonymous_3)
FNDA:0,(anonymous_4)
FNDA:0,(anonymous_5)
FNDA:0,(anonymous_6)
FNDA:0,(anonymous_7)
FNDA:0,(anonymous_8)
FNDA:0,(anonymous_9)
FNDA:0,(anonymous_10)
FNDA:0,(anonymous_11)
DA:7,0
DA:8,0
DA:9,0
DA:10,0
DA:11,0
DA:12,0
DA:14,0
DA:16,0
DA:24,0
DA:25,0
DA:28,0
DA:91,0
DA:92,0
DA:93,0
DA:94,0
DA:95,0
DA:96,0
DA:99,0
DA:101,0
DA:103,0
DA:104,0
DA:107,0
DA:134,0
DA:140,0
DA:146,0
DA:157,0
DA:197,0
DA:207,0
DA:214,0
LF:29
LH:0
BRDA:92,0,0,0
BRDA:92,0,1,0
BRDA:93,1,0,0
BRDA:93,1,1,0
BRDA:94,2,0,0
BRDA:94,2,1,0
BRDA:95,3,0,0
BRDA:95,3,1,0
BRDA:182,4,0,0
BRDA:182,4,1,0
BRDA:186,5,0,0
BRDA:186,5,1,0
BRDA:187,6,0,0
BRDA:187,6,1,0
BRDA:204,7,0,0
BRDA:204,7,1,0
BRF:16
BRH:0
end_of_record
TN:
SF:src/pages/Login.jsx
FN:7,(anonymous_0)
FN:20,(anonymous_1)
FN:27,(anonymous_2)
FN:29,(anonymous_3)
FN:36,(anonymous_4)
FNF:5
FNH:0
FNDA:0,(anonymous_0)
FNDA:0,(anonymous_1)
FNDA:0,(anonymous_2)
FNDA:0,(anonymous_3)
FNDA:0,(anonymous_4)
DA:7,0
DA:8,0
DA:9,0
DA:10,0
DA:12,0
DA:16,0
DA:17,0
DA:20,0
DA:21,0
DA:22,0
DA:23,0
DA:27,0
DA:28,0
DA:29,0
DA:33,0
DA:36,0
DA:37,0
DA:39,0
DA:40,0
DA:41,0
DA:44,0
DA:45,0
DA:47,0
DA:48,0
DA:50,0
DA:51,0
DA:52,0
DA:55,0
DA:56,0
DA:57,0
DA:58,0
DA:59,0
DA:60,0
DA:61,0
DA:62,0
DA:64,0
DA:68,0
DA:70,0
DA:74,0
LF:39
LH:0
BRDA:21,0,0,0
BRDA:21,0,1,0
BRDA:21,1,0,0
BRDA:21,1,1,0
BRDA:22,2,0,0
BRDA:22,2,1,0
BRDA:39,3,0,0
BRDA:39,3,1,0
BRDA:39,4,0,0
BRDA:39,4,1,0
BRDA:50,5,0,0
BRDA:50,5,1,0
BRDA:51,6,0,0
BRDA:51,6,1,0
BRDA:55,7,0,0
BRDA:55,7,1,0
BRDA:57,8,0,0
BRDA:57,8,1,0
BRDA:59,9,0,0
BRDA:59,9,1,0
BRDA:61,10,0,0
BRDA:61,10,1,0
BRDA:102,11,0,0
BRDA:102,11,1,0
BRDA:104,12,0,0
BRDA:104,12,1,0
BRF:26
BRH:0
end_of_record
TN:
SF:src/pages/MyJobs.jsx
FN:7,(anonymous_0)
FN:17,(anonymous_1)
FN:23,(anonymous_2)
FN:45,(anonymous_3)
FN:49,(anonymous_4)
FN:55,(anonymous_5)
FN:62,(anonymous_6)
FN:62,(anonymous_7)
FN:71,(anonymous_8)
FN:82,(anonymous_9)
FN:113,(anonymous_10)
FN:130,(anonymous_11)
FN:136,(anonymous_12)
FN:144,(anonymous_13)
FN:165,(anonymous_14)
FN:169,(anonymous_15)
FN:182,(anonymous_16)
FN:203,(anonymous_17)
FN:212,(anonymous_18)
FN:213,(anonymous_19)
FN:286,(anonymous_20)
FN:295,(anonymous_21)
FN:301,(anonymous_22)
FNF:23
FNH:0
FNDA:0,(anonymous_0)
FNDA:0,(anonymous_1)
FNDA:0,(anonymous_2)
FNDA:0,(anonymous_3)
FNDA:0,(anonymous_4)
FNDA:0,(anonymous_5)
FNDA:0,(anonymous_6)
FNDA:0,(anonymous_7)
FNDA:0,(anonymous_8)
FNDA:0,(anonymous_9)
FNDA:0,(anonymous_10)
FNDA:0,(anonymous_11)
FNDA:0,(anonymous_12)
FNDA:0,(anonymous_13)
FNDA:0,(anonymous_14)
FNDA:0,(anonymous_15)
FNDA:0,(anonymous_16)
FNDA:0,(anonymous_17)
FNDA:0,(anonymous_18)
FNDA:0,(anonymous_19)
FNDA:0,(anonymous_20)
FNDA:0,(anonymous_21)
FNDA:0,(anonymous_22)
DA:7,0
DA:8,0
DA:9,0
DA:10,0
DA:11,0
DA:12,0
DA:13,0
DA:14,0
DA:15,0
DA:17,0
DA:18,0
DA:19,0
DA:23,0
DA:24,0
DA:25,0
DA:27,0
DA:29,0
DA:35,0
DA:36,0
DA:38,0
DA:39,0
DA:41,0
DA:45,0
DA:46,0
DA:49,0
DA:50,0
DA:52,0
DA:55,0
DA:56,0
DA:58,0
DA:59,0
DA:60,0
DA:62,0
DA:64,0
DA:65,0
DA:70,0
DA:72,0
DA:76,0
DA:80,0
DA:83,0
DA:85,0
DA:87,0
DA:89,0
DA:91,0
DA:95,0
DA:96,0
DA:103,0
DA:113,0
DA:130,0
DA:136,0
DA:144,0
DA:165,0
DA:169,0
DA:183,0
DA:184,0
DA:203,0
DA:213,0
DA:287,0
DA:288,0
DA:295,0
DA:301,0
LF:61
LH:0
BRDA:18,0,0,0
BRDA:18,0,1,0
BRDA:35,1,0,0
BRDA:35,1,1,0
BRDA:35,1,2,0
BRDA:58,2,0,0
BRDA:58,2,1,0
BRDA:72,3,0,0
BRDA:72,3,1,0
BRDA:72,3,2,0
BRDA:72,3,3,0
BRDA:72,3,4,0
BRDA:76,4,0,0
BRDA:76,4,1,0
BRDA:76,4,2,0
BRDA:80,5,0,0
BRDA:80,5,1,0
BRDA:83,6,0,0
BRDA:83,6,1,0
BRDA:83,6,2,0
BRDA:83,6,3,0
BRDA:87,7,0,0
BRDA:87,7,1,0
BRDA:87,8,0,0
BRDA:87,8,1,0
BRDA:89,9,0,0
BRDA:89,9,1,0
BRDA:89,10,0,0
BRDA:89,10,1,0
BRDA:95,11,0,0
BRDA:95,11,1,0
BRDA:153,12,0,0
BRDA:153,12,1,0
BRDA:175,13,0,0
BRDA:175,13,1,0
BRDA:177,14,0,0
BRDA:177,14,1,0
BRDA:177,15,0,0
BRDA:177,15,1,0
BRDA:217,16,0,0
BRDA:217,16,1,0
BRDA:223,17,0,0
BRDA:223,17,1,0
BRDA:227,18,0,0
BRDA:227,18,1,0
BRDA:228,19,0,0
BRDA:228,19,1,0
BRDA:234,20,0,0
BRDA:234,20,1,0
BRDA:236,21,0,0
BRDA:236,21,1,0
BRDA:254,22,0,0
BRDA:254,22,1,0
BRDA:260,23,0,0
BRDA:260,23,1,0
BRDA:266,24,0,0
BRDA:266,24,1,0
BRDA:266,24,2,0
BRDA:270,25,0,0
BRDA:270,25,1,0
BRDA:270,26,0,0
BRDA:270,26,1,0
BRDA:272,27,0,0
BRDA:272,27,1,0
BRDA:274,28,0,0
BRDA:274,28,1,0
BRF:66
BRH:0
end_of_record
TN:
SF:src/pages/NotFound.jsx
FN:5,(anonymous_0)
FN:15,(anonymous_1)
FN:25,(anonymous_2)
FNF:3
FNH:0
FNDA:0,(anonymous_0)
FNDA:0,(anonymous_1)
FNDA:0,(anonymous_2)
DA:5,0
DA:6,0
DA:8,0
DA:16,0
DA:17,0
DA:25,0
LF:6
LH:0
BRF:0
BRH:0
end_of_record
TN:
SF:src/pages/Profile.jsx
FN:7,(anonymous_0)
FN:30,(anonymous_1)
FN:31,(anonymous_2)
FN:66,(anonymous_3)
FN:71,(anonymous_4)
FN:106,(anonymous_5)
FN:128,(anonymous_6)
FN:130,(anonymous_7)
FN:336,(anonymous_8)
FNF:9
FNH:0
FNDA:0,(anonymous_0)
FNDA:0,(anonymous_1)
FNDA:0,(anonymous_2)
FNDA:0,(anonymous_3)
FNDA:0,(anonymous_4)
FNDA:0,(anonymous_5)
FNDA:0,(anonymous_6)
FNDA:0,(anonymous_7)
FNDA:0,(anonymous_8)
DA:7,0
DA:8,0
DA:9,0
DA:10,0
DA:11,0
DA:12,0
DA:13,0
DA:14,0
DA:30,0
DA:31,0
DA:32,0
DA:33,0
DA:34,0
DA:35,0
DA:36,0
DA:52,0
DA:53,0
DA:55,0
DA:59,0
DA:60,0
DA:62,0
DA:66,0
DA:67,0
DA:68,0
DA:71,0
DA:72,0
DA:73,0
DA:74,0
DA:77,0
DA:91,0
DA:93,0
DA:95,0
DA:96,0
DA:99,0
DA:100,0
DA:102,0
DA:106,0
DA:107,0
DA:108,0
DA:110,0
DA:111,0
DA:128,0
DA:129,0
DA:130,0
DA:136,0
DA:137,0
DA:144,0
DA:336,0
LF:48
LH:0
BRDA:35,0,0,0
BRDA:35,0,1,0
BRDA:37,1,0,0
BRDA:37,1,1,0
BRDA:38,2,0,0
BRDA:38,2,1,0
BRDA:39,3,0,0
BRDA:39,3,1,0
BRDA:40,4,0,0
BRDA:40,4,1,0
BRDA:41,5,0,0
BRDA:41,5,1,0
BRDA:42,6,0,0
BRDA:42,6,1,0
BRDA:43,7,0,0
BRDA:43,7,1,0
BRDA:44,8,0,0
BRDA:44,8,1,0
BRDA:45,9,0,0
BRDA:45,9,1,0
BRDA:46,10,0,0
BRDA:46,10,1,0
BRDA:47,11,0,0
BRDA:47,11,1,0
BRDA:48,12,0,0
BRDA:48,12,1,0
BRDA:59,13,0,0
BRDA:59,13,1,0
BRDA:82,14,0,0
BRDA:82,14,1,0
BRDA:86,15,0,0
BRDA:86,15,1,0
BRDA:87,16,0,0
BRDA:87,16,1,0
BRDA:93,17,0,0
BRDA:93,17,1,0
BRDA:110,18,0,0
BRDA:110,18,1,0
BRDA:112,19,0,0
BRDA:112,19,1,0
BRDA:113,20,0,0
BRDA:113,20,1,0
BRDA:114,21,0,0
BRDA:114,21,1,0
BRDA:115,22,0,0
BRDA:115,22,1,0
BRDA:116,23,0,0
BRDA:116,23,1,0
BRDA:117,24,0,0
BRDA:117,24,1,0
BRDA:118,25,0,0
BRDA:118,25,1,0
BRDA:119,26,0,0
BRDA:119,26,1,0
BRDA:120,27,0,0
BRDA:120,27,1,0
BRDA:121,28,0,0
BRDA:121,28,1,0
BRDA:122,29,0,0
BRDA:122,29,1,0
BRDA:123,30,0,0
BRDA:123,30,1,0
BRDA:136,31,0,0
BRDA:136,31,1,0
BRDA:146,32,0,0
BRDA:146,32,1,0
BRDA:155,33,0,0
BRDA:155,33,1,0
BRDA:158,34,0,0
BRDA:158,34,1,0
BRDA:163,35,0,0
BRDA:163,35,1,0
BRDA:173,36,0,0
BRDA:173,36,1,0
BRDA:175,37,0,0
BRDA:175,37,1,0
BRDA:177,38,0,0
BRDA:177,38,1,0
BRDA:184,39,0,0
BRDA:184,39,1,0
BRDA:208,40,0,0
BRDA:208,40,1,0
BRDA:214,41,0,0
BRDA:214,41,1,0
BRDA:224,42,0,0
BRDA:224,42,1,0
BRDA:229,43,0,0
BRDA:229,43,1,0
BRDA:239,44,0,0
BRDA:239,44,1,0
BRDA:244,45,0,0
BRDA:244,45,1,0
BRDA:254,46,0,0
BRDA:254,46,1,0
BRDA:262,47,0,0
BRDA:262,47,1,0
BRDA:272,48,0,0
BRDA:272,48,1,0
BRDA:282,49,0,0
BRDA:282,49,1,0
BRDA:294,50,0,0
BRDA:294,50,1,0
BRDA:299,51,0,0
BRDA:299,51,1,0
BRDA:315,52,0,0
BRDA:315,52,1,0
BRDA:323,53,0,0
BRDA:323,53,1,0
BRDA:341,54,0,0
BRDA:341,54,1,0
BRDA:355,55,0,0
BRDA:355,55,1,0
BRDA:363,56,0,0
BRDA:363,56,1,0
BRDA:374,57,0,0
BRDA:374,57,1,0
BRDA:379,58,0,0
BRDA:379,58,1,0
BRDA:390,59,0,0
BRDA:390,59,1,0
BRF:120
BRH:0
end_of_record
TN:
SF:src/pages/ResumeBuilder.jsx
FN:7,(anonymous_0)
FN:29,(anonymous_1)
FN:36,(anonymous_2)
FN:49,(anonymous_3)
FN:53,(anonymous_4)
FN:66,(anonymous_5)
FN:85,(anonymous_6)
FN:87,(anonymous_7)
FN:91,(anonymous_8)
FN:95,(anonymous_9)
FN:96,(anonymous_10)
FN:105,(anonymous_11)
FN:106,(anonymous_12)
FN:112,(anonymous_13)
FN:113,(anonymous_14)
FN:115,(anonymous_15)
FN:121,(anonymous_16)
FN:122,(anonymous_17)
FN:139,(anonymous_18)
FN:140,(anonymous_19)
FN:142,(anonymous_20)
FN:146,(anonymous_21)
FN:147,(anonymous_22)
FN:149,(anonymous_23)
FN:155,(anonymous_24)
FN:156,(anonymous_25)
FN:174,(anonymous_26)
FN:175,(anonymous_27)
FN:177,(anonymous_28)
FN:181,(anonymous_29)
FN:183,(anonymous_30)
FN:191,(anonymous_31)
FN:192,(anonymous_32)
FN:194,(anonymous_33)
FN:198,(anonymous_34)
FN:199,(anonymous_35)
FN:201,(anonymous_36)
FN:207,(anonymous_37)
FN:208,(anonymous_38)
FN:223,(anonymous_39)
FN:224,(anonymous_40)
FN:226,(anonymous_41)
FN:230,(anonymous_42)
FN:312,(anonymous_43)
FN:328,(anonymous_44)
FN:355,(anonymous_45)
FN:424,(anonymous_46)
FN:430,(anonymous_47)
FN:436,(anonymous_48)
FN:453,(anonymous_49)
FN:453,(anonymous_50)
FN:472,(anonymous_51)
FN:480,(anonymous_52)
FN:488,(anonymous_53)
FN:496,(anonymous_54)
FN:504,(anonymous_55)
FN:512,(anonymous_56)
FN:524,(anonymous_57)
FN:534,(anonymous_58)
FN:542,(anonymous_59)
FN:550,(anonymous_60)
FN:558,(anonymous_61)
FN:566,(anonymous_62)
FN:576,(anonymous_63)
FN:585,(anonymous_64)
FN:592,(anonymous_65)
FN:606,(anonymous_66)
FN:614,(anonymous_67)
FN:622,(anonymous_68)
FN:630,(anonymous_69)
FN:638,(anonymous_70)
FN:646,(anonymous_71)
FN:655,(anonymous_72)
FN:664,(anonymous_73)
FN:671,(anonymous_74)
FN:689,(anonymous_75)
FN:691,(anonymous_76)
FN:696,(anonymous_77)
FN:699,(anonymous_78)
FN:708,(anonymous_79)
FN:716,(anonymous_80)
FN:724,(anonymous_81)
FN:732,(anonymous_82)
FN:740,(anonymous_83)
FN:747,(anonymous_84)
FN:769,(anonymous_85)
FN:786,(anonymous_86)
FN:811,(anonymous_87)
FN:841,(anonymous_88)
FN:867,(anonymous_89)
FN:873,(anonymous_90)
FN:879,(anonymous_91)
FNF:92
FNH:0
FNDA:0,(anonymous_0)
FNDA:0,(anonymous_1)
FNDA:0,(anonymous_2)
FNDA:0,(anonymous_3)
FNDA:0,(anonymous_4)
FNDA:0,(anonymous_5)
FNDA:0,(anonymous_6)
FNDA:0,(anonymous_7)
FNDA:0,(anonymous_8)
FNDA:0,(anonymous_9)
FNDA:0,(anonymous_10)
FNDA:0,(anonymous_11)
FNDA:0,(anonymous_12)
FNDA:0,(anonymous_13)
FNDA:0,(anonymous_14)
FNDA:0,(anonymous_15)
FNDA:0,(anonymous_16)
FNDA:0,(anonymous_17)
FNDA:0,(anonymous_18)
FNDA:0,(anonymous_19)
FNDA:0,(anonymous_20)
FNDA:0,(anonymous_21)
FNDA:0,(anonymous_22)
FNDA:0,(anonymous_23)
FNDA:0,(anonymous_24)
FNDA:0,(anonymous_25)
FNDA:0,(anonymous_26)
FNDA:0,(anonymous_27)
FNDA:0,(anonymous_28)
FNDA:0,(anonymous_29)
FNDA:0,(anonymous_30)
FNDA:0,(anonymous_31)
FNDA:0,(anonymous_32)
FNDA:0,(anonymous_33)
FNDA:0,(anonymous_34)
FNDA:0,(anonymous_35)
FNDA:0,(anonymous_36)
FNDA:0,(anonymous_37)
FNDA:0,(anonymous_38)
FNDA:0,(anonymous_39)
FNDA:0,(anonymous_40)
FNDA:0,(anonymous_41)
FNDA:0,(anonymous_42)
FNDA:0,(anonymous_43)
FNDA:0,(anonymous_44)
FNDA:0,(anonymous_45)
FNDA:0,(anonymous_46)
FNDA:0,(anonymous_47)
FNDA:0,(anonymous_48)
FNDA:0,(anonymous_49)
FNDA:0,(anonymous_50)
FNDA:0,(anonymous_51)
FNDA:0,(anonymous_52)
FNDA:0,(anonymous_53)
FNDA:0,(anonymous_54)
FNDA:0,(anonymous_55)
FNDA:0,(anonymous_56)
FNDA:0,(anonymous_57)
FNDA:0,(anonymous_58)
FNDA:0,(anonymous_59)
FNDA:0,(anonymous_60)
FNDA:0,(anonymous_61)
FNDA:0,(anonymous_62)
FNDA:0,(anonymous_63)
FNDA:0,(anonymous_64)
FNDA:0,(anonymous_65)
FNDA:0,(anonymous_66)
FNDA:0,(anonymous_67)
FNDA:0,(anonymous_68)
FNDA:0,(anonymous_69)
FNDA:0,(anonymous_70)
FNDA:0,(anonymous_71)
FNDA:0,(anonymous_72)
FNDA:0,(anonymous_73)
FNDA:0,(anonymous_74)
FNDA:0,(anonymous_75)
FNDA:0,(anonymous_76)
FNDA:0,(anonymous_77)
FNDA:0,(anonymous_78)
FNDA:0,(anonymous_79)
FNDA:0,(anonymous_80)
FNDA:0,(anonymous_81)
FNDA:0,(anonymous_82)
FNDA:0,(anonymous_83)
FNDA:0,(anonymous_84)
FNDA:0,(anonymous_85)
FNDA:0,(anonymous_86)
FNDA:0,(anonymous_87)
FNDA:0,(anonymous_88)
FNDA:0,(anonymous_89)
FNDA:0,(anonymous_90)
FNDA:0,(anonymous_91)
DA:7,0
DA:8,0
DA:9,0
DA:10,0
DA:19,0
DA:20,0
DA:21,0
DA:22,0
DA:23,0
DA:24,0
DA:25,0
DA:26,0
DA:29,0
DA:30,0
DA:31,0
DA:36,0
DA:37,0
DA:38,0
DA:40,0
DA:41,0
DA:46,0
DA:47,0
DA:49,0
DA:50,0
DA:53,0
DA:54,0
DA:55,0
DA:58,0
DA:59,0
DA:61,0
DA:66,0
DA:67,0
DA:68,0
DA:70,0
DA:71,0
DA:72,0
DA:73,0
DA:74,0
DA:75,0
DA:77,0
DA:78,0
DA:80,0
DA:85,0
DA:86,0
DA:87,0
DA:88,0
DA:89,0
DA:91,0
DA:95,0
DA:96,0
DA:105,0
DA:106,0
DA:112,0
DA:113,0
DA:116,0
DA:121,0
DA:122,0
DA:139,0
DA:140,0
DA:142,0
DA:146,0
DA:147,0
DA:150,0
DA:155,0
DA:156,0
DA:174,0
DA:175,0
DA:177,0
DA:181,0
DA:182,0
DA:183,0
DA:187,0
DA:191,0
DA:192,0
DA:194,0
DA:198,0
DA:199,0
DA:202,0
DA:207,0
DA:208,0
DA:223,0
DA:224,0
DA:226,0
DA:230,0
DA:231,0
DA:232,0
DA:233,0
DA:235,0
DA:237,0
DA:238,0
DA:239,0
DA:240,0
DA:241,0
DA:247,0
DA:248,0
DA:249,0
DA:251,0
DA:252,0
DA:255,0
DA:256,0
DA:257,0
DA:260,0
DA:263,0
DA:266,0
DA:268,0
DA:269,0
DA:270,0
DA:271,0
DA:272,0
DA:276,0
DA:278,0
DA:280,0
DA:281,0
DA:284,0
DA:285,0
DA:286,0
DA:289,0
DA:292,0
DA:293,0
DA:298,0
DA:299,0
DA:301,0
DA:305,0
DA:306,0
DA:308,0
DA:312,0
DA:313,0
DA:322,0
DA:323,0
DA:324,0
DA:325,0
DA:328,0
DA:329,0
DA:330,0
DA:333,0
DA:334,0
DA:336,0
DA:337,0
DA:338,0
DA:341,0
DA:342,0
DA:346,0
DA:348,0
DA:349,0
DA:351,0
DA:355,0
DA:356,0
DA:357,0
DA:359,0
DA:360,0
DA:361,0
DA:362,0
DA:364,0
DA:365,0
DA:367,0
DA:372,0
DA:373,0
DA:383,0
DA:424,0
DA:430,0
DA:436,0
DA:453,0
DA:472,0
DA:480,0
DA:488,0
DA:496,0
DA:504,0
DA:512,0
DA:524,0
DA:535,0
DA:542,0
DA:550,0
DA:558,0
DA:566,0
DA:576,0
DA:585,0
DA:592,0
DA:607,0
DA:614,0
DA:622,0
DA:630,0
DA:638,0
DA:646,0
DA:655,0
DA:664,0
DA:671,0
DA:689,0
DA:691,0
DA:697,0
DA:699,0
DA:709,0
DA:716,0
DA:724,0
DA:732,0
DA:740,0
DA:747,0
DA:770,0
DA:771,0
DA:787,0
DA:812,0
DA:816,0
DA:842,0
DA:867,0
DA:873,0
DA:879,0
LF:205
LH:0
BRDA:30,0,0,0
BRDA:30,0,1,0
BRDA:46,1,0,0
BRDA:46,1,1,0
BRDA:47,2,0,0
BRDA:47,2,1,0
BRDA:54,3,0,0
BRDA:54,3,1,0
BRDA:54,4,0,0
BRDA:54,4,1,0
BRDA:86,5,0,0
BRDA:86,5,1,0
BRDA:86,6,0,0
BRDA:86,6,1,0
BRDA:115,7,0,0
BRDA:115,7,1,0
BRDA:116,8,0,0
BRDA:116,8,1,0
BRDA:125,9,0,0
BRDA:125,9,1,0
BRDA:127,10,0,0
BRDA:127,10,1,0
BRDA:142,11,0,0
BRDA:142,11,1,0
BRDA:149,12,0,0
BRDA:149,12,1,0
BRDA:150,13,0,0
BRDA:150,13,1,0
BRDA:159,14,0,0
BRDA:159,14,1,0
BRDA:161,15,0,0
BRDA:161,15,1,0
BRDA:177,16,0,0
BRDA:177,16,1,0
BRDA:182,17,0,0
BRDA:182,17,1,0
BRDA:185,18,0,0
BRDA:185,18,1,0
BRDA:194,19,0,0
BRDA:194,19,1,0
BRDA:201,20,0,0
BRDA:201,20,1,0
BRDA:202,21,0,0
BRDA:202,21,1,0
BRDA:211,22,0,0
BRDA:211,22,1,0
BRDA:213,23,0,0
BRDA:213,23,1,0
BRDA:226,24,0,0
BRDA:226,24,1,0
BRDA:238,25,0,0
BRDA:238,25,1,0
BRDA:249,26,0,0
BRDA:249,26,1,0
BRDA:269,27,0,0
BRDA:269,27,1,0
BRDA:278,28,0,0
BRDA:278,28,1,0
BRDA:329,29,0,0
BRDA:329,29,1,0
BRDA:341,30,0,0
BRDA:341,30,1,0
BRDA:372,31,0,0
BRDA:372,31,1,0
BRDA:388,32,0,0
BRDA:388,32,1,0
BRDA:399,33,0,0
BRDA:399,33,1,0
BRDA:407,34,0,0
BRDA:407,34,1,0
BRDA:414,35,0,0
BRDA:414,35,1,0
BRDA:423,36,0,0
BRDA:423,36,1,0
BRDA:429,37,0,0
BRDA:429,37,1,0
BRDA:435,38,0,0
BRDA:435,38,1,0
BRDA:443,39,0,0
BRDA:443,39,1,0
BRDA:534,40,0,0
BRDA:534,40,1,0
BRDA:606,41,0,0
BRDA:606,41,1,0
BRDA:691,42,0,0
BRDA:691,42,1,0
BRDA:696,43,0,0
BRDA:696,43,1,0
BRDA:708,44,0,0
BRDA:708,44,1,0
BRDA:762,45,0,0
BRDA:762,45,1,0
BRDA:764,46,0,0
BRDA:764,46,1,0
BRDA:764,47,0,0
BRDA:764,47,1,0
BRDA:766,48,0,0
BRDA:766,48,1,0
BRDA:781,49,0,0
BRDA:781,49,1,0
BRDA:785,50,0,0
BRDA:785,50,1,0
BRDA:789,51,0,0
BRDA:789,51,1,0
BRDA:801,52,0,0
BRDA:801,52,1,0
BRDA:831,53,0,0
BRDA:831,53,1,0
BRDA:840,54,0,0
BRDA:840,54,1,0
BRDA:845,55,0,0
BRDA:845,55,1,0
BRDA:852,56,0,0
BRDA:852,56,1,0
BRDA:854,57,0,0
BRDA:854,57,1,0
BRF:116
BRH:0
end_of_record
TN:
SF:src/pages/ResumeVersions.jsx
FN:8,(anonymous_0)
FN:18,(anonymous_1)
FN:22,(anonymous_2)
FN:31,(anonymous_3)
FN:96,(anonymous_4)
FN:109,(anonymous_5)
FN:114,(anonymous_6)
FN:126,(anonymous_7)
FN:150,(anonymous_8)
FN:155,(anonymous_9)
FN:164,(anonymous_10)
FN:177,(anonymous_11)
FN:229,(anonymous_12)
FN:244,(anonymous_13)
FN:245,(anonymous_14)
FN:245,(anonymous_15)
FN:245,(anonymous_16)
FN:265,(anonymous_17)
FN:324,(anonymous_18)
FN:341,(anonymous_19)
FN:351,(anonymous_20)
FN:359,(anonymous_21)
FN:367,(anonymous_22)
FN:429,(anonymous_23)
FNF:24
FNH:0
FNDA:0,(anonymous_0)
FNDA:0,(anonymous_1)
FNDA:0,(anonymous_2)
FNDA:0,(anonymous_3)
FNDA:0,(anonymous_4)
FNDA:0,(anonymous_5)
FNDA:0,(anonymous_6)
FNDA:0,(anonymous_7)
FNDA:0,(anonymous_8)
FNDA:0,(anonymous_9)
FNDA:0,(anonymous_10)
FNDA:0,(anonymous_11)
FNDA:0,(anonymous_12)
FNDA:0,(anonymous_13)
FNDA:0,(anonymous_14)
FNDA:0,(anonymous_15)
FNDA:0,(anonymous_16)
FNDA:0,(anonymous_17)
FNDA:0,(anonymous_18)
FNDA:0,(anonymous_19)
FNDA:0,(anonymous_20)
FNDA:0,(anonymous_21)
FNDA:0,(anonymous_22)
FNDA:0,(anonymous_23)
DA:8,0
DA:9,0
DA:10,0
DA:11,0
DA:12,0
DA:13,0
DA:14,0
DA:15,0
DA:16,0
DA:18,0
DA:19,0
DA:22,0
DA:23,0
DA:24,0
DA:26,0
DA:27,0
DA:28,0
DA:31,0
DA:48,0
DA:49,0
DA:65,0
DA:67,0
DA:70,0
DA:71,0
DA:74,0
DA:90,0
DA:92,0
DA:96,0
DA:97,0
DA:99,0
DA:101,0
DA:103,0
DA:105,0
DA:109,0
DA:110,0
DA:112,0
DA:114,0
DA:119,0
DA:121,0
DA:122,0
DA:126,0
DA:127,0
DA:128,0
DA:132,0
DA:142,0
DA:143,0
DA:145,0
DA:146,0
DA:150,0
DA:151,0
DA:152,0
DA:155,0
DA:156,0
DA:157,0
DA:158,0
DA:161,0
DA:164,0
DA:165,0
DA:166,0
DA:167,0
DA:169,0
DA:170,0
DA:171,0
DA:172,0
DA:177,0
DA:179,0
DA:182,0
DA:229,0
DA:244,0
DA:245,0
DA:266,0
DA:267,0
DA:325,0
DA:341,0
DA:351,0
DA:359,0
DA:367,0
DA:429,0
LF:78
LH:0
BRDA:28,0,0,0
BRDA:28,0,1,0
BRDA:33,1,0,0
BRDA:33,1,1,0
BRDA:34,2,0,0
BRDA:34,2,1,0
BRDA:35,3,0,0
BRDA:35,3,1,0
BRDA:36,4,0,0
BRDA:36,4,1,0
BRDA:37,5,0,0
BRDA:37,5,1,0
BRDA:37,5,2,0
BRDA:44,6,0,0
BRDA:44,6,1,0
BRDA:48,7,0,0
BRDA:48,7,1,0
BRDA:97,8,0,0
BRDA:97,8,1,0
BRDA:97,8,2,0
BRDA:97,8,3,0
BRDA:156,9,0,0
BRDA:156,9,1,0
BRDA:186,10,0,0
BRDA:186,10,1,0
BRDA:193,11,0,0
BRDA:193,11,1,0
BRDA:244,12,0,0
BRDA:244,12,1,0
BRDA:268,13,0,0
BRDA:268,13,1,0
BRDA:276,14,0,0
BRDA:276,14,1,0
BRDA:285,15,0,0
BRDA:285,15,1,0
BRDA:291,16,0,0
BRDA:291,16,1,0
BRDA:313,17,0,0
BRDA:313,17,1,0
BRDA:348,18,0,0
BRDA:348,18,1,0
BRDA:364,19,0,0
BRDA:364,19,1,0
BRDA:416,20,0,0
BRDA:416,20,1,0
BRF:45
BRH:0
end_of_record
TN:
SF:src/pages/SavedJobs.jsx
FN:7,(anonymous_0)
FN:16,(anonymous_1)
FN:17,(anonymous_2)
FN:39,(anonymous_3)
FN:43,(anonymous_4)
FN:47,(anonymous_5)
FN:47,(anonymous_6)
FN:54,(anonymous_7)
FN:58,(anonymous_8)
FN:58,(anonymous_9)
FN:70,(anonymous_10)
FN:74,(anonymous_11)
FN:100,(anonymous_12)
FN:117,(anonymous_13)
FN:142,(anonymous_14)
FN:146,(anonymous_15)
FN:162,(anonymous_16)
FN:163,(anonymous_17)
FN:174,(anonymous_18)
FNF:19
FNH:0
FNDA:0,(anonymous_0)
FNDA:0,(anonymous_1)
FNDA:0,(anonymous_2)
FNDA:0,(anonymous_3)
FNDA:0,(anonymous_4)
FNDA:0,(anonymous_5)
FNDA:0,(anonymous_6)
FNDA:0,(anonymous_7)
FNDA:0,(anonymous_8)
FNDA:0,(anonymous_9)
FNDA:0,(anonymous_10)
FNDA:0,(anonymous_11)
FNDA:0,(anonymous_12)
FNDA:0,(anonymous_13)
FNDA:0,(anonymous_14)
FNDA:0,(anonymous_15)
FNDA:0,(anonymous_16)
FNDA:0,(anonymous_17)
FNDA:0,(anonymous_18)
DA:7,0
DA:8,0
DA:9,0
DA:10,0
DA:11,0
DA:12,0
DA:13,0
DA:14,0
DA:16,0
DA:17,0
DA:18,0
DA:20,0
DA:21,0
DA:22,0
DA:23,0
DA:27,0
DA:29,0
DA:30,0
DA:32,0
DA:36,0
DA:39,0
DA:40,0
DA:43,0
DA:44,0
DA:45,0
DA:46,0
DA:47,0
DA:49,0
DA:50,0
DA:54,0
DA:55,0
DA:56,0
DA:58,0
DA:59,0
DA:65,0
DA:66,0
DA:70,0
DA:71,0
DA:74,0
DA:75,0
DA:79,0
DA:80,0
DA:90,0
DA:91,0
DA:98,0
DA:100,0
DA:102,0
DA:117,0
DA:143,0
DA:146,0
DA:162,0
DA:163,0
DA:174,0
LF:53
LH:0
BRDA:18,0,0,0
BRDA:18,0,1,0
BRDA:27,1,0,0
BRDA:27,1,1,0
BRDA:27,1,2,0
BRDA:40,2,0,0
BRDA:40,2,1,0
BRDA:40,2,2,0
BRDA:59,3,0,0
BRDA:59,3,1,0
BRDA:79,4,0,0
BRDA:79,4,1,0
BRDA:90,5,0,0
BRDA:90,5,1,0
BRDA:98,6,0,0
BRDA:98,6,1,0
BRDA:128,7,0,0
BRDA:128,7,1,0
BRDA:135,8,0,0
BRDA:135,8,1,0
BRDA:137,9,0,0
BRDA:137,9,1,0
BRDA:149,10,0,0
BRDA:149,10,1,0
BRDA:150,11,0,0
BRDA:150,11,1,0
BRDA:151,12,0,0
BRDA:151,12,1,0
BRDA:153,13,0,0
BRDA:153,13,1,0
BRDA:161,14,0,0
BRDA:161,14,1,0
BRDA:164,15,0,0
BRDA:164,15,1,0
BRF:34
BRH:0
end_of_record
TN:
SF:src/pages/ServicesTest.jsx
FN:5,(anonymous_0)
FN:9,(anonymous_1)
FN:10,(anonymous_2)
FN:100,(anonymous_3)
FN:121,(anonymous_4)
FNF:5
FNH:0
FNDA:0,(anonymous_0)
FNDA:0,(anonymous_1)
FNDA:0,(anonymous_2)
FNDA:0,(anonymous_3)
FNDA:0,(anonymous_4)
DA:5,0
DA:6,0
DA:7,0
DA:9,0
DA:10,0
DA:11,0
DA:13,0
DA:15,0
DA:17,0
DA:18,0
DA:25,0
DA:26,0
DA:34,0
DA:38,0
DA:46,0
DA:48,0
DA:49,0
DA:56,0
DA:57,0
DA:64,0
DA:65,0
DA:72,0
DA:75,0
DA:76,0
DA:84,0
DA:85,0
DA:88,0
DA:91,0
DA:92,0
DA:100,0
DA:101,0
DA:103,0
DA:122,0
LF:33
LH:0
BRDA:22,0,0,0
BRDA:22,0,1,0
BRDA:30,1,0,0
BRDA:30,1,1,0
BRDA:53,2,0,0
BRDA:53,2,1,0
BRDA:61,3,0,0
BRDA:61,3,1,0
BRDA:69,4,0,0
BRDA:69,4,1,0
BRDA:91,5,0,0
BRDA:91,5,1,0
BRDA:108,6,0,0
BRDA:108,6,1,0
BRDA:109,7,0,0
BRDA:109,7,1,0
BRDA:116,8,0,0
BRDA:116,8,1,0
BRDA:128,9,0,0
BRDA:128,9,1,0
BRDA:136,10,0,0
BRDA:136,10,1,0
BRDA:139,11,0,0
BRDA:139,11,1,0
BRDA:158,12,0,0
BRDA:158,12,1,0
BRF:26
BRH:0
end_of_record
TN:
SF:src/pages/Settings.jsx
FN:4,(anonymous_0)
FN:25,(anonymous_1)
FN:26,(anonymous_2)
FN:35,(anonymous_3)
FN:36,(anonymous_4)
FN:45,(anonymous_5)
FN:46,(anonymous_6)
FN:55,(anonymous_7)
FN:81,(anonymous_8)
FN:96,(anonymous_9)
FN:111,(anonymous_10)
FN:126,(anonymous_11)
FN:145,(anonymous_12)
FN:163,(anonymous_13)
FN:178,(anonymous_14)
FN:197,(anonymous_15)
FN:214,(anonymous_16)
FN:229,(anonymous_17)
FN:242,(anonymous_18)
FNF:19
FNH:0
FNDA:0,(anonymous_0)
FNDA:0,(anonymous_1)
FNDA:0,(anonymous_2)
FNDA:0,(anonymous_3)
FNDA:0,(anonymous_4)
FNDA:0,(anonymous_5)
FNDA:0,(anonymous_6)
FNDA:0,(anonymous_7)
FNDA:0,(anonymous_8)
FNDA:0,(anonymous_9)
FNDA:0,(anonymous_10)
FNDA:0,(anonymous_11)
FNDA:0,(anonymous_12)
FNDA:0,(anonymous_13)
FNDA:0,(anonymous_14)
FNDA:0,(anonymous_15)
FNDA:0,(anonymous_16)
FNDA:0,(anonymous_17)
FNDA:0,(anonymous_18)
DA:4,0
DA:5,0
DA:25,0
DA:26,0
DA:35,0
DA:36,0
DA:45,0
DA:46,0
DA:55,0
DA:57,0
DA:60,0
DA:81,0
DA:96,0
DA:111,0
DA:126,0
DA:145,0
DA:163,0
DA:178,0
DA:197,0
DA:214,0
DA:229,0
DA:242,0
LF:22
LH:0
BRDA:196,0,0,0
BRDA:196,0,1,0
BRF:2
BRH:0
end_of_record
TN:
SF:src/pages/Signup.jsx
FN:7,(anonymous_0)
FN:22,(anonymous_1)
FN:28,(anonymous_2)
FN:30,(anonymous_3)
FN:37,(anonymous_4)
FNF:5
FNH:0
FNDA:0,(anonymous_0)
FNDA:0,(anonymous_1)
FNDA:0,(anonymous_2)
FNDA:0,(anonymous_3)
FNDA:0,(anonymous_4)
DA:7,0
DA:8,0
DA:9,0
DA:11,0
DA:18,0
DA:19,0
DA:22,0
DA:23,0
DA:24,0
DA:28,0
DA:29,0
DA:30,0
DA:34,0
DA:37,0
DA:38,0
DA:40,0
DA:41,0
DA:42,0
DA:45,0
DA:46,0
DA:47,0
DA:50,0
DA:51,0
DA:52,0
DA:55,0
DA:56,0
DA:58,0
DA:60,0
DA:68,0
DA:70,0
DA:71,0
DA:74,0
DA:75,0
DA:77,0
DA:81,0
DA:83,0
DA:87,0
LF:37
LH:0
BRDA:23,0,0,0
BRDA:23,0,1,0
BRDA:23,1,0,0
BRDA:23,1,1,0
BRDA:40,2,0,0
BRDA:40,2,1,0
BRDA:40,3,0,0
BRDA:40,3,1,0
BRDA:40,3,2,0
BRDA:40,3,3,0
BRDA:40,3,4,0
BRDA:45,4,0,0
BRDA:45,4,1,0
BRDA:50,5,0,0
BRDA:50,5,1,0
BRDA:70,6,0,0
BRDA:70,6,1,0
BRDA:74,7,0,0
BRDA:74,7,1,0
BRDA:74,8,0,0
BRDA:74,8,1,0
BRDA:148,9,0,0
BRDA:148,9,1,0
BRDA:150,10,0,0
BRDA:150,10,1,0
BRF:25
BRH:0
end_of_record
TN:
SF:src/pages/SkillJobMapping.jsx
FN:8,(anonymous_0)
FN:32,(anonymous_1)
FN:38,(anonymous_2)
FN:74,(anonymous_3)
FN:103,(anonymous_4)
FN:104,(anonymous_5)
FN:109,(anonymous_6)
FN:141,(anonymous_7)
FN:150,(anonymous_8)
FN:162,(anonymous_9)
FN:167,(anonymous_10)
FN:168,(anonymous_11)
FN:175,(anonymous_12)
FN:182,(anonymous_13)
FN:208,(anonymous_14)
FN:219,(anonymous_15)
FN:225,(anonymous_16)
FN:231,(anonymous_17)
FN:240,(anonymous_18)
FN:266,(anonymous_19)
FN:277,(anonymous_20)
FN:286,(anonymous_21)
FN:326,(anonymous_22)
FN:340,(anonymous_23)
FN:364,(anonymous_24)
FN:380,(anonymous_25)
FN:393,(anonymous_26)
FN:414,(anonymous_27)
FN:417,(anonymous_28)
FN:418,(anonymous_29)
FN:424,(anonymous_30)
FN:431,(anonymous_31)
FN:452,(anonymous_32)
FN:486,(anonymous_33)
FNF:34
FNH:0
FNDA:0,(anonymous_0)
FNDA:0,(anonymous_1)
FNDA:0,(anonymous_2)
FNDA:0,(anonymous_3)
FNDA:0,(anonymous_4)
FNDA:0,(anonymous_5)
FNDA:0,(anonymous_6)
FNDA:0,(anonymous_7)
FNDA:0,(anonymous_8)
FNDA:0,(anonymous_9)
FNDA:0,(anonymous_10)
FNDA:0,(anonymous_11)
FNDA:0,(anonymous_12)
FNDA:0,(anonymous_13)
FNDA:0,(anonymous_14)
FNDA:0,(anonymous_15)
FNDA:0,(anonymous_16)
FNDA:0,(anonymous_17)
FNDA:0,(anonymous_18)
FNDA:0,(anonymous_19)
FNDA:0,(anonymous_20)
FNDA:0,(anonymous_21)
FNDA:0,(anonymous_22)
FNDA:0,(anonymous_23)
FNDA:0,(anonymous_24)
FNDA:0,(anonymous_25)
FNDA:0,(anonymous_26)
FNDA:0,(anonymous_27)
FNDA:0,(anonymous_28)
FNDA:0,(anonymous_29)
FNDA:0,(anonymous_30)
FNDA:0,(anonymous_31)
FNDA:0,(anonymous_32)
FNDA:0,(anonymous_33)
DA:8,0
DA:9,0
DA:10,0
DA:11,0
DA:12,0
DA:13,0
DA:14,0
DA:15,0
DA:16,0
DA:19,0
DA:32,0
DA:33,0
DA:34,0
DA:38,0
DA:39,0
DA:40,0
DA:42,0
DA:44,0
DA:45,0
DA:46,0
DA:49,0
DA:50,0
DA:51,0
DA:52,0
DA:53,0
DA:65,0
DA:67,0
DA:68,0
DA:70,0
DA:74,0
DA:76,0
DA:79,0
DA:98,0
DA:99,0
DA:100,0
DA:103,0
DA:104,0
DA:105,0
DA:106,0
DA:109,0
DA:110,0
DA:111,0
DA:118,0
DA:124,0
DA:129,0
DA:131,0
DA:141,0
DA:142,0
DA:143,0
DA:144,0
DA:145,0
DA:146,0
DA:150,0
DA:151,0
DA:153,0
DA:154,0
DA:162,0
DA:163,0
DA:164,0
DA:167,0
DA:168,0
DA:172,0
DA:175,0
DA:176,0
DA:177,0
DA:178,0
DA:179,0
DA:182,0
DA:183,0
DA:184,0
DA:185,0
DA:186,0
DA:187,0
DA:190,0
DA:191,0
DA:198,0
DA:208,0
DA:219,0
DA:225,0
DA:231,0
DA:240,0
DA:266,0
DA:277,0
DA:287,0
DA:326,0
DA:341,0
DA:365,0
DA:381,0
DA:394,0
DA:416,0
DA:417,0
DA:418,0
DA:419,0
DA:423,0
DA:424,0
DA:427,0
DA:432,0
DA:453,0
DA:486,0
LF:99
LH:0
BRDA:33,0,0,0
BRDA:33,0,1,0
BRDA:45,1,0,0
BRDA:45,1,1,0
BRDA:51,2,0,0
BRDA:51,2,1,0
BRDA:57,3,0,0
BRDA:57,3,1,0
BRDA:76,4,0,0
BRDA:76,4,1,0
BRDA:76,5,0,0
BRDA:76,5,1,0
BRDA:105,6,0,0
BRDA:105,6,1,0
BRDA:110,7,0,0
BRDA:110,7,1,0
BRDA:124,8,0,0
BRDA:124,8,1,0
BRDA:137,9,0,0
BRDA:137,9,1,0
BRDA:142,10,0,0
BRDA:142,10,1,0
BRDA:142,10,2,0
BRDA:142,10,3,0
BRDA:153,11,0,0
BRDA:153,11,1,0
BRDA:163,12,0,0
BRDA:163,12,1,0
BRDA:176,13,0,0
BRDA:176,13,1,0
BRDA:177,14,0,0
BRDA:177,14,1,0
BRDA:178,15,0,0
BRDA:178,15,1,0
BRDA:183,16,0,0
BRDA:183,16,1,0
BRDA:184,17,0,0
BRDA:184,17,1,0
BRDA:185,18,0,0
BRDA:185,18,1,0
BRDA:185,19,0,0
BRDA:185,19,1,0
BRDA:186,20,0,0
BRDA:186,20,1,0
BRDA:190,21,0,0
BRDA:190,21,1,0
BRDA:218,22,0,0
BRDA:218,22,1,0
BRDA:224,23,0,0
BRDA:224,23,1,0
BRDA:230,24,0,0
BRDA:230,24,1,0
BRDA:250,25,0,0
BRDA:250,25,1,0
BRDA:256,26,0,0
BRDA:256,26,1,0
BRDA:265,27,0,0
BRDA:265,27,1,0
BRDA:337,28,0,0
BRDA:337,28,1,0
BRDA:376,29,0,0
BRDA:376,29,1,0
BRDA:390,30,0,0
BRDA:390,30,1,0
BRDA:406,31,0,0
BRDA:406,31,1,0
BRDA:419,32,0,0
BRDA:419,32,1,0
BRDA:427,33,0,0
BRDA:427,33,1,0
BRDA:475,34,0,0
BRDA:475,34,1,0
BRDA:475,34,2,0
BRF:73
BRH:0
end_of_record
TN:
SF:src/pages/SkillsAndCertifications.jsx
FN:6,(anonymous_0)
FN:36,(anonymous_1)
FN:43,(anonymous_2)
FN:45,(anonymous_3)
FN:49,(anonymous_4)
FN:53,(anonymous_5)
FN:92,(anonymous_6)
FN:95,(anonymous_7)
FN:104,(anonymous_8)
FN:107,(anonymous_9)
FN:107,(anonymous_10)
FN:118,(anonymous_11)
FN:125,(anonymous_12)
FN:125,(anonymous_13)
FN:133,(anonymous_14)
FN:136,(anonymous_15)
FN:145,(anonymous_16)
FN:148,(anonymous_17)
FN:148,(anonymous_18)
FN:159,(anonymous_19)
FN:166,(anonymous_20)
FN:166,(anonymous_21)
FN:174,(anonymous_22)
FN:177,(anonymous_23)
FN:185,(anonymous_24)
FN:195,(anonymous_25)
FN:247,(anonymous_26)
FN:253,(anonymous_27)
FN:259,(anonymous_28)
FN:265,(anonymous_29)
FN:280,(anonymous_30)
FN:288,(anonymous_31)
FN:295,(anonymous_32)
FN:301,(anonymous_33)
FN:344,(anonymous_34)
[...]
DA:10,0
DA:28,0
DA:47,0
DA:74,0
DA:82,0
DA:88,0
DA:112,0
DA:113,0
DA:114,0
DA:121,0
DA:122,0
DA:124,0
DA:135,0
DA:137,0
DA:138,0
DA:141,0
DA:142,0
DA:144,0
DA:154,0
DA:155,0
DA:163,0
DA:164,0
DA:175,0
DA:176,0
DA:178,0
DA:186,0
DA:188,0
DA:189,0
DA:192,0
DA:195,0
DA:197,0
DA:207,0
DA:208,0
DA:214,0
DA:215,0
DA:226,0
DA:227,0
DA:229,0
DA:234,0
DA:235,0
DA:236,0
DA:237,0
DA:238,0
DA:240,0
DA:241,0
DA:244,0
DA:245,0
DA:253,0
DA:254,0
DA:256,0
DA:258,0
DA:263,0
DA:264,0
DA:272,0
DA:274,0
DA:275,0
DA:276,0
DA:277,0
DA:278,0
DA:283,0
DA:284,0
DA:292,0
DA:293,0
DA:304,0
DA:305,0
DA:307,0
DA:312,0
DA:313,0
DA:314,0
DA:316,0
DA:317,0
DA:325,0
DA:326,0
DA:329,0
DA:330,0
DA:333,0
DA:335,0
DA:336,0
DA:338,0
DA:339,0
DA:347,0
DA:354,0
DA:361,0
DA:362,0
DA:369,0
DA:397,0
DA:413,0
DA:434,0
DA:437,0
DA:445,0
DA:446,0
LF:91
LH:0
BRDA:130,0,0,0
BRDA:130,0,1,0
BRDA:131,1,0,0
BRDA:131,1,1,0
BRDA:137,2,0,0
BRDA:137,2,1,0
BRDA:137,3,0,0
BRDA:137,3,1,0
BRDA:158,4,0,0
BRDA:158,4,1,0
BRDA:166,5,0,0
BRDA:166,5,1,0
BRDA:188,6,0,0
BRDA:188,6,1,0
BRDA:217,7,0,0
BRDA:217,7,1,0
BRDA:234,8,0,0
BRDA:234,8,1,0
BRDA:263,9,0,0
BRDA:263,9,1,0
BRDA:263,10,0,0
BRDA:263,10,1,0
BRDA:274,11,0,0
BRDA:274,11,1,0
BRDA:274,12,0,0
BRDA:274,12,1,0
BRDA:287,13,0,0
BRDA:287,13,1,0
BRDA:295,14,0,0
BRDA:295,14,1,0
BRDA:313,15,0,0
BRDA:313,15,1,0
BRDA:362,16,0,0
BRDA:362,16,1,0
BRDA:374,17,0,0
BRDA:374,17,1,0
BRDA:375,18,0,0
BRDA:375,18,1,0
BRDA:398,19,0,0
BRDA:398,19,1,0
BRDA:398,19,2,0
BRDA:399,20,0,0
BRDA:399,20,1,0
BRDA:400,21,0,0
BRDA:400,21,1,0
BRDA:400,21,2,0
BRDA:401,22,0,0
BRDA:401,22,1,0
BRDA:401,22,2,0
BRDA:402,23,0,0
BRDA:402,23,1,0
BRDA:403,24,0,0
BRDA:403,24,1,0
BRDA:403,24,2,0
BRDA:404,25,0,0
BRDA:404,25,1,0
BRDA:404,25,2,0
BRDA:405,26,0,0
BRDA:405,26,1,0
BRDA:405,26,2,0
BRF:60
BRH:0
end_of_record
TN:
SF:src/services/optimizedSkillsService.js
FN:29,(anonymous_0)
FN:34,(anonymous_1)
FN:36,(anonymous_2)
FN:38,(anonymous_3)
FN:39,(anonymous_4)
FN:53,(anonymous_5)
FN:55,(anonymous_6)
FN:57,(anonymous_7)
FN:69,(anonymous_8)
FN:71,(anonymous_9)
FN:73,(anonymous_10)
FN:83,(anonymous_11)
FN:85,(anonymous_12)
FN:87,(anonymous_13)
FN:97,(anonymous_14)
FN:99,(anonymous_15)
FN:101,(anonymous_16)
FN:110,(anonymous_17)
FN:112,(anonymous_18)
FN:114,(anonymous_19)
FN:127,(anonymous_20)
FN:129,(anonymous_21)
FN:131,(anonymous_22)
FN:140,(anonymous_23)
FN:142,(anonymous_24)
FN:144,(anonymous_25)
FN:156,(anonymous_26)
FN:165,(anonymous_27)
FN:182,(anonymous_28)
FN:209,(anonymous_29)
FN:230,(anonymous_30)
FN:247,(anonymous_31)
FN:260,(anonymous_32)
FN:278,(anonymous_33)
FN:291,(anonymous_34)
FN:312,(anonymous_35)
FNF:36
FNH:0
FNDA:0,(anonymous_0)
FNDA:0,(anonymous_1)
FNDA:0,(anonymous_2)
FNDA:0,(anonymous_3)
FNDA:0,(anonymous_4)
FNDA:0,(anonymous_5)
FNDA:0,(anonymous_6)
FNDA:0,(anonymous_7)
FNDA:0,(anonymous_8)
FNDA:0,(anonymous_9)
FNDA:0,(anonymous_10)
FNDA:0,(anonymous_11)
FNDA:0,(anonymous_12)
FNDA:0,(anonymous_13)
FNDA:0,(anonymous_14)
FNDA:0,(anonymous_15)
FNDA:0,(anonymous_16)
FNDA:0,(anonymous_17)
FNDA:0,(anonymous_18)
FNDA:0,(anonymous_19)
FNDA:0,(anonymous_20)
FNDA:0,(anonymous_21)
FNDA:0,(anonymous_22)
FNDA:0,(anonymous_23)
FNDA:0,(anonymous_24)
FNDA:0,(anonymous_25)
FNDA:0,(anonymous_26)
FNDA:0,(anonymous_27)
FNDA:0,(anonymous_28)
FNDA:0,(anonymous_29)
FNDA:0,(anonymous_30)
FNDA:0,(anonymous_31)
FNDA:0,(anonymous_32)
FNDA:0,(anonymous_33)
FNDA:0,(anonymous_34)
FNDA:0,(anonymous_35)
DA:30,0
DA:35,0
DA:36,0
DA:38,0
DA:39,0
DA:54,0
DA:55,0
DA:57,0
DA:70,0
DA:71,0
DA:73,0
DA:84,0
DA:85,0
DA:87,0
DA:98,0
DA:99,0
DA:101,0
DA:111,0
DA:112,0
DA:114,0
DA:128,0
DA:129,0
DA:131,0
DA:141,0
DA:142,0
DA:144,0
DA:157,0
DA:163,0
DA:164,0
DA:165,0
DA:183,0
DA:198,0
DA:199,0
DA:202,0
DA:210,0
DA:219,0
DA:220,0
DA:223,0
DA:231,0
DA:237,0
DA:238,0
DA:241,0
DA:248,0
DA:254,0
DA:261,0
DA:267,0
DA:268,0
DA:271,0
DA:279,0
DA:285,0
DA:292,0
DA:298,0
DA:299,0
DA:302,0
DA:313,0
DA:321,0
LF:56
LH:0
BRDA:34,0,0,0
BRDA:59,1,0,0
BRDA:59,1,1,0
BRDA:60,2,0,0
BRDA:60,2,1,0
BRDA:61,3,0,0
BRDA:61,3,1,0
BRDA:97,4,0,0
BRDA:116,5,0,0
BRDA:116,5,1,0
BRDA:117,6,0,0
BRDA:117,6,1,0
BRDA:127,7,0,0
BRDA:163,8,0,0
BRDA:163,8,1,0
BRDA:198,9,0,0
BRDA:198,9,1,0
BRDA:199,10,0,0
BRDA:199,10,1,0
BRDA:219,11,0,0
BRDA:219,11,1,0
BRDA:220,12,0,0
BRDA:220,12,1,0
BRDA:237,13,0,0
BRDA:237,13,1,0
BRDA:238,14,0,0
BRDA:238,14,1,0
BRDA:255,15,0,0
BRDA:255,15,1,0
BRDA:256,16,0,0
BRDA:256,16,1,0
BRDA:267,17,0,0
BRDA:267,17,1,0
BRDA:268,18,0,0
BRDA:268,18,1,0
BRDA:286,19,0,0
BRDA:286,19,1,0
BRDA:287,20,0,0
BRDA:287,20,1,0
BRDA:298,21,0,0
BRDA:298,21,1,0
BRDA:299,22,0,0
BRDA:299,22,1,0
BRF:43
BRH:0
end_of_record
TN:
SF:src/services/optimizedUserService.js
FN:12,(anonymous_0)
FN:22,(anonymous_1)
FN:24,(anonymous_2)
FN:25,(anonymous_3)
FN:26,(anonymous_4)
FN:35,(anonymous_5)
FN:37,(anonymous_6)
FN:38,(anonymous_7)
FN:39,(anonymous_8)
FN:48,(anonymous_9)
FN:50,(anonymous_10)
FN:51,(anonymous_11)
FN:52,(anonymous_12)
FN:61,(anonymous_13)
FN:63,(anonymous_14)
FN:64,(anonymous_15)
FN:65,(anonymous_16)
FN:74,(anonymous_17)
FN:105,(anonymous_18)
FN:121,(anonymous_19)
FN:126,(anonymous_20)
FN:143,(anonymous_21)
FN:159,(anonymous_22)
FN:163,(anonymous_23)
FN:180,(anonymous_24)
FNF:25
FNH:0
FNDA:0,(anonymous_0)
FNDA:0,(anonymous_1)
FNDA:0,(anonymous_2)
FNDA:0,(anonymous_3)
FNDA:0,(anonymous_4)
FNDA:0,(anonymous_5)
FNDA:0,(anonymous_6)
FNDA:0,(anonymous_7)
FNDA:0,(anonymous_8)
FNDA:0,(anonymous_9)
FNDA:0,(anonymous_10)
FNDA:0,(anonymous_11)
FNDA:0,(anonymous_12)
FNDA:0,(anonymous_13)
FNDA:0,(anonymous_14)
FNDA:0,(anonymous_15)
FNDA:0,(anonymous_16)
FNDA:0,(anonymous_17)
FNDA:0,(anonymous_18)
FNDA:0,(anonymous_19)
FNDA:0,(anonymous_20)
FNDA:0,(anonymous_21)
FNDA:0,(anonymous_22)
FNDA:0,(anonymous_23)
FNDA:0,(anonymous_24)
DA:13,0
DA:14,0
DA:16,0
DA:23,0
DA:24,0
DA:25,0
DA:26,0
DA:36,0
DA:37,0
DA:38,0
DA:39,0
DA:49,0
DA:50,0
DA:51,0
DA:52,0
DA:62,0
DA:63,0
DA:64,0
DA:65,0
DA:75,0
DA:77,0
DA:78,0
DA:81,0
DA:84,0
DA:86,0
DA:87,0
DA:90,0
DA:94,0
DA:95,0
DA:96,0
DA:98,0
DA:99,0
DA:106,0
DA:107,0
DA:109,0
DA:111,0
DA:112,0
DA:114,0
DA:122,0
DA:127,0
DA:133,0
DA:144,0
DA:149,0
DA:160,0
DA:164,0
DA:170,0
DA:181,0
DA:190,0
LF:48
LH:0
BRDA:77,0,0,0
BRDA:77,0,1,0
BRDA:86,1,0,0
BRDA:86,1,1,0
BRDA:107,2,0,0
BRDA:107,2,1,0
BRDA:130,3,0,0
BRDA:130,3,1,0
BRF:8
BRH:0
end_of_record
TN:
SF:src/services/secureAuthService.js
FN:87,(anonymous_0)
FN:99,(anonymous_1)
FN:156,(anonymous_2)
FN:195,(anonymous_3)
FN:233,(anonymous_4)
FN:270,(anonymous_5)
FN:278,(anonymous_6)
FN:291,(anonymous_7)
FN:319,(anonymous_8)
FN:331,(anonymous_9)
FN:333,(anonymous_10)
FN:348,(anonymous_11)
FN:358,(anonymous_12)
FN:360,(anonymous_13)
FN:370,(anonymous_14)
FN:380,(anonymous_15)
FN:409,(anonymous_16)
FN:437,(anonymous_17)
FN:450,(anonymous_18)
FNF:19
FNH:0
FNDA:0,(anonymous_0)
FNDA:0,(anonymous_1)
FNDA:0,(anonymous_2)
FNDA:0,(anonymous_3)
FNDA:0,(anonymous_4)
FNDA:0,(anonymous_5)
FNDA:0,(anonymous_6)
FNDA:0,(anonymous_7)
FNDA:0,(anonymous_8)
FNDA:0,(anonymous_9)
FNDA:0,(anonymous_10)
FNDA:0,(anonymous_11)
FNDA:0,(anonymous_12)
FNDA:0,(anonymous_13)
FNDA:0,(anonymous_14)
FNDA:0,(anonymous_15)
FNDA:0,(anonymous_16)
FNDA:0,(anonymous_17)
FNDA:0,(anonymous_18)
DA:11,0
DA:34,0
DA:43,0
DA:65,0
DA:88,0
DA:89,0
DA:90,0
DA:93,0
DA:100,0
DA:101,0
DA:103,0
DA:117,0
DA:119,0
DA:120,0
DA:123,0
DA:126,0
DA:128,0
DA:136,0
DA:137,0
DA:145,0
DA:146,0
DA:157,0
DA:158,0
DA:160,0
DA:169,0
DA:171,0
DA:172,0
DA:174,0
DA:177,0
DA:180,0
DA:181,0
DA:182,0
DA:185,0
DA:187,0
DA:188,0
DA:196,0
DA:197,0
DA:199,0
DA:209,0
DA:211,0
DA:212,0
DA:213,0
DA:214,0
DA:219,0
DA:220,0
DA:221,0
DA:224,0
DA:225,0
DA:226,0
DA:234,0
DA:235,0
DA:237,0
DA:246,0
DA:248,0
DA:249,0
DA:250,0
DA:251,0
DA:256,0
DA:257,0
DA:258,0
DA:261,0
DA:262,0
DA:263,0
DA:271,0
DA:272,0
DA:279,0
DA:280,0
DA:281,0
DA:283,0
DA:284,0
DA:292,0
DA:294,0
DA:309,0
DA:310,0
DA:312,0
DA:320,0
DA:321,0
DA:322,0
DA:324,0
DA:333,0
DA:334,0
DA:335,0
DA:336,0
DA:337,0
DA:339,0
DA:349,0
DA:350,0
DA:351,0
DA:360,0
DA:361,0
DA:362,0
DA:371,0
DA:372,0
DA:373,0
DA:381,0
DA:410,0
DA:411,0
DA:413,0
DA:415,0
DA:416,0
DA:417,0
DA:418,0
DA:419,0
DA:421,0
DA:422,0
DA:425,0
DA:426,0
DA:429,0
DA:430,0
DA:438,0
DA:451,0
DA:452,0
DA:453,0
LF:113
LH:0
BRDA:119,0,0,0
BRDA:119,0,1,0
BRDA:119,1,0,0
BRDA:119,1,1,0
BRDA:133,2,0,0
BRDA:133,2,1,0
BRDA:140,3,0,0
BRDA:140,3,1,0
BRDA:140,3,2,0
BRDA:148,4,0,0
BRDA:148,4,1,0
BRDA:171,5,0,0
BRDA:171,5,1,0
BRDA:211,6,0,0
BRDA:211,6,1,0
BRDA:211,7,0,0
BRDA:211,7,1,0
BRDA:248,8,0,0
BRDA:248,8,1,0
BRDA:248,9,0,0
BRDA:248,9,1,0
BRDA:272,10,0,0
BRDA:272,10,1,0
BRDA:281,11,0,0
BRDA:281,11,1,0
BRDA:334,12,0,0
BRDA:334,12,1,0
BRDA:336,13,0,0
BRDA:336,13,1,0
BRDA:349,14,0,0
BRDA:349,14,1,0
BRDA:361,15,0,0
BRDA:361,15,1,0
BRDA:371,16,0,0
BRDA:371,16,1,0
BRDA:386,17,0,0
BRDA:386,17,1,0
BRDA:387,18,0,0
BRDA:387,18,1,0
BRDA:413,19,0,0
BRDA:413,19,1,0
BRDA:416,20,0,0
BRDA:416,20,1,0
BRDA:443,21,0,0
BRDA:443,21,1,0
BRF:45
BRH:0
end_of_record
TN:
SF:src/services/skillsService.js
FN:28,(anonymous_0)
FN:34,(anonymous_1)
FN:47,(anonymous_2)
FN:69,(anonymous_3)
FN:102,(anonymous_4)
FN:135,(anonymous_5)
FN:160,(anonymous_6)
FN:173,(anonymous_7)
FN:195,(anonymous_8)
FN:229,(anonymous_9)
FN:263,(anonymous_10)
FN:288,(anonymous_11)
FN:301,(anonymous_12)
FN:319,(anonymous_13)
FN:346,(anonymous_14)
FN:364,(anonymous_15)
FN:385,(anonymous_16)
FN:398,(anonymous_17)
FN:414,(anonymous_18)
FN:432,(anonymous_19)
FN:452,(anonymous_20)
FN:470,(anonymous_21)
FN:493,(anonymous_22)
FN:510,(anonymous_23)
FN:528,(anonymous_24)
FN:531,(anonymous_25)
FN:550,(anonymous_26)
FN:583,(anonymous_27)
FN:605,(anonymous_28)
FN:617,(anonymous_29)
FN:629,(anonymous_30)
FN:639,(anonymous_31)
FN:665,(anonymous_32)
FN:681,(anonymous_33)
FN:697,(anonymous_34)
FN:708,(anonymous_35)
FN:723,(anonymous_36)
FN:733,(anonymous_37)
FN:743,(anonymous_38)
FN:753,(anonymous_39)
FN:763,(anonymous_40)
FN:773,(anonymous_41)
FN:782,(anonymous_42)
FN:791,(anonymous_43)
FNF:44
FNH:0
FNDA:0,(anonymous_0)
FNDA:0,(anonymous_1)
FNDA:0,(anonymous_2)
FNDA:0,(anonymous_3)
FNDA:0,(anonymous_4)
FNDA:0,(anonymous_5)
FNDA:0,(anonymous_6)
FNDA:0,(anonymous_7)
FNDA:0,(anonymous_8)
FNDA:0,(anonymous_9)
FNDA:0,(anonymous_10)
FNDA:0,(anonymous_11)
FNDA:0,(anonymous_12)
FNDA:0,(anonymous_13)
FNDA:0,(anonymous_14)
FNDA:0,(anonymous_15)
FNDA:0,(anonymous_16)
FNDA:0,(anonymous_17)
FNDA:0,(anonymous_18)
FNDA:0,(anonymous_19)
FNDA:0,(anonymous_20)
FNDA:0,(anonymous_21)
FNDA:0,(anonymous_22)
FNDA:0,(anonymous_23)
FNDA:0,(anonymous_24)
FNDA:0,(anonymous_25)
FNDA:0,(anonymous_26)
FNDA:0,(anonymous_27)
FNDA:0,(anonymous_28)
FNDA:0,(anonymous_29)
FNDA:0,(anonymous_30)
FNDA:0,(anonymous_31)
FNDA:0,(anonymous_32)
FNDA:0,(anonymous_33)
FNDA:0,(anonymous_34)
FNDA:0,(anonymous_35)
FNDA:0,(anonymous_36)
FNDA:0,(anonymous_37)
FNDA:0,(anonymous_38)
FNDA:0,(anonymous_39)
FNDA:0,(anonymous_40)
FNDA:0,(anonymous_41)
FNDA:0,(anonymous_42)
FNDA:0,(anonymous_43)
DA:29,0
DA:30,0
DA:35,0
DA:36,0
DA:37,0
DA:38,0
DA:43,0
DA:44,0
DA:46,0
DA:47,0
DA:62,0
DA:64,0
DA:65,0
DA:70,0
DA:71,0
DA:72,0
DA:73,0
DA:88,0
DA:89,0
DA:90,0
DA:92,0
DA:95,0
DA:97,0
DA:98,0
DA:103,0
DA:104,0
DA:105,0
DA:106,0
DA:121,0
DA:122,0
DA:123,0
DA:125,0
DA:128,0
DA:130,0
DA:131,0
DA:136,0
DA:137,0
DA:138,0
DA:139,0
DA:145,0
DA:146,0
DA:147,0
DA:149,0
DA:152,0
DA:154,0
DA:155,0
DA:161,0
DA:162,0
DA:163,0
DA:164,0
DA:169,0
DA:170,0
DA:172,0
DA:173,0
DA:188,0
DA:190,0
DA:191,0
DA:196,0
DA:197,0
DA:198,0
DA:199,0
DA:215,0
DA:216,0
DA:217,0
DA:219,0
DA:222,0
DA:224,0
DA:225,0
DA:230,0
DA:231,0
DA:232,0
DA:233,0
DA:249,0
DA:250,0
DA:251,0
DA:253,0
DA:256,0
DA:258,0
DA:259,0
DA:264,0
DA:265,0
DA:266,0
DA:267,0
DA:273,0
DA:274,0
DA:275,0
DA:277,0
DA:280,0
DA:282,0
DA:283,0
DA:289,0
DA:290,0
DA:291,0
DA:292,0
DA:297,0
DA:298,0
DA:300,0
DA:301,0
DA:312,0
DA:314,0
DA:315,0
DA:320,0
DA:321,0
DA:322,0
DA:323,0
DA:331,0
DA:332,0
DA:333,0
DA:335,0
DA:338,0
DA:340,0
DA:341,0
DA:347,0
DA:348,0
DA:349,0
DA:350,0
DA:360,0
DA:361,0
DA:363,0
DA:364,0
DA:378,0
DA:380,0
DA:381,0
DA:386,0
DA:387,0
DA:388,0
DA:389,0
DA:394,0
DA:395,0
DA:397,0
DA:398,0
DA:407,0
DA:409,0
DA:410,0
DA:415,0
DA:416,0
DA:417,0
DA:418,0
DA:428,0
DA:429,0
DA:431,0
DA:432,0
DA:445,0
DA:447,0
DA:448,0
DA:453,0
DA:454,0
DA:455,0
DA:456,0
DA:466,0
DA:467,0
DA:469,0
DA:470,0
DA:485,0
DA:487,0
DA:488,0
DA:494,0
DA:496,0
DA:497,0
DA:500,0
DA:501,0
DA:504,0
DA:511,0
DA:513,0
DA:514,0
DA:517,0
DA:518,0
DA:521,0
DA:529,0
DA:530,0
DA:531,0
DA:551,0
DA:584,0
DA:606,0
DA:618,0
DA:630,0
DA:640,0
DA:666,0
DA:682,0
DA:698,0
DA:709,0
DA:719,0
DA:724,0
DA:730,0
DA:734,0
DA:740,0
DA:744,0
DA:750,0
DA:754,0
DA:760,0
DA:764,0
DA:770,0
DA:774,0
DA:779,0
DA:783,0
DA:788,0
DA:792,0
DA:801,0
LF:198
LH:0
BRDA:29,0,0,0
BRDA:29,0,1,0
BRDA:34,1,0,0
BRDA:36,2,0,0
BRDA:36,2,1,0
BRDA:43,3,0,0
BRDA:43,3,1,0
BRDA:71,4,0,0
BRDA:71,4,1,0
BRDA:76,5,0,0
BRDA:76,5,1,0
BRDA:77,6,0,0
BRDA:77,6,1,0
BRDA:78,7,0,0
BRDA:78,7,1,0
BRDA:79,8,0,0
BRDA:79,8,1,0
BRDA:80,9,0,0
BRDA:80,9,1,0
BRDA:81,10,0,0
BRDA:81,10,1,0
BRDA:82,11,0,0
BRDA:82,11,1,0
BRDA:83,12,0,0
BRDA:83,12,1,0
BRDA:88,13,0,0
BRDA:88,13,1,0
BRDA:92,14,0,0
BRDA:92,14,1,0
BRDA:104,15,0,0
BRDA:104,15,1,0
BRDA:110,16,0,0
BRDA:110,16,1,0
BRDA:111,17,0,0
BRDA:111,17,1,0
BRDA:112,18,0,0
BRDA:112,18,1,0
BRDA:113,19,0,0
BRDA:113,19,1,0
BRDA:114,20,0,0
BRDA:114,20,1,0
BRDA:115,21,0,0
BRDA:115,21,1,0
BRDA:116,22,0,0
BRDA:116,22,1,0
BRDA:121,23,0,0
BRDA:121,23,1,0
BRDA:125,24,0,0
BRDA:125,24,1,0
BRDA:137,25,0,0
BRDA:137,25,1,0
BRDA:145,26,0,0
BRDA:145,26,1,0
BRDA:149,27,0,0
BRDA:149,27,1,0
BRDA:160,28,0,0
BRDA:162,29,0,0
BRDA:162,29,1,0
BRDA:169,30,0,0
BRDA:169,30,1,0
BRDA:197,31,0,0
BRDA:197,31,1,0
BRDA:202,32,0,0
BRDA:202,32,1,0
BRDA:204,33,0,0
BRDA:204,33,1,0
BRDA:205,34,0,0
BRDA:205,34,1,0
BRDA:206,35,0,0
BRDA:206,35,1,0
BRDA:207,36,0,0
BRDA:207,36,1,0
BRDA:208,37,0,0
BRDA:208,37,1,0
BRDA:209,38,0,0
BRDA:209,38,1,0
BRDA:215,39,0,0
BRDA:215,39,1,0
BRDA:219,40,0,0
BRDA:219,40,1,0
BRDA:231,41,0,0
BRDA:231,41,1,0
BRDA:238,42,0,0
BRDA:238,42,1,0
BRDA:239,43,0,0
BRDA:239,43,1,0
BRDA:240,44,0,0
BRDA:240,44,1,0
BRDA:241,45,0,0
BRDA:241,45,1,0
BRDA:242,46,0,0
BRDA:242,46,1,0
BRDA:243,47,0,0
BRDA:243,47,1,0
BRDA:249,48,0,0
BRDA:249,48,1,0
BRDA:253,49,0,0
BRDA:253,49,1,0
BRDA:265,50,0,0
BRDA:265,50,1,0
BRDA:273,51,0,0
BRDA:273,51,1,0
BRDA:277,52,0,0
BRDA:277,52,1,0
BRDA:288,53,0,0
BRDA:290,54,0,0
BRDA:290,54,1,0
BRDA:297,55,0,0
BRDA:297,55,1,0
BRDA:321,56,0,0
BRDA:321,56,1,0
BRDA:326,57,0,0
BRDA:326,57,1,0
BRDA:331,58,0,0
BRDA:331,58,1,0
BRDA:335,59,0,0
BRDA:335,59,1,0
BRDA:346,60,0,0
BRDA:348,61,0,0
BRDA:348,61,1,0
BRDA:355,62,0,0
BRDA:355,62,1,0
BRDA:360,63,0,0
BRDA:360,63,1,0
BRDA:385,64,0,0
BRDA:387,65,0,0
BRDA:387,65,1,0
BRDA:394,66,0,0
BRDA:394,66,1,0
BRDA:414,67,0,0
BRDA:416,68,0,0
BRDA:416,68,1,0
BRDA:423,69,0,0
BRDA:423,69,1,0
BRDA:428,70,0,0
BRDA:428,70,1,0
BRDA:452,71,0,0
BRDA:454,72,0,0
BRDA:454,72,1,0
BRDA:461,73,0,0
BRDA:461,73,1,0
BRDA:466,74,0,0
BRDA:466,74,1,0
BRDA:496,75,0,0
BRDA:496,75,1,0
BRDA:496,76,0,0
BRDA:496,76,1,0
BRDA:500,77,0,0
BRDA:500,77,1,0
BRDA:513,78,0,0
BRDA:513,78,1,0
BRDA:517,79,0,0
BRDA:517,79,1,0
BRDA:665,80,0,0
BRDA:667,81,0,0
BRDA:667,81,1,0
BRDA:668,82,0,0
BRDA:668,82,1,0
BRDA:671,83,0,0
BRDA:671,83,1,0
BRDA:677,84,0,0
BRDA:677,84,1,0
BRDA:681,85,0,0
BRDA:683,86,0,0
BRDA:683,86,1,0
BRDA:684,87,0,0
BRDA:684,87,1,0
BRDA:691,88,0,0
BRDA:691,88,1,0
BRDA:701,89,0,0
BRDA:701,89,1,0
BRDA:719,90,0,0
BRDA:719,90,1,0
BRDA:730,91,0,0
BRDA:730,91,1,0
BRDA:740,92,0,0
BRDA:740,92,1,0
BRDA:750,93,0,0
BRDA:750,93,1,0
BRDA:760,94,0,0
BRDA:760,94,1,0
BRDA:770,95,0,0
BRDA:770,95,1,0
BRDA:779,96,0,0
BRDA:779,96,1,0
BRDA:788,97,0,0
BRDA:788,97,1,0
BRF:187
BRH:0
end_of_record
TN:
SF:src/services/unifiedJobService.js
FN:10,(anonymous_0)
FN:21,(anonymous_1)
FN:29,(anonymous_2)
FN:79,(anonymous_3)
FN:86,(anonymous_4)
FN:123,(anonymous_5)
FN:150,(anonymous_6)
FN:160,(anonymous_7)
FN:170,(anonymous_8)
FN:180,(anonymous_9)
FN:190,(anonymous_10)
FN:202,(anonymous_11)
FN:214,(anonymous_12)
FN:233,(anonymous_13)
FN:252,(anonymous_14)
FN:276,(anonymous_15)
FN:305,(anonymous_16)
FN:313,(anonymous_17)
FNF:18
FNH:0
FNDA:0,(anonymous_0)
FNDA:0,(anonymous_1)
FNDA:0,(anonymous_2)
FNDA:0,(anonymous_3)
FNDA:0,(anonymous_4)
FNDA:0,(anonymous_5)
FNDA:0,(anonymous_6)
FNDA:0,(anonymous_7)
FNDA:0,(anonymous_8)
FNDA:0,(anonymous_9)
FNDA:0,(anonymous_10)
FNDA:0,(anonymous_11)
FNDA:0,(anonymous_12)
FNDA:0,(anonymous_13)
FNDA:0,(anonymous_14)
FNDA:0,(anonymous_15)
FNDA:0,(anonymous_16)
FNDA:0,(anonymous_17)
DA:11,0
DA:12,0
DA:13,0
DA:15,0
DA:22,0
DA:23,0
DA:24,0
DA:25,0
DA:28,0
DA:29,0
DA:30,0
DA:34,0
DA:35,0
DA:37,0
DA:39,0
DA:40,0
DA:41,0
DA:42,0
DA:44,0
DA:47,0
DA:48,0
DA:58,0
DA:59,0
DA:60,0
DA:62,0
DA:65,0
DA:66,0
DA:80,0
DA:87,0
DA:88,0
DA:89,0
DA:90,0
DA:91,0
DA:92,0
DA:93,0
DA:95,0
DA:97,0
DA:98,0
DA:99,0
DA:100,0
DA:102,0
DA:105,0
DA:106,0
DA:110,0
DA:111,0
DA:113,0
DA:114,0
DA:115,0
DA:124,0
DA:125,0
DA:126,0
DA:127,0
DA:128,0
DA:129,0
DA:131,0
DA:133,0
DA:134,0
DA:135,0
DA:136,0
DA:138,0
DA:139,0
DA:143,0
DA:151,0
DA:161,0
DA:171,0
DA:181,0
DA:192,0
DA:193,0
DA:204,0
DA:205,0
DA:215,0
DA:216,0
DA:217,0
DA:219,0
DA:222,0
DA:227,0
DA:234,0
DA:235,0
DA:236,0
DA:238,0
DA:241,0
DA:246,0
DA:253,0
DA:254,0
DA:255,0
DA:257,0
DA:262,0
DA:277,0
DA:284,0
DA:285,0
DA:286,0
DA:288,0
DA:292,0
DA:293,0
DA:294,0
DA:296,0
DA:299,0
DA:306,0
DA:307,0
DA:314,0
LF:100
LH:0
BRDA:21,0,0,0
BRDA:22,1,0,0
BRDA:22,1,1,0
BRDA:28,2,0,0
BRDA:28,2,1,0
BRDA:87,3,0,0
BRDA:87,3,1,0
BRDA:124,4,0,0
BRDA:124,4,1,0
BRDA:150,5,0,0
BRDA:160,6,0,0
BRDA:170,7,0,0
BRDA:180,8,0,0
BRDA:202,9,0,0
BRDA:215,10,0,0
BRDA:215,10,1,0
BRDA:234,11,0,0
BRDA:234,11,1,0
BRDA:253,12,0,0
BRDA:253,12,1,0
BRDA:280,13,0,0
BRDA:280,13,1,0
BRDA:305,14,0,0
BRDA:307,15,0,0
BRDA:307,15,1,0
BRDA:315,16,0,0
BRDA:315,16,1,0
BRF:27
BRH:0
end_of_record
TN:
SF:src/services/unifiedUserService.js
FN:10,(anonymous_0)
FN:21,(anonymous_1)
FN:75,(anonymous_2)
FN:129,(anonymous_3)
FN:166,(anonymous_4)
FN:193,(anonymous_5)
FN:220,(anonymous_6)
FN:236,(anonymous_7)
FN:247,(anonymous_8)
FN:258,(anonymous_9)
FN:269,(anonymous_10)
FN:291,(anonymous_11)
FN:304,(anonymous_12)
FN:333,(anonymous_13)
FN:341,(anonymous_14)
FNF:15
FNH:0
FNDA:0,(anonymous_0)
FNDA:0,(anonymous_1)
FNDA:0,(anonymous_2)
FNDA:0,(anonymous_3)
FNDA:0,(anonymous_4)
FNDA:0,(anonymous_5)
FNDA:0,(anonymous_6)
FNDA:0,(anonymous_7)
FNDA:0,(anonymous_8)
FNDA:0,(anonymous_9)
FNDA:0,(anonymous_10)
FNDA:0,(anonymous_11)
FNDA:0,(anonymous_12)
FNDA:0,(anonymous_13)
FNDA:0,(anonymous_14)
DA:11,0
DA:12,0
DA:13,0
DA:15,0
DA:22,0
DA:23,0
DA:24,0
DA:25,0
DA:26,0
DA:27,0
DA:29,0
DA:31,0
DA:32,0
DA:33,0
DA:34,0
DA:36,0
DA:39,0
DA:40,0
DA:52,0
DA:53,0
DA:54,0
DA:56,0
DA:59,0
DA:60,0
DA:76,0
DA:77,0
DA:78,0
DA:79,0
DA:80,0
DA:81,0
DA:83,0
DA:85,0
DA:86,0
DA:87,0
DA:88,0
DA:90,0
DA:93,0
DA:94,0
DA:106,0
DA:107,0
DA:108,0
DA:110,0
DA:113,0
DA:114,0
DA:130,0
DA:131,0
DA:132,0
DA:133,0
DA:134,0
DA:135,0
DA:137,0
DA:139,0
DA:140,0
DA:141,0
DA:142,0
DA:144,0
DA:147,0
DA:148,0
DA:149,0
DA:153,0
DA:154,0
DA:156,0
DA:157,0
DA:158,0
DA:167,0
DA:168,0
DA:169,0
DA:170,0
DA:171,0
DA:172,0
DA:174,0
DA:176,0
DA:177,0
DA:178,0
DA:179,0
DA:181,0
DA:182,0
DA:186,0
DA:195,0
DA:197,0
DA:198,0
DA:199,0
DA:200,0
DA:202,0
DA:206,0
DA:207,0
DA:208,0
DA:210,0
DA:213,0
DA:214,0
DA:221,0
DA:222,0
DA:223,0
DA:225,0
DA:230,0
DA:237,0
DA:238,0
DA:240,0
DA:248,0
DA:249,0
DA:251,0
DA:259,0
DA:260,0
DA:262,0
DA:270,0
DA:271,0
DA:272,0
DA:274,0
DA:279,0
DA:293,0
DA:294,0
DA:296,0
DA:297,0
DA:305,0
DA:312,0
DA:313,0
DA:314,0
DA:316,0
DA:320,0
DA:321,0
DA:322,0
DA:324,0
DA:327,0
DA:334,0
DA:335,0
DA:342,0
LF:126
LH:0
BRDA:22,0,0,0
BRDA:22,0,1,0
BRDA:76,1,0,0
BRDA:76,1,1,0
BRDA:130,2,0,0
BRDA:130,2,1,0
BRDA:167,3,0,0
BRDA:167,3,1,0
BRDA:197,4,0,0
BRDA:197,4,1,0
BRDA:221,5,0,0
BRDA:221,5,1,0
BRDA:230,6,0,0
BRDA:230,6,1,0
BRDA:230,6,2,0
BRDA:237,7,0,0
BRDA:237,7,1,0
BRDA:248,8,0,0
BRDA:248,8,1,0
BRDA:259,9,0,0
BRDA:259,9,1,0
BRDA:270,10,0,0
BRDA:270,10,1,0
BRDA:308,11,0,0
BRDA:308,11,1,0
BRDA:333,12,0,0
BRDA:335,13,0,0
BRDA:335,13,1,0
BRDA:343,14,0,0
BRDA:343,14,1,0
BRF:30
BRH:0
end_of_record
