TN:
SF:src/App.js
FN:40,App
FNF:1
FNH:1
FNDA:3,App
DA:41,3
LF:1
LH:1
BRF:0
BRH:0
end_of_record
TN:
SF:src/apolloClient.js
FN:15,(anonymous_0)
FN:32,(anonymous_1)
FN:50,(anonymous_2)
FN:51,(anonymous_3)
FN:73,(anonymous_4)
FNF:5
FNH:1
FNDA:3,(anonymous_0)
FNDA:0,(anonymous_1)
FNDA:0,(anonymous_2)
FNDA:0,(anonymous_3)
FNDA:0,(anonymous_4)
DA:15,3
DA:17,3
DA:19,3
DA:20,0
DA:23,3
DA:27,3
DA:32,3
DA:35,0
DA:39,0
DA:50,3
DA:51,0
DA:53,0
DA:54,0
DA:56,0
DA:61,3
DA:74,0
LF:16
LH:8
BRDA:19,0,0,0
BRDA:19,0,1,3
BRDA:20,1,0,0
BRDA:20,1,1,0
BRDA:35,2,0,0
BRDA:35,2,1,0
BRDA:42,3,0,0
BRDA:42,3,1,0
BRDA:53,4,0,0
BRDA:53,4,1,0
BRDA:73,5,0,0
BRF:11
BRH:1
end_of_record
TN:
SF:src/index.js
FN:9,(anonymous_0)
FN:24,(anonymous_1)
FNF:2
FNH:0
FNDA:0,(anonymous_0)
FNDA:0,(anonymous_1)
DA:9,0
DA:11,0
DA:17,0
DA:18,0
DA:19,0
DA:24,0
DA:25,0
DA:29,0
DA:30,0
DA:31,0
DA:35,0
DA:36,0
DA:45,0
DA:50,0
LF:14
LH:0
BRDA:11,0,0,0
BRDA:11,0,1,0
BRDA:11,1,0,0
BRDA:11,1,1,0
BRDA:11,1,2,0
BRDA:11,1,3,0
BRDA:11,1,4,0
BRDA:25,2,0,0
BRDA:25,2,1,0
BRDA:25,3,0,0
BRDA:25,3,1,0
BRDA:25,3,2,0
BRF:12
BRH:0
end_of_record
TN:
SF:src/reportWebVitals.js
FN:1,(anonymous_0)
FN:3,(anonymous_1)
FNF:2
FNH:0
FNDA:0,(anonymous_0)
FNDA:0,(anonymous_1)
DA:1,0
DA:2,0
DA:3,0
DA:4,0
DA:5,0
DA:6,0
DA:7,0
DA:8,0
LF:8
LH:0
BRDA:2,0,0,0
BRDA:2,0,1,0
BRDA:2,1,0,0
BRDA:2,1,1,0
BRF:4
BRH:0
end_of_record
TN:
SF:src/service-worker.js
FN:30,(anonymous_0)
FN:53,(anonymous_1)
FN:66,(anonymous_2)
FNF:3
FNH:0
FNDA:0,(anonymous_0)
FNDA:0,(anonymous_1)
FNDA:0,(anonymous_2)
DA:16,0
DA:22,0
DA:27,0
DA:28,0
DA:32,0
DA:33,0
DA:36,0
DA:37,0
DA:40,0
DA:41,0
DA:44,0
DA:51,0
DA:53,0
DA:66,0
DA:67,0
DA:68,0
LF:16
LH:0
BRDA:32,0,0,0
BRDA:32,0,1,0
BRDA:36,1,0,0
BRDA:36,1,1,0
BRDA:40,2,0,0
BRDA:40,2,1,0
BRDA:53,3,0,0
BRDA:53,3,1,0
BRDA:67,4,0,0
BRDA:67,4,1,0
BRDA:67,5,0,0
BRDA:67,5,1,0
BRF:12
BRH:0
end_of_record
TN:
SF:src/serviceWorkerRegistration.js
FN:21,register
FN:32,(anonymous_1)
FN:41,(anonymous_2)
FN:55,registerValidSW
FN:58,(anonymous_4)
FN:59,(anonymous_5)
FN:64,(anonymous_6)
FN:94,(anonymous_7)
FN:99,checkValidServiceWorker
FN:104,(anonymous_9)
FN:112,(anonymous_10)
FN:113,(anonymous_11)
FN:122,(anonymous_12)
FN:127,unregister
FN:130,(anonymous_14)
FN:133,(anonymous_15)
FNF:16
FNH:0
FNDA:0,register
FNDA:0,(anonymous_1)
FNDA:0,(anonymous_2)
FNDA:0,registerValidSW
FNDA:0,(anonymous_4)
FNDA:0,(anonymous_5)
FNDA:0,(anonymous_6)
FNDA:0,(anonymous_7)
FNDA:0,checkValidServiceWorker
FNDA:0,(anonymous_9)
FNDA:0,(anonymous_10)
FNDA:0,(anonymous_11)
FNDA:0,(anonymous_12)
FNDA:0,unregister
FNDA:0,(anonymous_14)
FNDA:0,(anonymous_15)
DA:13,0
DA:22,0
DA:24,0
DA:25,0
DA:29,0
DA:32,0
DA:33,0
DA:35,0
DA:37,0
DA:41,0
DA:42,0
DA:49,0
DA:56,0
DA:59,0
DA:60,0
DA:61,0
DA:62,0
DA:64,0
DA:65,0
DA:66,0
DA:70,0
DA:76,0
DA:77,0
DA:83,0
DA:86,0
DA:87,0
DA:95,0
DA:101,0
DA:106,0
DA:107,0
DA:112,0
DA:113,0
DA:114,0
DA:119,0
DA:123,0
DA:128,0
DA:129,0
DA:131,0
DA:134,0
LF:39
LH:0
BRDA:14,0,0,0
BRDA:14,0,1,0
BRDA:14,0,2,0
BRDA:22,1,0,0
BRDA:22,1,1,0
BRDA:22,2,0,0
BRDA:22,2,1,0
BRDA:25,3,0,0
BRDA:25,3,1,0
BRDA:35,4,0,0
BRDA:35,4,1,0
BRDA:61,5,0,0
BRDA:61,5,1,0
BRDA:65,6,0,0
BRDA:65,6,1,0
BRDA:66,7,0,0
BRDA:66,7,1,0
BRDA:76,8,0,0
BRDA:76,8,1,0
BRDA:76,9,0,0
BRDA:76,9,1,0
BRDA:86,10,0,0
BRDA:86,10,1,0
BRDA:86,11,0,0
BRDA:86,11,1,0
BRDA:107,12,0,0
BRDA:107,12,1,0
BRDA:108,13,0,0
BRDA:108,13,1,0
BRDA:108,13,2,0
BRDA:128,14,0,0
BRDA:128,14,1,0
BRF:32
BRH:0
end_of_record
TN:
SF:src/components/BottomNavigation.jsx
FN:11,(anonymous_0)
FN:26,(anonymous_1)
FNF:2
FNH:0
FNDA:0,(anonymous_0)
FNDA:0,(anonymous_1)
DA:11,1
DA:12,0
DA:13,0
DA:14,0
DA:17,0
DA:18,0
DA:21,0
DA:23,0
DA:27,0
LF:9
LH:1
BRDA:17,0,0,0
BRDA:17,0,1,0
BRDA:17,1,0,0
BRDA:17,1,1,0
BRDA:30,2,0,0
BRDA:30,2,1,0
BRDA:32,3,0,0
BRDA:32,3,1,0
BRF:8
BRH:0
end_of_record
TN:
SF:src/components/ErrorBoundary.jsx
FN:4,(anonymous_0)
FN:9,(anonymous_1)
FN:14,(anonymous_2)
FN:40,(anonymous_3)
FN:60,(anonymous_4)
FNF:5
FNH:3
FNDA:3,(anonymous_0)
FNDA:2,(anonymous_1)
FNDA:0,(anonymous_2)
FNDA:4,(anonymous_3)
FNDA:0,(anonymous_4)
DA:5,3
DA:6,2
DA:11,2
DA:17,0
DA:21,0
DA:22,0
DA:24,0
DA:29,0
DA:33,0
DA:34,0
DA:41,4
DA:43,0
DA:60,0
DA:78,4
LF:14
LH:5
BRDA:17,0,0,0
BRDA:17,0,1,0
BRDA:17,0,2,0
BRDA:21,1,0,0
BRDA:21,1,1,0
BRDA:41,2,0,0
BRDA:41,2,1,4
BRDA:41,3,0,4
BRDA:41,3,1,2
BRDA:55,4,0,0
BRDA:55,4,1,0
BRF:11
BRH:3
end_of_record
TN:
SF:src/components/HamburgerMenu.jsx
FN:12,(anonymous_0)
FN:25,(anonymous_1)
FN:30,(anonymous_2)
FN:42,(anonymous_3)
FN:100,(anonymous_4)
FN:104,(anonymous_5)
FNF:6
FNH:0
FNDA:0,(anonymous_0)
FNDA:0,(anonymous_1)
FNDA:0,(anonymous_2)
FNDA:0,(anonymous_3)
FNDA:0,(anonymous_4)
FNDA:0,(anonymous_5)
DA:12,2
DA:13,0
DA:14,0
DA:15,0
DA:19,0
DA:20,0
DA:23,0
DA:25,0
DA:26,0
DA:27,0
DA:30,0
DA:31,0
DA:34,0
DA:42,0
DA:101,0
DA:105,0
LF:16
LH:1
BRDA:19,0,0,0
BRDA:19,0,1,0
BRDA:19,1,0,0
BRDA:19,1,1,0
BRDA:19,1,2,0
BRDA:64,2,0,0
BRDA:64,2,1,0
BRDA:68,3,0,0
BRDA:68,3,1,0
BRDA:71,4,0,0
BRDA:71,4,1,0
BRDA:71,4,2,0
BRDA:75,5,0,0
BRDA:75,5,1,0
BRDA:75,5,2,0
BRDA:125,6,0,0
BRDA:125,6,1,0
BRF:17
BRH:0
end_of_record
TN:
SF:src/components/MobileLayout.jsx
FN:13,(anonymous_0)
FNF:1
FNH:0
FNDA:0,(anonymous_0)
DA:13,1
DA:20,0
DA:21,0
DA:24,0
DA:27,0
DA:36,0
DA:38,0
DA:45,0
DA:68,1
LF:9
LH:2
BRDA:15,0,0,0
BRDA:16,1,0,0
BRDA:17,2,0,0
BRDA:18,3,0,0
BRDA:24,4,0,0
BRDA:24,4,1,0
BRDA:24,4,2,0
BRDA:30,5,0,0
BRDA:30,5,1,0
BRDA:31,6,0,0
BRDA:31,6,1,0
BRDA:32,7,0,0
BRDA:32,7,1,0
BRDA:36,8,0,0
BRDA:36,8,1,0
BRDA:58,9,0,0
BRDA:58,9,1,0
BRF:17
BRH:0
end_of_record
TN:
SF:src/components/NavBar.jsx
FN:10,(anonymous_0)
FN:20,(anonymous_1)
FN:21,(anonymous_2)
FN:72,(anonymous_3)
FN:77,(anonymous_4)
FN:81,(anonymous_5)
FN:90,(anonymous_6)
FN:95,(anonymous_7)
FN:101,(anonymous_8)
FN:109,(anonymous_9)
FN:118,(anonymous_10)
FN:119,(anonymous_11)
FN:160,(anonymous_12)
FN:164,(anonymous_13)
FN:169,(anonymous_14)
FN:184,(anonymous_15)
FN:206,(anonymous_16)
FN:211,(anonymous_17)
FNF:18
FNH:1
FNDA:9,(anonymous_0)
FNDA:0,(anonymous_1)
FNDA:0,(anonymous_2)
FNDA:0,(anonymous_3)
FNDA:0,(anonymous_4)
FNDA:0,(anonymous_5)
FNDA:0,(anonymous_6)
FNDA:0,(anonymous_7)
FNDA:0,(anonymous_8)
FNDA:0,(anonymous_9)
FNDA:0,(anonymous_10)
FNDA:0,(anonymous_11)
FNDA:0,(anonymous_12)
FNDA:0,(anonymous_13)
FNDA:0,(anonymous_14)
FNDA:0,(anonymous_15)
FNDA:0,(anonymous_16)
FNDA:0,(anonymous_17)
DA:10,2
DA:11,9
DA:12,8
DA:13,8
DA:14,8
DA:15,0
DA:16,0
DA:17,0
DA:20,0
DA:21,0
DA:22,0
DA:23,0
DA:29,0
DA:30,0
DA:34,0
DA:72,0
DA:73,0
DA:74,0
DA:77,0
DA:78,0
DA:81,0
DA:83,0
DA:84,0
DA:85,0
DA:87,0
DA:90,0
DA:92,0
DA:93,0
DA:95,0
DA:96,0
DA:97,0
DA:101,0
DA:103,0
DA:104,0
DA:105,0
DA:109,0
DA:111,0
DA:112,0
DA:113,0
DA:115,0
DA:118,0
DA:119,0
DA:122,0
DA:161,0
DA:164,0
DA:169,0
DA:185,0
DA:206,0
DA:211,0
LF:49
LH:5
BRDA:22,0,0,0
BRDA:22,0,1,0
BRDA:29,1,0,0
BRDA:29,1,1,0
BRDA:29,2,0,0
BRDA:29,2,1,0
BRDA:78,3,0,0
BRDA:78,3,1,0
BRDA:83,4,0,0
BRDA:83,4,1,0
BRDA:92,5,0,0
BRDA:92,5,1,0
BRDA:103,6,0,0
BRDA:103,6,1,0
BRDA:111,7,0,0
BRDA:111,7,1,0
BRDA:124,8,0,0
BRDA:124,8,1,0
BRDA:128,9,0,0
BRDA:128,9,1,0
BRDA:128,9,2,0
BRDA:145,10,0,0
BRDA:145,10,1,0
BRDA:149,11,0,0
BRDA:149,11,1,0
BRDA:150,12,0,0
BRDA:150,12,1,0
BRDA:154,13,0,0
BRDA:154,13,1,0
BRDA:168,14,0,0
BRDA:168,14,1,0
BRDA:177,15,0,0
BRDA:177,15,1,0
BRDA:188,16,0,0
BRDA:188,16,1,0
BRDA:214,17,0,0
BRDA:214,17,1,0
BRDA:217,18,0,0
BRDA:217,18,1,0
BRDA:217,18,2,0
BRDA:220,19,0,0
BRDA:220,19,1,0
BRDA:226,20,0,0
BRDA:226,20,1,0
BRDA:235,21,0,0
BRDA:235,21,1,0
BRDA:235,21,2,0
BRDA:242,22,0,0
BRDA:242,22,1,0
BRDA:249,23,0,0
BRDA:249,23,1,0
BRDA:263,24,0,0
BRDA:263,24,1,0
BRDA:265,25,0,0
BRDA:265,25,1,0
BRDA:267,26,0,0
BRDA:267,26,1,0
BRDA:270,27,0,0
BRDA:270,27,1,0
BRDA:270,27,2,0
BRF:60
BRH:0
end_of_record
TN:
SF:src/components/PDFUploadComponent.jsx
FN:30,(anonymous_0)
FN:43,(anonymous_1)
FN:70,(anonymous_2)
FN:80,(anonymous_3)
FN:81,(anonymous_4)
FN:84,(anonymous_5)
FN:89,(anonymous_6)
FN:93,(anonymous_7)
FN:144,(anonymous_8)
FN:184,(anonymous_9)
FN:218,(anonymous_10)
FN:238,(anonymous_11)
FNF:12
FNH:0
FNDA:0,(anonymous_0)
FNDA:0,(anonymous_1)
FNDA:0,(anonymous_2)
FNDA:0,(anonymous_3)
FNDA:0,(anonymous_4)
FNDA:0,(anonymous_5)
FNDA:0,(anonymous_6)
FNDA:0,(anonymous_7)
FNDA:0,(anonymous_8)
FNDA:0,(anonymous_9)
FNDA:0,(anonymous_10)
FNDA:0,(anonymous_11)
DA:6,1
DA:19,1
DA:30,1
DA:31,0
DA:32,0
DA:33,0
DA:34,0
DA:35,0
DA:36,0
DA:37,0
DA:38,0
DA:40,0
DA:41,0
DA:43,0
DA:44,0
DA:45,0
DA:47,0
DA:48,0
DA:49,0
DA:53,0
DA:54,0
DA:55,0
DA:56,0
DA:59,0
DA:60,0
DA:63,0
DA:64,0
DA:65,0
DA:70,0
DA:71,0
DA:72,0
DA:73,0
DA:74,0
DA:75,0
DA:76,0
DA:80,0
DA:81,0
DA:82,0
DA:83,0
DA:84,0
DA:86,0
DA:87,0
DA:89,0
DA:93,0
DA:94,0
DA:95,0
DA:96,0
DA:99,0
DA:100,0
DA:101,0
DA:103,0
DA:105,0
DA:108,0
DA:119,0
DA:121,0
DA:122,0
DA:123,0
DA:126,0
DA:127,0
DA:134,0
DA:137,0
DA:138,0
DA:140,0
DA:144,0
DA:145,0
DA:146,0
DA:147,0
DA:150,0
DA:151,0
DA:153,0
DA:154,0
DA:160,0
DA:162,0
DA:163,0
DA:166,0
DA:167,0
DA:174,0
DA:177,0
DA:178,0
DA:180,0
DA:184,0
DA:185,0
DA:186,0
DA:187,0
DA:188,0
DA:189,0
DA:192,0
DA:218,0
DA:238,0
LF:89
LH:3
BRDA:45,0,0,0
BRDA:45,0,1,0
BRDA:47,1,0,0
BRDA:47,1,1,0
BRDA:54,2,0,0
BRDA:54,2,1,0
BRDA:63,3,0,0
BRDA:63,3,1,0
BRDA:75,4,0,0
BRDA:75,4,1,0
BRDA:94,5,0,0
BRDA:94,5,1,0
BRDA:94,6,0,0
BRDA:94,6,1,0
BRDA:121,7,0,0
BRDA:121,7,1,0
BRDA:126,8,0,0
BRDA:126,8,1,0
BRDA:134,9,0,0
BRDA:134,9,1,0
BRDA:138,10,0,0
BRDA:138,10,1,0
BRDA:145,11,0,0
BRDA:145,11,1,0
BRDA:162,12,0,0
BRDA:162,12,1,0
BRDA:163,13,0,0
BRDA:163,13,1,0
BRDA:166,14,0,0
BRDA:166,14,1,0
BRDA:174,15,0,0
BRDA:174,15,1,0
BRDA:178,16,0,0
BRDA:178,16,1,0
BRDA:185,17,0,0
BRDA:185,17,1,0
BRDA:200,18,0,0
BRDA:200,18,1,0
BRDA:206,19,0,0
BRDA:206,19,1,0
BRDA:220,20,0,0
BRDA:220,20,1,0
BRDA:232,21,0,0
BRDA:232,21,1,0
BRDA:235,22,0,0
BRDA:235,22,1,0
BRDA:267,23,0,0
BRDA:267,23,1,0
BRDA:277,24,0,0
BRDA:277,24,1,0
BRDA:281,25,0,0
BRDA:281,25,1,0
BRDA:281,25,2,0
BRDA:283,26,0,0
BRDA:283,26,1,0
BRDA:295,27,0,0
BRDA:295,27,1,0
BRDA:302,28,0,0
BRDA:302,28,1,0
BRDA:302,28,2,0
BRDA:306,29,0,0
BRDA:306,29,1,0
BRF:62
BRH:0
end_of_record
TN:
SF:src/components/ProtectedRoute.jsx
FN:10,(anonymous_0)
FNF:1
FNH:0
FNDA:0,(anonymous_0)
DA:10,1
DA:11,0
DA:12,0
DA:15,0
DA:16,0
DA:29,0
DA:30,0
DA:34,0
LF:8
LH:1
BRDA:15,0,0,0
BRDA:15,0,1,0
BRDA:29,1,0,0
BRDA:29,1,1,0
BRF:4
BRH:0
end_of_record
TN:
SF:src/components/Toast.jsx
FN:4,(anonymous_0)
FN:7,(anonymous_1)
FN:8,(anonymous_2)
FN:15,(anonymous_3)
FN:22,(anonymous_4)
FN:43,(anonymous_5)
FNF:6
FNH:0
FNDA:0,(anonymous_0)
FNDA:0,(anonymous_1)
FNDA:0,(anonymous_2)
FNDA:0,(anonymous_3)
FNDA:0,(anonymous_4)
FNDA:0,(anonymous_5)
DA:4,3
DA:5,0
DA:7,0
DA:8,0
DA:9,0
DA:10,0
DA:11,0
DA:15,0
DA:18,0
DA:19,0
DA:22,0
DA:23,0
DA:25,0
DA:27,0
DA:29,0
DA:32,0
DA:36,0
DA:44,0
DA:45,0
DA:46,0
LF:20
LH:1
BRDA:4,0,0,0
BRDA:4,1,0,0
BRDA:10,2,0,0
BRDA:10,2,1,0
BRDA:18,3,0,0
BRDA:18,3,1,0
BRDA:23,4,0,0
BRDA:23,4,1,0
BRDA:23,4,2,0
BRDA:23,4,3,0
BRDA:23,4,4,0
BRDA:37,5,0,0
BRDA:37,5,1,0
BRDA:45,6,0,0
BRDA:45,6,1,0
BRF:15
BRH:0
end_of_record
TN:
SF:src/components/skills/CertificationCard.jsx
FN:4,(anonymous_0)
FN:8,(anonymous_1)
FN:18,(anonymous_2)
FN:79,(anonymous_3)
FN:113,(anonymous_4)
FN:121,(anonymous_5)
FN:200,(anonymous_6)
FNF:7
FNH:0
FNDA:0,(anonymous_0)
FNDA:0,(anonymous_1)
FNDA:0,(anonymous_2)
FNDA:0,(anonymous_3)
FNDA:0,(anonymous_4)
FNDA:0,(anonymous_5)
FNDA:0,(anonymous_6)
DA:4,1
DA:5,0
DA:6,0
DA:8,0
DA:9,0
DA:15,0
DA:18,0
DA:19,0
DA:20,0
DA:21,0
DA:22,0
DA:23,0
DA:26,0
DA:28,0
DA:79,0
DA:113,0
DA:121,0
DA:200,0
LF:18
LH:1
BRDA:15,0,0,0
BRDA:15,0,1,0
BRDA:19,1,0,0
BRDA:19,1,1,0
BRDA:23,2,0,0
BRDA:23,2,1,0
BRDA:29,3,0,0
BRDA:29,3,1,0
BRDA:34,4,0,0
BRDA:34,4,1,0
BRDA:45,5,0,0
BRDA:45,5,1,0
BRDA:51,6,0,0
BRDA:51,6,1,0
BRDA:63,7,0,0
BRDA:63,7,1,0
BRDA:67,8,0,0
BRDA:67,8,1,0
BRDA:99,9,0,0
BRDA:99,9,1,0
BRDA:113,10,0,0
BRDA:113,10,1,0
BRDA:132,11,0,0
BRDA:132,11,1,0
BRDA:133,12,0,0
BRDA:133,12,1,0
BRDA:142,13,0,0
BRDA:142,13,1,0
BRDA:145,14,0,0
BRDA:145,14,1,0
BRDA:147,15,0,0
BRDA:147,15,1,0
BRDA:156,16,0,0
BRDA:156,16,1,0
BRDA:156,16,2,0
BRDA:165,17,0,0
BRDA:165,17,1,0
BRDA:165,17,2,0
BRDA:183,18,0,0
BRDA:183,18,1,0
BRDA:190,19,0,0
BRDA:190,19,1,0
BRDA:201,20,0,0
BRDA:201,20,1,0
BRDA:204,21,0,0
BRDA:204,21,1,0
BRDA:207,22,0,0
BRDA:207,22,1,0
BRF:48
BRH:0
end_of_record
TN:
SF:src/components/skills/SkillCard.jsx
FN:4,(anonymous_0)
FN:8,(anonymous_1)
FN:18,(anonymous_2)
FN:74,(anonymous_3)
FN:96,(anonymous_4)
FN:103,(anonymous_5)
FN:169,(anonymous_6)
FNF:7
FNH:0
FNDA:0,(anonymous_0)
FNDA:0,(anonymous_1)
FNDA:0,(anonymous_2)
FNDA:0,(anonymous_3)
FNDA:0,(anonymous_4)
FNDA:0,(anonymous_5)
FNDA:0,(anonymous_6)
DA:4,1
DA:5,0
DA:6,0
DA:8,0
DA:9,0
DA:15,0
DA:18,0
DA:19,0
DA:26,0
DA:29,0
DA:31,0
DA:74,0
DA:96,0
DA:103,0
DA:169,0
LF:15
LH:1
BRDA:15,0,0,0
BRDA:15,0,1,0
BRDA:26,1,0,0
BRDA:26,1,1,0
BRDA:32,2,0,0
BRDA:32,2,1,0
BRDA:36,3,0,0
BRDA:36,3,1,0
BRDA:44,4,0,0
BRDA:44,4,1,0
BRDA:53,5,0,0
BRDA:53,5,1,0
BRDA:56,6,0,0
BRDA:56,6,1,0
BRDA:60,7,0,0
BRDA:60,7,1,0
BRDA:96,8,0,0
BRDA:96,8,1,0
BRDA:114,9,0,0
BRDA:114,9,1,0
BRDA:115,10,0,0
BRDA:115,10,1,0
BRDA:124,11,0,0
BRDA:124,11,1,0
BRDA:124,11,2,0
BRDA:133,12,0,0
BRDA:133,12,1,0
BRDA:170,13,0,0
BRDA:170,13,1,0
BRDA:173,14,0,0
BRDA:173,14,1,0
BRDA:176,15,0,0
BRDA:176,15,1,0
BRF:33
BRH:0
end_of_record
TN:
SF:src/components/skills/SkillsAnalytics.jsx
FN:4,(anonymous_0)
FN:8,(anonymous_1)
FN:14,(anonymous_2)
FN:26,(anonymous_3)
FN:28,(anonymous_4)
FN:42,(anonymous_5)
FN:43,(anonymous_6)
FN:57,(anonymous_7)
FN:61,(anonymous_8)
FN:74,(anonymous_9)
FN:76,(anonymous_10)
FN:81,(anonymous_11)
FN:88,(anonymous_12)
FN:92,(anonymous_13)
FN:93,(anonymous_14)
FN:101,(anonymous_15)
FN:127,(anonymous_16)
FN:146,(anonymous_17)
FN:150,(anonymous_18)
FN:169,(anonymous_19)
FN:173,(anonymous_20)
FN:189,(anonymous_21)
FN:193,(anonymous_22)
FN:233,(anonymous_23)
FN:242,(anonymous_24)
FN:251,(anonymous_25)
FNF:26
FNH:0
FNDA:0,(anonymous_0)
FNDA:0,(anonymous_1)
FNDA:0,(anonymous_2)
FNDA:0,(anonymous_3)
FNDA:0,(anonymous_4)
FNDA:0,(anonymous_5)
FNDA:0,(anonymous_6)
FNDA:0,(anonymous_7)
FNDA:0,(anonymous_8)
FNDA:0,(anonymous_9)
FNDA:0,(anonymous_10)
FNDA:0,(anonymous_11)
FNDA:0,(anonymous_12)
FNDA:0,(anonymous_13)
FNDA:0,(anonymous_14)
FNDA:0,(anonymous_15)
FNDA:0,(anonymous_16)
FNDA:0,(anonymous_17)
FNDA:0,(anonymous_18)
FNDA:0,(anonymous_19)
FNDA:0,(anonymous_20)
FNDA:0,(anonymous_21)
FNDA:0,(anonymous_22)
FNDA:0,(anonymous_23)
FNDA:0,(anonymous_24)
FNDA:0,(anonymous_25)
DA:4,1
DA:5,0
DA:6,0
DA:8,0
DA:9,0
DA:10,0
DA:14,0
DA:15,0
DA:23,0
DA:26,0
DA:27,0
DA:28,0
DA:29,0
DA:30,0
DA:34,0
DA:35,0
DA:42,0
DA:43,0
DA:44,0
DA:47,0
DA:51,0
DA:57,0
DA:58,0
DA:59,0
DA:61,0
DA:62,0
DA:63,0
DA:66,0
DA:68,0
DA:74,0
DA:75,0
DA:76,0
DA:77,0
DA:78,0
DA:81,0
DA:88,0
DA:89,0
DA:90,0
DA:92,0
DA:93,0
DA:94,0
DA:98,0
DA:101,0
DA:103,0
DA:124,0
DA:127,0
DA:128,0
DA:146,0
DA:147,0
DA:151,0
DA:169,0
DA:170,0
DA:174,0
DA:189,0
DA:190,0
DA:194,0
DA:211,0
DA:212,0
DA:220,0
DA:233,0
DA:242,0
DA:251,0
LF:62
LH:1
BRDA:9,0,0,0
BRDA:9,0,1,0
BRDA:9,1,0,0
BRDA:9,1,1,0
BRDA:29,2,0,0
BRDA:29,2,1,0
BRDA:38,3,0,0
BRDA:38,3,1,0
BRDA:38,4,0,0
BRDA:38,4,1,0
BRDA:44,5,0,0
BRDA:44,5,1,0
BRDA:47,6,0,0
BRDA:47,6,1,0
BRDA:53,7,0,0
BRDA:53,7,1,0
BRDA:53,8,0,0
BRDA:53,8,1,0
BRDA:62,9,0,0
BRDA:62,9,1,0
BRDA:70,10,0,0
BRDA:70,10,1,0
BRDA:70,11,0,0
BRDA:70,11,1,0
BRDA:77,12,0,0
BRDA:77,12,1,0
BRDA:78,13,0,0
BRDA:78,13,1,0
BRDA:129,14,0,0
BRDA:129,14,1,0
BRDA:135,15,0,0
BRDA:135,15,1,0
BRDA:136,16,0,0
BRDA:136,16,1,0
BRDA:137,17,0,0
BRDA:137,17,1,0
BRDA:211,18,0,0
BRDA:211,18,1,0
BRF:38
BRH:0
end_of_record
TN:
SF:src/context/AuthContext.jsx
FN:12,(anonymous_0)
FN:20,(anonymous_1)
FN:32,(anonymous_2)
FN:33,(anonymous_3)
FN:105,(anonymous_4)
FN:148,(anonymous_5)
FN:173,(anonymous_6)
FN:196,(anonymous_7)
FN:220,(anonymous_8)
FN:233,(anonymous_9)
FNF:10
FNH:2
FNDA:8,(anonymous_0)
FNDA:4,(anonymous_1)
FNDA:0,(anonymous_2)
FNDA:0,(anonymous_3)
FNDA:0,(anonymous_4)
FNDA:0,(anonymous_5)
FNDA:0,(anonymous_6)
FNDA:0,(anonymous_7)
FNDA:0,(anonymous_8)
FNDA:0,(anonymous_9)
DA:10,3
DA:12,3
DA:13,8
DA:14,8
DA:15,0
DA:17,8
DA:20,3
DA:21,4
DA:22,4
DA:23,4
DA:26,4
DA:29,4
DA:32,4
DA:33,0
DA:34,0
DA:36,0
DA:37,0
DA:38,0
DA:52,0
DA:53,0
DA:54,0
DA:57,0
DA:58,0
DA:60,0
DA:61,0
DA:64,0
DA:65,0
DA:66,0
DA:67,0
DA:68,0
DA:69,0
DA:70,0
DA:72,0
DA:74,0
DA:75,0
DA:76,0
DA:77,0
DA:78,0
DA:80,0
DA:82,0
DA:83,0
DA:87,0
DA:88,0
DA:91,0
DA:92,0
DA:93,0
DA:95,0
DA:99,0
DA:105,4
DA:106,0
DA:107,0
DA:110,0
DA:111,0
DA:112,0
DA:114,0
DA:115,0
DA:116,0
DA:117,0
DA:118,0
DA:120,0
DA:121,0
DA:125,0
DA:127,0
DA:128,0
DA:129,0
DA:130,0
DA:131,0
DA:133,0
DA:134,0
DA:138,0
DA:139,0
DA:141,0
DA:148,4
DA:149,0
DA:150,0
DA:151,0
DA:153,0
DA:154,0
DA:155,0
DA:156,0
DA:157,0
DA:159,0
DA:160,0
DA:163,0
DA:164,0
DA:166,0
DA:173,4
DA:174,0
DA:175,0
DA:178,0
DA:179,0
DA:180,0
DA:182,0
DA:185,0
DA:187,0
DA:188,0
DA:189,0
DA:196,4
DA:197,0
DA:198,0
DA:199,0
DA:201,0
DA:202,0
DA:203,0
DA:204,0
DA:206,0
DA:207,0
DA:210,0
DA:211,0
DA:213,0
DA:220,4
DA:221,0
DA:222,0
DA:223,0
DA:225,0
DA:226,0
DA:233,4
DA:234,0
DA:235,0
DA:236,0
DA:237,0
DA:238,0
DA:240,0
DA:242,0
DA:243,0
DA:247,4
DA:263,4
LF:127
LH:20
BRDA:14,0,0,0
BRDA:14,0,1,8
BRDA:26,1,0,4
BRDA:26,1,1,0
BRDA:36,2,0,0
BRDA:36,2,1,0
BRDA:64,3,0,0
BRDA:64,3,1,0
BRDA:67,4,0,0
BRDA:67,4,1,0
BRDA:75,5,0,0
BRDA:75,5,1,0
BRDA:110,6,0,0
BRDA:110,6,1,0
BRDA:114,7,0,0
BRDA:114,7,1,0
BRDA:127,8,0,0
BRDA:127,8,1,0
BRDA:153,9,0,0
BRDA:153,9,1,0
BRDA:178,10,0,0
BRDA:178,10,1,0
BRDA:201,11,0,0
BRDA:201,11,1,0
BRDA:236,12,0,0
BRDA:236,12,1,0
BRF:26
BRH:2
end_of_record
TN:
SF:src/context/JobContext.jsx
FN:7,(anonymous_0)
FN:25,(anonymous_1)
FN:26,(anonymous_2)
FN:81,(anonymous_3)
FN:93,(anonymous_4)
FN:105,(anonymous_5)
FN:111,(anonymous_6)
FN:115,(anonymous_7)
FN:116,(anonymous_8)
FN:128,(anonymous_9)
FN:132,(anonymous_10)
FN:133,(anonymous_11)
FN:145,(anonymous_12)
FN:149,(anonymous_13)
FN:150,(anonymous_14)
FNF:15
FNH:1
FNDA:4,(anonymous_0)
FNDA:0,(anonymous_1)
FNDA:0,(anonymous_2)
FNDA:0,(anonymous_3)
FNDA:0,(anonymous_4)
FNDA:0,(anonymous_5)
FNDA:0,(anonymous_6)
FNDA:0,(anonymous_7)
FNDA:0,(anonymous_8)
FNDA:0,(anonymous_9)
FNDA:0,(anonymous_10)
FNDA:0,(anonymous_11)
FNDA:0,(anonymous_12)
FNDA:0,(anonymous_13)
FNDA:0,(anonymous_14)
DA:5,3
DA:7,3
DA:8,4
DA:9,4
DA:10,4
DA:20,4
DA:21,4
DA:22,4
DA:23,4
DA:25,4
DA:26,0
DA:27,0
DA:28,0
DA:30,0
DA:32,0
DA:33,0
DA:34,0
DA:35,0
DA:36,0
DA:37,0
DA:42,0
DA:47,0
DA:53,0
DA:55,0
DA:56,0
DA:57,0
DA:58,0
DA:60,0
DA:61,0
DA:64,0
DA:65,0
DA:68,0
DA:69,0
DA:70,0
DA:71,0
DA:74,0
DA:77,0
DA:81,4
DA:82,0
DA:83,0
DA:85,0
DA:86,0
DA:92,0
DA:93,0
DA:94,0
DA:97,0
DA:98,0
DA:101,0
DA:105,4
DA:106,0
DA:107,0
DA:111,4
DA:112,0
DA:113,0
DA:115,0
DA:116,0
DA:117,0
DA:120,0
DA:122,0
DA:123,0
DA:128,4
DA:129,0
DA:130,0
DA:132,0
DA:133,0
DA:134,0
DA:137,0
DA:139,0
DA:140,0
DA:145,4
DA:146,0
DA:147,0
DA:149,0
DA:150,0
DA:151,0
DA:154,0
DA:156,0
DA:157,0
DA:161,4
DA:186,4
LF:80
LH:17
BRDA:32,0,0,0
BRDA:32,0,1,0
BRDA:55,1,0,0
BRDA:55,1,1,0
BRDA:55,2,0,0
BRDA:55,2,1,0
BRDA:57,3,0,0
BRDA:57,3,1,0
BRDA:58,4,0,0
BRDA:58,4,1,0
BRDA:81,5,0,0
BRDA:92,6,0,0
BRDA:92,6,1,0
BRDA:92,7,0,0
BRDA:92,7,1,0
BRDA:111,8,0,0
BRDA:117,9,0,0
BRDA:117,9,1,0
BRDA:134,10,0,0
BRDA:134,10,1,0
BRDA:151,11,0,0
BRDA:151,11,1,0
BRF:22
BRH:0
end_of_record
TN:
SF:src/context/ToastContext.jsx
FN:6,(anonymous_0)
FN:14,(anonymous_1)
FN:17,(anonymous_2)
FN:21,(anonymous_3)
FN:24,(anonymous_4)
FN:31,(anonymous_5)
FN:32,(anonymous_6)
FN:32,(anonymous_7)
FN:35,(anonymous_8)
FN:36,(anonymous_9)
FN:37,(anonymous_10)
FN:38,(anonymous_11)
FN:55,(anonymous_12)
FN:61,(anonymous_13)
FNF:14
FNH:1
FNDA:0,(anonymous_0)
FNDA:4,(anonymous_1)
FNDA:0,(anonymous_2)
FNDA:0,(anonymous_3)
FNDA:0,(anonymous_4)
FNDA:0,(anonymous_5)
FNDA:0,(anonymous_6)
FNDA:0,(anonymous_7)
FNDA:0,(anonymous_8)
FNDA:0,(anonymous_9)
FNDA:0,(anonymous_10)
FNDA:0,(anonymous_11)
FNDA:0,(anonymous_12)
FNDA:0,(anonymous_13)
DA:4,3
DA:6,3
DA:7,0
DA:8,0
DA:9,0
DA:11,0
DA:14,3
DA:15,4
DA:17,4
DA:18,0
DA:19,0
DA:21,0
DA:24,0
DA:25,0
DA:28,0
DA:31,4
DA:32,0
DA:35,4
DA:36,4
DA:37,4
DA:38,4
DA:40,4
DA:49,4
DA:56,0
DA:61,0
LF:25
LH:12
BRDA:8,0,0,0
BRDA:8,0,1,0
BRDA:17,1,0,0
BRDA:17,2,0,0
BRF:4
BRH:0
end_of_record
TN:
SF:src/graphql/mutations.js
FNF:0
FNH:0
DA:14,3
DA:38,3
DA:46,3
DA:56,3
DA:75,3
DA:130,3
DA:150,3
DA:164,3
DA:187,3
DA:210,3
DA:254,3
DA:298,3
DA:307,3
DA:354,3
DA:401,3
DA:410,3
LF:16
LH:16
BRF:0
BRH:0
end_of_record
TN:
SF:src/graphql/queries.js
FNF:0
FNH:0
DA:14,3
DA:85,3
DA:158,3
DA:201,3
DA:225,3
DA:249,3
DA:289,3
DA:302,3
DA:315,3
DA:328,3
DA:345,3
DA:362,3
DA:388,3
DA:413,3
DA:435,3
DA:447,3
DA:463,3
DA:489,3
DA:525,3
LF:19
LH:19
BRF:0
BRH:0
end_of_record
TN:
SF:src/hooks/index.js
FNF:0
FNH:0
LF:0
LH:0
BRF:0
BRH:0
end_of_record
TN:
SF:src/hooks/useApplications.js
FN:9,(anonymous_0)
FN:20,(anonymous_1)
FN:42,(anonymous_2)
FN:67,(anonymous_3)
FN:88,(anonymous_4)
FN:111,(anonymous_5)
FN:118,(anonymous_6)
FN:123,(anonymous_7)
FN:128,(anonymous_8)
FN:129,(anonymous_9)
FN:134,(anonymous_10)
FN:153,(anonymous_11)
FN:164,(anonymous_12)
FN:165,(anonymous_13)
FN:180,(anonymous_14)
FN:191,(anonymous_15)
FN:192,(anonymous_16)
FN:210,(anonymous_17)
FN:218,(anonymous_18)
FN:219,(anonymous_19)
FN:232,(anonymous_20)
FN:240,(anonymous_21)
FN:240,(anonymous_22)
FN:241,(anonymous_23)
FN:254,(anonymous_24)
FN:263,(anonymous_25)
FN:280,(anonymous_26)
FN:281,(anonymous_27)
FN:285,(anonymous_28)
FN:286,(anonymous_29)
FN:290,(anonymous_30)
FN:291,(anonymous_31)
FN:295,(anonymous_32)
FN:307,(anonymous_33)
FN:347,(anonymous_34)
FN:348,(anonymous_35)
FNF:36
FNH:0
FNDA:0,(anonymous_0)
FNDA:0,(anonymous_1)
FNDA:0,(anonymous_2)
FNDA:0,(anonymous_3)
FNDA:0,(anonymous_4)
FNDA:0,(anonymous_5)
FNDA:0,(anonymous_6)
FNDA:0,(anonymous_7)
FNDA:0,(anonymous_8)
FNDA:0,(anonymous_9)
FNDA:0,(anonymous_10)
FNDA:0,(anonymous_11)
FNDA:0,(anonymous_12)
FNDA:0,(anonymous_13)
FNDA:0,(anonymous_14)
FNDA:0,(anonymous_15)
FNDA:0,(anonymous_16)
FNDA:0,(anonymous_17)
FNDA:0,(anonymous_18)
FNDA:0,(anonymous_19)
FNDA:0,(anonymous_20)
FNDA:0,(anonymous_21)
FNDA:0,(anonymous_22)
FNDA:0,(anonymous_23)
FNDA:0,(anonymous_24)
FNDA:0,(anonymous_25)
FNDA:0,(anonymous_26)
FNDA:0,(anonymous_27)
FNDA:0,(anonymous_28)
FNDA:0,(anonymous_29)
FNDA:0,(anonymous_30)
FNDA:0,(anonymous_31)
FNDA:0,(anonymous_32)
FNDA:0,(anonymous_33)
FNDA:0,(anonymous_34)
FNDA:0,(anonymous_35)
DA:9,0
DA:10,0
DA:11,0
DA:12,0
DA:13,0
DA:14,0
DA:15,0
DA:16,0
DA:17,0
DA:20,0
DA:21,0
DA:22,0
DA:23,0
DA:25,0
DA:32,0
DA:34,0
DA:36,0
DA:37,0
DA:39,0
DA:42,0
DA:44,0
DA:45,0
DA:48,0
DA:49,0
DA:50,0
DA:53,0
DA:55,0
DA:57,0
DA:58,0
DA:59,0
DA:60,0
DA:62,0
DA:67,0
DA:68,0
DA:69,0
DA:70,0
DA:72,0
DA:78,0
DA:80,0
DA:82,0
DA:83,0
DA:85,0
DA:88,0
DA:90,0
DA:93,0
DA:94,0
DA:97,0
DA:99,0
DA:101,0
DA:102,0
DA:103,0
DA:104,0
DA:106,0
DA:111,0
DA:112,0
DA:114,0
DA:118,0
DA:119,0
DA:123,0
DA:124,0
DA:128,0
DA:129,0
DA:130,0
DA:134,0
DA:135,0
DA:136,0
DA:137,0
DA:139,0
DA:140,0
DA:141,0
DA:142,0
DA:144,0
DA:145,0
DA:146,0
DA:148,0
DA:153,0
DA:154,0
DA:155,0
DA:156,0
DA:158,0
DA:159,0
DA:161,0
DA:162,0
DA:164,0
DA:165,0
DA:166,0
DA:168,0
DA:171,0
DA:172,0
DA:173,0
DA:175,0
DA:180,0
DA:181,0
DA:182,0
DA:183,0
DA:185,0
DA:186,0
DA:188,0
DA:189,0
DA:191,0
DA:192,0
DA:193,0
DA:196,0
DA:198,0
DA:201,0
DA:202,0
DA:203,0
DA:205,0
DA:210,0
DA:211,0
DA:212,0
DA:213,0
DA:215,0
DA:216,0
DA:218,0
DA:219,0
DA:220,0
DA:222,0
DA:225,0
DA:226,0
DA:227,0
DA:232,0
DA:233,0
DA:234,0
DA:235,0
DA:237,0
DA:238,0
DA:240,0
DA:241,0
DA:242,0
DA:244,0
DA:247,0
DA:248,0
DA:249,0
DA:254,0
DA:255,0
DA:259,0
DA:263,0
DA:264,0
DA:265,0
DA:266,0
DA:267,0
DA:268,0
DA:270,0
DA:271,0
DA:280,0
DA:281,0
DA:285,0
DA:286,0
DA:290,0
DA:291,0
DA:295,0
DA:296,0
DA:297,0
DA:301,0
DA:302,0
DA:303,0
DA:304,0
DA:307,0
DA:308,0
DA:309,0
DA:312,0
DA:347,0
DA:348,0
LF:164
LH:0
BRDA:9,0,0,0
BRDA:20,1,0,0
BRDA:20,2,0,0
BRDA:36,3,0,0
BRDA:36,3,1,0
BRDA:36,4,0,0
BRDA:36,4,1,0
BRDA:37,5,0,0
BRDA:37,5,1,0
BRDA:44,6,0,0
BRDA:44,6,1,0
BRDA:67,7,0,0
BRDA:67,8,0,0
BRDA:82,9,0,0
BRDA:82,9,1,0
BRDA:82,10,0,0
BRDA:82,10,1,0
BRDA:83,11,0,0
BRDA:83,11,1,0
BRDA:90,12,0,0
BRDA:90,12,1,0
BRDA:112,13,0,0
BRDA:112,13,1,0
BRDA:112,14,0,0
BRDA:112,14,1,0
BRDA:158,15,0,0
BRDA:158,15,1,0
BRDA:161,16,0,0
BRDA:161,16,1,0
BRDA:168,17,0,0
BRDA:168,17,1,0
BRDA:188,18,0,0
BRDA:188,18,1,0
BRDA:193,19,0,0
BRDA:193,19,1,0
BRDA:198,20,0,0
BRDA:198,20,1,0
BRDA:210,21,0,0
BRDA:215,22,0,0
BRDA:215,22,1,0
BRDA:222,23,0,0
BRDA:222,23,1,0
BRDA:237,24,0,0
BRDA:237,24,1,0
BRDA:244,25,0,0
BRDA:244,25,1,0
BRDA:303,26,0,0
BRDA:303,26,1,0
BRDA:303,26,2,0
BRDA:304,27,0,0
BRDA:304,27,1,0
BRDA:304,27,2,0
BRDA:308,28,0,0
BRDA:308,28,1,0
BRF:54
BRH:0
end_of_record
TN:
SF:src/hooks/useAuth.js
FN:10,(anonymous_0)
FN:16,(anonymous_1)
FN:44,(anonymous_2)
FN:72,(anonymous_3)
FN:92,(anonymous_4)
FN:120,(anonymous_5)
FN:148,(anonymous_6)
FN:174,(anonymous_7)
FN:190,(anonymous_8)
FN:209,(anonymous_9)
FN:226,(anonymous_10)
FN:238,(anonymous_11)
FN:248,(anonymous_12)
FN:291,(anonymous_13)
FN:292,(anonymous_14)
FNF:15
FNH:0
FNDA:0,(anonymous_0)
FNDA:0,(anonymous_1)
FNDA:0,(anonymous_2)
FNDA:0,(anonymous_3)
FNDA:0,(anonymous_4)
FNDA:0,(anonymous_5)
FNDA:0,(anonymous_6)
FNDA:0,(anonymous_7)
FNDA:0,(anonymous_8)
FNDA:0,(anonymous_9)
FNDA:0,(anonymous_10)
FNDA:0,(anonymous_11)
FNDA:0,(anonymous_12)
FNDA:0,(anonymous_13)
FNDA:0,(anonymous_14)
DA:10,0
DA:11,0
DA:12,0
DA:13,0
DA:16,0
DA:17,0
DA:18,0
DA:19,0
DA:21,0
DA:22,0
DA:24,0
DA:25,0
DA:26,0
DA:28,0
DA:29,0
DA:30,0
DA:31,0
DA:34,0
DA:35,0
DA:36,0
DA:37,0
DA:39,0
DA:44,0
DA:45,0
DA:46,0
DA:47,0
DA:49,0
DA:50,0
DA:52,0
DA:53,0
DA:54,0
DA:56,0
DA:57,0
DA:58,0
DA:59,0
DA:62,0
DA:63,0
DA:64,0
DA:65,0
DA:67,0
DA:72,0
DA:73,0
DA:74,0
DA:75,0
DA:77,0
DA:78,0
DA:79,0
DA:80,0
DA:82,0
DA:83,0
DA:84,0
DA:85,0
DA:87,0
DA:92,0
DA:93,0
DA:94,0
DA:95,0
DA:97,0
DA:98,0
DA:100,0
DA:101,0
DA:102,0
DA:104,0
DA:105,0
DA:106,0
DA:107,0
DA:110,0
DA:111,0
DA:112,0
DA:113,0
DA:115,0
DA:120,0
DA:121,0
DA:122,0
DA:123,0
DA:125,0
DA:126,0
DA:128,0
DA:129,0
DA:130,0
DA:132,0
DA:133,0
DA:134,0
DA:135,0
DA:138,0
DA:139,0
DA:140,0
DA:141,0
DA:143,0
DA:148,0
DA:149,0
DA:150,0
DA:151,0
DA:153,0
DA:154,0
DA:156,0
DA:157,0
DA:158,0
DA:160,0
DA:161,0
DA:164,0
DA:165,0
DA:166,0
DA:167,0
DA:169,0
DA:174,0
DA:175,0
DA:176,0
DA:177,0
DA:179,0
DA:180,0
DA:181,0
DA:182,0
DA:184,0
DA:185,0
DA:190,0
DA:191,0
DA:192,0
DA:193,0
DA:194,0
DA:195,0
DA:197,0
DA:198,0
DA:209,0
DA:210,0
DA:211,0
DA:212,0
DA:213,0
DA:214,0
DA:216,0
DA:217,0
DA:226,0
DA:227,0
DA:228,0
DA:232,0
DA:233,0
DA:234,0
DA:235,0
DA:238,0
DA:239,0
DA:248,0
DA:249,0
DA:252,0
DA:256,0
DA:262,0
DA:291,0
DA:292,0
LF:147
LH:0
BRDA:24,0,0,0
BRDA:24,0,1,0
BRDA:28,1,0,0
BRDA:28,1,1,0
BRDA:34,2,0,0
BRDA:34,2,1,0
BRDA:52,3,0,0
BRDA:52,3,1,0
BRDA:56,4,0,0
BRDA:56,4,1,0
BRDA:62,5,0,0
BRDA:62,5,1,0
BRDA:82,6,0,0
BRDA:82,6,1,0
BRDA:100,7,0,0
BRDA:100,7,1,0
BRDA:104,8,0,0
BRDA:104,8,1,0
BRDA:110,9,0,0
BRDA:110,9,1,0
BRDA:128,10,0,0
BRDA:128,10,1,0
BRDA:132,11,0,0
BRDA:132,11,1,0
BRDA:138,12,0,0
BRDA:138,12,1,0
BRDA:156,13,0,0
BRDA:156,13,1,0
BRDA:164,14,0,0
BRDA:164,14,1,0
BRDA:177,15,0,0
BRDA:177,15,1,0
BRDA:181,16,0,0
BRDA:181,16,1,0
BRDA:226,17,0,0
BRDA:227,18,0,0
BRDA:227,18,1,0
BRDA:235,19,0,0
BRDA:235,19,1,0
BRDA:238,20,0,0
BRDA:238,20,1,0
BRDA:249,21,0,0
BRDA:249,21,1,0
BRDA:256,22,0,0
BRDA:256,22,1,0
BRDA:256,22,2,0
BRDA:256,22,3,0
BRDA:256,22,4,0
BRDA:256,22,5,0
BRDA:257,23,0,0
BRDA:257,23,1,0
BRDA:257,24,0,0
BRDA:257,24,1,0
BRF:53
BRH:0
end_of_record
TN:
SF:src/hooks/useJobs.js
FN:9,(anonymous_0)
FN:18,(anonymous_1)
FN:40,(anonymous_2)
FN:50,(anonymous_3)
FN:73,(anonymous_4)
FN:80,(anonymous_5)
FN:85,(anonymous_6)
FN:86,(anonymous_7)
FN:91,(anonymous_8)
FN:107,(anonymous_9)
FN:126,(anonymous_10)
FN:152,(anonymous_11)
FN:158,(anonymous_12)
FN:159,(anonymous_13)
FN:174,(anonymous_14)
FN:180,(anonymous_15)
FN:181,(anonymous_16)
FN:196,(anonymous_17)
FN:202,(anonymous_18)
FN:203,(anonymous_19)
FN:218,(anonymous_20)
FN:227,(anonymous_21)
FN:236,(anonymous_22)
FN:245,(anonymous_23)
FN:266,(anonymous_24)
FN:304,(anonymous_25)
FN:305,(anonymous_26)
FNF:27
FNH:0
FNDA:0,(anonymous_0)
FNDA:0,(anonymous_1)
FNDA:0,(anonymous_2)
FNDA:0,(anonymous_3)
FNDA:0,(anonymous_4)
FNDA:0,(anonymous_5)
FNDA:0,(anonymous_6)
FNDA:0,(anonymous_7)
FNDA:0,(anonymous_8)
FNDA:0,(anonymous_9)
FNDA:0,(anonymous_10)
FNDA:0,(anonymous_11)
FNDA:0,(anonymous_12)
FNDA:0,(anonymous_13)
FNDA:0,(anonymous_14)
FNDA:0,(anonymous_15)
FNDA:0,(anonymous_16)
FNDA:0,(anonymous_17)
FNDA:0,(anonymous_18)
FNDA:0,(anonymous_19)
FNDA:0,(anonymous_20)
FNDA:0,(anonymous_21)
FNDA:0,(anonymous_22)
FNDA:0,(anonymous_23)
FNDA:0,(anonymous_24)
FNDA:0,(anonymous_25)
FNDA:0,(anonymous_26)
DA:9,0
DA:10,0
DA:11,0
DA:12,0
DA:13,0
DA:14,0
DA:15,0
DA:18,0
DA:19,0
DA:20,0
DA:21,0
DA:23,0
DA:30,0
DA:32,0
DA:34,0
DA:35,0
DA:37,0
DA:40,0
DA:42,0
DA:43,0
DA:44,0
DA:46,0
DA:47,0
DA:48,0
DA:50,0
DA:52,0
DA:53,0
DA:56,0
DA:57,0
DA:58,0
DA:61,0
DA:63,0
DA:64,0
DA:65,0
DA:66,0
DA:68,0
DA:73,0
DA:74,0
DA:76,0
DA:80,0
DA:81,0
DA:85,0
DA:86,0
DA:87,0
DA:91,0
DA:92,0
DA:102,0
DA:103,0
DA:107,0
DA:108,0
DA:109,0
DA:110,0
DA:112,0
DA:113,0
DA:114,0
DA:115,0
DA:117,0
DA:118,0
DA:119,0
DA:121,0
DA:126,0
DA:127,0
DA:128,0
DA:129,0
DA:131,0
DA:132,0
DA:134,0
DA:135,0
DA:137,0
DA:138,0
DA:140,0
DA:143,0
DA:144,0
DA:145,0
DA:147,0
DA:152,0
DA:153,0
DA:154,0
DA:155,0
DA:158,0
DA:159,0
DA:160,0
DA:164,0
DA:165,0
DA:167,0
DA:168,0
DA:169,0
DA:174,0
DA:175,0
DA:176,0
DA:177,0
DA:180,0
DA:181,0
DA:182,0
DA:186,0
DA:187,0
DA:189,0
DA:190,0
DA:191,0
DA:196,0
DA:197,0
DA:198,0
DA:199,0
DA:202,0
DA:203,0
DA:204,0
DA:208,0
DA:209,0
DA:211,0
DA:212,0
DA:213,0
DA:218,0
DA:219,0
DA:223,0
DA:227,0
DA:228,0
DA:232,0
DA:236,0
DA:237,0
DA:241,0
DA:245,0
DA:246,0
DA:247,0
DA:248,0
DA:249,0
DA:250,0
DA:252,0
DA:253,0
DA:266,0
DA:267,0
DA:271,0
DA:272,0
DA:273,0
DA:275,0
DA:304,0
DA:305,0
LF:136
LH:0
BRDA:9,0,0,0
BRDA:18,1,0,0
BRDA:18,2,0,0
BRDA:34,3,0,0
BRDA:34,3,1,0
BRDA:34,4,0,0
BRDA:34,4,1,0
BRDA:35,5,0,0
BRDA:35,5,1,0
BRDA:42,6,0,0
BRDA:42,6,1,0
BRDA:44,7,0,0
BRDA:44,7,1,0
BRDA:47,8,0,0
BRDA:47,8,1,0
BRDA:74,9,0,0
BRDA:74,9,1,0
BRDA:74,10,0,0
BRDA:74,10,1,0
BRDA:134,11,0,0
BRDA:134,11,1,0
BRDA:140,12,0,0
BRDA:140,12,1,0
BRDA:152,13,0,0
BRDA:160,14,0,0
BRDA:160,14,1,0
BRDA:182,15,0,0
BRDA:182,15,1,0
BRDA:196,16,0,0
BRDA:204,17,0,0
BRDA:204,17,1,0
BRDA:218,18,0,0
BRDA:227,19,0,0
BRDA:236,20,0,0
BRDA:272,21,0,0
BRDA:272,21,1,0
BRDA:273,22,0,0
BRDA:273,22,1,0
BRF:38
BRH:0
end_of_record
TN:
SF:src/hooks/useMobileMenu.js
FN:8,(anonymous_0)
FN:18,(anonymous_1)
FN:23,(anonymous_2)
FN:42,(anonymous_3)
FN:43,(anonymous_4)
FN:58,(anonymous_5)
FN:64,(anonymous_6)
FN:92,(anonymous_7)
FN:103,(anonymous_8)
FN:104,(anonymous_9)
FN:107,(anonymous_10)
FN:111,(anonymous_11)
FN:116,(anonymous_12)
FN:117,(anonymous_13)
FN:120,(anonymous_14)
FN:124,(anonymous_15)
FN:129,(anonymous_16)
FN:130,(anonymous_17)
FN:138,(anonymous_18)
FN:144,(anonymous_19)
FN:151,(anonymous_20)
FN:190,(anonymous_21)
FN:225,(anonymous_22)
FNF:23
FNH:0
FNDA:0,(anonymous_0)
FNDA:0,(anonymous_1)
FNDA:0,(anonymous_2)
FNDA:0,(anonymous_3)
FNDA:0,(anonymous_4)
FNDA:0,(anonymous_5)
FNDA:0,(anonymous_6)
FNDA:0,(anonymous_7)
FNDA:0,(anonymous_8)
FNDA:0,(anonymous_9)
FNDA:0,(anonymous_10)
FNDA:0,(anonymous_11)
FNDA:0,(anonymous_12)
FNDA:0,(anonymous_13)
FNDA:0,(anonymous_14)
FNDA:0,(anonymous_15)
FNDA:0,(anonymous_16)
FNDA:0,(anonymous_17)
FNDA:0,(anonymous_18)
FNDA:0,(anonymous_19)
FNDA:0,(anonymous_20)
FNDA:0,(anonymous_21)
FNDA:0,(anonymous_22)
DA:8,2
DA:9,0
DA:12,0
DA:13,0
DA:14,0
DA:15,0
DA:18,0
DA:19,0
DA:23,0
DA:24,0
DA:26,0
DA:27,0
DA:28,0
DA:29,0
DA:30,0
DA:31,0
DA:32,0
DA:33,0
DA:34,0
DA:35,0
DA:37,0
DA:42,0
DA:43,0
DA:44,0
DA:47,0
DA:48,0
DA:50,0
DA:53,0
DA:56,0
DA:58,0
DA:59,0
DA:64,0
DA:66,0
DA:68,0
DA:70,0
DA:71,0
DA:72,0
DA:73,0
DA:74,0
DA:75,0
DA:77,0
DA:80,0
DA:81,0
DA:82,0
DA:83,0
DA:84,0
DA:86,0
DA:87,0
DA:92,0
DA:93,0
DA:94,0
DA:95,0
DA:96,0
DA:97,0
DA:103,0
DA:104,0
DA:107,0
DA:108,0
DA:111,0
DA:112,0
DA:116,0
DA:117,0
DA:120,0
DA:121,0
DA:124,0
DA:125,0
DA:129,0
DA:130,0
DA:131,0
DA:132,0
DA:136,0
DA:138,0
DA:139,0
DA:144,0
DA:145,0
DA:146,0
DA:151,0
DA:190,0
DA:225,0
DA:226,0
DA:227,0
DA:230,0
LF:82
LH:1
BRDA:26,0,0,0
BRDA:26,0,1,0
BRDA:28,1,0,0
BRDA:28,1,1,0
BRDA:28,2,0,0
BRDA:28,2,1,0
BRDA:28,2,2,0
BRDA:30,3,0,0
BRDA:30,3,1,0
BRDA:30,4,0,0
BRDA:30,4,1,0
BRDA:32,5,0,0
BRDA:32,5,1,0
BRDA:32,6,0,0
BRDA:32,6,1,0
BRDA:34,7,0,0
BRDA:34,7,1,0
BRDA:34,8,0,0
BRDA:34,8,1,0
BRDA:47,9,0,0
BRDA:47,9,1,0
BRDA:47,10,0,0
BRDA:47,10,1,0
BRDA:68,11,0,0
BRDA:68,11,1,0
BRDA:68,12,0,0
BRDA:68,12,1,0
BRDA:75,13,0,0
BRDA:75,13,1,0
BRDA:86,14,0,0
BRDA:86,14,1,0
BRDA:87,15,0,0
BRDA:87,15,1,0
BRDA:93,16,0,0
BRDA:93,16,1,0
BRDA:131,17,0,0
BRDA:131,17,1,0
BRDA:131,18,0,0
BRDA:131,18,1,0
BRDA:145,19,0,0
BRDA:145,19,1,0
BRDA:227,20,0,0
BRDA:227,20,1,0
BRF:43
BRH:0
end_of_record
TN:
SF:src/hooks/useResponsive.js
FN:7,(anonymous_0)
FN:28,(anonymous_1)
FN:29,(anonymous_2)
FN:58,(anonymous_3)
FN:72,(anonymous_4)
FN:81,(anonymous_5)
FN:87,(anonymous_6)
FN:94,(anonymous_7)
FN:102,(anonymous_8)
FN:107,(anonymous_9)
FN:112,(anonymous_10)
FN:128,(anonymous_11)
FNF:12
FNH:3
FNDA:8,(anonymous_0)
FNDA:0,(anonymous_1)
FNDA:0,(anonymous_2)
FNDA:0,(anonymous_3)
FNDA:8,(anonymous_4)
FNDA:8,(anonymous_5)
FNDA:0,(anonymous_6)
FNDA:0,(anonymous_7)
FNDA:0,(anonymous_8)
FNDA:0,(anonymous_9)
FNDA:0,(anonymous_10)
FNDA:0,(anonymous_11)
DA:7,2
DA:9,8
DA:18,8
DA:24,8
DA:25,8
DA:28,8
DA:29,0
DA:30,0
DA:31,0
DA:33,0
DA:36,0
DA:37,0
DA:38,0
DA:39,0
DA:40,0
DA:41,0
DA:43,0
DA:47,0
DA:51,0
DA:54,0
DA:55,0
DA:58,0
DA:59,0
DA:60,0
DA:65,8
DA:66,8
DA:67,8
DA:68,8
DA:69,8
DA:72,8
DA:73,8
DA:81,8
DA:82,8
DA:83,8
DA:87,8
DA:88,0
DA:89,0
DA:90,0
DA:94,8
DA:95,0
DA:96,0
DA:97,0
DA:98,0
DA:102,8
DA:103,0
DA:107,8
DA:108,0
DA:112,8
DA:113,0
DA:115,0
DA:117,0
DA:119,0
DA:121,0
DA:123,0
DA:128,8
DA:129,0
DA:131,0
DA:132,0
DA:133,0
DA:134,0
DA:135,0
DA:136,0
DA:137,0
DA:139,0
DA:142,8
LF:65
LH:23
BRDA:19,0,0,8
BRDA:19,0,1,0
BRDA:20,1,0,8
BRDA:20,1,1,0
BRDA:36,2,0,0
BRDA:36,2,1,0
BRDA:38,3,0,0
BRDA:38,3,1,0
BRDA:40,4,0,0
BRDA:40,4,1,0
BRDA:47,5,0,0
BRDA:47,5,1,0
BRDA:67,6,0,8
BRDA:67,6,1,8
BRDA:74,7,0,8
BRDA:74,7,1,8
BRDA:74,7,2,8
BRDA:82,8,0,0
BRDA:82,8,1,8
BRDA:87,9,0,0
BRDA:87,10,0,0
BRDA:87,11,0,0
BRDA:88,12,0,0
BRDA:88,12,1,0
BRDA:89,13,0,0
BRDA:89,13,1,0
BRDA:95,14,0,0
BRDA:95,14,1,0
BRDA:96,15,0,0
BRDA:96,15,1,0
BRDA:97,16,0,0
BRDA:97,16,1,0
BRDA:102,17,0,0
BRDA:102,18,0,0
BRDA:103,19,0,0
BRDA:103,19,1,0
BRDA:107,20,0,0
BRDA:107,21,0,0
BRDA:108,22,0,0
BRDA:108,22,1,0
BRDA:113,23,0,0
BRDA:113,23,1,0
BRDA:113,23,2,0
BRDA:113,23,3,0
BRDA:113,23,4,0
BRDA:128,24,0,0
BRDA:131,25,0,0
BRDA:131,25,1,0
BRDA:132,26,0,0
BRDA:132,26,1,0
BRDA:133,27,0,0
BRDA:133,27,1,0
BRDA:134,28,0,0
BRDA:134,28,1,0
BRDA:135,29,0,0
BRDA:135,29,1,0
BRDA:136,30,0,0
BRDA:136,30,1,0
BRDA:137,31,0,0
BRDA:137,31,1,0
BRF:60
BRH:8
end_of_record
TN:
SF:src/pages/AISuggestions.jsx
FN:7,(anonymous_0)
FN:18,(anonymous_1)
FN:24,(anonymous_2)
FN:45,(anonymous_3)
FN:56,(anonymous_4)
FN:65,(anonymous_5)
FN:75,(anonymous_6)
FN:89,(anonymous_7)
FN:95,(anonymous_8)
FN:95,(anonymous_9)
FN:106,(anonymous_10)
FN:111,(anonymous_11)
FN:111,(anonymous_12)
FN:120,(anonymous_13)
FN:127,(anonymous_14)
FN:140,(anonymous_15)
FN:144,(anonymous_16)
FN:181,(anonymous_17)
FN:184,(anonymous_18)
FN:217,(anonymous_19)
FN:223,(anonymous_20)
FN:246,(anonymous_21)
FN:275,(anonymous_22)
FN:286,(anonymous_23)
FN:305,(anonymous_24)
FN:311,(anonymous_25)
FN:345,(anonymous_26)
FN:365,(anonymous_27)
FN:375,(anonymous_28)
FN:393,(anonymous_29)
FN:400,(anonymous_30)
FN:407,(anonymous_31)
FNF:32
FNH:0
FNDA:0,(anonymous_0)
FNDA:0,(anonymous_1)
FNDA:0,(anonymous_2)
FNDA:0,(anonymous_3)
FNDA:0,(anonymous_4)
FNDA:0,(anonymous_5)
FNDA:0,(anonymous_6)
FNDA:0,(anonymous_7)
FNDA:0,(anonymous_8)
FNDA:0,(anonymous_9)
FNDA:0,(anonymous_10)
FNDA:0,(anonymous_11)
FNDA:0,(anonymous_12)
FNDA:0,(anonymous_13)
FNDA:0,(anonymous_14)
FNDA:0,(anonymous_15)
FNDA:0,(anonymous_16)
FNDA:0,(anonymous_17)
FNDA:0,(anonymous_18)
FNDA:0,(anonymous_19)
FNDA:0,(anonymous_20)
FNDA:0,(anonymous_21)
FNDA:0,(anonymous_22)
FNDA:0,(anonymous_23)
FNDA:0,(anonymous_24)
FNDA:0,(anonymous_25)
FNDA:0,(anonymous_26)
FNDA:0,(anonymous_27)
FNDA:0,(anonymous_28)
FNDA:0,(anonymous_29)
FNDA:0,(anonymous_30)
FNDA:0,(anonymous_31)
DA:7,1
DA:8,0
DA:9,0
DA:10,0
DA:11,0
DA:12,0
DA:13,0
DA:14,0
DA:15,0
DA:16,0
DA:18,0
DA:19,0
DA:20,0
DA:24,0
DA:25,0
DA:26,0
DA:28,0
DA:29,0
DA:36,0
DA:37,0
DA:38,0
DA:40,0
DA:41,0
DA:44,0
DA:45,0
DA:46,0
DA:49,0
DA:50,0
DA:52,0
DA:56,0
DA:57,0
DA:58,0
DA:59,0
DA:62,0
DA:63,0
DA:64,0
DA:65,0
DA:66,0
DA:68,0
DA:69,0
DA:71,0
DA:75,0
DA:76,0
DA:77,0
DA:78,0
DA:79,0
DA:80,0
DA:82,0
DA:83,0
DA:85,0
DA:89,0
DA:90,0
DA:91,0
DA:92,0
DA:95,0
DA:96,0
DA:101,0
DA:102,0
DA:106,0
DA:107,0
DA:108,0
DA:111,0
DA:112,0
DA:120,0
DA:122,0
DA:123,0
DA:127,0
DA:128,0
DA:137,0
DA:140,0
DA:141,0
DA:144,0
DA:145,0
DA:146,0
DA:147,0
DA:150,0
DA:151,0
DA:161,0
DA:181,0
DA:185,0
DA:217,0
DA:223,0
DA:247,0
DA:276,0
DA:287,0
DA:305,0
DA:311,0
DA:346,0
DA:366,0
DA:376,0
DA:393,0
DA:400,0
DA:407,0
LF:93
LH:1
BRDA:19,0,0,0
BRDA:19,0,1,0
BRDA:36,1,0,0
BRDA:36,1,1,0
BRDA:37,2,0,0
BRDA:37,2,1,0
BRDA:40,3,0,0
BRDA:40,3,1,0
BRDA:40,3,2,0
BRDA:44,4,0,0
BRDA:44,4,1,0
BRDA:44,5,0,0
BRDA:44,5,1,0
BRDA:45,6,0,0
BRDA:45,6,1,0
BRDA:57,7,0,0
BRDA:57,7,1,0
BRDA:65,8,0,0
BRDA:65,8,1,0
BRDA:91,9,0,0
BRDA:91,9,1,0
BRDA:91,10,0,0
BRDA:91,10,1,0
BRDA:96,11,0,0
BRDA:96,11,1,0
BRDA:112,12,0,0
BRDA:112,12,1,0
BRDA:115,13,0,0
BRDA:115,13,1,0
BRDA:116,14,0,0
BRDA:116,14,1,0
BRDA:137,15,0,0
BRDA:137,15,1,0
BRDA:145,16,0,0
BRDA:145,16,1,0
BRDA:146,17,0,0
BRDA:146,17,1,0
BRDA:150,18,0,0
BRDA:150,18,1,0
BRDA:168,19,0,0
BRDA:168,19,1,0
BRDA:175,20,0,0
BRDA:175,20,1,0
BRDA:180,21,0,0
BRDA:180,21,1,0
BRDA:186,22,0,0
BRDA:186,22,1,0
BRDA:186,23,0,0
BRDA:186,23,1,0
BRDA:194,24,0,0
BRDA:194,24,1,0
BRDA:216,25,0,0
BRDA:216,25,1,0
BRDA:222,26,0,0
BRDA:222,26,1,0
BRDA:231,27,0,0
BRDA:231,27,1,0
BRDA:240,28,0,0
BRDA:240,28,1,0
BRDA:245,29,0,0
BRDA:245,29,1,0
BRDA:267,30,0,0
BRDA:267,30,1,0
BRDA:271,31,0,0
BRDA:271,31,1,0
BRDA:282,32,0,0
BRDA:282,32,1,0
BRDA:301,33,0,0
BRDA:301,33,1,0
BRDA:330,34,0,0
BRDA:330,34,1,0
BRDA:339,35,0,0
BRDA:339,35,1,0
BRDA:344,36,0,0
BRDA:344,36,1,0
BRDA:371,37,0,0
BRDA:371,37,1,0
BRDA:386,38,0,0
BRDA:386,38,1,0
BRDA:387,39,0,0
BRDA:387,39,1,0
BRDA:397,40,0,0
BRDA:397,40,1,0
BRF:83
BRH:0
end_of_record
TN:
SF:src/pages/ApplicationHistory.jsx
FN:7,(anonymous_0)
FN:17,(anonymous_1)
FN:23,(anonymous_2)
FN:39,(anonymous_3)
FN:46,(anonymous_4)
FN:46,(anonymous_5)
FN:55,(anonymous_6)
FN:60,(anonymous_7)
FN:68,(anonymous_8)
FN:68,(anonymous_9)
FN:84,(anonymous_10)
FN:89,(anonymous_11)
FN:96,(anonymous_12)
FN:127,(anonymous_13)
FN:133,(anonymous_14)
FN:143,(anonymous_15)
FN:169,(anonymous_16)
FN:172,(anonymous_17)
FN:180,(anonymous_18)
FN:208,(anonymous_19)
FN:216,(anonymous_20)
FNF:21
FNH:0
FNDA:0,(anonymous_0)
FNDA:0,(anonymous_1)
FNDA:0,(anonymous_2)
FNDA:0,(anonymous_3)
FNDA:0,(anonymous_4)
FNDA:0,(anonymous_5)
FNDA:0,(anonymous_6)
FNDA:0,(anonymous_7)
FNDA:0,(anonymous_8)
FNDA:0,(anonymous_9)
FNDA:0,(anonymous_10)
FNDA:0,(anonymous_11)
FNDA:0,(anonymous_12)
FNDA:0,(anonymous_13)
FNDA:0,(anonymous_14)
FNDA:0,(anonymous_15)
FNDA:0,(anonymous_16)
FNDA:0,(anonymous_17)
FNDA:0,(anonymous_18)
FNDA:0,(anonymous_19)
FNDA:0,(anonymous_20)
DA:7,1
DA:8,0
DA:9,0
DA:10,0
DA:11,0
DA:12,0
DA:13,0
DA:14,0
DA:15,0
DA:17,0
DA:18,0
DA:19,0
DA:23,0
DA:24,0
DA:25,0
DA:27,0
DA:28,0
DA:29,0
DA:30,0
DA:32,0
DA:33,0
DA:35,0
DA:39,0
DA:40,0
DA:42,0
DA:43,0
DA:46,0
DA:47,0
DA:50,0
DA:51,0
DA:55,0
DA:56,0
DA:57,0
DA:58,0
DA:60,0
DA:61,0
DA:63,0
DA:68,0
DA:69,0
DA:78,0
DA:79,0
DA:84,0
DA:85,0
DA:88,0
DA:90,0
DA:91,0
DA:94,0
DA:97,0
DA:99,0
DA:101,0
DA:103,0
DA:105,0
DA:109,0
DA:110,0
DA:117,0
DA:127,0
DA:133,0
DA:143,0
DA:170,0
DA:172,0
DA:180,0
DA:208,0
DA:217,0
LF:63
LH:1
BRDA:18,0,0,0
BRDA:18,0,1,0
BRDA:29,1,0,0
BRDA:29,1,1,0
BRDA:47,2,0,0
BRDA:47,2,1,0
BRDA:57,3,0,0
BRDA:57,3,1,0
BRDA:61,4,0,0
BRDA:61,4,1,0
BRDA:69,5,0,0
BRDA:69,5,1,0
BRDA:90,6,0,0
BRDA:90,6,1,0
BRDA:91,7,0,0
BRDA:91,7,1,0
BRDA:91,7,2,0
BRDA:94,8,0,0
BRDA:94,8,1,0
BRDA:97,9,0,0
BRDA:97,9,1,0
BRDA:97,9,2,0
BRDA:97,9,3,0
BRDA:101,10,0,0
BRDA:101,10,1,0
BRDA:101,11,0,0
BRDA:101,11,1,0
BRDA:109,12,0,0
BRDA:109,12,1,0
BRDA:153,13,0,0
BRDA:153,13,1,0
BRDA:160,14,0,0
BRDA:160,14,1,0
BRDA:162,15,0,0
BRDA:162,15,1,0
BRDA:164,16,0,0
BRDA:164,16,1,0
BRDA:173,17,0,0
BRDA:173,17,1,0
BRDA:174,18,0,0
BRDA:174,18,1,0
BRDA:175,19,0,0
BRDA:175,19,1,0
BRDA:214,20,0,0
BRDA:214,20,1,0
BRDA:226,21,0,0
BRDA:226,21,1,0
BRF:47
BRH:0
end_of_record
TN:
SF:src/pages/AuthTest.jsx
FN:5,(anonymous_0)
FN:9,(anonymous_1)
FN:14,(anonymous_2)
FN:25,(anonymous_3)
FN:30,(anonymous_4)
FN:39,(anonymous_5)
FN:48,(anonymous_6)
FN:72,(anonymous_7)
FN:81,(anonymous_8)
FNF:9
FNH:0
FNDA:0,(anonymous_0)
FNDA:0,(anonymous_1)
FNDA:0,(anonymous_2)
FNDA:0,(anonymous_3)
FNDA:0,(anonymous_4)
FNDA:0,(anonymous_5)
FNDA:0,(anonymous_6)
FNDA:0,(anonymous_7)
FNDA:0,(anonymous_8)
DA:5,1
DA:6,0
DA:7,0
DA:9,0
DA:10,0
DA:11,0
DA:12,0
DA:14,0
DA:25,0
DA:26,0
DA:27,0
DA:28,0
DA:30,0
DA:39,0
DA:48,0
DA:49,0
DA:50,0
DA:61,0
DA:70,0
DA:72,0
DA:81,0
DA:90,0
LF:22
LH:1
BRDA:18,0,0,0
BRDA:18,0,1,0
BRDA:96,1,0,0
BRDA:96,1,1,0
BRDA:97,2,0,0
BRDA:97,2,1,0
BRDA:98,3,0,0
BRDA:98,3,1,0
BRF:8
BRH:0
end_of_record
TN:
SF:src/pages/CompanyProfile.jsx
FN:8,(anonymous_0)
FN:21,(anonymous_1)
FN:22,(anonymous_2)
FN:123,(anonymous_3)
FN:142,(anonymous_4)
FN:147,(anonymous_5)
FN:164,(anonymous_6)
FN:220,(anonymous_7)
FN:232,(anonymous_8)
FN:238,(anonymous_9)
FN:244,(anonymous_10)
FN:250,(anonymous_11)
FN:336,(anonymous_12)
FN:373,(anonymous_13)
FN:390,(anonymous_14)
FN:410,(anonymous_15)
FNF:16
FNH:0
FNDA:0,(anonymous_0)
FNDA:0,(anonymous_1)
FNDA:0,(anonymous_2)
FNDA:0,(anonymous_3)
FNDA:0,(anonymous_4)
FNDA:0,(anonymous_5)
FNDA:0,(anonymous_6)
FNDA:0,(anonymous_7)
FNDA:0,(anonymous_8)
FNDA:0,(anonymous_9)
FNDA:0,(anonymous_10)
FNDA:0,(anonymous_11)
FNDA:0,(anonymous_12)
FNDA:0,(anonymous_13)
FNDA:0,(anonymous_14)
FNDA:0,(anonymous_15)
DA:8,1
DA:9,0
DA:10,0
DA:11,0
DA:12,0
DA:13,0
DA:14,0
DA:15,0
DA:16,0
DA:17,0
DA:18,0
DA:19,0
DA:21,0
DA:22,0
DA:23,0
DA:24,0
DA:26,0
DA:28,0
DA:41,0
DA:44,0
DA:66,0
DA:69,0
DA:81,0
DA:84,0
DA:93,0
DA:96,0
DA:107,0
DA:110,0
DA:111,0
DA:112,0
DA:114,0
DA:118,0
DA:119,0
DA:123,0
DA:124,0
DA:125,0
DA:126,0
DA:129,0
DA:130,0
DA:131,0
DA:132,0
DA:133,0
DA:135,0
DA:136,0
DA:138,0
DA:142,0
DA:143,0
DA:145,0
DA:146,0
DA:147,0
DA:149,0
DA:150,0
DA:154,0
DA:155,0
DA:158,0
DA:159,0
DA:164,0
DA:172,0
DA:220,0
DA:232,0
DA:238,0
DA:244,0
DA:250,0
DA:337,0
DA:374,0
DA:390,0
DA:411,0
LF:67
LH:1
BRDA:118,0,0,0
BRDA:118,0,1,0
BRDA:124,1,0,0
BRDA:124,1,1,0
BRDA:143,2,0,0
BRDA:143,2,1,0
BRDA:154,3,0,0
BRDA:154,3,1,0
BRDA:158,4,0,0
BRDA:158,4,1,0
BRDA:158,5,0,0
BRDA:158,5,1,0
BRDA:175,6,0,0
BRDA:175,6,1,0
BRDA:183,7,0,0
BRDA:183,7,1,0
BRDA:198,8,0,0
BRDA:198,8,1,0
BRDA:200,9,0,0
BRDA:200,9,1,0
BRDA:206,10,0,0
BRDA:206,10,1,0
BRDA:214,11,0,0
BRDA:214,11,1,0
BRDA:219,12,0,0
BRDA:219,12,1,0
BRDA:231,13,0,0
BRDA:231,13,1,0
BRDA:237,14,0,0
BRDA:237,14,1,0
BRDA:243,15,0,0
BRDA:243,15,1,0
BRDA:249,16,0,0
BRDA:249,16,1,0
BRDA:258,17,0,0
BRDA:258,17,1,0
BRDA:267,18,0,0
BRDA:267,18,1,0
BRDA:267,18,2,0
BRDA:271,19,0,0
BRDA:271,19,1,0
BRDA:275,20,0,0
BRDA:275,20,1,0
BRDA:279,21,0,0
BRDA:279,21,1,0
BRDA:285,22,0,0
BRDA:285,22,1,0
BRDA:287,23,0,0
BRDA:287,23,1,0
BRDA:309,24,0,0
BRDA:309,24,1,0
BRDA:316,25,0,0
BRDA:316,25,1,0
BRDA:323,26,0,0
BRDA:323,26,1,0
BRDA:332,27,0,0
BRDA:332,27,1,0
BRDA:341,28,0,0
BRDA:341,28,1,0
BRDA:354,29,0,0
BRDA:354,29,1,0
BRDA:360,30,0,0
BRDA:360,30,1,0
BRDA:368,31,0,0
BRDA:368,31,1,0
BRDA:372,32,0,0
BRDA:372,32,1,0
BRDA:377,33,0,0
BRDA:377,33,1,0
BRDA:377,33,2,0
BRDA:379,34,0,0
BRDA:379,34,1,0
BRDA:383,35,0,0
BRDA:383,35,1,0
BRDA:383,35,2,0
BRDA:405,36,0,0
BRDA:405,36,1,0
BRDA:409,37,0,0
BRDA:409,37,1,0
BRDA:418,38,0,0
BRDA:418,38,1,0
BRDA:425,39,0,0
BRDA:425,39,1,0
BRF:83
BRH:0
end_of_record
TN:
SF:src/pages/CompanySearch.jsx
FN:6,(anonymous_0)
FN:27,(anonymous_1)
FN:31,(anonymous_2)
FN:70,(anonymous_3)
FN:115,(anonymous_4)
FN:125,(anonymous_5)
FN:145,(anonymous_6)
FN:148,(anonymous_7)
FN:162,(anonymous_8)
FN:172,(anonymous_9)
FN:178,(anonymous_10)
FN:178,(anonymous_11)
FN:186,(anonymous_12)
FN:198,(anonymous_13)
FN:200,(anonymous_14)
FN:223,(anonymous_15)
FN:229,(anonymous_16)
FN:235,(anonymous_17)
FN:250,(anonymous_18)
FN:269,(anonymous_19)
FN:296,(anonymous_20)
FN:303,(anonymous_21)
FN:323,(anonymous_22)
FN:368,(anonymous_23)
FN:375,(anonymous_24)
FN:382,(anonymous_25)
FN:402,(anonymous_26)
FN:520,(anonymous_27)
FNF:28
FNH:0
FNDA:0,(anonymous_0)
FNDA:0,(anonymous_1)
FNDA:0,(anonymous_2)
FNDA:0,(anonymous_3)
FNDA:0,(anonymous_4)
FNDA:0,(anonymous_5)
FNDA:0,(anonymous_6)
FNDA:0,(anonymous_7)
FNDA:0,(anonymous_8)
FNDA:0,(anonymous_9)
FNDA:0,(anonymous_10)
FNDA:0,(anonymous_11)
FNDA:0,(anonymous_12)
FNDA:0,(anonymous_13)
FNDA:0,(anonymous_14)
FNDA:0,(anonymous_15)
FNDA:0,(anonymous_16)
FNDA:0,(anonymous_17)
FNDA:0,(anonymous_18)
FNDA:0,(anonymous_19)
FNDA:0,(anonymous_20)
FNDA:0,(anonymous_21)
FNDA:0,(anonymous_22)
FNDA:0,(anonymous_23)
FNDA:0,(anonymous_24)
FNDA:0,(anonymous_25)
FNDA:0,(anonymous_26)
FNDA:0,(anonymous_27)
DA:6,1
DA:7,0
DA:8,0
DA:9,0
DA:10,0
DA:11,0
DA:12,0
DA:13,0
DA:14,0
DA:15,0
DA:16,0
DA:17,0
DA:27,0
DA:28,0
DA:31,0
DA:32,0
DA:33,0
DA:35,0
DA:61,0
DA:63,0
DA:64,0
DA:66,0
DA:70,0
DA:71,0
DA:72,0
DA:74,0
DA:75,0
DA:77,0
DA:79,0
DA:106,0
DA:108,0
DA:109,0
DA:111,0
DA:115,0
DA:116,0
DA:118,0
DA:125,0
DA:126,0
DA:127,0
DA:138,0
DA:140,0
DA:141,0
DA:145,0
DA:146,0
DA:148,0
DA:150,0
DA:151,0
DA:152,0
DA:156,0
DA:162,0
DA:163,0
DA:165,0
DA:167,0
DA:168,0
DA:172,0
DA:173,0
DA:174,0
DA:177,0
DA:178,0
DA:179,0
DA:181,0
DA:182,0
DA:186,0
DA:187,0
DA:190,0
DA:191,0
DA:192,0
DA:195,0
DA:198,0
DA:199,0
DA:200,0
DA:206,0
DA:223,0
DA:229,0
DA:235,0
DA:250,0
DA:270,0
DA:296,0
DA:303,0
DA:324,0
DA:368,0
DA:375,0
DA:382,0
DA:402,0
DA:521,0
LF:85
LH:1
BRDA:72,0,0,0
BRDA:72,0,1,0
BRDA:150,1,0,0
BRDA:150,1,1,0
BRDA:173,2,0,0
BRDA:173,2,1,0
BRDA:190,3,0,0
BRDA:190,3,1,0
BRDA:213,4,0,0
BRDA:213,4,1,0
BRDA:222,5,0,0
BRDA:222,5,1,0
BRDA:228,6,0,0
BRDA:228,6,1,0
BRDA:234,7,0,0
BRDA:234,7,1,0
BRDA:243,8,0,0
BRDA:243,8,1,0
BRDA:257,9,0,0
BRDA:257,9,1,0
BRDA:259,10,0,0
BRDA:259,10,1,0
BRDA:265,11,0,0
BRDA:265,11,1,0
BRDA:276,12,0,0
BRDA:276,12,1,0
BRDA:300,13,0,0
BRDA:300,13,1,0
BRDA:317,14,0,0
BRDA:317,14,1,0
BRDA:319,15,0,0
BRDA:319,15,1,0
BRDA:321,16,0,0
BRDA:321,16,1,0
BRDA:330,17,0,0
BRDA:330,17,1,0
BRDA:336,18,0,0
BRDA:336,18,1,0
BRDA:351,19,0,0
BRDA:351,19,1,0
BRDA:357,20,0,0
BRDA:357,20,1,0
BRDA:372,21,0,0
BRDA:372,21,1,0
BRDA:412,22,0,0
BRDA:412,22,1,0
BRF:46
BRH:0
end_of_record
TN:
SF:src/pages/CreateJob.jsx
FN:29,(anonymous_0)
FN:50,(anonymous_1)
FN:52,(anonymous_2)
FN:58,(anonymous_3)
FN:330,(anonymous_4)
FNF:5
FNH:0
FNDA:0,(anonymous_0)
FNDA:0,(anonymous_1)
FNDA:0,(anonymous_2)
FNDA:0,(anonymous_3)
FNDA:0,(anonymous_4)
DA:7,1
DA:29,1
DA:30,0
DA:31,0
DA:48,0
DA:50,0
DA:51,0
DA:52,0
DA:58,0
DA:59,0
DA:61,0
DA:62,0
DA:83,0
DA:85,0
DA:87,0
DA:90,0
DA:94,0
DA:330,0
LF:18
LH:2
BRDA:69,0,0,0
BRDA:69,0,1,0
BRDA:70,1,0,0
BRDA:70,1,1,0
BRDA:71,2,0,0
BRDA:71,2,1,0
BRDA:72,3,0,0
BRDA:72,3,1,0
BRDA:77,4,0,0
BRDA:77,4,1,0
BRDA:83,5,0,0
BRDA:83,5,1,0
BRDA:340,6,0,0
BRDA:340,6,1,0
BRDA:344,7,0,0
BRDA:344,7,1,0
BRF:16
BRH:0
end_of_record
TN:
SF:src/pages/Dashboard.jsx
FN:10,(anonymous_0)
FN:23,(anonymous_1)
FN:24,(anonymous_2)
FN:173,(anonymous_3)
FN:212,(anonymous_4)
FN:243,(anonymous_5)
FNF:6
FNH:0
FNDA:0,(anonymous_0)
FNDA:0,(anonymous_1)
FNDA:0,(anonymous_2)
FNDA:0,(anonymous_3)
FNDA:0,(anonymous_4)
FNDA:0,(anonymous_5)
DA:10,1
DA:11,0
DA:12,0
DA:13,0
DA:14,0
DA:15,0
DA:16,0
DA:23,0
DA:24,0
DA:25,0
DA:27,0
DA:28,0
DA:31,0
DA:34,0
DA:35,0
DA:36,0
DA:44,0
DA:45,0
DA:50,0
DA:51,0
DA:54,0
DA:55,0
DA:58,0
DA:65,0
DA:69,0
DA:72,0
DA:81,0
DA:88,0
DA:174,0
DA:213,0
DA:244,0
LF:31
LH:1
BRDA:25,0,0,0
BRDA:25,0,1,0
BRDA:31,1,0,0
BRDA:31,1,1,0
BRDA:31,1,2,0
BRDA:35,2,0,0
BRDA:35,2,1,0
BRDA:44,3,0,0
BRDA:44,3,1,0
BRDA:51,4,0,0
BRDA:51,4,1,0
BRDA:51,4,2,0
BRDA:90,5,0,0
BRDA:90,5,1,0
BRDA:95,6,0,0
BRDA:95,6,1,0
BRDA:98,7,0,0
BRDA:98,7,1,0
BRDA:98,7,2,0
BRDA:102,8,0,0
BRDA:102,8,1,0
BRDA:106,9,0,0
BRDA:106,9,1,0
BRDA:115,10,0,0
BRDA:115,10,1,0
BRDA:123,11,0,0
BRDA:123,11,1,0
BRDA:163,12,0,0
BRDA:163,12,1,0
BRDA:201,13,0,0
BRDA:201,13,1,0
BRDA:206,14,0,0
BRDA:206,14,1,0
BRDA:210,15,0,0
BRDA:210,15,1,0
BRDA:215,16,0,0
BRDA:215,16,1,0
BRDA:216,17,0,0
BRDA:216,17,1,0
BRDA:218,18,0,0
BRDA:218,18,1,0
BRDA:219,19,0,0
BRDA:219,19,1,0
BRDA:246,20,0,0
BRDA:246,20,1,0
BRDA:247,21,0,0
BRDA:247,21,1,0
BRDA:248,22,0,0
BRDA:248,22,1,0
BRDA:249,23,0,0
BRDA:249,23,1,0
BRF:51
BRH:0
end_of_record
TN:
SF:src/pages/EditJob.jsx
FN:6,(anonymous_0)
FN:29,(anonymous_1)
FN:33,(anonymous_2)
FN:69,(anonymous_3)
FN:71,(anonymous_4)
FN:77,(anonymous_5)
FN:353,(anonymous_6)
FNF:7
FNH:0
FNDA:0,(anonymous_0)
FNDA:0,(anonymous_1)
FNDA:0,(anonymous_2)
FNDA:0,(anonymous_3)
FNDA:0,(anonymous_4)
FNDA:0,(anonymous_5)
FNDA:0,(anonymous_6)
DA:6,1
DA:7,0
DA:8,0
DA:9,0
DA:10,0
DA:11,0
DA:12,0
DA:29,0
DA:30,0
DA:33,0
DA:34,0
DA:35,0
DA:36,0
DA:39,0
DA:41,0
DA:42,0
DA:59,0
DA:62,0
DA:63,0
DA:65,0
DA:69,0
DA:70,0
DA:71,0
DA:77,0
DA:78,0
DA:79,0
DA:80,0
DA:82,0
DA:84,0
DA:85,0
DA:87,0
DA:88,0
DA:90,0
DA:91,0
DA:95,0
DA:98,0
DA:100,0
DA:101,0
DA:103,0
DA:107,0
DA:108,0
DA:115,0
DA:353,0
LF:43
LH:1
BRDA:41,0,0,0
BRDA:41,0,1,0
BRDA:43,1,0,0
BRDA:43,1,1,0
BRDA:44,2,0,0
BRDA:44,2,1,0
BRDA:45,3,0,0
BRDA:45,3,1,0
BRDA:45,3,2,0
BRDA:46,4,0,0
BRDA:46,4,1,0
BRDA:47,5,0,0
BRDA:47,5,1,0
BRDA:48,6,0,0
BRDA:48,6,1,0
BRDA:49,7,0,0
BRDA:49,7,1,0
BRDA:49,7,2,0
BRDA:50,8,0,0
BRDA:50,8,1,0
BRDA:50,8,2,0
BRDA:51,9,0,0
BRDA:51,9,1,0
BRDA:51,9,2,0
BRDA:52,10,0,0
BRDA:52,10,1,0
BRDA:52,10,2,0
BRDA:53,11,0,0
BRDA:53,11,1,0
BRDA:53,11,2,0
BRDA:54,12,0,0
BRDA:54,12,1,0
BRDA:54,12,2,0
BRDA:55,13,0,0
BRDA:55,13,1,0
BRDA:55,13,2,0
BRDA:56,14,0,0
BRDA:56,14,1,0
BRDA:56,14,2,0
BRDA:84,15,0,0
BRDA:84,15,1,0
BRDA:87,16,0,0
BRDA:87,16,1,0
BRDA:90,17,0,0
BRDA:90,17,1,0
BRDA:101,18,0,0
BRDA:101,18,1,0
BRDA:107,19,0,0
BRDA:107,19,1,0
BRDA:123,20,0,0
BRDA:123,20,1,0
BRDA:363,21,0,0
BRDA:363,21,1,0
BRF:53
BRH:0
end_of_record
TN:
SF:src/pages/InterviewPrepEnhanced.jsx
FN:7,(anonymous_0)
FN:41,(anonymous_1)
FN:49,(anonymous_2)
FN:51,(anonymous_3)
FN:52,(anonymous_4)
FN:64,(anonymous_5)
FN:67,(anonymous_6)
FN:170,(anonymous_7)
FN:237,(anonymous_8)
FN:250,(anonymous_9)
FN:261,(anonymous_10)
FN:269,(anonymous_11)
FN:276,(anonymous_12)
FN:284,(anonymous_13)
FN:290,(anonymous_14)
FN:302,(anonymous_15)
FN:307,(anonymous_16)
FN:315,(anonymous_17)
FN:323,(anonymous_18)
FN:339,(anonymous_19)
FN:343,(anonymous_20)
FN:347,(anonymous_21)
FN:349,(anonymous_22)
FN:355,(anonymous_23)
FN:371,(anonymous_24)
FN:414,(anonymous_25)
FN:421,(anonymous_26)
FN:427,(anonymous_27)
FN:433,(anonymous_28)
FN:443,(anonymous_29)
FN:458,(anonymous_30)
FN:470,(anonymous_31)
FN:479,(anonymous_32)
FN:485,(anonymous_33)
FN:489,(anonymous_34)
FN:491,(anonymous_35)
FN:500,(anonymous_36)
FN:511,(anonymous_37)
FN:520,(anonymous_38)
FN:527,(anonymous_39)
FN:570,(anonymous_40)
FN:667,(anonymous_41)
FN:670,(anonymous_42)
FN:684,(anonymous_43)
FN:689,(anonymous_44)
FN:693,(anonymous_45)
FN:695,(anonymous_46)
FN:702,(anonymous_47)
FN:723,(anonymous_48)
FN:767,(anonymous_49)
FN:774,(anonymous_50)
FN:781,(anonymous_51)
FN:788,(anonymous_52)
FN:799,(anonymous_53)
FN:816,(anonymous_54)
FN:833,(anonymous_55)
FN:834,(anonymous_56)
FN:849,(anonymous_57)
FN:856,(anonymous_58)
FN:872,(anonymous_59)
FNF:60
FNH:0
FNDA:0,(anonymous_0)
FNDA:0,(anonymous_1)
FNDA:0,(anonymous_2)
FNDA:0,(anonymous_3)
FNDA:0,(anonymous_4)
FNDA:0,(anonymous_5)
FNDA:0,(anonymous_6)
FNDA:0,(anonymous_7)
FNDA:0,(anonymous_8)
FNDA:0,(anonymous_9)
FNDA:0,(anonymous_10)
FNDA:0,(anonymous_11)
FNDA:0,(anonymous_12)
FNDA:0,(anonymous_13)
FNDA:0,(anonymous_14)
FNDA:0,(anonymous_15)
FNDA:0,(anonymous_16)
FNDA:0,(anonymous_17)
FNDA:0,(anonymous_18)
FNDA:0,(anonymous_19)
FNDA:0,(anonymous_20)
FNDA:0,(anonymous_21)
FNDA:0,(anonymous_22)
FNDA:0,(anonymous_23)
FNDA:0,(anonymous_24)
FNDA:0,(anonymous_25)
FNDA:0,(anonymous_26)
FNDA:0,(anonymous_27)
FNDA:0,(anonymous_28)
FNDA:0,(anonymous_29)
FNDA:0,(anonymous_30)
FNDA:0,(anonymous_31)
FNDA:0,(anonymous_32)
FNDA:0,(anonymous_33)
FNDA:0,(anonymous_34)
FNDA:0,(anonymous_35)
FNDA:0,(anonymous_36)
FNDA:0,(anonymous_37)
FNDA:0,(anonymous_38)
FNDA:0,(anonymous_39)
FNDA:0,(anonymous_40)
FNDA:0,(anonymous_41)
FNDA:0,(anonymous_42)
FNDA:0,(anonymous_43)
FNDA:0,(anonymous_44)
FNDA:0,(anonymous_45)
FNDA:0,(anonymous_46)
FNDA:0,(anonymous_47)
FNDA:0,(anonymous_48)
FNDA:0,(anonymous_49)
FNDA:0,(anonymous_50)
FNDA:0,(anonymous_51)
FNDA:0,(anonymous_52)
FNDA:0,(anonymous_53)
FNDA:0,(anonymous_54)
FNDA:0,(anonymous_55)
FNDA:0,(anonymous_56)
FNDA:0,(anonymous_57)
FNDA:0,(anonymous_58)
FNDA:0,(anonymous_59)
DA:7,1
DA:8,0
DA:11,0
DA:12,0
DA:13,0
DA:16,0
DA:17,0
DA:18,0
DA:26,0
DA:27,0
DA:28,0
DA:29,0
DA:30,0
DA:31,0
DA:32,0
DA:33,0
DA:36,0
DA:37,0
DA:38,0
DA:41,0
DA:42,0
DA:43,0
DA:44,0
DA:49,0
DA:50,0
DA:51,0
DA:52,0
DA:53,0
DA:54,0
DA:55,0
DA:57,0
DA:61,0
DA:64,0
DA:67,0
DA:68,0
DA:69,0
DA:71,0
DA:160,0
DA:161,0
DA:163,0
DA:164,0
DA:166,0
DA:170,0
DA:171,0
DA:172,0
DA:231,0
DA:233,0
DA:237,0
DA:239,0
DA:240,0
DA:241,0
DA:242,0
DA:250,0
DA:251,0
DA:256,0
DA:257,0
DA:261,0
DA:262,0
DA:263,0
DA:264,0
DA:265,0
DA:266,0
DA:269,0
DA:270,0
DA:271,0
DA:272,0
DA:273,0
DA:276,0
DA:278,0
DA:279,0
DA:281,0
DA:284,0
DA:285,0
DA:286,0
DA:287,0
DA:288,0
DA:290,0
DA:291,0
DA:294,0
DA:295,0
DA:297,0
DA:298,0
DA:302,0
DA:303,0
DA:304,0
DA:305,0
DA:307,0
DA:308,0
DA:310,0
DA:315,0
DA:316,0
DA:320,0
DA:323,0
DA:324,0
DA:325,0
DA:326,0
DA:328,0
DA:331,0
DA:335,0
DA:339,0
DA:340,0
DA:341,0
DA:343,0
DA:344,0
DA:347,0
DA:349,0
DA:350,0
DA:351,0
DA:352,0
DA:355,0
DA:356,0
DA:357,0
DA:358,0
DA:360,0
DA:371,0
DA:372,0
DA:374,0
DA:414,0
DA:421,0
DA:427,0
DA:433,0
DA:444,0
DA:458,0
DA:470,0
DA:471,0
DA:479,0
DA:486,0
DA:489,0
DA:491,0
DA:501,0
DA:512,0
DA:520,0
DA:527,0
DA:570,0
DA:571,0
DA:572,0
DA:574,0
DA:668,0
DA:669,0
DA:670,0
DA:671,0
DA:673,0
DA:684,0
DA:685,0
DA:690,0
DA:693,0
DA:695,0
DA:703,0
DA:724,0
DA:736,0
DA:737,0
DA:747,0
DA:767,0
DA:774,0
DA:781,0
DA:788,0
DA:799,0
DA:816,0
DA:833,0
DA:835,0
DA:849,0
DA:856,0
DA:872,0
LF:163
LH:1
BRDA:42,0,0,0
BRDA:42,0,1,0
BRDA:50,1,0,0
BRDA:50,1,1,0
BRDA:50,2,0,0
BRDA:50,2,1,0
BRDA:53,3,0,0
BRDA:53,3,1,0
BRDA:240,4,0,0
BRDA:240,4,1,0
BRDA:261,5,0,0
BRDA:265,6,0,0
BRDA:265,6,1,0
BRDA:278,7,0,0
BRDA:278,7,1,0
BRDA:303,8,0,0
BRDA:303,8,1,0
BRDA:303,9,0,0
BRDA:303,9,1,0
BRDA:325,10,0,0
BRDA:325,10,1,0
BRDA:341,11,0,0
BRDA:341,11,1,0
BRDA:341,11,2,0
BRDA:344,12,0,0
BRDA:344,12,1,0
BRDA:358,13,0,0
BRDA:358,13,1,0
BRDA:488,14,0,0
BRDA:488,14,1,0
BRDA:499,15,0,0
BRDA:499,15,1,0
BRDA:519,16,0,0
BRDA:519,16,1,0
BRDA:553,17,0,0
BRDA:553,17,1,0
BRDA:572,18,0,0
BRDA:572,18,1,0
BRDA:589,19,0,0
BRDA:589,19,1,0
BRDA:616,20,0,0
BRDA:616,20,1,0
BRDA:632,21,0,0
BRDA:632,21,1,0
BRDA:669,22,0,0
BRDA:669,22,1,0
BRDA:671,23,0,0
BRDA:671,23,1,0
BRDA:677,24,0,0
BRDA:677,24,1,0
BRDA:692,25,0,0
BRDA:692,25,1,0
BRDA:719,26,0,0
BRDA:719,26,1,0
BRDA:736,27,0,0
BRDA:736,27,1,0
BRDA:766,28,0,0
BRDA:766,28,1,0
BRDA:773,29,0,0
BRDA:773,29,1,0
BRDA:780,30,0,0
BRDA:780,30,1,0
BRDA:787,31,0,0
BRDA:787,31,1,0
BRDA:792,32,0,0
BRDA:792,32,1,0
BRDA:796,33,0,0
BRDA:796,33,1,0
BRDA:798,34,0,0
BRDA:798,34,1,0
BRDA:810,35,0,0
BRDA:810,35,1,0
BRDA:823,36,0,0
BRDA:823,36,1,0
BRDA:824,37,0,0
BRDA:824,37,1,0
BRDA:825,38,0,0
BRDA:825,38,1,0
BRDA:825,38,2,0
BRDA:826,39,0,0
BRDA:826,39,1,0
BRDA:827,40,0,0
BRDA:827,40,1,0
BRDA:830,41,0,0
BRDA:830,41,1,0
BRF:85
BRH:0
end_of_record
TN:
SF:src/pages/JobApplicationForm.jsx
FN:9,(anonymous_0)
FN:27,(anonymous_1)
FN:28,(anonymous_2)
FN:37,(anonymous_3)
FN:42,(anonymous_4)
FN:53,(anonymous_5)
FN:55,(anonymous_6)
FN:61,(anonymous_7)
FN:79,(anonymous_8)
FN:106,(anonymous_9)
FN:190,(anonymous_10)
FNF:11
FNH:0
FNDA:0,(anonymous_0)
FNDA:0,(anonymous_1)
FNDA:0,(anonymous_2)
FNDA:0,(anonymous_3)
FNDA:0,(anonymous_4)
FNDA:0,(anonymous_5)
FNDA:0,(anonymous_6)
FNDA:0,(anonymous_7)
FNDA:0,(anonymous_8)
FNDA:0,(anonymous_9)
FNDA:0,(anonymous_10)
DA:9,1
DA:10,0
DA:11,0
DA:12,0
DA:13,0
DA:15,0
DA:16,0
DA:17,0
DA:18,0
DA:19,0
DA:21,0
DA:27,0
DA:28,0
DA:29,0
DA:30,0
DA:31,0
DA:32,0
DA:33,0
DA:34,0
DA:36,0
DA:37,0
DA:40,0
DA:41,0
DA:42,0
DA:44,0
DA:48,0
DA:49,0
DA:53,0
DA:54,0
DA:55,0
DA:61,0
DA:62,0
DA:64,0
DA:66,0
DA:67,0
DA:68,0
DA:70,0
DA:75,0
DA:77,0
DA:78,0
DA:79,0
DA:80,0
DA:83,0
DA:86,0
DA:87,0
DA:89,0
DA:93,0
DA:94,0
DA:101,0
DA:102,0
DA:106,0
DA:112,0
DA:190,0
LF:53
LH:1
BRDA:32,0,0,0
BRDA:32,0,1,0
BRDA:48,1,0,0
BRDA:48,1,1,0
BRDA:64,2,0,0
BRDA:64,2,1,0
BRDA:77,3,0,0
BRDA:77,3,1,0
BRDA:83,4,0,0
BRDA:83,4,1,0
BRDA:93,5,0,0
BRDA:93,5,1,0
BRDA:101,6,0,0
BRDA:101,6,1,0
BRDA:101,7,0,0
BRDA:101,7,1,0
BRDA:117,8,0,0
BRDA:117,8,1,0
BRDA:121,9,0,0
BRDA:121,9,1,0
BRDA:123,10,0,0
BRDA:123,10,1,0
BRDA:123,10,2,0
BRDA:130,11,0,0
BRDA:130,11,1,0
BRDA:131,12,0,0
BRDA:131,12,1,0
BRDA:138,13,0,0
BRDA:138,13,1,0
BRDA:146,14,0,0
BRDA:146,14,1,0
BRDA:156,15,0,0
BRDA:156,15,1,0
BRDA:200,16,0,0
BRDA:200,16,1,0
BRF:35
BRH:0
end_of_record
TN:
SF:src/pages/JobDetails.jsx
FN:7,(anonymous_0)
FN:17,(anonymous_1)
FN:18,(anonymous_2)
FN:32,(anonymous_3)
FN:37,(anonymous_4)
FN:48,(anonymous_5)
FN:72,(anonymous_6)
FN:88,(anonymous_7)
FN:97,(anonymous_8)
FN:106,(anonymous_9)
FN:172,(anonymous_10)
FN:178,(anonymous_11)
FN:184,(anonymous_12)
FN:190,(anonymous_13)
FN:282,(anonymous_14)
FNF:15
FNH:0
FNDA:0,(anonymous_0)
FNDA:0,(anonymous_1)
FNDA:0,(anonymous_2)
FNDA:0,(anonymous_3)
FNDA:0,(anonymous_4)
FNDA:0,(anonymous_5)
FNDA:0,(anonymous_6)
FNDA:0,(anonymous_7)
FNDA:0,(anonymous_8)
FNDA:0,(anonymous_9)
FNDA:0,(anonymous_10)
FNDA:0,(anonymous_11)
FNDA:0,(anonymous_12)
FNDA:0,(anonymous_13)
FNDA:0,(anonymous_14)
DA:7,1
DA:8,0
DA:9,0
DA:10,0
DA:11,0
DA:12,0
DA:13,0
DA:14,0
DA:15,0
DA:17,0
DA:18,0
DA:19,0
DA:20,0
DA:22,0
DA:24,0
DA:26,0
DA:27,0
DA:28,0
DA:29,0
DA:31,0
DA:32,0
DA:35,0
DA:36,0
DA:37,0
DA:39,0
DA:43,0
DA:44,0
DA:48,0
DA:49,0
DA:50,0
DA:52,0
DA:54,0
DA:55,0
DA:56,0
DA:60,0
DA:61,0
DA:62,0
DA:66,0
DA:68,0
DA:72,0
DA:73,0
DA:76,0
DA:77,0
DA:84,0
DA:85,0
DA:88,0
DA:93,0
DA:94,0
DA:97,0
DA:102,0
DA:106,0
DA:172,0
DA:178,0
DA:184,0
DA:190,0
DA:283,0
LF:56
LH:1
BRDA:26,0,0,0
BRDA:26,0,1,0
BRDA:29,1,0,0
BRDA:29,1,1,0
BRDA:43,2,0,0
BRDA:43,2,1,0
BRDA:52,3,0,0
BRDA:52,3,1,0
BRDA:55,4,0,0
BRDA:55,4,1,0
BRDA:61,5,0,0
BRDA:61,5,1,0
BRDA:76,6,0,0
BRDA:76,6,1,0
BRDA:84,7,0,0
BRDA:84,7,1,0
BRDA:93,8,0,0
BRDA:93,8,1,0
BRDA:120,9,0,0
BRDA:120,9,1,0
BRDA:120,9,2,0
BRDA:127,10,0,0
BRDA:127,10,1,0
BRDA:127,11,0,0
BRDA:127,11,1,0
BRDA:133,12,0,0
BRDA:133,12,1,0
BRDA:143,13,0,0
BRDA:143,13,1,0
BRDA:146,14,0,0
BRDA:146,14,1,0
BRDA:148,15,0,0
BRDA:148,15,1,0
BRDA:151,16,0,0
BRDA:151,16,1,0
BRDA:151,17,0,0
BRDA:151,17,1,0
BRDA:169,18,0,0
BRDA:169,18,1,0
BRDA:175,19,0,0
BRDA:175,19,1,0
BRDA:181,20,0,0
BRDA:181,20,1,0
BRDA:187,21,0,0
BRDA:187,21,1,0
BRDA:193,22,0,0
BRDA:193,22,1,0
BRDA:193,22,2,0
BRDA:197,23,0,0
BRDA:197,23,1,0
BRDA:197,24,0,0
BRDA:197,24,1,0
BRDA:199,25,0,0
BRDA:199,25,1,0
BRDA:201,26,0,0
BRDA:201,26,1,0
BRDA:204,27,0,0
BRDA:204,27,1,0
BRDA:204,27,2,0
BRDA:205,28,0,0
BRDA:205,28,1,0
BRDA:205,28,2,0
BRDA:209,29,0,0
BRDA:209,29,1,0
BRDA:212,30,0,0
BRDA:212,30,1,0
BRDA:215,31,0,0
BRDA:215,31,1,0
BRDA:221,32,0,0
BRDA:221,32,1,0
BRDA:243,33,0,0
BRDA:243,33,1,0
BRDA:254,34,0,0
BRDA:254,34,1,0
BRDA:266,35,0,0
BRDA:266,35,1,0
BRDA:278,36,0,0
BRDA:278,36,1,0
BRDA:278,36,2,0
BRDA:285,37,0,0
BRDA:285,37,1,0
BRDA:285,37,2,0
BRDA:287,38,0,0
BRDA:287,38,1,0
BRDA:288,39,0,0
BRDA:288,39,1,0
BRDA:307,40,0,0
BRDA:307,40,1,0
BRDA:307,40,2,0
BRDA:308,41,0,0
BRDA:308,41,1,0
BRDA:314,42,0,0
BRDA:314,42,1,0
BRDA:320,43,0,0
BRDA:320,43,1,0
BRDA:326,44,0,0
BRDA:326,44,1,0
BRDA:332,45,0,0
BRDA:332,45,1,0
BRDA:357,46,0,0
BRDA:357,46,1,0
BRDA:357,46,2,0
BRDA:359,47,0,0
BRDA:359,47,1,0
BRDA:371,48,0,0
BRDA:371,48,1,0
BRDA:386,49,0,0
BRDA:386,49,1,0
BRDA:387,50,0,0
BRDA:387,50,1,0
BRF:110
BRH:0
end_of_record
TN:
SF:src/pages/JobListings.jsx
FN:7,(anonymous_0)
FN:49,(anonymous_1)
FN:50,(anonymous_2)
FN:60,(anonymous_3)
FN:67,(anonymous_4)
FN:86,(anonymous_5)
FN:93,(anonymous_6)
FN:99,(anonymous_7)
FN:103,(anonymous_8)
FN:108,(anonymous_9)
FN:114,(anonymous_10)
FN:124,(anonymous_11)
FN:133,(anonymous_12)
FN:163,(anonymous_13)
FN:184,(anonymous_14)
FN:197,(anonymous_15)
FN:207,(anonymous_16)
FN:211,(anonymous_17)
FN:265,(anonymous_18)
FN:299,(anonymous_19)
FN:303,(anonymous_20)
FN:312,(anonymous_21)
FN:316,(anonymous_22)
FN:332,(anonymous_23)
FN:380,(anonymous_24)
FN:396,(anonymous_25)
FNF:26
FNH:0
FNDA:0,(anonymous_0)
FNDA:0,(anonymous_1)
FNDA:0,(anonymous_2)
FNDA:0,(anonymous_3)
FNDA:0,(anonymous_4)
FNDA:0,(anonymous_5)
FNDA:0,(anonymous_6)
FNDA:0,(anonymous_7)
FNDA:0,(anonymous_8)
FNDA:0,(anonymous_9)
FNDA:0,(anonymous_10)
FNDA:0,(anonymous_11)
FNDA:0,(anonymous_12)
FNDA:0,(anonymous_13)
FNDA:0,(anonymous_14)
FNDA:0,(anonymous_15)
FNDA:0,(anonymous_16)
FNDA:0,(anonymous_17)
FNDA:0,(anonymous_18)
FNDA:0,(anonymous_19)
FNDA:0,(anonymous_20)
FNDA:0,(anonymous_21)
FNDA:0,(anonymous_22)
FNDA:0,(anonymous_23)
FNDA:0,(anonymous_24)
FNDA:0,(anonymous_25)
DA:7,2
DA:8,0
DA:11,0
DA:12,0
DA:13,0
DA:14,0
DA:17,0
DA:20,0
DA:44,0
DA:46,0
DA:49,0
DA:50,0
DA:52,0
DA:55,0
DA:59,0
DA:60,0
DA:61,0
DA:67,0
DA:69,0
DA:71,0
DA:82,0
DA:86,0
DA:87,0
DA:88,0
DA:93,0
DA:94,0
DA:95,0
DA:99,0
DA:100,0
DA:103,0
DA:104,0
DA:105,0
DA:108,0
DA:109,0
DA:110,0
DA:111,0
DA:112,0
DA:114,0
DA:115,0
DA:118,0
DA:121,0
DA:122,0
DA:124,0
DA:125,0
DA:128,0
DA:133,0
DA:134,0
DA:135,0
DA:138,0
DA:163,0
DA:184,0
DA:197,0
DA:208,0
DA:211,0
DA:265,0
DA:299,0
DA:303,0
DA:313,0
DA:316,0
DA:332,0
DA:380,0
DA:397,0
DA:398,0
LF:63
LH:1
BRDA:52,0,0,0
BRDA:52,0,1,0
BRDA:52,1,0,0
BRDA:52,1,1,0
BRDA:52,1,2,0
BRDA:94,2,0,0
BRDA:94,2,1,0
BRDA:110,3,0,0
BRDA:110,3,1,0
BRDA:112,4,0,0
BRDA:112,4,1,0
BRDA:115,5,0,0
BRDA:115,5,1,0
BRDA:122,6,0,0
BRDA:122,6,1,0
BRDA:125,7,0,0
BRDA:125,7,1,0
BRDA:134,8,0,0
BRDA:134,8,1,0
BRDA:134,9,0,0
BRDA:134,9,1,0
BRDA:199,10,0,0
BRDA:199,10,1,0
BRDA:205,11,0,0
BRDA:205,11,1,0
BRDA:228,12,0,0
BRDA:228,12,1,0
BRDA:256,13,0,0
BRDA:256,13,1,0
BRDA:276,14,0,0
BRDA:276,14,1,0
BRDA:281,15,0,0
BRDA:281,15,1,0
BRDA:283,16,0,0
BRDA:283,16,1,0
BRDA:288,17,0,0
BRDA:288,17,1,0
BRDA:321,18,0,0
BRDA:321,18,1,0
BRDA:325,19,0,0
BRDA:325,19,1,0
BRDA:331,20,0,0
BRDA:331,20,1,0
BRDA:333,21,0,0
BRDA:333,21,1,0
BRDA:335,22,0,0
BRDA:335,22,1,0
BRDA:344,23,0,0
BRDA:344,23,1,0
BRDA:350,24,0,0
BRDA:350,24,1,0
BRDA:350,24,2,0
BRDA:353,25,0,0
BRDA:353,25,1,0
BRDA:355,26,0,0
BRDA:355,26,1,0
BRDA:363,27,0,0
BRDA:363,27,1,0
BRDA:366,28,0,0
BRDA:366,28,1,0
BRDA:369,29,0,0
BRDA:369,29,1,0
BRDA:369,29,2,0
BRDA:379,30,0,0
BRDA:379,30,1,0
BRDA:383,31,0,0
BRDA:383,31,1,0
BRDA:416,32,0,0
BRDA:416,32,1,0
BRDA:423,33,0,0
BRDA:423,33,1,0
BRF:71
BRH:0
end_of_record
TN:
SF:src/pages/LearningPaths.jsx
FN:7,(anonymous_0)
FN:14,(anonymous_1)
FN:91,(anonymous_2)
FN:99,(anonymous_3)
FN:103,(anonymous_4)
FN:134,(anonymous_5)
FN:140,(anonymous_6)
FN:146,(anonymous_7)
FN:156,(anonymous_8)
FN:196,(anonymous_9)
FN:207,(anonymous_10)
FN:214,(anonymous_11)
FNF:12
FNH:0
FNDA:0,(anonymous_0)
FNDA:0,(anonymous_1)
FNDA:0,(anonymous_2)
FNDA:0,(anonymous_3)
FNDA:0,(anonymous_4)
FNDA:0,(anonymous_5)
FNDA:0,(anonymous_6)
FNDA:0,(anonymous_7)
FNDA:0,(anonymous_8)
FNDA:0,(anonymous_9)
FNDA:0,(anonymous_10)
FNDA:0,(anonymous_11)
DA:7,1
DA:8,0
DA:9,0
DA:10,0
DA:11,0
DA:12,0
DA:14,0
DA:16,0
DA:24,0
DA:25,0
DA:28,0
DA:91,0
DA:92,0
DA:93,0
DA:94,0
DA:95,0
DA:96,0
DA:99,0
DA:101,0
DA:103,0
DA:104,0
DA:107,0
DA:134,0
DA:140,0
DA:146,0
DA:157,0
DA:197,0
DA:207,0
DA:214,0
LF:29
LH:1
BRDA:92,0,0,0
BRDA:92,0,1,0
BRDA:93,1,0,0
BRDA:93,1,1,0
BRDA:94,2,0,0
BRDA:94,2,1,0
BRDA:95,3,0,0
BRDA:95,3,1,0
BRDA:182,4,0,0
BRDA:182,4,1,0
BRDA:186,5,0,0
BRDA:186,5,1,0
BRDA:187,6,0,0
BRDA:187,6,1,0
BRDA:204,7,0,0
BRDA:204,7,1,0
BRF:16
BRH:0
end_of_record
TN:
SF:src/pages/Login.jsx
FN:7,(anonymous_0)
FN:20,(anonymous_1)
FN:27,(anonymous_2)
FN:29,(anonymous_3)
FN:36,(anonymous_4)
FNF:5
FNH:0
FNDA:0,(anonymous_0)
FNDA:0,(anonymous_1)
FNDA:0,(anonymous_2)
FNDA:0,(anonymous_3)
FNDA:0,(anonymous_4)
DA:7,1
DA:8,0
DA:9,0
DA:10,0
DA:12,0
DA:16,0
DA:17,0
DA:20,0
DA:21,0
DA:22,0
DA:23,0
DA:27,0
DA:28,0
DA:29,0
DA:33,0
DA:36,0
DA:37,0
DA:39,0
DA:40,0
DA:41,0
DA:44,0
DA:45,0
DA:47,0
DA:48,0
DA:50,0
DA:51,0
DA:52,0
DA:55,0
DA:56,0
DA:57,0
DA:58,0
DA:59,0
DA:60,0
DA:61,0
DA:62,0
DA:64,0
DA:68,0
DA:70,0
DA:74,0
LF:39
LH:1
BRDA:21,0,0,0
BRDA:21,0,1,0
BRDA:21,1,0,0
BRDA:21,1,1,0
BRDA:22,2,0,0
BRDA:22,2,1,0
BRDA:39,3,0,0
BRDA:39,3,1,0
BRDA:39,4,0,0
BRDA:39,4,1,0
BRDA:50,5,0,0
BRDA:50,5,1,0
BRDA:51,6,0,0
BRDA:51,6,1,0
BRDA:55,7,0,0
BRDA:55,7,1,0
BRDA:57,8,0,0
BRDA:57,8,1,0
BRDA:59,9,0,0
BRDA:59,9,1,0
BRDA:61,10,0,0
BRDA:61,10,1,0
BRDA:102,11,0,0
BRDA:102,11,1,0
BRDA:104,12,0,0
BRDA:104,12,1,0
BRF:26
BRH:0
end_of_record
TN:
SF:src/pages/MyJobs.jsx
FN:7,(anonymous_0)
FN:17,(anonymous_1)
FN:23,(anonymous_2)
FN:45,(anonymous_3)
FN:49,(anonymous_4)
FN:55,(anonymous_5)
FN:62,(anonymous_6)
FN:62,(anonymous_7)
FN:71,(anonymous_8)
FN:82,(anonymous_9)
FN:113,(anonymous_10)
FN:130,(anonymous_11)
FN:136,(anonymous_12)
FN:144,(anonymous_13)
FN:165,(anonymous_14)
FN:169,(anonymous_15)
FN:182,(anonymous_16)
FN:203,(anonymous_17)
FN:212,(anonymous_18)
FN:213,(anonymous_19)
FN:286,(anonymous_20)
FN:295,(anonymous_21)
FN:301,(anonymous_22)
FNF:23
FNH:0
FNDA:0,(anonymous_0)
FNDA:0,(anonymous_1)
FNDA:0,(anonymous_2)
FNDA:0,(anonymous_3)
FNDA:0,(anonymous_4)
FNDA:0,(anonymous_5)
FNDA:0,(anonymous_6)
FNDA:0,(anonymous_7)
FNDA:0,(anonymous_8)
FNDA:0,(anonymous_9)
FNDA:0,(anonymous_10)
FNDA:0,(anonymous_11)
FNDA:0,(anonymous_12)
FNDA:0,(anonymous_13)
FNDA:0,(anonymous_14)
FNDA:0,(anonymous_15)
FNDA:0,(anonymous_16)
FNDA:0,(anonymous_17)
FNDA:0,(anonymous_18)
FNDA:0,(anonymous_19)
FNDA:0,(anonymous_20)
FNDA:0,(anonymous_21)
FNDA:0,(anonymous_22)
DA:7,1
DA:8,0
DA:9,0
DA:10,0
DA:11,0
DA:12,0
DA:13,0
DA:14,0
DA:15,0
DA:17,0
DA:18,0
DA:19,0
DA:23,0
DA:24,0
DA:25,0
DA:27,0
DA:29,0
DA:35,0
DA:36,0
DA:38,0
DA:39,0
DA:41,0
DA:45,0
DA:46,0
DA:49,0
DA:50,0
DA:52,0
DA:55,0
DA:56,0
DA:58,0
DA:59,0
DA:60,0
DA:62,0
DA:64,0
DA:65,0
DA:70,0
DA:72,0
DA:76,0
DA:80,0
DA:83,0
DA:85,0
DA:87,0
DA:89,0
DA:91,0
DA:95,0
DA:96,0
DA:103,0
DA:113,0
DA:130,0
DA:136,0
DA:144,0
DA:165,0
DA:169,0
DA:183,0
DA:184,0
DA:203,0
DA:213,0
DA:287,0
DA:288,0
DA:295,0
DA:301,0
LF:61
LH:1
BRDA:18,0,0,0
BRDA:18,0,1,0
BRDA:35,1,0,0
BRDA:35,1,1,0
BRDA:35,1,2,0
BRDA:58,2,0,0
BRDA:58,2,1,0
BRDA:72,3,0,0
BRDA:72,3,1,0
BRDA:72,3,2,0
BRDA:72,3,3,0
BRDA:72,3,4,0
BRDA:76,4,0,0
BRDA:76,4,1,0
BRDA:76,4,2,0
BRDA:80,5,0,0
BRDA:80,5,1,0
BRDA:83,6,0,0
BRDA:83,6,1,0
BRDA:83,6,2,0
BRDA:83,6,3,0
BRDA:87,7,0,0
BRDA:87,7,1,0
BRDA:87,8,0,0
BRDA:87,8,1,0
BRDA:89,9,0,0
BRDA:89,9,1,0
BRDA:89,10,0,0
BRDA:89,10,1,0
BRDA:95,11,0,0
BRDA:95,11,1,0
BRDA:153,12,0,0
BRDA:153,12,1,0
BRDA:175,13,0,0
BRDA:175,13,1,0
BRDA:177,14,0,0
BRDA:177,14,1,0
BRDA:177,15,0,0
BRDA:177,15,1,0
BRDA:217,16,0,0
BRDA:217,16,1,0
BRDA:223,17,0,0
BRDA:223,17,1,0
BRDA:227,18,0,0
BRDA:227,18,1,0
BRDA:228,19,0,0
BRDA:228,19,1,0
BRDA:234,20,0,0
BRDA:234,20,1,0
BRDA:236,21,0,0
BRDA:236,21,1,0
BRDA:254,22,0,0
BRDA:254,22,1,0
BRDA:260,23,0,0
BRDA:260,23,1,0
BRDA:266,24,0,0
BRDA:266,24,1,0
BRDA:266,24,2,0
BRDA:270,25,0,0
BRDA:270,25,1,0
BRDA:270,26,0,0
BRDA:270,26,1,0
BRDA:272,27,0,0
BRDA:272,27,1,0
BRDA:274,28,0,0
BRDA:274,28,1,0
BRF:66
BRH:0
end_of_record
TN:
SF:src/pages/NotFound.jsx
FN:5,(anonymous_0)
FN:15,(anonymous_1)
FN:25,(anonymous_2)
FNF:3
FNH:0
FNDA:0,(anonymous_0)
FNDA:0,(anonymous_1)
FNDA:0,(anonymous_2)
DA:5,1
DA:6,0
DA:8,0
DA:16,0
DA:17,0
DA:25,0
LF:6
LH:1
BRF:0
BRH:0
end_of_record
TN:
SF:src/pages/Profile.jsx
FN:7,(anonymous_0)
FN:30,(anonymous_1)
FN:31,(anonymous_2)
FN:66,(anonymous_3)
FN:71,(anonymous_4)
FN:106,(anonymous_5)
FN:128,(anonymous_6)
FN:130,(anonymous_7)
FN:336,(anonymous_8)
FNF:9
FNH:0
FNDA:0,(anonymous_0)
FNDA:0,(anonymous_1)
FNDA:0,(anonymous_2)
FNDA:0,(anonymous_3)
FNDA:0,(anonymous_4)
FNDA:0,(anonymous_5)
FNDA:0,(anonymous_6)
FNDA:0,(anonymous_7)
FNDA:0,(anonymous_8)
DA:7,1
DA:8,0
DA:9,0
DA:10,0
DA:11,0
DA:12,0
DA:13,0
DA:14,0
DA:30,0
DA:31,0
DA:32,0
DA:33,0
DA:34,0
DA:35,0
DA:36,0
DA:52,0
DA:53,0
DA:55,0
DA:59,0
DA:60,0
DA:62,0
DA:66,0
DA:67,0
DA:68,0
DA:71,0
DA:72,0
DA:73,0
DA:74,0
DA:77,0
DA:91,0
DA:93,0
DA:95,0
DA:96,0
DA:99,0
DA:100,0
DA:102,0
DA:106,0
DA:107,0
DA:108,0
DA:110,0
DA:111,0
DA:128,0
DA:129,0
DA:130,0
DA:136,0
DA:137,0
DA:144,0
DA:336,0
LF:48
LH:1
BRDA:35,0,0,0
BRDA:35,0,1,0
BRDA:37,1,0,0
BRDA:37,1,1,0
BRDA:38,2,0,0
BRDA:38,2,1,0
BRDA:39,3,0,0
BRDA:39,3,1,0
BRDA:40,4,0,0
BRDA:40,4,1,0
BRDA:41,5,0,0
BRDA:41,5,1,0
BRDA:42,6,0,0
BRDA:42,6,1,0
BRDA:43,7,0,0
BRDA:43,7,1,0
BRDA:44,8,0,0
BRDA:44,8,1,0
BRDA:45,9,0,0
BRDA:45,9,1,0
BRDA:46,10,0,0
BRDA:46,10,1,0
BRDA:47,11,0,0
BRDA:47,11,1,0
BRDA:48,12,0,0
BRDA:48,12,1,0
BRDA:59,13,0,0
BRDA:59,13,1,0
BRDA:82,14,0,0
BRDA:82,14,1,0
BRDA:86,15,0,0
BRDA:86,15,1,0
BRDA:87,16,0,0
BRDA:87,16,1,0
BRDA:93,17,0,0
BRDA:93,17,1,0
BRDA:110,18,0,0
BRDA:110,18,1,0
BRDA:112,19,0,0
BRDA:112,19,1,0
BRDA:113,20,0,0
BRDA:113,20,1,0
BRDA:114,21,0,0
BRDA:114,21,1,0
BRDA:115,22,0,0
BRDA:115,22,1,0
BRDA:116,23,0,0
BRDA:116,23,1,0
BRDA:117,24,0,0
BRDA:117,24,1,0
BRDA:118,25,0,0
BRDA:118,25,1,0
BRDA:119,26,0,0
BRDA:119,26,1,0
BRDA:120,27,0,0
BRDA:120,27,1,0
BRDA:121,28,0,0
BRDA:121,28,1,0
BRDA:122,29,0,0
BRDA:122,29,1,0
BRDA:123,30,0,0
BRDA:123,30,1,0
BRDA:136,31,0,0
BRDA:136,31,1,0
BRDA:146,32,0,0
BRDA:146,32,1,0
BRDA:155,33,0,0
BRDA:155,33,1,0
BRDA:158,34,0,0
BRDA:158,34,1,0
BRDA:163,35,0,0
BRDA:163,35,1,0
BRDA:173,36,0,0
BRDA:173,36,1,0
BRDA:175,37,0,0
BRDA:175,37,1,0
BRDA:177,38,0,0
BRDA:177,38,1,0
BRDA:184,39,0,0
BRDA:184,39,1,0
BRDA:208,40,0,0
BRDA:208,40,1,0
BRDA:214,41,0,0
BRDA:214,41,1,0
BRDA:224,42,0,0
BRDA:224,42,1,0
BRDA:229,43,0,0
BRDA:229,43,1,0
BRDA:239,44,0,0
BRDA:239,44,1,0
BRDA:244,45,0,0
BRDA:244,45,1,0
BRDA:254,46,0,0
BRDA:254,46,1,0
BRDA:262,47,0,0
BRDA:262,47,1,0
BRDA:272,48,0,0
BRDA:272,48,1,0
BRDA:282,49,0,0
BRDA:282,49,1,0
BRDA:294,50,0,0
BRDA:294,50,1,0
BRDA:299,51,0,0
BRDA:299,51,1,0
BRDA:315,52,0,0
BRDA:315,52,1,0
BRDA:323,53,0,0
BRDA:323,53,1,0
BRDA:341,54,0,0
BRDA:341,54,1,0
BRDA:355,55,0,0
BRDA:355,55,1,0
BRDA:363,56,0,0
BRDA:363,56,1,0
BRDA:374,57,0,0
BRDA:374,57,1,0
BRDA:379,58,0,0
BRDA:379,58,1,0
BRDA:390,59,0,0
BRDA:390,59,1,0
BRF:120
BRH:0
end_of_record
TN:
SF:src/pages/ResumeBuilder.jsx
FN:8,(anonymous_0)
FN:30,(anonymous_1)
FN:37,(anonymous_2)
FN:50,(anonymous_3)
FN:54,(anonymous_4)
FN:67,(anonymous_5)
FN:86,(anonymous_6)
FN:88,(anonymous_7)
FN:92,(anonymous_8)
FN:96,(anonymous_9)
FN:97,(anonymous_10)
FN:106,(anonymous_11)
FN:107,(anonymous_12)
FN:113,(anonymous_13)
FN:114,(anonymous_14)
FN:116,(anonymous_15)
FN:122,(anonymous_16)
FN:123,(anonymous_17)
FN:140,(anonymous_18)
FN:141,(anonymous_19)
FN:143,(anonymous_20)
FN:147,(anonymous_21)
FN:148,(anonymous_22)
FN:150,(anonymous_23)
FN:156,(anonymous_24)
FN:157,(anonymous_25)
FN:175,(anonymous_26)
FN:176,(anonymous_27)
FN:178,(anonymous_28)
FN:182,(anonymous_29)
FN:184,(anonymous_30)
FN:192,(anonymous_31)
FN:193,(anonymous_32)
FN:195,(anonymous_33)
FN:199,(anonymous_34)
FN:200,(anonymous_35)
FN:202,(anonymous_36)
FN:208,(anonymous_37)
FN:209,(anonymous_38)
FN:224,(anonymous_39)
FN:225,(anonymous_40)
FN:227,(anonymous_41)
FN:231,(anonymous_42)
FN:313,(anonymous_43)
FN:329,(anonymous_44)
FN:356,(anonymous_45)
FN:373,(anonymous_46)
FN:381,(anonymous_47)
FN:401,(anonymous_48)
FN:410,(anonymous_49)
FN:421,(anonymous_50)
FN:434,(anonymous_51)
FN:494,(anonymous_52)
FN:500,(anonymous_53)
FN:506,(anonymous_54)
FN:512,(anonymous_55)
FN:529,(anonymous_56)
FN:529,(anonymous_57)
FN:548,(anonymous_58)
FN:556,(anonymous_59)
FN:564,(anonymous_60)
FN:572,(anonymous_61)
FN:580,(anonymous_62)
FN:588,(anonymous_63)
FN:600,(anonymous_64)
FN:610,(anonymous_65)
FN:618,(anonymous_66)
FN:626,(anonymous_67)
FN:634,(anonymous_68)
FN:642,(anonymous_69)
FN:652,(anonymous_70)
FN:661,(anonymous_71)
FN:668,(anonymous_72)
FN:682,(anonymous_73)
FN:690,(anonymous_74)
FN:698,(anonymous_75)
FN:706,(anonymous_76)
FN:714,(anonymous_77)
FN:722,(anonymous_78)
FN:731,(anonymous_79)
FN:740,(anonymous_80)
FN:747,(anonymous_81)
FN:765,(anonymous_82)
FN:767,(anonymous_83)
FN:772,(anonymous_84)
FN:775,(anonymous_85)
FN:784,(anonymous_86)
FN:792,(anonymous_87)
FN:800,(anonymous_88)
FN:808,(anonymous_89)
FN:816,(anonymous_90)
FN:823,(anonymous_91)
FN:845,(anonymous_92)
FN:882,(anonymous_93)
FN:907,(anonymous_94)
FN:937,(anonymous_95)
FN:963,(anonymous_96)
FN:969,(anonymous_97)
FN:975,(anonymous_98)
FNF:99
FNH:0
FNDA:0,(anonymous_0)
FNDA:0,(anonymous_1)
FNDA:0,(anonymous_2)
FNDA:0,(anonymous_3)
FNDA:0,(anonymous_4)
FNDA:0,(anonymous_5)
FNDA:0,(anonymous_6)
FNDA:0,(anonymous_7)
FNDA:0,(anonymous_8)
FNDA:0,(anonymous_9)
FNDA:0,(anonymous_10)
FNDA:0,(anonymous_11)
FNDA:0,(anonymous_12)
FNDA:0,(anonymous_13)
FNDA:0,(anonymous_14)
FNDA:0,(anonymous_15)
FNDA:0,(anonymous_16)
FNDA:0,(anonymous_17)
FNDA:0,(anonymous_18)
FNDA:0,(anonymous_19)
FNDA:0,(anonymous_20)
FNDA:0,(anonymous_21)
FNDA:0,(anonymous_22)
FNDA:0,(anonymous_23)
FNDA:0,(anonymous_24)
FNDA:0,(anonymous_25)
FNDA:0,(anonymous_26)
FNDA:0,(anonymous_27)
FNDA:0,(anonymous_28)
FNDA:0,(anonymous_29)
FNDA:0,(anonymous_30)
FNDA:0,(anonymous_31)
FNDA:0,(anonymous_32)
FNDA:0,(anonymous_33)
FNDA:0,(anonymous_34)
FNDA:0,(anonymous_35)
FNDA:0,(anonymous_36)
FNDA:0,(anonymous_37)
FNDA:0,(anonymous_38)
FNDA:0,(anonymous_39)
FNDA:0,(anonymous_40)
FNDA:0,(anonymous_41)
FNDA:0,(anonymous_42)
FNDA:0,(anonymous_43)
FNDA:0,(anonymous_44)
FNDA:0,(anonymous_45)
FNDA:0,(anonymous_46)
FNDA:0,(anonymous_47)
FNDA:0,(anonymous_48)
FNDA:0,(anonymous_49)
FNDA:0,(anonymous_50)
FNDA:0,(anonymous_51)
FNDA:0,(anonymous_52)
FNDA:0,(anonymous_53)
FNDA:0,(anonymous_54)
FNDA:0,(anonymous_55)
FNDA:0,(anonymous_56)
FNDA:0,(anonymous_57)
FNDA:0,(anonymous_58)
FNDA:0,(anonymous_59)
FNDA:0,(anonymous_60)
FNDA:0,(anonymous_61)
FNDA:0,(anonymous_62)
FNDA:0,(anonymous_63)
FNDA:0,(anonymous_64)
FNDA:0,(anonymous_65)
FNDA:0,(anonymous_66)
FNDA:0,(anonymous_67)
FNDA:0,(anonymous_68)
FNDA:0,(anonymous_69)
FNDA:0,(anonymous_70)
FNDA:0,(anonymous_71)
FNDA:0,(anonymous_72)
FNDA:0,(anonymous_73)
FNDA:0,(anonymous_74)
FNDA:0,(anonymous_75)
FNDA:0,(anonymous_76)
FNDA:0,(anonymous_77)
FNDA:0,(anonymous_78)
FNDA:0,(anonymous_79)
FNDA:0,(anonymous_80)
FNDA:0,(anonymous_81)
FNDA:0,(anonymous_82)
FNDA:0,(anonymous_83)
FNDA:0,(anonymous_84)
FNDA:0,(anonymous_85)
FNDA:0,(anonymous_86)
FNDA:0,(anonymous_87)
FNDA:0,(anonymous_88)
FNDA:0,(anonymous_89)
FNDA:0,(anonymous_90)
FNDA:0,(anonymous_91)
FNDA:0,(anonymous_92)
FNDA:0,(anonymous_93)
FNDA:0,(anonymous_94)
FNDA:0,(anonymous_95)
FNDA:0,(anonymous_96)
FNDA:0,(anonymous_97)
FNDA:0,(anonymous_98)
DA:8,1
DA:9,0
DA:10,0
DA:11,0
DA:20,0
DA:21,0
DA:22,0
DA:23,0
DA:24,0
DA:25,0
DA:26,0
DA:27,0
DA:30,0
DA:31,0
DA:32,0
DA:37,0
DA:38,0
DA:39,0
DA:41,0
DA:42,0
DA:47,0
DA:48,0
DA:50,0
DA:51,0
DA:54,0
DA:55,0
DA:56,0
DA:59,0
DA:60,0
DA:62,0
DA:67,0
DA:68,0
DA:69,0
DA:71,0
DA:72,0
DA:73,0
DA:74,0
DA:75,0
DA:76,0
DA:78,0
DA:79,0
DA:81,0
DA:86,0
DA:87,0
DA:88,0
DA:89,0
DA:90,0
DA:92,0
DA:96,0
DA:97,0
DA:106,0
DA:107,0
DA:113,0
DA:114,0
DA:117,0
DA:122,0
DA:123,0
DA:140,0
DA:141,0
DA:143,0
DA:147,0
DA:148,0
DA:151,0
DA:156,0
DA:157,0
DA:175,0
DA:176,0
DA:178,0
DA:182,0
DA:183,0
DA:184,0
DA:188,0
DA:192,0
DA:193,0
DA:195,0
DA:199,0
DA:200,0
DA:203,0
DA:208,0
DA:209,0
DA:224,0
DA:225,0
DA:227,0
DA:231,0
DA:232,0
DA:233,0
DA:234,0
DA:236,0
DA:238,0
DA:239,0
DA:240,0
DA:241,0
DA:242,0
DA:248,0
DA:249,0
DA:250,0
DA:252,0
DA:253,0
DA:256,0
DA:257,0
DA:258,0
DA:261,0
DA:264,0
DA:267,0
DA:269,0
DA:270,0
DA:271,0
DA:272,0
DA:273,0
DA:277,0
DA:279,0
DA:281,0
DA:282,0
DA:285,0
DA:286,0
DA:287,0
DA:290,0
DA:293,0
DA:294,0
DA:299,0
DA:300,0
DA:302,0
DA:306,0
DA:307,0
DA:309,0
DA:313,0
DA:314,0
DA:323,0
DA:324,0
DA:325,0
DA:326,0
DA:329,0
DA:330,0
DA:331,0
DA:334,0
DA:335,0
DA:337,0
DA:338,0
DA:339,0
DA:342,0
DA:343,0
DA:347,0
DA:349,0
DA:350,0
DA:352,0
DA:356,0
DA:357,0
DA:358,0
DA:360,0
DA:361,0
DA:362,0
DA:363,0
DA:365,0
DA:366,0
DA:368,0
DA:373,0
DA:374,0
DA:375,0
DA:378,0
DA:381,0
DA:382,0
DA:383,0
DA:386,0
DA:387,0
DA:390,0
DA:401,0
DA:410,0
DA:421,0
DA:431,0
DA:432,0
DA:433,0
DA:434,0
DA:438,0
DA:442,0
DA:443,0
DA:453,0
DA:494,0
DA:500,0
DA:506,0
DA:512,0
DA:529,0
DA:548,0
DA:556,0
DA:564,0
DA:572,0
DA:580,0
DA:588,0
DA:600,0
DA:611,0
DA:618,0
DA:626,0
DA:634,0
DA:642,0
DA:652,0
DA:661,0
DA:668,0
DA:683,0
DA:690,0
DA:698,0
DA:706,0
DA:714,0
DA:722,0
DA:731,0
DA:740,0
DA:747,0
DA:765,0
DA:767,0
DA:773,0
DA:775,0
DA:785,0
DA:792,0
DA:800,0
DA:808,0
DA:816,0
DA:823,0
DA:846,0
DA:847,0
DA:883,0
DA:908,0
DA:912,0
DA:938,0
DA:963,0
DA:969,0
DA:975,0
LF:224
LH:1
BRDA:31,0,0,0
BRDA:31,0,1,0
BRDA:47,1,0,0
BRDA:47,1,1,0
BRDA:48,2,0,0
BRDA:48,2,1,0
BRDA:55,3,0,0
BRDA:55,3,1,0
BRDA:55,4,0,0
BRDA:55,4,1,0
BRDA:87,5,0,0
BRDA:87,5,1,0
BRDA:87,6,0,0
BRDA:87,6,1,0
BRDA:116,7,0,0
BRDA:116,7,1,0
BRDA:117,8,0,0
BRDA:117,8,1,0
BRDA:126,9,0,0
BRDA:126,9,1,0
BRDA:128,10,0,0
BRDA:128,10,1,0
BRDA:143,11,0,0
BRDA:143,11,1,0
BRDA:150,12,0,0
BRDA:150,12,1,0
BRDA:151,13,0,0
BRDA:151,13,1,0
BRDA:160,14,0,0
BRDA:160,14,1,0
BRDA:162,15,0,0
BRDA:162,15,1,0
BRDA:178,16,0,0
BRDA:178,16,1,0
BRDA:183,17,0,0
BRDA:183,17,1,0
BRDA:186,18,0,0
BRDA:186,18,1,0
BRDA:195,19,0,0
BRDA:195,19,1,0
BRDA:202,20,0,0
BRDA:202,20,1,0
BRDA:203,21,0,0
BRDA:203,21,1,0
BRDA:212,22,0,0
BRDA:212,22,1,0
BRDA:214,23,0,0
BRDA:214,23,1,0
BRDA:227,24,0,0
BRDA:227,24,1,0
BRDA:239,25,0,0
BRDA:239,25,1,0
BRDA:250,26,0,0
BRDA:250,26,1,0
BRDA:270,27,0,0
BRDA:270,27,1,0
BRDA:279,28,0,0
BRDA:279,28,1,0
BRDA:330,29,0,0
BRDA:330,29,1,0
BRDA:342,30,0,0
BRDA:342,30,1,0
BRDA:383,31,0,0
BRDA:383,31,1,0
BRDA:386,32,0,0
BRDA:386,32,1,0
BRDA:391,33,0,0
BRDA:391,33,1,0
BRDA:393,34,0,0
BRDA:393,34,1,0
BRDA:394,35,0,0
BRDA:394,35,1,0
BRDA:395,36,0,0
BRDA:395,36,1,0
BRDA:396,37,0,0
BRDA:396,37,1,0
BRDA:397,38,0,0
BRDA:397,38,1,0
BRDA:398,39,0,0
BRDA:398,39,1,0
BRDA:400,40,0,0
BRDA:400,40,1,0
BRDA:401,41,0,0
BRDA:401,41,1,0
BRDA:403,42,0,0
BRDA:403,42,1,0
BRDA:404,43,0,0
BRDA:404,43,1,0
BRDA:405,44,0,0
BRDA:405,44,1,0
BRDA:406,45,0,0
BRDA:406,45,1,0
BRDA:407,46,0,0
BRDA:407,46,1,0
BRDA:408,47,0,0
BRDA:408,47,1,0
BRDA:410,48,0,0
BRDA:410,48,1,0
BRDA:412,49,0,0
BRDA:412,49,1,0
BRDA:413,50,0,0
BRDA:413,50,1,0
BRDA:414,51,0,0
BRDA:414,51,1,0
BRDA:415,52,0,0
BRDA:415,52,1,0
BRDA:416,53,0,0
BRDA:416,53,1,0
BRDA:417,54,0,0
BRDA:417,54,1,0
BRDA:418,55,0,0
BRDA:418,55,1,0
BRDA:420,56,0,0
BRDA:420,56,1,0
BRDA:421,57,0,0
BRDA:421,57,1,0
BRDA:423,58,0,0
BRDA:423,58,1,0
BRDA:424,59,0,0
BRDA:424,59,1,0
BRDA:425,60,0,0
BRDA:425,60,1,0
BRDA:426,61,0,0
BRDA:426,61,1,0
BRDA:442,62,0,0
BRDA:442,62,1,0
BRDA:458,63,0,0
BRDA:458,63,1,0
BRDA:469,64,0,0
BRDA:469,64,1,0
BRDA:477,65,0,0
BRDA:477,65,1,0
BRDA:484,66,0,0
BRDA:484,66,1,0
BRDA:493,67,0,0
BRDA:493,67,1,0
BRDA:499,68,0,0
BRDA:499,68,1,0
BRDA:505,69,0,0
BRDA:505,69,1,0
BRDA:511,70,0,0
BRDA:511,70,1,0
BRDA:519,71,0,0
BRDA:519,71,1,0
BRDA:610,72,0,0
BRDA:610,72,1,0
BRDA:682,73,0,0
BRDA:682,73,1,0
BRDA:767,74,0,0
BRDA:767,74,1,0
BRDA:772,75,0,0
BRDA:772,75,1,0
BRDA:784,76,0,0
BRDA:784,76,1,0
BRDA:838,77,0,0
BRDA:838,77,1,0
BRDA:840,78,0,0
BRDA:840,78,1,0
BRDA:840,79,0,0
BRDA:840,79,1,0
BRDA:842,80,0,0
BRDA:842,80,1,0
BRDA:857,81,0,0
BRDA:857,81,1,0
BRDA:877,82,0,0
BRDA:877,82,1,0
BRDA:881,83,0,0
BRDA:881,83,1,0
BRDA:885,84,0,0
BRDA:885,84,1,0
BRDA:897,85,0,0
BRDA:897,85,1,0
BRDA:927,86,0,0
BRDA:927,86,1,0
BRDA:936,87,0,0
BRDA:936,87,1,0
BRDA:941,88,0,0
BRDA:941,88,1,0
BRDA:948,89,0,0
BRDA:948,89,1,0
BRDA:950,90,0,0
BRDA:950,90,1,0
BRF:182
BRH:0
end_of_record
TN:
SF:src/pages/ResumeVersions.jsx
FN:8,(anonymous_0)
FN:18,(anonymous_1)
FN:22,(anonymous_2)
FN:31,(anonymous_3)
FN:96,(anonymous_4)
FN:109,(anonymous_5)
FN:114,(anonymous_6)
FN:126,(anonymous_7)
FN:150,(anonymous_8)
FN:155,(anonymous_9)
FN:164,(anonymous_10)
FN:177,(anonymous_11)
FN:229,(anonymous_12)
FN:244,(anonymous_13)
FN:245,(anonymous_14)
FN:245,(anonymous_15)
FN:245,(anonymous_16)
FN:265,(anonymous_17)
FN:324,(anonymous_18)
FN:341,(anonymous_19)
FN:351,(anonymous_20)
[...]
FN:188,(anonymous_1)
FN:200,(anonymous_2)
FN:208,(anonymous_3)
FN:218,(anonymous_4)
FN:233,(anonymous_5)
FN:269,(anonymous_6)
FN:305,(anonymous_7)
FN:324,(anonymous_8)
FN:361,(anonymous_9)
FN:413,(anonymous_10)
FN:448,(anonymous_11)
FN:488,(anonymous_12)
FN:520,(anonymous_13)
FN:541,(anonymous_14)
FN:557,(anonymous_15)
FNF:16
FNH:1
FNDA:1,(anonymous_0)
FNDA:0,(anonymous_1)
FNDA:0,(anonymous_2)
FNDA:0,(anonymous_3)
FNDA:0,(anonymous_4)
FNDA:0,(anonymous_5)
FNDA:0,(anonymous_6)
FNDA:0,(anonymous_7)
FNDA:0,(anonymous_8)
FNDA:0,(anonymous_9)
FNDA:0,(anonymous_10)
FNDA:0,(anonymous_11)
FNDA:0,(anonymous_12)
FNDA:0,(anonymous_13)
FNDA:0,(anonymous_14)
FNDA:0,(anonymous_15)
DA:10,1
DA:21,1
DA:32,1
DA:42,1
DA:55,1
DA:103,1
DA:133,1
DA:182,1
DA:189,0
DA:200,0
DA:208,0
DA:218,0
DA:234,0
DA:235,0
DA:237,0
DA:239,0
DA:244,0
DA:246,0
DA:247,0
DA:248,0
DA:257,0
DA:258,0
DA:261,0
DA:262,0
DA:270,0
DA:271,0
DA:273,0
DA:275,0
DA:280,0
DA:282,0
DA:283,0
DA:284,0
DA:293,0
DA:294,0
DA:297,0
DA:298,0
DA:306,0
DA:307,0
DA:309,0
DA:318,0
DA:319,0
DA:320,0
DA:321,0
DA:323,0
DA:324,0
DA:344,0
DA:347,0
DA:349,0
DA:350,0
DA:362,0
DA:363,0
DA:365,0
DA:371,0
DA:372,0
DA:373,0
DA:374,0
DA:391,0
DA:392,0
DA:393,0
DA:400,0
DA:401,0
DA:402,0
DA:414,0
DA:415,0
DA:417,0
DA:423,0
DA:425,0
DA:426,0
DA:427,0
DA:432,0
DA:433,0
DA:436,0
DA:438,0
DA:449,0
DA:450,0
DA:452,0
DA:464,0
DA:466,0
DA:467,0
DA:468,0
DA:476,0
DA:477,0
DA:480,0
DA:481,0
DA:489,0
DA:490,0
DA:492,0
DA:497,0
DA:499,0
DA:500,0
DA:501,0
DA:508,0
DA:509,0
DA:512,0
DA:513,0
DA:521,0
DA:524,0
DA:525,0
DA:527,0
DA:528,0
DA:532,0
DA:533,0
DA:534,0
DA:535,0
DA:540,0
DA:541,0
DA:542,0
DA:543,0
DA:545,0
DA:546,0
DA:551,0
DA:558,0
LF:112
LH:8
BRDA:190,0,0,0
BRDA:190,0,1,0
BRDA:192,1,0,0
BRDA:192,1,1,0
BRDA:193,2,0,0
BRDA:193,2,1,0
BRDA:194,3,0,0
BRDA:194,3,1,0
BRDA:195,4,0,0
BRDA:195,4,1,0
BRDA:196,5,0,0
BRDA:196,5,1,0
BRDA:197,6,0,0
BRDA:197,6,1,0
BRDA:199,7,0,0
BRDA:199,7,1,0
BRDA:200,8,0,0
BRDA:200,8,1,0
BRDA:201,9,0,0
BRDA:201,9,1,0
BRDA:202,10,0,0
BRDA:202,10,1,0
BRDA:203,11,0,0
BRDA:203,11,1,0
BRDA:204,12,0,0
BRDA:204,12,1,0
BRDA:205,13,0,0
BRDA:205,13,1,0
BRDA:206,14,0,0
BRDA:206,14,1,0
BRDA:208,15,0,0
BRDA:208,15,1,0
BRDA:209,16,0,0
BRDA:209,16,1,0
BRDA:210,17,0,0
BRDA:210,17,1,0
BRDA:211,18,0,0
BRDA:211,18,1,0
BRDA:212,19,0,0
BRDA:212,19,1,0
BRDA:213,20,0,0
BRDA:213,20,1,0
BRDA:214,21,0,0
BRDA:214,21,1,0
BRDA:215,22,0,0
BRDA:215,22,1,0
BRDA:217,23,0,0
BRDA:217,23,1,0
BRDA:218,24,0,0
BRDA:218,24,1,0
BRDA:219,25,0,0
BRDA:219,25,1,0
BRDA:220,26,0,0
BRDA:220,26,1,0
BRDA:221,27,0,0
BRDA:221,27,1,0
BRDA:222,28,0,0
BRDA:222,28,1,0
BRDA:224,29,0,0
BRDA:224,29,1,0
BRDA:225,30,0,0
BRDA:225,30,1,0
BRDA:226,31,0,0
BRDA:226,31,1,0
BRDA:246,32,0,0
BRDA:246,32,1,0
BRDA:258,33,0,0
BRDA:258,33,1,0
BRDA:282,34,0,0
BRDA:282,34,1,0
BRDA:294,35,0,0
BRDA:294,35,1,0
BRDA:305,36,0,0
BRDA:312,37,0,0
BRDA:312,37,1,0
BRDA:313,38,0,0
BRDA:313,38,1,0
BRDA:319,39,0,0
BRDA:319,39,1,0
BRDA:319,40,0,0
BRDA:319,40,1,0
BRDA:320,41,0,0
BRDA:320,41,1,0
BRDA:327,42,0,0
BRDA:327,42,1,0
BRDA:328,43,0,0
BRDA:328,43,1,0
BRDA:340,44,0,0
BRDA:340,44,1,0
BRDA:341,45,0,0
BRDA:341,45,1,0
BRDA:344,46,0,0
BRDA:344,46,1,0
BRDA:372,47,0,0
BRDA:372,47,1,0
BRDA:425,48,0,0
BRDA:425,48,1,0
BRDA:429,49,0,0
BRDA:429,49,1,0
BRDA:433,50,0,0
BRDA:433,50,1,0
BRDA:466,51,0,0
BRDA:466,51,1,0
BRDA:473,52,0,0
BRDA:473,52,1,0
BRDA:477,53,0,0
BRDA:477,53,1,0
BRDA:499,54,0,0
BRDA:499,54,1,0
BRDA:505,55,0,0
BRDA:505,55,1,0
BRDA:509,56,0,0
BRDA:509,56,1,0
BRDA:524,57,0,0
BRDA:524,57,1,0
BRDA:527,58,0,0
BRDA:527,58,1,0
BRDA:532,59,0,0
BRDA:532,59,1,0
BRDA:534,60,0,0
BRDA:534,60,1,0
BRDA:540,61,0,0
BRDA:540,61,1,0
BRDA:540,62,0,0
BRDA:540,62,1,0
BRDA:542,63,0,0
BRDA:542,63,1,0
BRDA:545,64,0,0
BRDA:545,64,1,0
BRF:129
BRH:0
end_of_record
TN:
SF:src/services/graphqlUserService.js
FN:111,(anonymous_0)
FN:120,(anonymous_1)
FN:174,(anonymous_2)
FN:225,(anonymous_3)
FN:252,(anonymous_4)
FN:261,(anonymous_5)
FN:303,(anonymous_6)
FN:324,(anonymous_7)
FN:346,(anonymous_8)
FN:353,(anonymous_9)
FN:360,(anonymous_10)
FN:368,(anonymous_11)
FN:396,(anonymous_12)
FN:412,(anonymous_13)
FN:433,(anonymous_14)
FNF:15
FNH:1
FNDA:3,(anonymous_0)
FNDA:0,(anonymous_1)
FNDA:0,(anonymous_2)
FNDA:0,(anonymous_3)
FNDA:0,(anonymous_4)
FNDA:0,(anonymous_5)
FNDA:0,(anonymous_6)
FNDA:0,(anonymous_7)
FNDA:0,(anonymous_8)
FNDA:0,(anonymous_9)
FNDA:0,(anonymous_10)
FNDA:0,(anonymous_11)
FNDA:0,(anonymous_12)
FNDA:0,(anonymous_13)
FNDA:0,(anonymous_14)
DA:10,3
DA:28,3
DA:47,3
DA:74,3
DA:82,3
DA:88,3
DA:112,3
DA:113,3
DA:114,3
DA:121,0
DA:122,0
DA:124,0
DA:135,0
DA:137,0
DA:138,0
DA:141,0
DA:142,0
DA:144,0
DA:154,0
DA:155,0
DA:163,0
DA:164,0
DA:175,0
DA:176,0
DA:178,0
DA:186,0
DA:188,0
DA:189,0
DA:192,0
DA:195,0
DA:197,0
DA:207,0
DA:208,0
DA:214,0
DA:215,0
DA:226,0
DA:227,0
DA:229,0
DA:234,0
DA:235,0
DA:236,0
DA:237,0
DA:238,0
DA:240,0
DA:241,0
DA:244,0
DA:245,0
DA:253,0
DA:254,0
DA:256,0
DA:258,0
DA:263,0
DA:264,0
DA:272,0
DA:274,0
DA:275,0
DA:276,0
DA:277,0
DA:278,0
DA:283,0
DA:284,0
DA:292,0
DA:293,0
DA:304,0
DA:305,0
DA:307,0
DA:312,0
DA:313,0
DA:314,0
DA:316,0
DA:317,0
DA:325,0
DA:326,0
DA:329,0
DA:330,0
DA:333,0
DA:335,0
DA:336,0
DA:338,0
DA:339,0
DA:347,0
DA:354,0
DA:361,0
DA:362,0
DA:369,0
DA:397,0
DA:413,0
DA:434,0
DA:437,0
DA:445,0
DA:446,0
LF:91
LH:9
BRDA:130,0,0,0
BRDA:130,0,1,0
BRDA:131,1,0,0
BRDA:131,1,1,0
BRDA:137,2,0,0
BRDA:137,2,1,0
BRDA:137,3,0,0
BRDA:137,3,1,0
BRDA:158,4,0,0
BRDA:158,4,1,0
BRDA:166,5,0,0
BRDA:166,5,1,0
BRDA:188,6,0,0
BRDA:188,6,1,0
BRDA:217,7,0,0
BRDA:217,7,1,0
BRDA:234,8,0,0
BRDA:234,8,1,0
BRDA:263,9,0,0
BRDA:263,9,1,0
BRDA:263,10,0,0
BRDA:263,10,1,0
BRDA:274,11,0,0
BRDA:274,11,1,0
BRDA:274,12,0,0
BRDA:274,12,1,0
BRDA:287,13,0,0
BRDA:287,13,1,0
BRDA:295,14,0,0
BRDA:295,14,1,0
BRDA:313,15,0,0
BRDA:313,15,1,0
BRDA:362,16,0,0
BRDA:362,16,1,0
BRDA:374,17,0,0
BRDA:374,17,1,0
BRDA:375,18,0,0
BRDA:375,18,1,0
BRDA:398,19,0,0
BRDA:398,19,1,0
BRDA:398,19,2,0
BRDA:399,20,0,0
BRDA:399,20,1,0
BRDA:400,21,0,0
BRDA:400,21,1,0
BRDA:400,21,2,0
BRDA:401,22,0,0
BRDA:401,22,1,0
BRDA:401,22,2,0
BRDA:402,23,0,0
BRDA:402,23,1,0
BRDA:403,24,0,0
BRDA:403,24,1,0
BRDA:403,24,2,0
BRDA:404,25,0,0
BRDA:404,25,1,0
BRDA:404,25,2,0
BRDA:405,26,0,0
BRDA:405,26,1,0
BRDA:405,26,2,0
BRF:60
BRH:0
end_of_record
TN:
SF:src/services/secureAuthService.js
FN:87,(anonymous_0)
FN:99,(anonymous_1)
FN:156,(anonymous_2)
FN:195,(anonymous_3)
FN:233,(anonymous_4)
FN:270,(anonymous_5)
FN:278,(anonymous_6)
FN:291,(anonymous_7)
FN:319,(anonymous_8)
FN:331,(anonymous_9)
FN:333,(anonymous_10)
FN:348,(anonymous_11)
FN:358,(anonymous_12)
FN:360,(anonymous_13)
FN:370,(anonymous_14)
FN:380,(anonymous_15)
FN:409,(anonymous_16)
FN:437,(anonymous_17)
FN:450,(anonymous_18)
FNF:19
FNH:2
FNDA:3,(anonymous_0)
FNDA:0,(anonymous_1)
FNDA:0,(anonymous_2)
FNDA:0,(anonymous_3)
FNDA:0,(anonymous_4)
FNDA:0,(anonymous_5)
FNDA:0,(anonymous_6)
FNDA:0,(anonymous_7)
FNDA:0,(anonymous_8)
FNDA:3,(anonymous_9)
FNDA:0,(anonymous_10)
FNDA:0,(anonymous_11)
FNDA:0,(anonymous_12)
FNDA:0,(anonymous_13)
FNDA:0,(anonymous_14)
FNDA:0,(anonymous_15)
FNDA:0,(anonymous_16)
FNDA:0,(anonymous_17)
FNDA:0,(anonymous_18)
DA:11,3
DA:34,3
DA:43,3
DA:65,3
DA:88,3
DA:89,3
DA:90,3
DA:93,3
DA:100,0
DA:101,0
DA:103,0
DA:117,0
DA:119,0
DA:120,0
DA:123,0
DA:126,0
DA:128,0
DA:136,0
DA:137,0
DA:145,0
DA:146,0
DA:157,0
DA:158,0
DA:160,0
DA:169,0
DA:171,0
DA:172,0
DA:174,0
DA:177,0
DA:180,0
DA:181,0
DA:182,0
DA:185,0
DA:187,0
DA:188,0
DA:196,0
DA:197,0
DA:199,0
DA:209,0
DA:211,0
DA:212,0
DA:213,0
DA:214,0
DA:219,0
DA:220,0
DA:221,0
DA:224,0
DA:225,0
DA:226,0
DA:234,0
DA:235,0
DA:237,0
DA:246,0
DA:248,0
DA:249,0
DA:250,0
DA:251,0
DA:256,0
DA:257,0
DA:258,0
DA:261,0
DA:262,0
DA:263,0
DA:271,0
DA:272,0
DA:279,0
DA:280,0
DA:281,0
DA:283,0
DA:284,0
DA:292,0
DA:294,0
DA:309,0
DA:310,0
DA:312,0
DA:320,0
DA:321,0
DA:322,0
DA:324,0
DA:333,3
DA:334,0
DA:335,0
DA:336,0
DA:337,0
DA:339,0
DA:349,0
DA:350,0
DA:351,0
DA:360,0
DA:361,0
DA:362,0
DA:371,0
DA:372,0
DA:373,0
DA:381,0
DA:410,0
DA:411,0
DA:413,0
DA:415,0
DA:416,0
DA:417,0
DA:418,0
DA:419,0
DA:421,0
DA:422,0
DA:425,0
DA:426,0
DA:429,0
DA:430,0
DA:438,0
DA:451,0
DA:452,0
DA:453,0
LF:113
LH:9
BRDA:119,0,0,0
BRDA:119,0,1,0
BRDA:119,1,0,0
BRDA:119,1,1,0
BRDA:133,2,0,0
BRDA:133,2,1,0
BRDA:140,3,0,0
BRDA:140,3,1,0
BRDA:140,3,2,0
BRDA:148,4,0,0
BRDA:148,4,1,0
BRDA:171,5,0,0
BRDA:171,5,1,0
BRDA:211,6,0,0
BRDA:211,6,1,0
BRDA:211,7,0,0
BRDA:211,7,1,0
BRDA:248,8,0,0
BRDA:248,8,1,0
BRDA:248,9,0,0
BRDA:248,9,1,0
BRDA:272,10,0,0
BRDA:272,10,1,0
BRDA:281,11,0,0
BRDA:281,11,1,0
BRDA:334,12,0,0
BRDA:334,12,1,0
BRDA:336,13,0,0
BRDA:336,13,1,0
BRDA:349,14,0,0
BRDA:349,14,1,0
BRDA:361,15,0,0
BRDA:361,15,1,0
BRDA:371,16,0,0
BRDA:371,16,1,0
BRDA:386,17,0,0
BRDA:386,17,1,0
BRDA:387,18,0,0
BRDA:387,18,1,0
BRDA:413,19,0,0
BRDA:413,19,1,0
BRDA:416,20,0,0
BRDA:416,20,1,0
BRDA:443,21,0,0
BRDA:443,21,1,0
BRF:45
BRH:0
end_of_record
TN:
SF:src/services/skillsService.js
FN:28,(anonymous_0)
FN:34,(anonymous_1)
FN:47,(anonymous_2)
FN:69,(anonymous_3)
FN:102,(anonymous_4)
FN:135,(anonymous_5)
FN:160,(anonymous_6)
FN:173,(anonymous_7)
FN:195,(anonymous_8)
FN:229,(anonymous_9)
FN:263,(anonymous_10)
FN:288,(anonymous_11)
FN:301,(anonymous_12)
FN:319,(anonymous_13)
FN:346,(anonymous_14)
FN:364,(anonymous_15)
FN:385,(anonymous_16)
FN:398,(anonymous_17)
FN:414,(anonymous_18)
FN:432,(anonymous_19)
FN:452,(anonymous_20)
FN:470,(anonymous_21)
FN:493,(anonymous_22)
FN:510,(anonymous_23)
FN:528,(anonymous_24)
FN:531,(anonymous_25)
FN:550,(anonymous_26)
FN:583,(anonymous_27)
FN:605,(anonymous_28)
FN:617,(anonymous_29)
FN:629,(anonymous_30)
FN:639,(anonymous_31)
FN:665,(anonymous_32)
FN:681,(anonymous_33)
FN:697,(anonymous_34)
FN:708,(anonymous_35)
FN:723,(anonymous_36)
FN:733,(anonymous_37)
FN:743,(anonymous_38)
FN:753,(anonymous_39)
FN:763,(anonymous_40)
FN:773,(anonymous_41)
FN:782,(anonymous_42)
FN:791,(anonymous_43)
FNF:44
FNH:1
FNDA:1,(anonymous_0)
FNDA:0,(anonymous_1)
FNDA:0,(anonymous_2)
FNDA:0,(anonymous_3)
FNDA:0,(anonymous_4)
FNDA:0,(anonymous_5)
FNDA:0,(anonymous_6)
FNDA:0,(anonymous_7)
FNDA:0,(anonymous_8)
FNDA:0,(anonymous_9)
FNDA:0,(anonymous_10)
FNDA:0,(anonymous_11)
FNDA:0,(anonymous_12)
FNDA:0,(anonymous_13)
FNDA:0,(anonymous_14)
FNDA:0,(anonymous_15)
FNDA:0,(anonymous_16)
FNDA:0,(anonymous_17)
FNDA:0,(anonymous_18)
FNDA:0,(anonymous_19)
FNDA:0,(anonymous_20)
FNDA:0,(anonymous_21)
FNDA:0,(anonymous_22)
FNDA:0,(anonymous_23)
FNDA:0,(anonymous_24)
FNDA:0,(anonymous_25)
FNDA:0,(anonymous_26)
FNDA:0,(anonymous_27)
FNDA:0,(anonymous_28)
FNDA:0,(anonymous_29)
FNDA:0,(anonymous_30)
FNDA:0,(anonymous_31)
FNDA:0,(anonymous_32)
FNDA:0,(anonymous_33)
FNDA:0,(anonymous_34)
FNDA:0,(anonymous_35)
FNDA:0,(anonymous_36)
FNDA:0,(anonymous_37)
FNDA:0,(anonymous_38)
FNDA:0,(anonymous_39)
FNDA:0,(anonymous_40)
FNDA:0,(anonymous_41)
FNDA:0,(anonymous_42)
FNDA:0,(anonymous_43)
DA:29,1
DA:30,1
DA:35,0
DA:36,0
DA:37,0
DA:38,0
DA:43,0
DA:44,0
DA:46,0
DA:47,0
DA:62,0
DA:64,0
DA:65,0
DA:70,0
DA:71,0
DA:72,0
DA:73,0
DA:88,0
DA:89,0
DA:90,0
DA:92,0
DA:95,0
DA:97,0
DA:98,0
DA:103,0
DA:104,0
DA:105,0
DA:106,0
DA:121,0
DA:122,0
DA:123,0
DA:125,0
DA:128,0
DA:130,0
DA:131,0
DA:136,0
DA:137,0
DA:138,0
DA:139,0
DA:145,0
DA:146,0
DA:147,0
DA:149,0
DA:152,0
DA:154,0
DA:155,0
DA:161,0
DA:162,0
DA:163,0
DA:164,0
DA:169,0
DA:170,0
DA:172,0
DA:173,0
DA:188,0
DA:190,0
DA:191,0
DA:196,0
DA:197,0
DA:198,0
DA:199,0
DA:215,0
DA:216,0
DA:217,0
DA:219,0
DA:222,0
DA:224,0
DA:225,0
DA:230,0
DA:231,0
DA:232,0
DA:233,0
DA:249,0
DA:250,0
DA:251,0
DA:253,0
DA:256,0
DA:258,0
DA:259,0
DA:264,0
DA:265,0
DA:266,0
DA:267,0
DA:273,0
DA:274,0
DA:275,0
DA:277,0
DA:280,0
DA:282,0
DA:283,0
DA:289,0
DA:290,0
DA:291,0
DA:292,0
DA:297,0
DA:298,0
DA:300,0
DA:301,0
DA:312,0
DA:314,0
DA:315,0
DA:320,0
DA:321,0
DA:322,0
DA:323,0
DA:331,0
DA:332,0
DA:333,0
DA:335,0
DA:338,0
DA:340,0
DA:341,0
DA:347,0
DA:348,0
DA:349,0
DA:350,0
DA:360,0
DA:361,0
DA:363,0
DA:364,0
DA:378,0
DA:380,0
DA:381,0
DA:386,0
DA:387,0
DA:388,0
DA:389,0
DA:394,0
DA:395,0
DA:397,0
DA:398,0
DA:407,0
DA:409,0
DA:410,0
DA:415,0
DA:416,0
DA:417,0
DA:418,0
DA:428,0
DA:429,0
DA:431,0
DA:432,0
DA:445,0
DA:447,0
DA:448,0
DA:453,0
DA:454,0
DA:455,0
DA:456,0
DA:466,0
DA:467,0
DA:469,0
DA:470,0
DA:485,0
DA:487,0
DA:488,0
DA:494,0
DA:496,0
DA:497,0
DA:500,0
DA:501,0
DA:504,0
DA:511,0
DA:513,0
DA:514,0
DA:517,0
DA:518,0
DA:521,0
DA:529,0
DA:530,0
DA:531,0
DA:551,0
DA:584,0
DA:606,0
DA:618,0
DA:630,0
DA:640,0
DA:666,0
DA:682,0
DA:698,0
DA:709,0
DA:719,0
DA:724,0
DA:730,0
DA:734,0
DA:740,0
DA:744,0
DA:750,0
DA:754,0
DA:760,0
DA:764,0
DA:770,0
DA:774,0
DA:779,0
DA:783,0
DA:788,0
DA:792,0
DA:801,1
LF:198
LH:3
BRDA:29,0,0,1
BRDA:29,0,1,1
BRDA:34,1,0,0
BRDA:36,2,0,0
BRDA:36,2,1,0
BRDA:43,3,0,0
BRDA:43,3,1,0
BRDA:71,4,0,0
BRDA:71,4,1,0
BRDA:76,5,0,0
BRDA:76,5,1,0
BRDA:77,6,0,0
BRDA:77,6,1,0
BRDA:78,7,0,0
BRDA:78,7,1,0
BRDA:79,8,0,0
BRDA:79,8,1,0
BRDA:80,9,0,0
BRDA:80,9,1,0
BRDA:81,10,0,0
BRDA:81,10,1,0
BRDA:82,11,0,0
BRDA:82,11,1,0
BRDA:83,12,0,0
BRDA:83,12,1,0
BRDA:88,13,0,0
BRDA:88,13,1,0
BRDA:92,14,0,0
BRDA:92,14,1,0
BRDA:104,15,0,0
BRDA:104,15,1,0
BRDA:110,16,0,0
BRDA:110,16,1,0
BRDA:111,17,0,0
BRDA:111,17,1,0
BRDA:112,18,0,0
BRDA:112,18,1,0
BRDA:113,19,0,0
BRDA:113,19,1,0
BRDA:114,20,0,0
BRDA:114,20,1,0
BRDA:115,21,0,0
BRDA:115,21,1,0
BRDA:116,22,0,0
BRDA:116,22,1,0
BRDA:121,23,0,0
BRDA:121,23,1,0
BRDA:125,24,0,0
BRDA:125,24,1,0
BRDA:137,25,0,0
BRDA:137,25,1,0
BRDA:145,26,0,0
BRDA:145,26,1,0
BRDA:149,27,0,0
BRDA:149,27,1,0
BRDA:160,28,0,0
BRDA:162,29,0,0
BRDA:162,29,1,0
BRDA:169,30,0,0
BRDA:169,30,1,0
BRDA:197,31,0,0
BRDA:197,31,1,0
BRDA:202,32,0,0
BRDA:202,32,1,0
BRDA:204,33,0,0
BRDA:204,33,1,0
BRDA:205,34,0,0
BRDA:205,34,1,0
BRDA:206,35,0,0
BRDA:206,35,1,0
BRDA:207,36,0,0
BRDA:207,36,1,0
BRDA:208,37,0,0
BRDA:208,37,1,0
BRDA:209,38,0,0
BRDA:209,38,1,0
BRDA:215,39,0,0
BRDA:215,39,1,0
BRDA:219,40,0,0
BRDA:219,40,1,0
BRDA:231,41,0,0
BRDA:231,41,1,0
BRDA:238,42,0,0
BRDA:238,42,1,0
BRDA:239,43,0,0
BRDA:239,43,1,0
BRDA:240,44,0,0
BRDA:240,44,1,0
BRDA:241,45,0,0
BRDA:241,45,1,0
BRDA:242,46,0,0
BRDA:242,46,1,0
BRDA:243,47,0,0
BRDA:243,47,1,0
BRDA:249,48,0,0
BRDA:249,48,1,0
BRDA:253,49,0,0
BRDA:253,49,1,0
BRDA:265,50,0,0
BRDA:265,50,1,0
BRDA:273,51,0,0
BRDA:273,51,1,0
BRDA:277,52,0,0
BRDA:277,52,1,0
BRDA:288,53,0,0
BRDA:290,54,0,0
BRDA:290,54,1,0
BRDA:297,55,0,0
BRDA:297,55,1,0
BRDA:321,56,0,0
BRDA:321,56,1,0
BRDA:326,57,0,0
BRDA:326,57,1,0
BRDA:331,58,0,0
BRDA:331,58,1,0
BRDA:335,59,0,0
BRDA:335,59,1,0
BRDA:346,60,0,0
BRDA:348,61,0,0
BRDA:348,61,1,0
BRDA:355,62,0,0
BRDA:355,62,1,0
BRDA:360,63,0,0
BRDA:360,63,1,0
BRDA:385,64,0,0
BRDA:387,65,0,0
BRDA:387,65,1,0
BRDA:394,66,0,0
BRDA:394,66,1,0
BRDA:414,67,0,0
BRDA:416,68,0,0
BRDA:416,68,1,0
BRDA:423,69,0,0
BRDA:423,69,1,0
BRDA:428,70,0,0
BRDA:428,70,1,0
BRDA:452,71,0,0
BRDA:454,72,0,0
BRDA:454,72,1,0
BRDA:461,73,0,0
BRDA:461,73,1,0
BRDA:466,74,0,0
BRDA:466,74,1,0
BRDA:496,75,0,0
BRDA:496,75,1,0
BRDA:496,76,0,0
BRDA:496,76,1,0
BRDA:500,77,0,0
BRDA:500,77,1,0
BRDA:513,78,0,0
BRDA:513,78,1,0
BRDA:517,79,0,0
BRDA:517,79,1,0
BRDA:665,80,0,0
BRDA:667,81,0,0
BRDA:667,81,1,0
BRDA:668,82,0,0
BRDA:668,82,1,0
BRDA:671,83,0,0
BRDA:671,83,1,0
BRDA:677,84,0,0
BRDA:677,84,1,0
BRDA:681,85,0,0
BRDA:683,86,0,0
BRDA:683,86,1,0
BRDA:684,87,0,0
BRDA:684,87,1,0
BRDA:691,88,0,0
BRDA:691,88,1,0
BRDA:701,89,0,0
BRDA:701,89,1,0
BRDA:719,90,0,0
BRDA:719,90,1,0
BRDA:730,91,0,0
BRDA:730,91,1,0
BRDA:740,92,0,0
BRDA:740,92,1,0
BRDA:750,93,0,0
BRDA:750,93,1,0
BRDA:760,94,0,0
BRDA:760,94,1,0
BRDA:770,95,0,0
BRDA:770,95,1,0
BRDA:779,96,0,0
BRDA:779,96,1,0
BRDA:788,97,0,0
BRDA:788,97,1,0
BRF:187
BRH:2
end_of_record
TN:
SF:src/services/unifiedJobService.js
FN:10,(anonymous_0)
FN:21,(anonymous_1)
FN:29,(anonymous_2)
FN:79,(anonymous_3)
FN:86,(anonymous_4)
FN:123,(anonymous_5)
FN:150,(anonymous_6)
FN:160,(anonymous_7)
FN:170,(anonymous_8)
FN:180,(anonymous_9)
FN:190,(anonymous_10)
FN:202,(anonymous_11)
FN:214,(anonymous_12)
FN:233,(anonymous_13)
FN:252,(anonymous_14)
FN:276,(anonymous_15)
FN:305,(anonymous_16)
FN:313,(anonymous_17)
FNF:18
FNH:1
FNDA:3,(anonymous_0)
FNDA:0,(anonymous_1)
FNDA:0,(anonymous_2)
FNDA:0,(anonymous_3)
FNDA:0,(anonymous_4)
FNDA:0,(anonymous_5)
FNDA:0,(anonymous_6)
FNDA:0,(anonymous_7)
FNDA:0,(anonymous_8)
FNDA:0,(anonymous_9)
FNDA:0,(anonymous_10)
FNDA:0,(anonymous_11)
FNDA:0,(anonymous_12)
FNDA:0,(anonymous_13)
FNDA:0,(anonymous_14)
FNDA:0,(anonymous_15)
FNDA:0,(anonymous_16)
FNDA:0,(anonymous_17)
DA:11,3
DA:12,3
DA:13,3
DA:15,3
DA:22,0
DA:23,0
DA:24,0
DA:25,0
DA:28,0
DA:29,0
DA:30,0
DA:34,0
DA:35,0
DA:37,0
DA:39,0
DA:40,0
DA:41,0
DA:42,0
DA:44,0
DA:47,0
DA:48,0
DA:58,0
DA:59,0
DA:60,0
DA:62,0
DA:65,0
DA:66,0
DA:80,0
DA:87,0
DA:88,0
DA:89,0
DA:90,0
DA:91,0
DA:92,0
DA:93,0
DA:95,0
DA:97,0
DA:98,0
DA:99,0
DA:100,0
DA:102,0
DA:105,0
DA:106,0
DA:110,0
DA:111,0
DA:113,0
DA:114,0
DA:115,0
DA:124,0
DA:125,0
DA:126,0
DA:127,0
DA:128,0
DA:129,0
DA:131,0
DA:133,0
DA:134,0
DA:135,0
DA:136,0
DA:138,0
DA:139,0
DA:143,0
DA:151,0
DA:161,0
DA:171,0
DA:181,0
DA:192,0
DA:193,0
DA:204,0
DA:205,0
DA:215,0
DA:216,0
DA:217,0
DA:219,0
DA:222,0
DA:227,0
DA:234,0
DA:235,0
DA:236,0
DA:238,0
DA:241,0
DA:246,0
DA:253,0
DA:254,0
DA:255,0
DA:257,0
DA:262,0
DA:277,0
DA:284,0
DA:285,0
DA:286,0
DA:288,0
DA:292,0
DA:293,0
DA:294,0
DA:296,0
DA:299,0
DA:306,0
DA:307,0
DA:314,0
LF:100
LH:4
BRDA:21,0,0,0
BRDA:22,1,0,0
BRDA:22,1,1,0
BRDA:28,2,0,0
BRDA:28,2,1,0
BRDA:87,3,0,0
BRDA:87,3,1,0
BRDA:124,4,0,0
BRDA:124,4,1,0
BRDA:150,5,0,0
BRDA:160,6,0,0
BRDA:170,7,0,0
BRDA:180,8,0,0
BRDA:202,9,0,0
BRDA:215,10,0,0
BRDA:215,10,1,0
BRDA:234,11,0,0
BRDA:234,11,1,0
BRDA:253,12,0,0
BRDA:253,12,1,0
BRDA:280,13,0,0
BRDA:280,13,1,0
BRDA:305,14,0,0
BRDA:307,15,0,0
BRDA:307,15,1,0
BRDA:315,16,0,0
BRDA:315,16,1,0
BRF:27
BRH:0
end_of_record
TN:
SF:src/services/unifiedUserService.js
FN:10,(anonymous_0)
FN:21,(anonymous_1)
FN:75,(anonymous_2)
FN:129,(anonymous_3)
FN:166,(anonymous_4)
FN:193,(anonymous_5)
FN:220,(anonymous_6)
FN:236,(anonymous_7)
FN:247,(anonymous_8)
FN:258,(anonymous_9)
FN:269,(anonymous_10)
FN:291,(anonymous_11)
FN:304,(anonymous_12)
FN:333,(anonymous_13)
FN:341,(anonymous_14)
FNF:15
FNH:1
FNDA:3,(anonymous_0)
FNDA:0,(anonymous_1)
FNDA:0,(anonymous_2)
FNDA:0,(anonymous_3)
FNDA:0,(anonymous_4)
FNDA:0,(anonymous_5)
FNDA:0,(anonymous_6)
FNDA:0,(anonymous_7)
FNDA:0,(anonymous_8)
FNDA:0,(anonymous_9)
FNDA:0,(anonymous_10)
FNDA:0,(anonymous_11)
FNDA:0,(anonymous_12)
FNDA:0,(anonymous_13)
FNDA:0,(anonymous_14)
DA:11,3
DA:12,3
DA:13,3
DA:15,3
DA:22,0
DA:23,0
DA:24,0
DA:25,0
DA:26,0
DA:27,0
DA:29,0
DA:31,0
DA:32,0
DA:33,0
DA:34,0
DA:36,0
DA:39,0
DA:40,0
DA:52,0
DA:53,0
DA:54,0
DA:56,0
DA:59,0
DA:60,0
DA:76,0
DA:77,0
DA:78,0
DA:79,0
DA:80,0
DA:81,0
DA:83,0
DA:85,0
DA:86,0
DA:87,0
DA:88,0
DA:90,0
DA:93,0
DA:94,0
DA:106,0
DA:107,0
DA:108,0
DA:110,0
DA:113,0
DA:114,0
DA:130,0
DA:131,0
DA:132,0
DA:133,0
DA:134,0
DA:135,0
DA:137,0
DA:139,0
DA:140,0
DA:141,0
DA:142,0
DA:144,0
DA:147,0
DA:148,0
DA:149,0
DA:153,0
DA:154,0
DA:156,0
DA:157,0
DA:158,0
DA:167,0
DA:168,0
DA:169,0
DA:170,0
DA:171,0
DA:172,0
DA:174,0
DA:176,0
DA:177,0
DA:178,0
DA:179,0
DA:181,0
DA:182,0
DA:186,0
DA:195,0
DA:197,0
DA:198,0
DA:199,0
DA:200,0
DA:202,0
DA:206,0
DA:207,0
DA:208,0
DA:210,0
DA:213,0
DA:214,0
DA:221,0
DA:222,0
DA:223,0
DA:225,0
DA:230,0
DA:237,0
DA:238,0
DA:240,0
DA:248,0
DA:249,0
DA:251,0
DA:259,0
DA:260,0
DA:262,0
DA:270,0
DA:271,0
DA:272,0
DA:274,0
DA:279,0
DA:293,0
DA:294,0
DA:296,0
DA:297,0
DA:305,0
DA:312,0
DA:313,0
DA:314,0
DA:316,0
DA:320,0
DA:321,0
DA:322,0
DA:324,0
DA:327,0
DA:334,0
DA:335,0
DA:342,0
LF:126
LH:4
BRDA:22,0,0,0
BRDA:22,0,1,0
BRDA:76,1,0,0
BRDA:76,1,1,0
BRDA:130,2,0,0
BRDA:130,2,1,0
BRDA:167,3,0,0
BRDA:167,3,1,0
BRDA:197,4,0,0
BRDA:197,4,1,0
BRDA:221,5,0,0
BRDA:221,5,1,0
BRDA:230,6,0,0
BRDA:230,6,1,0
BRDA:230,6,2,0
BRDA:237,7,0,0
BRDA:237,7,1,0
BRDA:248,8,0,0
BRDA:248,8,1,0
BRDA:259,9,0,0
BRDA:259,9,1,0
BRDA:270,10,0,0
BRDA:270,10,1,0
BRDA:308,11,0,0
BRDA:308,11,1,0
BRDA:333,12,0,0
BRDA:335,13,0,0
BRDA:335,13,1,0
BRDA:343,14,0,0
BRDA:343,14,1,0
BRF:30
BRH:0
end_of_record
